[2024-07-16T17:17:27.991+0000] {processor.py:161} INFO - Started process (PID=204) to work on /home/airflow/.local/lib/python3.12/site-packages/airflow/example_dags/example_subdag_operator.py
[2024-07-16T17:17:27.991+0000] {processor.py:830} INFO - Processing file /home/airflow/.local/lib/python3.12/site-packages/airflow/example_dags/example_subdag_operator.py for tasks to queue
[2024-07-16T17:17:27.993+0000] {logging_mixin.py:188} INFO - [2024-07-16T17:17:27.993+0000] {dagbag.py:545} INFO - Filling up the DagBag from /home/airflow/.local/lib/python3.12/site-packages/airflow/example_dags/example_subdag_operator.py
[2024-07-16T17:17:28.014+0000] {processor.py:840} INFO - DAG(s) 'example_subdag_operator.section-1', 'example_subdag_operator.section-2', 'example_subdag_operator' retrieved from /home/airflow/.local/lib/python3.12/site-packages/airflow/example_dags/example_subdag_operator.py
[2024-07-16T17:17:28.017+0000] {logging_mixin.py:188} INFO - [2024-07-16T17:17:28.017+0000] {dag.py:3089} INFO - Sync 3 DAGs
[2024-07-16T17:17:28.037+0000] {logging_mixin.py:188} INFO - [2024-07-16T17:17:28.037+0000] {dag.py:3947} INFO - Setting next_dagrun for example_subdag_operator to 2022-01-01 00:00:00+00:00, run_after=2022-01-01 00:00:00+00:00
[2024-07-16T17:17:28.040+0000] {logging_mixin.py:188} INFO - [2024-07-16T17:17:28.040+0000] {dag.py:3947} INFO - Setting next_dagrun for example_subdag_operator.section-1 to None, run_after=None
[2024-07-16T17:17:28.042+0000] {logging_mixin.py:188} INFO - [2024-07-16T17:17:28.042+0000] {dag.py:3947} INFO - Setting next_dagrun for example_subdag_operator.section-2 to None, run_after=None
[2024-07-16T17:17:28.048+0000] {logging_mixin.py:188} INFO - [2024-07-16T17:17:28.048+0000] {dag.py:3089} INFO - Sync 2 DAGs
[2024-07-16T17:17:28.052+0000] {logging_mixin.py:188} INFO - [2024-07-16T17:17:28.052+0000] {dag.py:3947} INFO - Setting next_dagrun for example_subdag_operator.section-1 to None, run_after=None
[2024-07-16T17:17:28.053+0000] {logging_mixin.py:188} INFO - [2024-07-16T17:17:28.052+0000] {dag.py:3947} INFO - Setting next_dagrun for example_subdag_operator.section-2 to None, run_after=None
[2024-07-16T17:17:28.063+0000] {processor.py:183} INFO - Processing /home/airflow/.local/lib/python3.12/site-packages/airflow/example_dags/example_subdag_operator.py took 0.078 seconds
[2024-07-16T17:17:59.493+0000] {processor.py:161} INFO - Started process (PID=466) to work on /home/airflow/.local/lib/python3.12/site-packages/airflow/example_dags/example_subdag_operator.py
[2024-07-16T17:17:59.495+0000] {processor.py:830} INFO - Processing file /home/airflow/.local/lib/python3.12/site-packages/airflow/example_dags/example_subdag_operator.py for tasks to queue
[2024-07-16T17:17:59.497+0000] {logging_mixin.py:188} INFO - [2024-07-16T17:17:59.497+0000] {dagbag.py:545} INFO - Filling up the DagBag from /home/airflow/.local/lib/python3.12/site-packages/airflow/example_dags/example_subdag_operator.py
[2024-07-16T17:17:59.518+0000] {processor.py:840} INFO - DAG(s) 'example_subdag_operator.section-1', 'example_subdag_operator.section-2', 'example_subdag_operator' retrieved from /home/airflow/.local/lib/python3.12/site-packages/airflow/example_dags/example_subdag_operator.py
[2024-07-16T17:17:59.598+0000] {logging_mixin.py:188} INFO - [2024-07-16T17:17:59.598+0000] {dag.py:3089} INFO - Sync 3 DAGs
[2024-07-16T17:17:59.615+0000] {logging_mixin.py:188} INFO - [2024-07-16T17:17:59.614+0000] {dag.py:3947} INFO - Setting next_dagrun for example_subdag_operator to 2022-01-01 00:00:00+00:00, run_after=2022-01-01 00:00:00+00:00
[2024-07-16T17:17:59.617+0000] {logging_mixin.py:188} INFO - [2024-07-16T17:17:59.617+0000] {dag.py:3947} INFO - Setting next_dagrun for example_subdag_operator.section-1 to None, run_after=None
[2024-07-16T17:17:59.618+0000] {logging_mixin.py:188} INFO - [2024-07-16T17:17:59.618+0000] {dag.py:3947} INFO - Setting next_dagrun for example_subdag_operator.section-2 to None, run_after=None
[2024-07-16T17:17:59.627+0000] {logging_mixin.py:188} INFO - [2024-07-16T17:17:59.626+0000] {dag.py:3089} INFO - Sync 2 DAGs
[2024-07-16T17:17:59.631+0000] {logging_mixin.py:188} INFO - [2024-07-16T17:17:59.631+0000] {dag.py:3947} INFO - Setting next_dagrun for example_subdag_operator.section-1 to None, run_after=None
[2024-07-16T17:17:59.632+0000] {logging_mixin.py:188} INFO - [2024-07-16T17:17:59.632+0000] {dag.py:3947} INFO - Setting next_dagrun for example_subdag_operator.section-2 to None, run_after=None
[2024-07-16T17:17:59.667+0000] {processor.py:183} INFO - Processing /home/airflow/.local/lib/python3.12/site-packages/airflow/example_dags/example_subdag_operator.py took 0.178 seconds
[2024-07-16T17:18:30.043+0000] {processor.py:161} INFO - Started process (PID=726) to work on /home/airflow/.local/lib/python3.12/site-packages/airflow/example_dags/example_subdag_operator.py
[2024-07-16T17:18:30.046+0000] {processor.py:830} INFO - Processing file /home/airflow/.local/lib/python3.12/site-packages/airflow/example_dags/example_subdag_operator.py for tasks to queue
[2024-07-16T17:18:30.048+0000] {logging_mixin.py:188} INFO - [2024-07-16T17:18:30.047+0000] {dagbag.py:545} INFO - Filling up the DagBag from /home/airflow/.local/lib/python3.12/site-packages/airflow/example_dags/example_subdag_operator.py
[2024-07-16T17:18:30.069+0000] {processor.py:840} INFO - DAG(s) 'example_subdag_operator.section-1', 'example_subdag_operator.section-2', 'example_subdag_operator' retrieved from /home/airflow/.local/lib/python3.12/site-packages/airflow/example_dags/example_subdag_operator.py
[2024-07-16T17:18:30.089+0000] {logging_mixin.py:188} INFO - [2024-07-16T17:18:30.089+0000] {dag.py:3089} INFO - Sync 3 DAGs
[2024-07-16T17:18:30.111+0000] {logging_mixin.py:188} INFO - [2024-07-16T17:18:30.110+0000] {dag.py:3947} INFO - Setting next_dagrun for example_subdag_operator to 2022-01-01 00:00:00+00:00, run_after=2022-01-01 00:00:00+00:00
[2024-07-16T17:18:30.114+0000] {logging_mixin.py:188} INFO - [2024-07-16T17:18:30.114+0000] {dag.py:3947} INFO - Setting next_dagrun for example_subdag_operator.section-1 to None, run_after=None
[2024-07-16T17:18:30.116+0000] {logging_mixin.py:188} INFO - [2024-07-16T17:18:30.116+0000] {dag.py:3947} INFO - Setting next_dagrun for example_subdag_operator.section-2 to None, run_after=None
[2024-07-16T17:18:30.124+0000] {logging_mixin.py:188} INFO - [2024-07-16T17:18:30.123+0000] {dag.py:3089} INFO - Sync 2 DAGs
[2024-07-16T17:18:30.129+0000] {logging_mixin.py:188} INFO - [2024-07-16T17:18:30.129+0000] {dag.py:3947} INFO - Setting next_dagrun for example_subdag_operator.section-1 to None, run_after=None
[2024-07-16T17:18:30.129+0000] {logging_mixin.py:188} INFO - [2024-07-16T17:18:30.129+0000] {dag.py:3947} INFO - Setting next_dagrun for example_subdag_operator.section-2 to None, run_after=None
[2024-07-16T17:18:30.143+0000] {processor.py:183} INFO - Processing /home/airflow/.local/lib/python3.12/site-packages/airflow/example_dags/example_subdag_operator.py took 0.107 seconds
[2024-07-16T17:19:00.729+0000] {processor.py:161} INFO - Started process (PID=988) to work on /home/airflow/.local/lib/python3.12/site-packages/airflow/example_dags/example_subdag_operator.py
[2024-07-16T17:19:00.732+0000] {processor.py:830} INFO - Processing file /home/airflow/.local/lib/python3.12/site-packages/airflow/example_dags/example_subdag_operator.py for tasks to queue
[2024-07-16T17:19:00.735+0000] {logging_mixin.py:188} INFO - [2024-07-16T17:19:00.734+0000] {dagbag.py:545} INFO - Filling up the DagBag from /home/airflow/.local/lib/python3.12/site-packages/airflow/example_dags/example_subdag_operator.py
[2024-07-16T17:19:00.760+0000] {processor.py:840} INFO - DAG(s) 'example_subdag_operator.section-1', 'example_subdag_operator.section-2', 'example_subdag_operator' retrieved from /home/airflow/.local/lib/python3.12/site-packages/airflow/example_dags/example_subdag_operator.py
[2024-07-16T17:19:00.782+0000] {logging_mixin.py:188} INFO - [2024-07-16T17:19:00.782+0000] {dag.py:3089} INFO - Sync 3 DAGs
[2024-07-16T17:19:00.817+0000] {logging_mixin.py:188} INFO - [2024-07-16T17:19:00.817+0000] {dag.py:3947} INFO - Setting next_dagrun for example_subdag_operator to 2022-01-01 00:00:00+00:00, run_after=2022-01-01 00:00:00+00:00
[2024-07-16T17:19:00.824+0000] {logging_mixin.py:188} INFO - [2024-07-16T17:19:00.824+0000] {dag.py:3947} INFO - Setting next_dagrun for example_subdag_operator.section-1 to None, run_after=None
[2024-07-16T17:19:00.832+0000] {logging_mixin.py:188} INFO - [2024-07-16T17:19:00.831+0000] {dag.py:3947} INFO - Setting next_dagrun for example_subdag_operator.section-2 to None, run_after=None
[2024-07-16T17:19:00.844+0000] {logging_mixin.py:188} INFO - [2024-07-16T17:19:00.844+0000] {dag.py:3089} INFO - Sync 2 DAGs
[2024-07-16T17:19:00.858+0000] {logging_mixin.py:188} INFO - [2024-07-16T17:19:00.858+0000] {dag.py:3947} INFO - Setting next_dagrun for example_subdag_operator.section-1 to None, run_after=None
[2024-07-16T17:19:00.858+0000] {logging_mixin.py:188} INFO - [2024-07-16T17:19:00.858+0000] {dag.py:3947} INFO - Setting next_dagrun for example_subdag_operator.section-2 to None, run_after=None
[2024-07-16T17:19:00.898+0000] {processor.py:183} INFO - Processing /home/airflow/.local/lib/python3.12/site-packages/airflow/example_dags/example_subdag_operator.py took 0.180 seconds
[2024-07-16T17:19:31.094+0000] {processor.py:161} INFO - Started process (PID=1250) to work on /home/airflow/.local/lib/python3.12/site-packages/airflow/example_dags/example_subdag_operator.py
[2024-07-16T17:19:31.095+0000] {processor.py:830} INFO - Processing file /home/airflow/.local/lib/python3.12/site-packages/airflow/example_dags/example_subdag_operator.py for tasks to queue
[2024-07-16T17:19:31.097+0000] {logging_mixin.py:188} INFO - [2024-07-16T17:19:31.096+0000] {dagbag.py:545} INFO - Filling up the DagBag from /home/airflow/.local/lib/python3.12/site-packages/airflow/example_dags/example_subdag_operator.py
[2024-07-16T17:19:31.122+0000] {processor.py:840} INFO - DAG(s) 'example_subdag_operator.section-1', 'example_subdag_operator.section-2', 'example_subdag_operator' retrieved from /home/airflow/.local/lib/python3.12/site-packages/airflow/example_dags/example_subdag_operator.py
[2024-07-16T17:19:31.137+0000] {logging_mixin.py:188} INFO - [2024-07-16T17:19:31.136+0000] {dag.py:3089} INFO - Sync 3 DAGs
[2024-07-16T17:19:31.157+0000] {logging_mixin.py:188} INFO - [2024-07-16T17:19:31.157+0000] {dag.py:3947} INFO - Setting next_dagrun for example_subdag_operator to 2022-01-01 00:00:00+00:00, run_after=2022-01-01 00:00:00+00:00
[2024-07-16T17:19:31.161+0000] {logging_mixin.py:188} INFO - [2024-07-16T17:19:31.161+0000] {dag.py:3947} INFO - Setting next_dagrun for example_subdag_operator.section-1 to None, run_after=None
[2024-07-16T17:19:31.162+0000] {logging_mixin.py:188} INFO - [2024-07-16T17:19:31.162+0000] {dag.py:3947} INFO - Setting next_dagrun for example_subdag_operator.section-2 to None, run_after=None
[2024-07-16T17:19:31.169+0000] {logging_mixin.py:188} INFO - [2024-07-16T17:19:31.168+0000] {dag.py:3089} INFO - Sync 2 DAGs
[2024-07-16T17:19:31.174+0000] {logging_mixin.py:188} INFO - [2024-07-16T17:19:31.173+0000] {dag.py:3947} INFO - Setting next_dagrun for example_subdag_operator.section-1 to None, run_after=None
[2024-07-16T17:19:31.174+0000] {logging_mixin.py:188} INFO - [2024-07-16T17:19:31.174+0000] {dag.py:3947} INFO - Setting next_dagrun for example_subdag_operator.section-2 to None, run_after=None
[2024-07-16T17:19:31.186+0000] {processor.py:183} INFO - Processing /home/airflow/.local/lib/python3.12/site-packages/airflow/example_dags/example_subdag_operator.py took 0.098 seconds
[2024-07-16T17:20:01.791+0000] {processor.py:161} INFO - Started process (PID=1512) to work on /home/airflow/.local/lib/python3.12/site-packages/airflow/example_dags/example_subdag_operator.py
[2024-07-16T17:20:01.793+0000] {processor.py:830} INFO - Processing file /home/airflow/.local/lib/python3.12/site-packages/airflow/example_dags/example_subdag_operator.py for tasks to queue
[2024-07-16T17:20:01.794+0000] {logging_mixin.py:188} INFO - [2024-07-16T17:20:01.794+0000] {dagbag.py:545} INFO - Filling up the DagBag from /home/airflow/.local/lib/python3.12/site-packages/airflow/example_dags/example_subdag_operator.py
[2024-07-16T17:20:01.813+0000] {processor.py:840} INFO - DAG(s) 'example_subdag_operator.section-1', 'example_subdag_operator.section-2', 'example_subdag_operator' retrieved from /home/airflow/.local/lib/python3.12/site-packages/airflow/example_dags/example_subdag_operator.py
[2024-07-16T17:20:01.827+0000] {logging_mixin.py:188} INFO - [2024-07-16T17:20:01.827+0000] {dag.py:3089} INFO - Sync 3 DAGs
[2024-07-16T17:20:01.847+0000] {logging_mixin.py:188} INFO - [2024-07-16T17:20:01.846+0000] {dag.py:3947} INFO - Setting next_dagrun for example_subdag_operator to 2022-01-01 00:00:00+00:00, run_after=2022-01-01 00:00:00+00:00
[2024-07-16T17:20:01.850+0000] {logging_mixin.py:188} INFO - [2024-07-16T17:20:01.850+0000] {dag.py:3947} INFO - Setting next_dagrun for example_subdag_operator.section-1 to None, run_after=None
[2024-07-16T17:20:01.851+0000] {logging_mixin.py:188} INFO - [2024-07-16T17:20:01.851+0000] {dag.py:3947} INFO - Setting next_dagrun for example_subdag_operator.section-2 to None, run_after=None
[2024-07-16T17:20:01.857+0000] {logging_mixin.py:188} INFO - [2024-07-16T17:20:01.857+0000] {dag.py:3089} INFO - Sync 2 DAGs
[2024-07-16T17:20:01.861+0000] {logging_mixin.py:188} INFO - [2024-07-16T17:20:01.861+0000] {dag.py:3947} INFO - Setting next_dagrun for example_subdag_operator.section-1 to None, run_after=None
[2024-07-16T17:20:01.861+0000] {logging_mixin.py:188} INFO - [2024-07-16T17:20:01.861+0000] {dag.py:3947} INFO - Setting next_dagrun for example_subdag_operator.section-2 to None, run_after=None
[2024-07-16T17:20:01.871+0000] {processor.py:183} INFO - Processing /home/airflow/.local/lib/python3.12/site-packages/airflow/example_dags/example_subdag_operator.py took 0.086 seconds
[2024-07-16T17:20:32.387+0000] {processor.py:161} INFO - Started process (PID=1775) to work on /home/airflow/.local/lib/python3.12/site-packages/airflow/example_dags/example_subdag_operator.py
[2024-07-16T17:20:32.389+0000] {processor.py:830} INFO - Processing file /home/airflow/.local/lib/python3.12/site-packages/airflow/example_dags/example_subdag_operator.py for tasks to queue
[2024-07-16T17:20:32.391+0000] {logging_mixin.py:188} INFO - [2024-07-16T17:20:32.390+0000] {dagbag.py:545} INFO - Filling up the DagBag from /home/airflow/.local/lib/python3.12/site-packages/airflow/example_dags/example_subdag_operator.py
[2024-07-16T17:20:32.411+0000] {processor.py:840} INFO - DAG(s) 'example_subdag_operator.section-1', 'example_subdag_operator.section-2', 'example_subdag_operator' retrieved from /home/airflow/.local/lib/python3.12/site-packages/airflow/example_dags/example_subdag_operator.py
[2024-07-16T17:20:32.425+0000] {logging_mixin.py:188} INFO - [2024-07-16T17:20:32.424+0000] {dag.py:3089} INFO - Sync 3 DAGs
[2024-07-16T17:20:32.448+0000] {logging_mixin.py:188} INFO - [2024-07-16T17:20:32.447+0000] {dag.py:3947} INFO - Setting next_dagrun for example_subdag_operator to 2022-01-01 00:00:00+00:00, run_after=2022-01-01 00:00:00+00:00
[2024-07-16T17:20:32.452+0000] {logging_mixin.py:188} INFO - [2024-07-16T17:20:32.451+0000] {dag.py:3947} INFO - Setting next_dagrun for example_subdag_operator.section-1 to None, run_after=None
[2024-07-16T17:20:32.453+0000] {logging_mixin.py:188} INFO - [2024-07-16T17:20:32.453+0000] {dag.py:3947} INFO - Setting next_dagrun for example_subdag_operator.section-2 to None, run_after=None
[2024-07-16T17:20:32.458+0000] {logging_mixin.py:188} INFO - [2024-07-16T17:20:32.458+0000] {dag.py:3089} INFO - Sync 2 DAGs
[2024-07-16T17:20:32.463+0000] {logging_mixin.py:188} INFO - [2024-07-16T17:20:32.463+0000] {dag.py:3947} INFO - Setting next_dagrun for example_subdag_operator.section-1 to None, run_after=None
[2024-07-16T17:20:32.463+0000] {logging_mixin.py:188} INFO - [2024-07-16T17:20:32.463+0000] {dag.py:3947} INFO - Setting next_dagrun for example_subdag_operator.section-2 to None, run_after=None
[2024-07-16T17:20:32.473+0000] {processor.py:183} INFO - Processing /home/airflow/.local/lib/python3.12/site-packages/airflow/example_dags/example_subdag_operator.py took 0.091 seconds
[2024-07-16T17:21:03.008+0000] {processor.py:161} INFO - Started process (PID=2037) to work on /home/airflow/.local/lib/python3.12/site-packages/airflow/example_dags/example_subdag_operator.py
[2024-07-16T17:21:03.010+0000] {processor.py:830} INFO - Processing file /home/airflow/.local/lib/python3.12/site-packages/airflow/example_dags/example_subdag_operator.py for tasks to queue
[2024-07-16T17:21:03.011+0000] {logging_mixin.py:188} INFO - [2024-07-16T17:21:03.011+0000] {dagbag.py:545} INFO - Filling up the DagBag from /home/airflow/.local/lib/python3.12/site-packages/airflow/example_dags/example_subdag_operator.py
[2024-07-16T17:21:03.031+0000] {processor.py:840} INFO - DAG(s) 'example_subdag_operator.section-1', 'example_subdag_operator.section-2', 'example_subdag_operator' retrieved from /home/airflow/.local/lib/python3.12/site-packages/airflow/example_dags/example_subdag_operator.py
[2024-07-16T17:21:03.045+0000] {logging_mixin.py:188} INFO - [2024-07-16T17:21:03.044+0000] {dag.py:3089} INFO - Sync 3 DAGs
[2024-07-16T17:21:03.062+0000] {logging_mixin.py:188} INFO - [2024-07-16T17:21:03.062+0000] {dag.py:3947} INFO - Setting next_dagrun for example_subdag_operator to 2022-01-01 00:00:00+00:00, run_after=2022-01-01 00:00:00+00:00
[2024-07-16T17:21:03.066+0000] {logging_mixin.py:188} INFO - [2024-07-16T17:21:03.066+0000] {dag.py:3947} INFO - Setting next_dagrun for example_subdag_operator.section-1 to None, run_after=None
[2024-07-16T17:21:03.067+0000] {logging_mixin.py:188} INFO - [2024-07-16T17:21:03.067+0000] {dag.py:3947} INFO - Setting next_dagrun for example_subdag_operator.section-2 to None, run_after=None
[2024-07-16T17:21:03.073+0000] {logging_mixin.py:188} INFO - [2024-07-16T17:21:03.073+0000] {dag.py:3089} INFO - Sync 2 DAGs
[2024-07-16T17:21:03.078+0000] {logging_mixin.py:188} INFO - [2024-07-16T17:21:03.077+0000] {dag.py:3947} INFO - Setting next_dagrun for example_subdag_operator.section-1 to None, run_after=None
[2024-07-16T17:21:03.078+0000] {logging_mixin.py:188} INFO - [2024-07-16T17:21:03.078+0000] {dag.py:3947} INFO - Setting next_dagrun for example_subdag_operator.section-2 to None, run_after=None
[2024-07-16T17:21:03.087+0000] {processor.py:183} INFO - Processing /home/airflow/.local/lib/python3.12/site-packages/airflow/example_dags/example_subdag_operator.py took 0.084 seconds
[2024-07-16T17:21:33.542+0000] {processor.py:161} INFO - Started process (PID=2298) to work on /home/airflow/.local/lib/python3.12/site-packages/airflow/example_dags/example_subdag_operator.py
[2024-07-16T17:21:33.543+0000] {processor.py:830} INFO - Processing file /home/airflow/.local/lib/python3.12/site-packages/airflow/example_dags/example_subdag_operator.py for tasks to queue
[2024-07-16T17:21:33.544+0000] {logging_mixin.py:188} INFO - [2024-07-16T17:21:33.544+0000] {dagbag.py:545} INFO - Filling up the DagBag from /home/airflow/.local/lib/python3.12/site-packages/airflow/example_dags/example_subdag_operator.py
[2024-07-16T17:21:33.565+0000] {processor.py:840} INFO - DAG(s) 'example_subdag_operator.section-1', 'example_subdag_operator.section-2', 'example_subdag_operator' retrieved from /home/airflow/.local/lib/python3.12/site-packages/airflow/example_dags/example_subdag_operator.py
[2024-07-16T17:21:33.578+0000] {logging_mixin.py:188} INFO - [2024-07-16T17:21:33.578+0000] {dag.py:3089} INFO - Sync 3 DAGs
[2024-07-16T17:21:33.597+0000] {logging_mixin.py:188} INFO - [2024-07-16T17:21:33.596+0000] {dag.py:3947} INFO - Setting next_dagrun for example_subdag_operator to 2022-01-01 00:00:00+00:00, run_after=2022-01-01 00:00:00+00:00
[2024-07-16T17:21:33.600+0000] {logging_mixin.py:188} INFO - [2024-07-16T17:21:33.600+0000] {dag.py:3947} INFO - Setting next_dagrun for example_subdag_operator.section-1 to None, run_after=None
[2024-07-16T17:21:33.601+0000] {logging_mixin.py:188} INFO - [2024-07-16T17:21:33.601+0000] {dag.py:3947} INFO - Setting next_dagrun for example_subdag_operator.section-2 to None, run_after=None
[2024-07-16T17:21:33.607+0000] {logging_mixin.py:188} INFO - [2024-07-16T17:21:33.607+0000] {dag.py:3089} INFO - Sync 2 DAGs
[2024-07-16T17:21:33.612+0000] {logging_mixin.py:188} INFO - [2024-07-16T17:21:33.612+0000] {dag.py:3947} INFO - Setting next_dagrun for example_subdag_operator.section-1 to None, run_after=None
[2024-07-16T17:21:33.612+0000] {logging_mixin.py:188} INFO - [2024-07-16T17:21:33.612+0000] {dag.py:3947} INFO - Setting next_dagrun for example_subdag_operator.section-2 to None, run_after=None
[2024-07-16T17:21:33.622+0000] {processor.py:183} INFO - Processing /home/airflow/.local/lib/python3.12/site-packages/airflow/example_dags/example_subdag_operator.py took 0.086 seconds
[2024-07-16T17:22:04.053+0000] {processor.py:161} INFO - Started process (PID=2560) to work on /home/airflow/.local/lib/python3.12/site-packages/airflow/example_dags/example_subdag_operator.py
[2024-07-16T17:22:04.054+0000] {processor.py:830} INFO - Processing file /home/airflow/.local/lib/python3.12/site-packages/airflow/example_dags/example_subdag_operator.py for tasks to queue
[2024-07-16T17:22:04.056+0000] {logging_mixin.py:188} INFO - [2024-07-16T17:22:04.055+0000] {dagbag.py:545} INFO - Filling up the DagBag from /home/airflow/.local/lib/python3.12/site-packages/airflow/example_dags/example_subdag_operator.py
[2024-07-16T17:22:04.079+0000] {processor.py:840} INFO - DAG(s) 'example_subdag_operator.section-1', 'example_subdag_operator.section-2', 'example_subdag_operator' retrieved from /home/airflow/.local/lib/python3.12/site-packages/airflow/example_dags/example_subdag_operator.py
[2024-07-16T17:22:04.092+0000] {logging_mixin.py:188} INFO - [2024-07-16T17:22:04.092+0000] {dag.py:3089} INFO - Sync 3 DAGs
[2024-07-16T17:22:04.113+0000] {logging_mixin.py:188} INFO - [2024-07-16T17:22:04.113+0000] {dag.py:3947} INFO - Setting next_dagrun for example_subdag_operator to 2022-01-01 00:00:00+00:00, run_after=2022-01-01 00:00:00+00:00
[2024-07-16T17:22:04.116+0000] {logging_mixin.py:188} INFO - [2024-07-16T17:22:04.116+0000] {dag.py:3947} INFO - Setting next_dagrun for example_subdag_operator.section-1 to None, run_after=None
[2024-07-16T17:22:04.117+0000] {logging_mixin.py:188} INFO - [2024-07-16T17:22:04.117+0000] {dag.py:3947} INFO - Setting next_dagrun for example_subdag_operator.section-2 to None, run_after=None
[2024-07-16T17:22:04.123+0000] {logging_mixin.py:188} INFO - [2024-07-16T17:22:04.123+0000] {dag.py:3089} INFO - Sync 2 DAGs
[2024-07-16T17:22:04.127+0000] {logging_mixin.py:188} INFO - [2024-07-16T17:22:04.127+0000] {dag.py:3947} INFO - Setting next_dagrun for example_subdag_operator.section-1 to None, run_after=None
[2024-07-16T17:22:04.128+0000] {logging_mixin.py:188} INFO - [2024-07-16T17:22:04.128+0000] {dag.py:3947} INFO - Setting next_dagrun for example_subdag_operator.section-2 to None, run_after=None
[2024-07-16T17:22:04.137+0000] {processor.py:183} INFO - Processing /home/airflow/.local/lib/python3.12/site-packages/airflow/example_dags/example_subdag_operator.py took 0.089 seconds
[2024-07-16T17:22:34.653+0000] {processor.py:161} INFO - Started process (PID=2822) to work on /home/airflow/.local/lib/python3.12/site-packages/airflow/example_dags/example_subdag_operator.py
[2024-07-16T17:22:34.654+0000] {processor.py:830} INFO - Processing file /home/airflow/.local/lib/python3.12/site-packages/airflow/example_dags/example_subdag_operator.py for tasks to queue
[2024-07-16T17:22:34.657+0000] {logging_mixin.py:188} INFO - [2024-07-16T17:22:34.656+0000] {dagbag.py:545} INFO - Filling up the DagBag from /home/airflow/.local/lib/python3.12/site-packages/airflow/example_dags/example_subdag_operator.py
[2024-07-16T17:22:34.680+0000] {processor.py:840} INFO - DAG(s) 'example_subdag_operator.section-1', 'example_subdag_operator.section-2', 'example_subdag_operator' retrieved from /home/airflow/.local/lib/python3.12/site-packages/airflow/example_dags/example_subdag_operator.py
[2024-07-16T17:22:34.696+0000] {logging_mixin.py:188} INFO - [2024-07-16T17:22:34.696+0000] {dag.py:3089} INFO - Sync 3 DAGs
[2024-07-16T17:22:34.717+0000] {logging_mixin.py:188} INFO - [2024-07-16T17:22:34.717+0000] {dag.py:3947} INFO - Setting next_dagrun for example_subdag_operator to 2022-01-01 00:00:00+00:00, run_after=2022-01-01 00:00:00+00:00
[2024-07-16T17:22:34.721+0000] {logging_mixin.py:188} INFO - [2024-07-16T17:22:34.721+0000] {dag.py:3947} INFO - Setting next_dagrun for example_subdag_operator.section-1 to None, run_after=None
[2024-07-16T17:22:34.722+0000] {logging_mixin.py:188} INFO - [2024-07-16T17:22:34.722+0000] {dag.py:3947} INFO - Setting next_dagrun for example_subdag_operator.section-2 to None, run_after=None
[2024-07-16T17:22:34.729+0000] {logging_mixin.py:188} INFO - [2024-07-16T17:22:34.729+0000] {dag.py:3089} INFO - Sync 2 DAGs
[2024-07-16T17:22:34.734+0000] {logging_mixin.py:188} INFO - [2024-07-16T17:22:34.734+0000] {dag.py:3947} INFO - Setting next_dagrun for example_subdag_operator.section-1 to None, run_after=None
[2024-07-16T17:22:34.734+0000] {logging_mixin.py:188} INFO - [2024-07-16T17:22:34.734+0000] {dag.py:3947} INFO - Setting next_dagrun for example_subdag_operator.section-2 to None, run_after=None
[2024-07-16T17:22:34.746+0000] {processor.py:183} INFO - Processing /home/airflow/.local/lib/python3.12/site-packages/airflow/example_dags/example_subdag_operator.py took 0.100 seconds
[2024-07-16T17:23:05.286+0000] {processor.py:161} INFO - Started process (PID=3084) to work on /home/airflow/.local/lib/python3.12/site-packages/airflow/example_dags/example_subdag_operator.py
[2024-07-16T17:23:05.287+0000] {processor.py:830} INFO - Processing file /home/airflow/.local/lib/python3.12/site-packages/airflow/example_dags/example_subdag_operator.py for tasks to queue
[2024-07-16T17:23:05.289+0000] {logging_mixin.py:188} INFO - [2024-07-16T17:23:05.289+0000] {dagbag.py:545} INFO - Filling up the DagBag from /home/airflow/.local/lib/python3.12/site-packages/airflow/example_dags/example_subdag_operator.py
[2024-07-16T17:23:05.313+0000] {processor.py:840} INFO - DAG(s) 'example_subdag_operator.section-1', 'example_subdag_operator.section-2', 'example_subdag_operator' retrieved from /home/airflow/.local/lib/python3.12/site-packages/airflow/example_dags/example_subdag_operator.py
[2024-07-16T17:23:05.328+0000] {logging_mixin.py:188} INFO - [2024-07-16T17:23:05.328+0000] {dag.py:3089} INFO - Sync 3 DAGs
[2024-07-16T17:23:05.351+0000] {logging_mixin.py:188} INFO - [2024-07-16T17:23:05.351+0000] {dag.py:3947} INFO - Setting next_dagrun for example_subdag_operator to 2022-01-01 00:00:00+00:00, run_after=2022-01-01 00:00:00+00:00
[2024-07-16T17:23:05.355+0000] {logging_mixin.py:188} INFO - [2024-07-16T17:23:05.355+0000] {dag.py:3947} INFO - Setting next_dagrun for example_subdag_operator.section-1 to None, run_after=None
[2024-07-16T17:23:05.357+0000] {logging_mixin.py:188} INFO - [2024-07-16T17:23:05.356+0000] {dag.py:3947} INFO - Setting next_dagrun for example_subdag_operator.section-2 to None, run_after=None
[2024-07-16T17:23:05.364+0000] {logging_mixin.py:188} INFO - [2024-07-16T17:23:05.364+0000] {dag.py:3089} INFO - Sync 2 DAGs
[2024-07-16T17:23:05.369+0000] {logging_mixin.py:188} INFO - [2024-07-16T17:23:05.369+0000] {dag.py:3947} INFO - Setting next_dagrun for example_subdag_operator.section-1 to None, run_after=None
[2024-07-16T17:23:05.370+0000] {logging_mixin.py:188} INFO - [2024-07-16T17:23:05.370+0000] {dag.py:3947} INFO - Setting next_dagrun for example_subdag_operator.section-2 to None, run_after=None
[2024-07-16T17:23:05.382+0000] {processor.py:183} INFO - Processing /home/airflow/.local/lib/python3.12/site-packages/airflow/example_dags/example_subdag_operator.py took 0.102 seconds
[2024-07-16T17:23:35.412+0000] {processor.py:161} INFO - Started process (PID=3346) to work on /home/airflow/.local/lib/python3.12/site-packages/airflow/example_dags/example_subdag_operator.py
[2024-07-16T17:23:35.413+0000] {processor.py:830} INFO - Processing file /home/airflow/.local/lib/python3.12/site-packages/airflow/example_dags/example_subdag_operator.py for tasks to queue
[2024-07-16T17:23:35.415+0000] {logging_mixin.py:188} INFO - [2024-07-16T17:23:35.414+0000] {dagbag.py:545} INFO - Filling up the DagBag from /home/airflow/.local/lib/python3.12/site-packages/airflow/example_dags/example_subdag_operator.py
[2024-07-16T17:23:35.434+0000] {processor.py:840} INFO - DAG(s) 'example_subdag_operator.section-1', 'example_subdag_operator.section-2', 'example_subdag_operator' retrieved from /home/airflow/.local/lib/python3.12/site-packages/airflow/example_dags/example_subdag_operator.py
[2024-07-16T17:23:35.447+0000] {logging_mixin.py:188} INFO - [2024-07-16T17:23:35.446+0000] {dag.py:3089} INFO - Sync 3 DAGs
[2024-07-16T17:23:35.465+0000] {logging_mixin.py:188} INFO - [2024-07-16T17:23:35.465+0000] {dag.py:3947} INFO - Setting next_dagrun for example_subdag_operator to 2022-01-01 00:00:00+00:00, run_after=2022-01-01 00:00:00+00:00
[2024-07-16T17:23:35.468+0000] {logging_mixin.py:188} INFO - [2024-07-16T17:23:35.468+0000] {dag.py:3947} INFO - Setting next_dagrun for example_subdag_operator.section-1 to None, run_after=None
[2024-07-16T17:23:35.469+0000] {logging_mixin.py:188} INFO - [2024-07-16T17:23:35.469+0000] {dag.py:3947} INFO - Setting next_dagrun for example_subdag_operator.section-2 to None, run_after=None
[2024-07-16T17:23:35.475+0000] {logging_mixin.py:188} INFO - [2024-07-16T17:23:35.475+0000] {dag.py:3089} INFO - Sync 2 DAGs
[2024-07-16T17:23:35.480+0000] {logging_mixin.py:188} INFO - [2024-07-16T17:23:35.479+0000] {dag.py:3947} INFO - Setting next_dagrun for example_subdag_operator.section-1 to None, run_after=None
[2024-07-16T17:23:35.480+0000] {logging_mixin.py:188} INFO - [2024-07-16T17:23:35.480+0000] {dag.py:3947} INFO - Setting next_dagrun for example_subdag_operator.section-2 to None, run_after=None
[2024-07-16T17:23:35.491+0000] {processor.py:183} INFO - Processing /home/airflow/.local/lib/python3.12/site-packages/airflow/example_dags/example_subdag_operator.py took 0.084 seconds
[2024-07-16T17:24:05.884+0000] {processor.py:161} INFO - Started process (PID=3608) to work on /home/airflow/.local/lib/python3.12/site-packages/airflow/example_dags/example_subdag_operator.py
[2024-07-16T17:24:05.885+0000] {processor.py:830} INFO - Processing file /home/airflow/.local/lib/python3.12/site-packages/airflow/example_dags/example_subdag_operator.py for tasks to queue
[2024-07-16T17:24:05.887+0000] {logging_mixin.py:188} INFO - [2024-07-16T17:24:05.887+0000] {dagbag.py:545} INFO - Filling up the DagBag from /home/airflow/.local/lib/python3.12/site-packages/airflow/example_dags/example_subdag_operator.py
[2024-07-16T17:24:05.907+0000] {processor.py:840} INFO - DAG(s) 'example_subdag_operator.section-1', 'example_subdag_operator.section-2', 'example_subdag_operator' retrieved from /home/airflow/.local/lib/python3.12/site-packages/airflow/example_dags/example_subdag_operator.py
[2024-07-16T17:24:05.920+0000] {logging_mixin.py:188} INFO - [2024-07-16T17:24:05.920+0000] {dag.py:3089} INFO - Sync 3 DAGs
[2024-07-16T17:24:05.938+0000] {logging_mixin.py:188} INFO - [2024-07-16T17:24:05.938+0000] {dag.py:3947} INFO - Setting next_dagrun for example_subdag_operator to 2022-01-01 00:00:00+00:00, run_after=2022-01-01 00:00:00+00:00
[2024-07-16T17:24:05.942+0000] {logging_mixin.py:188} INFO - [2024-07-16T17:24:05.941+0000] {dag.py:3947} INFO - Setting next_dagrun for example_subdag_operator.section-1 to None, run_after=None
[2024-07-16T17:24:05.943+0000] {logging_mixin.py:188} INFO - [2024-07-16T17:24:05.942+0000] {dag.py:3947} INFO - Setting next_dagrun for example_subdag_operator.section-2 to None, run_after=None
[2024-07-16T17:24:05.948+0000] {logging_mixin.py:188} INFO - [2024-07-16T17:24:05.948+0000] {dag.py:3089} INFO - Sync 2 DAGs
[2024-07-16T17:24:05.953+0000] {logging_mixin.py:188} INFO - [2024-07-16T17:24:05.953+0000] {dag.py:3947} INFO - Setting next_dagrun for example_subdag_operator.section-1 to None, run_after=None
[2024-07-16T17:24:05.953+0000] {logging_mixin.py:188} INFO - [2024-07-16T17:24:05.953+0000] {dag.py:3947} INFO - Setting next_dagrun for example_subdag_operator.section-2 to None, run_after=None
[2024-07-16T17:24:05.962+0000] {processor.py:183} INFO - Processing /home/airflow/.local/lib/python3.12/site-packages/airflow/example_dags/example_subdag_operator.py took 0.083 seconds
[2024-07-16T17:24:36.080+0000] {processor.py:161} INFO - Started process (PID=3869) to work on /home/airflow/.local/lib/python3.12/site-packages/airflow/example_dags/example_subdag_operator.py
[2024-07-16T17:24:36.083+0000] {processor.py:830} INFO - Processing file /home/airflow/.local/lib/python3.12/site-packages/airflow/example_dags/example_subdag_operator.py for tasks to queue
[2024-07-16T17:24:36.085+0000] {logging_mixin.py:188} INFO - [2024-07-16T17:24:36.084+0000] {dagbag.py:545} INFO - Filling up the DagBag from /home/airflow/.local/lib/python3.12/site-packages/airflow/example_dags/example_subdag_operator.py
[2024-07-16T17:24:36.104+0000] {processor.py:840} INFO - DAG(s) 'example_subdag_operator.section-1', 'example_subdag_operator.section-2', 'example_subdag_operator' retrieved from /home/airflow/.local/lib/python3.12/site-packages/airflow/example_dags/example_subdag_operator.py
[2024-07-16T17:24:36.117+0000] {logging_mixin.py:188} INFO - [2024-07-16T17:24:36.117+0000] {dag.py:3089} INFO - Sync 3 DAGs
[2024-07-16T17:24:36.135+0000] {logging_mixin.py:188} INFO - [2024-07-16T17:24:36.135+0000] {dag.py:3947} INFO - Setting next_dagrun for example_subdag_operator to 2022-01-01 00:00:00+00:00, run_after=2022-01-01 00:00:00+00:00
[2024-07-16T17:24:36.138+0000] {logging_mixin.py:188} INFO - [2024-07-16T17:24:36.138+0000] {dag.py:3947} INFO - Setting next_dagrun for example_subdag_operator.section-1 to None, run_after=None
[2024-07-16T17:24:36.140+0000] {logging_mixin.py:188} INFO - [2024-07-16T17:24:36.140+0000] {dag.py:3947} INFO - Setting next_dagrun for example_subdag_operator.section-2 to None, run_after=None
[2024-07-16T17:24:36.146+0000] {logging_mixin.py:188} INFO - [2024-07-16T17:24:36.145+0000] {dag.py:3089} INFO - Sync 2 DAGs
[2024-07-16T17:24:36.150+0000] {logging_mixin.py:188} INFO - [2024-07-16T17:24:36.150+0000] {dag.py:3947} INFO - Setting next_dagrun for example_subdag_operator.section-1 to None, run_after=None
[2024-07-16T17:24:36.150+0000] {logging_mixin.py:188} INFO - [2024-07-16T17:24:36.150+0000] {dag.py:3947} INFO - Setting next_dagrun for example_subdag_operator.section-2 to None, run_after=None
[2024-07-16T17:24:36.161+0000] {processor.py:183} INFO - Processing /home/airflow/.local/lib/python3.12/site-packages/airflow/example_dags/example_subdag_operator.py took 0.087 seconds
[2024-07-16T17:25:06.427+0000] {processor.py:161} INFO - Started process (PID=4131) to work on /home/airflow/.local/lib/python3.12/site-packages/airflow/example_dags/example_subdag_operator.py
[2024-07-16T17:25:06.428+0000] {processor.py:830} INFO - Processing file /home/airflow/.local/lib/python3.12/site-packages/airflow/example_dags/example_subdag_operator.py for tasks to queue
[2024-07-16T17:25:06.429+0000] {logging_mixin.py:188} INFO - [2024-07-16T17:25:06.429+0000] {dagbag.py:545} INFO - Filling up the DagBag from /home/airflow/.local/lib/python3.12/site-packages/airflow/example_dags/example_subdag_operator.py
[2024-07-16T17:25:06.448+0000] {processor.py:840} INFO - DAG(s) 'example_subdag_operator.section-1', 'example_subdag_operator.section-2', 'example_subdag_operator' retrieved from /home/airflow/.local/lib/python3.12/site-packages/airflow/example_dags/example_subdag_operator.py
[2024-07-16T17:25:06.462+0000] {logging_mixin.py:188} INFO - [2024-07-16T17:25:06.461+0000] {dag.py:3089} INFO - Sync 3 DAGs
[2024-07-16T17:25:06.480+0000] {logging_mixin.py:188} INFO - [2024-07-16T17:25:06.480+0000] {dag.py:3947} INFO - Setting next_dagrun for example_subdag_operator to 2022-01-01 00:00:00+00:00, run_after=2022-01-01 00:00:00+00:00
[2024-07-16T17:25:06.483+0000] {logging_mixin.py:188} INFO - [2024-07-16T17:25:06.483+0000] {dag.py:3947} INFO - Setting next_dagrun for example_subdag_operator.section-1 to None, run_after=None
[2024-07-16T17:25:06.484+0000] {logging_mixin.py:188} INFO - [2024-07-16T17:25:06.484+0000] {dag.py:3947} INFO - Setting next_dagrun for example_subdag_operator.section-2 to None, run_after=None
[2024-07-16T17:25:06.492+0000] {logging_mixin.py:188} INFO - [2024-07-16T17:25:06.492+0000] {dag.py:3089} INFO - Sync 2 DAGs
[2024-07-16T17:25:06.497+0000] {logging_mixin.py:188} INFO - [2024-07-16T17:25:06.497+0000] {dag.py:3947} INFO - Setting next_dagrun for example_subdag_operator.section-1 to None, run_after=None
[2024-07-16T17:25:06.497+0000] {logging_mixin.py:188} INFO - [2024-07-16T17:25:06.497+0000] {dag.py:3947} INFO - Setting next_dagrun for example_subdag_operator.section-2 to None, run_after=None
[2024-07-16T17:25:06.508+0000] {processor.py:183} INFO - Processing /home/airflow/.local/lib/python3.12/site-packages/airflow/example_dags/example_subdag_operator.py took 0.087 seconds
[2024-07-16T17:25:37.216+0000] {processor.py:161} INFO - Started process (PID=4393) to work on /home/airflow/.local/lib/python3.12/site-packages/airflow/example_dags/example_subdag_operator.py
[2024-07-16T17:25:37.218+0000] {processor.py:830} INFO - Processing file /home/airflow/.local/lib/python3.12/site-packages/airflow/example_dags/example_subdag_operator.py for tasks to queue
[2024-07-16T17:25:37.220+0000] {logging_mixin.py:188} INFO - [2024-07-16T17:25:37.220+0000] {dagbag.py:545} INFO - Filling up the DagBag from /home/airflow/.local/lib/python3.12/site-packages/airflow/example_dags/example_subdag_operator.py
[2024-07-16T17:25:37.242+0000] {processor.py:840} INFO - DAG(s) 'example_subdag_operator.section-1', 'example_subdag_operator.section-2', 'example_subdag_operator' retrieved from /home/airflow/.local/lib/python3.12/site-packages/airflow/example_dags/example_subdag_operator.py
[2024-07-16T17:25:37.256+0000] {logging_mixin.py:188} INFO - [2024-07-16T17:25:37.255+0000] {dag.py:3089} INFO - Sync 3 DAGs
[2024-07-16T17:25:37.275+0000] {logging_mixin.py:188} INFO - [2024-07-16T17:25:37.275+0000] {dag.py:3947} INFO - Setting next_dagrun for example_subdag_operator to 2022-01-01 00:00:00+00:00, run_after=2022-01-01 00:00:00+00:00
[2024-07-16T17:25:37.278+0000] {logging_mixin.py:188} INFO - [2024-07-16T17:25:37.278+0000] {dag.py:3947} INFO - Setting next_dagrun for example_subdag_operator.section-1 to None, run_after=None
[2024-07-16T17:25:37.280+0000] {logging_mixin.py:188} INFO - [2024-07-16T17:25:37.280+0000] {dag.py:3947} INFO - Setting next_dagrun for example_subdag_operator.section-2 to None, run_after=None
[2024-07-16T17:25:37.286+0000] {logging_mixin.py:188} INFO - [2024-07-16T17:25:37.286+0000] {dag.py:3089} INFO - Sync 2 DAGs
[2024-07-16T17:25:37.290+0000] {logging_mixin.py:188} INFO - [2024-07-16T17:25:37.290+0000] {dag.py:3947} INFO - Setting next_dagrun for example_subdag_operator.section-1 to None, run_after=None
[2024-07-16T17:25:37.290+0000] {logging_mixin.py:188} INFO - [2024-07-16T17:25:37.290+0000] {dag.py:3947} INFO - Setting next_dagrun for example_subdag_operator.section-2 to None, run_after=None
[2024-07-16T17:25:37.303+0000] {processor.py:183} INFO - Processing /home/airflow/.local/lib/python3.12/site-packages/airflow/example_dags/example_subdag_operator.py took 0.093 seconds
[2024-07-16T17:26:07.587+0000] {processor.py:161} INFO - Started process (PID=4655) to work on /home/airflow/.local/lib/python3.12/site-packages/airflow/example_dags/example_subdag_operator.py
[2024-07-16T17:26:07.588+0000] {processor.py:830} INFO - Processing file /home/airflow/.local/lib/python3.12/site-packages/airflow/example_dags/example_subdag_operator.py for tasks to queue
[2024-07-16T17:26:07.590+0000] {logging_mixin.py:188} INFO - [2024-07-16T17:26:07.589+0000] {dagbag.py:545} INFO - Filling up the DagBag from /home/airflow/.local/lib/python3.12/site-packages/airflow/example_dags/example_subdag_operator.py
[2024-07-16T17:26:07.611+0000] {processor.py:840} INFO - DAG(s) 'example_subdag_operator.section-1', 'example_subdag_operator.section-2', 'example_subdag_operator' retrieved from /home/airflow/.local/lib/python3.12/site-packages/airflow/example_dags/example_subdag_operator.py
[2024-07-16T17:26:07.624+0000] {logging_mixin.py:188} INFO - [2024-07-16T17:26:07.624+0000] {dag.py:3089} INFO - Sync 3 DAGs
[2024-07-16T17:26:07.643+0000] {logging_mixin.py:188} INFO - [2024-07-16T17:26:07.642+0000] {dag.py:3947} INFO - Setting next_dagrun for example_subdag_operator to 2022-01-01 00:00:00+00:00, run_after=2022-01-01 00:00:00+00:00
[2024-07-16T17:26:07.646+0000] {logging_mixin.py:188} INFO - [2024-07-16T17:26:07.646+0000] {dag.py:3947} INFO - Setting next_dagrun for example_subdag_operator.section-1 to None, run_after=None
[2024-07-16T17:26:07.647+0000] {logging_mixin.py:188} INFO - [2024-07-16T17:26:07.647+0000] {dag.py:3947} INFO - Setting next_dagrun for example_subdag_operator.section-2 to None, run_after=None
[2024-07-16T17:26:07.653+0000] {logging_mixin.py:188} INFO - [2024-07-16T17:26:07.653+0000] {dag.py:3089} INFO - Sync 2 DAGs
[2024-07-16T17:26:07.659+0000] {logging_mixin.py:188} INFO - [2024-07-16T17:26:07.659+0000] {dag.py:3947} INFO - Setting next_dagrun for example_subdag_operator.section-1 to None, run_after=None
[2024-07-16T17:26:07.659+0000] {logging_mixin.py:188} INFO - [2024-07-16T17:26:07.659+0000] {dag.py:3947} INFO - Setting next_dagrun for example_subdag_operator.section-2 to None, run_after=None
[2024-07-16T17:26:07.671+0000] {processor.py:183} INFO - Processing /home/airflow/.local/lib/python3.12/site-packages/airflow/example_dags/example_subdag_operator.py took 0.090 seconds
[2024-07-16T17:26:38.265+0000] {processor.py:161} INFO - Started process (PID=4919) to work on /home/airflow/.local/lib/python3.12/site-packages/airflow/example_dags/example_subdag_operator.py
[2024-07-16T17:26:38.271+0000] {processor.py:830} INFO - Processing file /home/airflow/.local/lib/python3.12/site-packages/airflow/example_dags/example_subdag_operator.py for tasks to queue
[2024-07-16T17:26:38.273+0000] {logging_mixin.py:188} INFO - [2024-07-16T17:26:38.273+0000] {dagbag.py:545} INFO - Filling up the DagBag from /home/airflow/.local/lib/python3.12/site-packages/airflow/example_dags/example_subdag_operator.py
[2024-07-16T17:26:38.297+0000] {processor.py:840} INFO - DAG(s) 'example_subdag_operator.section-1', 'example_subdag_operator.section-2', 'example_subdag_operator' retrieved from /home/airflow/.local/lib/python3.12/site-packages/airflow/example_dags/example_subdag_operator.py
[2024-07-16T17:26:38.311+0000] {logging_mixin.py:188} INFO - [2024-07-16T17:26:38.311+0000] {dag.py:3089} INFO - Sync 3 DAGs
[2024-07-16T17:26:38.329+0000] {logging_mixin.py:188} INFO - [2024-07-16T17:26:38.329+0000] {dag.py:3947} INFO - Setting next_dagrun for example_subdag_operator to 2022-01-01 00:00:00+00:00, run_after=2022-01-01 00:00:00+00:00
[2024-07-16T17:26:38.333+0000] {logging_mixin.py:188} INFO - [2024-07-16T17:26:38.332+0000] {dag.py:3947} INFO - Setting next_dagrun for example_subdag_operator.section-1 to None, run_after=None
[2024-07-16T17:26:38.334+0000] {logging_mixin.py:188} INFO - [2024-07-16T17:26:38.334+0000] {dag.py:3947} INFO - Setting next_dagrun for example_subdag_operator.section-2 to None, run_after=None
[2024-07-16T17:26:38.339+0000] {logging_mixin.py:188} INFO - [2024-07-16T17:26:38.339+0000] {dag.py:3089} INFO - Sync 2 DAGs
[2024-07-16T17:26:38.344+0000] {logging_mixin.py:188} INFO - [2024-07-16T17:26:38.344+0000] {dag.py:3947} INFO - Setting next_dagrun for example_subdag_operator.section-1 to None, run_after=None
[2024-07-16T17:26:38.344+0000] {logging_mixin.py:188} INFO - [2024-07-16T17:26:38.344+0000] {dag.py:3947} INFO - Setting next_dagrun for example_subdag_operator.section-2 to None, run_after=None
[2024-07-16T17:26:38.355+0000] {processor.py:183} INFO - Processing /home/airflow/.local/lib/python3.12/site-packages/airflow/example_dags/example_subdag_operator.py took 0.095 seconds
[2024-07-16T17:27:08.506+0000] {processor.py:161} INFO - Started process (PID=5179) to work on /home/airflow/.local/lib/python3.12/site-packages/airflow/example_dags/example_subdag_operator.py
[2024-07-16T17:27:08.508+0000] {processor.py:830} INFO - Processing file /home/airflow/.local/lib/python3.12/site-packages/airflow/example_dags/example_subdag_operator.py for tasks to queue
[2024-07-16T17:27:08.509+0000] {logging_mixin.py:188} INFO - [2024-07-16T17:27:08.509+0000] {dagbag.py:545} INFO - Filling up the DagBag from /home/airflow/.local/lib/python3.12/site-packages/airflow/example_dags/example_subdag_operator.py
[2024-07-16T17:27:08.532+0000] {processor.py:840} INFO - DAG(s) 'example_subdag_operator.section-1', 'example_subdag_operator.section-2', 'example_subdag_operator' retrieved from /home/airflow/.local/lib/python3.12/site-packages/airflow/example_dags/example_subdag_operator.py
[2024-07-16T17:27:08.546+0000] {logging_mixin.py:188} INFO - [2024-07-16T17:27:08.546+0000] {dag.py:3089} INFO - Sync 3 DAGs
[2024-07-16T17:27:08.565+0000] {logging_mixin.py:188} INFO - [2024-07-16T17:27:08.565+0000] {dag.py:3947} INFO - Setting next_dagrun for example_subdag_operator to 2022-01-01 00:00:00+00:00, run_after=2022-01-01 00:00:00+00:00
[2024-07-16T17:27:08.568+0000] {logging_mixin.py:188} INFO - [2024-07-16T17:27:08.568+0000] {dag.py:3947} INFO - Setting next_dagrun for example_subdag_operator.section-1 to None, run_after=None
[2024-07-16T17:27:08.569+0000] {logging_mixin.py:188} INFO - [2024-07-16T17:27:08.569+0000] {dag.py:3947} INFO - Setting next_dagrun for example_subdag_operator.section-2 to None, run_after=None
[2024-07-16T17:27:08.575+0000] {logging_mixin.py:188} INFO - [2024-07-16T17:27:08.575+0000] {dag.py:3089} INFO - Sync 2 DAGs
[2024-07-16T17:27:08.580+0000] {logging_mixin.py:188} INFO - [2024-07-16T17:27:08.580+0000] {dag.py:3947} INFO - Setting next_dagrun for example_subdag_operator.section-1 to None, run_after=None
[2024-07-16T17:27:08.580+0000] {logging_mixin.py:188} INFO - [2024-07-16T17:27:08.580+0000] {dag.py:3947} INFO - Setting next_dagrun for example_subdag_operator.section-2 to None, run_after=None
[2024-07-16T17:27:08.593+0000] {processor.py:183} INFO - Processing /home/airflow/.local/lib/python3.12/site-packages/airflow/example_dags/example_subdag_operator.py took 0.092 seconds
[2024-07-16T17:27:39.297+0000] {processor.py:161} INFO - Started process (PID=5441) to work on /home/airflow/.local/lib/python3.12/site-packages/airflow/example_dags/example_subdag_operator.py
[2024-07-16T17:27:39.298+0000] {processor.py:830} INFO - Processing file /home/airflow/.local/lib/python3.12/site-packages/airflow/example_dags/example_subdag_operator.py for tasks to queue
[2024-07-16T17:27:39.300+0000] {logging_mixin.py:188} INFO - [2024-07-16T17:27:39.299+0000] {dagbag.py:545} INFO - Filling up the DagBag from /home/airflow/.local/lib/python3.12/site-packages/airflow/example_dags/example_subdag_operator.py
[2024-07-16T17:27:39.318+0000] {processor.py:840} INFO - DAG(s) 'example_subdag_operator.section-1', 'example_subdag_operator.section-2', 'example_subdag_operator' retrieved from /home/airflow/.local/lib/python3.12/site-packages/airflow/example_dags/example_subdag_operator.py
[2024-07-16T17:27:39.332+0000] {logging_mixin.py:188} INFO - [2024-07-16T17:27:39.331+0000] {dag.py:3089} INFO - Sync 3 DAGs
[2024-07-16T17:27:39.350+0000] {logging_mixin.py:188} INFO - [2024-07-16T17:27:39.350+0000] {dag.py:3947} INFO - Setting next_dagrun for example_subdag_operator to 2022-01-01 00:00:00+00:00, run_after=2022-01-01 00:00:00+00:00
[2024-07-16T17:27:39.353+0000] {logging_mixin.py:188} INFO - [2024-07-16T17:27:39.353+0000] {dag.py:3947} INFO - Setting next_dagrun for example_subdag_operator.section-1 to None, run_after=None
[2024-07-16T17:27:39.354+0000] {logging_mixin.py:188} INFO - [2024-07-16T17:27:39.354+0000] {dag.py:3947} INFO - Setting next_dagrun for example_subdag_operator.section-2 to None, run_after=None
[2024-07-16T17:27:39.365+0000] {logging_mixin.py:188} INFO - [2024-07-16T17:27:39.365+0000] {dag.py:3089} INFO - Sync 2 DAGs
[2024-07-16T17:27:39.369+0000] {logging_mixin.py:188} INFO - [2024-07-16T17:27:39.369+0000] {dag.py:3947} INFO - Setting next_dagrun for example_subdag_operator.section-1 to None, run_after=None
[2024-07-16T17:27:39.370+0000] {logging_mixin.py:188} INFO - [2024-07-16T17:27:39.370+0000] {dag.py:3947} INFO - Setting next_dagrun for example_subdag_operator.section-2 to None, run_after=None
[2024-07-16T17:27:39.381+0000] {processor.py:183} INFO - Processing /home/airflow/.local/lib/python3.12/site-packages/airflow/example_dags/example_subdag_operator.py took 0.090 seconds
[2024-07-16T17:28:09.805+0000] {processor.py:161} INFO - Started process (PID=5711) to work on /home/airflow/.local/lib/python3.12/site-packages/airflow/example_dags/example_subdag_operator.py
[2024-07-16T17:28:09.806+0000] {processor.py:830} INFO - Processing file /home/airflow/.local/lib/python3.12/site-packages/airflow/example_dags/example_subdag_operator.py for tasks to queue
[2024-07-16T17:28:09.808+0000] {logging_mixin.py:188} INFO - [2024-07-16T17:28:09.807+0000] {dagbag.py:545} INFO - Filling up the DagBag from /home/airflow/.local/lib/python3.12/site-packages/airflow/example_dags/example_subdag_operator.py
[2024-07-16T17:28:09.833+0000] {processor.py:840} INFO - DAG(s) 'example_subdag_operator.section-1', 'example_subdag_operator.section-2', 'example_subdag_operator' retrieved from /home/airflow/.local/lib/python3.12/site-packages/airflow/example_dags/example_subdag_operator.py
[2024-07-16T17:28:09.849+0000] {logging_mixin.py:188} INFO - [2024-07-16T17:28:09.849+0000] {dag.py:3089} INFO - Sync 3 DAGs
[2024-07-16T17:28:09.870+0000] {logging_mixin.py:188} INFO - [2024-07-16T17:28:09.870+0000] {dag.py:3947} INFO - Setting next_dagrun for example_subdag_operator to 2022-01-01 00:00:00+00:00, run_after=2022-01-01 00:00:00+00:00
[2024-07-16T17:28:09.874+0000] {logging_mixin.py:188} INFO - [2024-07-16T17:28:09.874+0000] {dag.py:3947} INFO - Setting next_dagrun for example_subdag_operator.section-1 to None, run_after=None
[2024-07-16T17:28:09.875+0000] {logging_mixin.py:188} INFO - [2024-07-16T17:28:09.875+0000] {dag.py:3947} INFO - Setting next_dagrun for example_subdag_operator.section-2 to None, run_after=None
[2024-07-16T17:28:09.881+0000] {logging_mixin.py:188} INFO - [2024-07-16T17:28:09.881+0000] {dag.py:3089} INFO - Sync 2 DAGs
[2024-07-16T17:28:09.886+0000] {logging_mixin.py:188} INFO - [2024-07-16T17:28:09.886+0000] {dag.py:3947} INFO - Setting next_dagrun for example_subdag_operator.section-1 to None, run_after=None
[2024-07-16T17:28:09.886+0000] {logging_mixin.py:188} INFO - [2024-07-16T17:28:09.886+0000] {dag.py:3947} INFO - Setting next_dagrun for example_subdag_operator.section-2 to None, run_after=None
[2024-07-16T17:28:09.900+0000] {processor.py:183} INFO - Processing /home/airflow/.local/lib/python3.12/site-packages/airflow/example_dags/example_subdag_operator.py took 0.101 seconds
[2024-07-16T17:28:40.075+0000] {processor.py:161} INFO - Started process (PID=5973) to work on /home/airflow/.local/lib/python3.12/site-packages/airflow/example_dags/example_subdag_operator.py
[2024-07-16T17:28:40.077+0000] {processor.py:830} INFO - Processing file /home/airflow/.local/lib/python3.12/site-packages/airflow/example_dags/example_subdag_operator.py for tasks to queue
[2024-07-16T17:28:40.078+0000] {logging_mixin.py:188} INFO - [2024-07-16T17:28:40.078+0000] {dagbag.py:545} INFO - Filling up the DagBag from /home/airflow/.local/lib/python3.12/site-packages/airflow/example_dags/example_subdag_operator.py
[2024-07-16T17:28:40.102+0000] {processor.py:840} INFO - DAG(s) 'example_subdag_operator.section-1', 'example_subdag_operator.section-2', 'example_subdag_operator' retrieved from /home/airflow/.local/lib/python3.12/site-packages/airflow/example_dags/example_subdag_operator.py
[2024-07-16T17:28:40.115+0000] {logging_mixin.py:188} INFO - [2024-07-16T17:28:40.115+0000] {dag.py:3089} INFO - Sync 3 DAGs
[2024-07-16T17:28:40.134+0000] {logging_mixin.py:188} INFO - [2024-07-16T17:28:40.134+0000] {dag.py:3947} INFO - Setting next_dagrun for example_subdag_operator to 2022-01-01 00:00:00+00:00, run_after=2022-01-01 00:00:00+00:00
[2024-07-16T17:28:40.138+0000] {logging_mixin.py:188} INFO - [2024-07-16T17:28:40.137+0000] {dag.py:3947} INFO - Setting next_dagrun for example_subdag_operator.section-1 to None, run_after=None
[2024-07-16T17:28:40.140+0000] {logging_mixin.py:188} INFO - [2024-07-16T17:28:40.139+0000] {dag.py:3947} INFO - Setting next_dagrun for example_subdag_operator.section-2 to None, run_after=None
[2024-07-16T17:28:40.148+0000] {logging_mixin.py:188} INFO - [2024-07-16T17:28:40.147+0000] {dag.py:3089} INFO - Sync 2 DAGs
[2024-07-16T17:28:40.153+0000] {logging_mixin.py:188} INFO - [2024-07-16T17:28:40.152+0000] {dag.py:3947} INFO - Setting next_dagrun for example_subdag_operator.section-1 to None, run_after=None
[2024-07-16T17:28:40.153+0000] {logging_mixin.py:188} INFO - [2024-07-16T17:28:40.153+0000] {dag.py:3947} INFO - Setting next_dagrun for example_subdag_operator.section-2 to None, run_after=None
[2024-07-16T17:28:40.164+0000] {processor.py:183} INFO - Processing /home/airflow/.local/lib/python3.12/site-packages/airflow/example_dags/example_subdag_operator.py took 0.094 seconds
[2024-07-16T17:29:10.427+0000] {processor.py:161} INFO - Started process (PID=6235) to work on /home/airflow/.local/lib/python3.12/site-packages/airflow/example_dags/example_subdag_operator.py
[2024-07-16T17:29:10.429+0000] {processor.py:830} INFO - Processing file /home/airflow/.local/lib/python3.12/site-packages/airflow/example_dags/example_subdag_operator.py for tasks to queue
[2024-07-16T17:29:10.431+0000] {logging_mixin.py:188} INFO - [2024-07-16T17:29:10.431+0000] {dagbag.py:545} INFO - Filling up the DagBag from /home/airflow/.local/lib/python3.12/site-packages/airflow/example_dags/example_subdag_operator.py
[2024-07-16T17:29:10.460+0000] {processor.py:840} INFO - DAG(s) 'example_subdag_operator.section-1', 'example_subdag_operator.section-2', 'example_subdag_operator' retrieved from /home/airflow/.local/lib/python3.12/site-packages/airflow/example_dags/example_subdag_operator.py
[2024-07-16T17:29:10.480+0000] {logging_mixin.py:188} INFO - [2024-07-16T17:29:10.479+0000] {dag.py:3089} INFO - Sync 3 DAGs
[2024-07-16T17:29:10.503+0000] {logging_mixin.py:188} INFO - [2024-07-16T17:29:10.502+0000] {dag.py:3947} INFO - Setting next_dagrun for example_subdag_operator to 2022-01-01 00:00:00+00:00, run_after=2022-01-01 00:00:00+00:00
[2024-07-16T17:29:10.507+0000] {logging_mixin.py:188} INFO - [2024-07-16T17:29:10.507+0000] {dag.py:3947} INFO - Setting next_dagrun for example_subdag_operator.section-1 to None, run_after=None
[2024-07-16T17:29:10.508+0000] {logging_mixin.py:188} INFO - [2024-07-16T17:29:10.508+0000] {dag.py:3947} INFO - Setting next_dagrun for example_subdag_operator.section-2 to None, run_after=None
[2024-07-16T17:29:10.515+0000] {logging_mixin.py:188} INFO - [2024-07-16T17:29:10.515+0000] {dag.py:3089} INFO - Sync 2 DAGs
[2024-07-16T17:29:10.522+0000] {logging_mixin.py:188} INFO - [2024-07-16T17:29:10.522+0000] {dag.py:3947} INFO - Setting next_dagrun for example_subdag_operator.section-1 to None, run_after=None
[2024-07-16T17:29:10.522+0000] {logging_mixin.py:188} INFO - [2024-07-16T17:29:10.522+0000] {dag.py:3947} INFO - Setting next_dagrun for example_subdag_operator.section-2 to None, run_after=None
[2024-07-16T17:29:10.535+0000] {processor.py:183} INFO - Processing /home/airflow/.local/lib/python3.12/site-packages/airflow/example_dags/example_subdag_operator.py took 0.115 seconds
[2024-07-16T17:29:41.007+0000] {processor.py:161} INFO - Started process (PID=6497) to work on /home/airflow/.local/lib/python3.12/site-packages/airflow/example_dags/example_subdag_operator.py
[2024-07-16T17:29:41.009+0000] {processor.py:830} INFO - Processing file /home/airflow/.local/lib/python3.12/site-packages/airflow/example_dags/example_subdag_operator.py for tasks to queue
[2024-07-16T17:29:41.011+0000] {logging_mixin.py:188} INFO - [2024-07-16T17:29:41.011+0000] {dagbag.py:545} INFO - Filling up the DagBag from /home/airflow/.local/lib/python3.12/site-packages/airflow/example_dags/example_subdag_operator.py
[2024-07-16T17:29:41.037+0000] {processor.py:840} INFO - DAG(s) 'example_subdag_operator.section-1', 'example_subdag_operator.section-2', 'example_subdag_operator' retrieved from /home/airflow/.local/lib/python3.12/site-packages/airflow/example_dags/example_subdag_operator.py
[2024-07-16T17:29:41.060+0000] {logging_mixin.py:188} INFO - [2024-07-16T17:29:41.059+0000] {dag.py:3089} INFO - Sync 3 DAGs
[2024-07-16T17:29:41.097+0000] {logging_mixin.py:188} INFO - [2024-07-16T17:29:41.097+0000] {dag.py:3947} INFO - Setting next_dagrun for example_subdag_operator to 2022-01-01 00:00:00+00:00, run_after=2022-01-01 00:00:00+00:00
[2024-07-16T17:29:41.103+0000] {logging_mixin.py:188} INFO - [2024-07-16T17:29:41.103+0000] {dag.py:3947} INFO - Setting next_dagrun for example_subdag_operator.section-1 to None, run_after=None
[2024-07-16T17:29:41.105+0000] {logging_mixin.py:188} INFO - [2024-07-16T17:29:41.105+0000] {dag.py:3947} INFO - Setting next_dagrun for example_subdag_operator.section-2 to None, run_after=None
[2024-07-16T17:29:41.114+0000] {logging_mixin.py:188} INFO - [2024-07-16T17:29:41.114+0000] {dag.py:3089} INFO - Sync 2 DAGs
[2024-07-16T17:29:41.122+0000] {logging_mixin.py:188} INFO - [2024-07-16T17:29:41.122+0000] {dag.py:3947} INFO - Setting next_dagrun for example_subdag_operator.section-1 to None, run_after=None
[2024-07-16T17:29:41.123+0000] {logging_mixin.py:188} INFO - [2024-07-16T17:29:41.122+0000] {dag.py:3947} INFO - Setting next_dagrun for example_subdag_operator.section-2 to None, run_after=None
[2024-07-16T17:29:41.137+0000] {processor.py:183} INFO - Processing /home/airflow/.local/lib/python3.12/site-packages/airflow/example_dags/example_subdag_operator.py took 0.137 seconds
[2024-07-16T17:30:11.230+0000] {processor.py:161} INFO - Started process (PID=6762) to work on /home/airflow/.local/lib/python3.12/site-packages/airflow/example_dags/example_subdag_operator.py
[2024-07-16T17:30:11.231+0000] {processor.py:830} INFO - Processing file /home/airflow/.local/lib/python3.12/site-packages/airflow/example_dags/example_subdag_operator.py for tasks to queue
[2024-07-16T17:30:11.232+0000] {logging_mixin.py:188} INFO - [2024-07-16T17:30:11.232+0000] {dagbag.py:545} INFO - Filling up the DagBag from /home/airflow/.local/lib/python3.12/site-packages/airflow/example_dags/example_subdag_operator.py
[2024-07-16T17:30:11.253+0000] {processor.py:840} INFO - DAG(s) 'example_subdag_operator.section-1', 'example_subdag_operator.section-2', 'example_subdag_operator' retrieved from /home/airflow/.local/lib/python3.12/site-packages/airflow/example_dags/example_subdag_operator.py
[2024-07-16T17:30:11.267+0000] {logging_mixin.py:188} INFO - [2024-07-16T17:30:11.267+0000] {dag.py:3089} INFO - Sync 3 DAGs
[2024-07-16T17:30:11.285+0000] {logging_mixin.py:188} INFO - [2024-07-16T17:30:11.285+0000] {dag.py:3947} INFO - Setting next_dagrun for example_subdag_operator to 2022-01-01 00:00:00+00:00, run_after=2022-01-01 00:00:00+00:00
[2024-07-16T17:30:11.288+0000] {logging_mixin.py:188} INFO - [2024-07-16T17:30:11.288+0000] {dag.py:3947} INFO - Setting next_dagrun for example_subdag_operator.section-1 to None, run_after=None
[2024-07-16T17:30:11.289+0000] {logging_mixin.py:188} INFO - [2024-07-16T17:30:11.289+0000] {dag.py:3947} INFO - Setting next_dagrun for example_subdag_operator.section-2 to None, run_after=None
[2024-07-16T17:30:11.295+0000] {logging_mixin.py:188} INFO - [2024-07-16T17:30:11.294+0000] {dag.py:3089} INFO - Sync 2 DAGs
[2024-07-16T17:30:11.299+0000] {logging_mixin.py:188} INFO - [2024-07-16T17:30:11.299+0000] {dag.py:3947} INFO - Setting next_dagrun for example_subdag_operator.section-1 to None, run_after=None
[2024-07-16T17:30:11.300+0000] {logging_mixin.py:188} INFO - [2024-07-16T17:30:11.299+0000] {dag.py:3947} INFO - Setting next_dagrun for example_subdag_operator.section-2 to None, run_after=None
[2024-07-16T17:30:11.311+0000] {processor.py:183} INFO - Processing /home/airflow/.local/lib/python3.12/site-packages/airflow/example_dags/example_subdag_operator.py took 0.086 seconds
[2024-07-16T17:30:41.758+0000] {processor.py:161} INFO - Started process (PID=7022) to work on /home/airflow/.local/lib/python3.12/site-packages/airflow/example_dags/example_subdag_operator.py
[2024-07-16T17:30:41.760+0000] {processor.py:830} INFO - Processing file /home/airflow/.local/lib/python3.12/site-packages/airflow/example_dags/example_subdag_operator.py for tasks to queue
[2024-07-16T17:30:41.761+0000] {logging_mixin.py:188} INFO - [2024-07-16T17:30:41.761+0000] {dagbag.py:545} INFO - Filling up the DagBag from /home/airflow/.local/lib/python3.12/site-packages/airflow/example_dags/example_subdag_operator.py
[2024-07-16T17:30:41.793+0000] {processor.py:840} INFO - DAG(s) 'example_subdag_operator.section-1', 'example_subdag_operator.section-2', 'example_subdag_operator' retrieved from /home/airflow/.local/lib/python3.12/site-packages/airflow/example_dags/example_subdag_operator.py
[2024-07-16T17:30:41.813+0000] {logging_mixin.py:188} INFO - [2024-07-16T17:30:41.813+0000] {dag.py:3089} INFO - Sync 3 DAGs
[2024-07-16T17:30:41.840+0000] {logging_mixin.py:188} INFO - [2024-07-16T17:30:41.839+0000] {dag.py:3947} INFO - Setting next_dagrun for example_subdag_operator to 2022-01-01 00:00:00+00:00, run_after=2022-01-01 00:00:00+00:00
[2024-07-16T17:30:41.845+0000] {logging_mixin.py:188} INFO - [2024-07-16T17:30:41.845+0000] {dag.py:3947} INFO - Setting next_dagrun for example_subdag_operator.section-1 to None, run_after=None
[2024-07-16T17:30:41.847+0000] {logging_mixin.py:188} INFO - [2024-07-16T17:30:41.846+0000] {dag.py:3947} INFO - Setting next_dagrun for example_subdag_operator.section-2 to None, run_after=None
[2024-07-16T17:30:41.856+0000] {logging_mixin.py:188} INFO - [2024-07-16T17:30:41.855+0000] {dag.py:3089} INFO - Sync 2 DAGs
[2024-07-16T17:30:41.864+0000] {logging_mixin.py:188} INFO - [2024-07-16T17:30:41.863+0000] {dag.py:3947} INFO - Setting next_dagrun for example_subdag_operator.section-1 to None, run_after=None
[2024-07-16T17:30:41.864+0000] {logging_mixin.py:188} INFO - [2024-07-16T17:30:41.864+0000] {dag.py:3947} INFO - Setting next_dagrun for example_subdag_operator.section-2 to None, run_after=None
[2024-07-16T17:30:41.879+0000] {processor.py:183} INFO - Processing /home/airflow/.local/lib/python3.12/site-packages/airflow/example_dags/example_subdag_operator.py took 0.129 seconds
[2024-07-16T17:31:12.857+0000] {processor.py:161} INFO - Started process (PID=7286) to work on /home/airflow/.local/lib/python3.12/site-packages/airflow/example_dags/example_subdag_operator.py
[2024-07-16T17:31:12.885+0000] {processor.py:830} INFO - Processing file /home/airflow/.local/lib/python3.12/site-packages/airflow/example_dags/example_subdag_operator.py for tasks to queue
[2024-07-16T17:31:12.887+0000] {logging_mixin.py:188} INFO - [2024-07-16T17:31:12.887+0000] {dagbag.py:545} INFO - Filling up the DagBag from /home/airflow/.local/lib/python3.12/site-packages/airflow/example_dags/example_subdag_operator.py
[2024-07-16T17:31:12.926+0000] {processor.py:840} INFO - DAG(s) 'example_subdag_operator.section-1', 'example_subdag_operator.section-2', 'example_subdag_operator' retrieved from /home/airflow/.local/lib/python3.12/site-packages/airflow/example_dags/example_subdag_operator.py
[2024-07-16T17:31:12.961+0000] {logging_mixin.py:188} INFO - [2024-07-16T17:31:12.960+0000] {dag.py:3089} INFO - Sync 3 DAGs
[2024-07-16T17:31:12.991+0000] {logging_mixin.py:188} INFO - [2024-07-16T17:31:12.991+0000] {dag.py:3947} INFO - Setting next_dagrun for example_subdag_operator to 2022-01-01 00:00:00+00:00, run_after=2022-01-01 00:00:00+00:00
[2024-07-16T17:31:12.996+0000] {logging_mixin.py:188} INFO - [2024-07-16T17:31:12.996+0000] {dag.py:3947} INFO - Setting next_dagrun for example_subdag_operator.section-1 to None, run_after=None
[2024-07-16T17:31:12.998+0000] {logging_mixin.py:188} INFO - [2024-07-16T17:31:12.998+0000] {dag.py:3947} INFO - Setting next_dagrun for example_subdag_operator.section-2 to None, run_after=None
[2024-07-16T17:31:13.006+0000] {logging_mixin.py:188} INFO - [2024-07-16T17:31:13.006+0000] {dag.py:3089} INFO - Sync 2 DAGs
[2024-07-16T17:31:13.012+0000] {logging_mixin.py:188} INFO - [2024-07-16T17:31:13.012+0000] {dag.py:3947} INFO - Setting next_dagrun for example_subdag_operator.section-1 to None, run_after=None
[2024-07-16T17:31:13.012+0000] {logging_mixin.py:188} INFO - [2024-07-16T17:31:13.012+0000] {dag.py:3947} INFO - Setting next_dagrun for example_subdag_operator.section-2 to None, run_after=None
[2024-07-16T17:31:13.025+0000] {processor.py:183} INFO - Processing /home/airflow/.local/lib/python3.12/site-packages/airflow/example_dags/example_subdag_operator.py took 0.176 seconds
[2024-07-16T17:31:43.241+0000] {processor.py:161} INFO - Started process (PID=7548) to work on /home/airflow/.local/lib/python3.12/site-packages/airflow/example_dags/example_subdag_operator.py
[2024-07-16T17:31:43.271+0000] {processor.py:830} INFO - Processing file /home/airflow/.local/lib/python3.12/site-packages/airflow/example_dags/example_subdag_operator.py for tasks to queue
[2024-07-16T17:31:43.272+0000] {logging_mixin.py:188} INFO - [2024-07-16T17:31:43.272+0000] {dagbag.py:545} INFO - Filling up the DagBag from /home/airflow/.local/lib/python3.12/site-packages/airflow/example_dags/example_subdag_operator.py
[2024-07-16T17:31:43.300+0000] {processor.py:840} INFO - DAG(s) 'example_subdag_operator.section-1', 'example_subdag_operator.section-2', 'example_subdag_operator' retrieved from /home/airflow/.local/lib/python3.12/site-packages/airflow/example_dags/example_subdag_operator.py
[2024-07-16T17:31:43.316+0000] {logging_mixin.py:188} INFO - [2024-07-16T17:31:43.315+0000] {dag.py:3089} INFO - Sync 3 DAGs
[2024-07-16T17:31:43.336+0000] {logging_mixin.py:188} INFO - [2024-07-16T17:31:43.336+0000] {dag.py:3947} INFO - Setting next_dagrun for example_subdag_operator to 2022-01-01 00:00:00+00:00, run_after=2022-01-01 00:00:00+00:00
[2024-07-16T17:31:43.340+0000] {logging_mixin.py:188} INFO - [2024-07-16T17:31:43.340+0000] {dag.py:3947} INFO - Setting next_dagrun for example_subdag_operator.section-1 to None, run_after=None
[2024-07-16T17:31:43.341+0000] {logging_mixin.py:188} INFO - [2024-07-16T17:31:43.341+0000] {dag.py:3947} INFO - Setting next_dagrun for example_subdag_operator.section-2 to None, run_after=None
[2024-07-16T17:31:43.351+0000] {logging_mixin.py:188} INFO - [2024-07-16T17:31:43.350+0000] {dag.py:3089} INFO - Sync 2 DAGs
[2024-07-16T17:31:43.357+0000] {logging_mixin.py:188} INFO - [2024-07-16T17:31:43.356+0000] {dag.py:3947} INFO - Setting next_dagrun for example_subdag_operator.section-1 to None, run_after=None
[2024-07-16T17:31:43.357+0000] {logging_mixin.py:188} INFO - [2024-07-16T17:31:43.357+0000] {dag.py:3947} INFO - Setting next_dagrun for example_subdag_operator.section-2 to None, run_after=None
[2024-07-16T17:31:43.371+0000] {processor.py:183} INFO - Processing /home/airflow/.local/lib/python3.12/site-packages/airflow/example_dags/example_subdag_operator.py took 0.136 seconds
