[2024-07-16T17:17:28.083+0000] {processor.py:161} INFO - Started process (PID=209) to work on /home/airflow/.local/lib/python3.12/site-packages/airflow/example_dags/example_nested_branch_dag.py
[2024-07-16T17:17:28.084+0000] {processor.py:830} INFO - Processing file /home/airflow/.local/lib/python3.12/site-packages/airflow/example_dags/example_nested_branch_dag.py for tasks to queue
[2024-07-16T17:17:28.086+0000] {logging_mixin.py:188} INFO - [2024-07-16T17:17:28.085+0000] {dagbag.py:545} INFO - Filling up the DagBag from /home/airflow/.local/lib/python3.12/site-packages/airflow/example_dags/example_nested_branch_dag.py
[2024-07-16T17:17:28.095+0000] {processor.py:840} INFO - DAG(s) 'example_nested_branch_dag' retrieved from /home/airflow/.local/lib/python3.12/site-packages/airflow/example_dags/example_nested_branch_dag.py
[2024-07-16T17:17:28.106+0000] {logging_mixin.py:188} INFO - [2024-07-16T17:17:28.106+0000] {dag.py:3089} INFO - Sync 1 DAGs
[2024-07-16T17:17:28.130+0000] {logging_mixin.py:188} INFO - [2024-07-16T17:17:28.130+0000] {dag.py:3947} INFO - Setting next_dagrun for example_nested_branch_dag to 2024-07-15 00:00:00+00:00, run_after=2024-07-16 00:00:00+00:00
[2024-07-16T17:17:28.236+0000] {processor.py:183} INFO - Processing /home/airflow/.local/lib/python3.12/site-packages/airflow/example_dags/example_nested_branch_dag.py took 0.158 seconds
[2024-07-16T17:17:59.498+0000] {processor.py:161} INFO - Started process (PID=469) to work on /home/airflow/.local/lib/python3.12/site-packages/airflow/example_dags/example_nested_branch_dag.py
[2024-07-16T17:17:59.508+0000] {processor.py:830} INFO - Processing file /home/airflow/.local/lib/python3.12/site-packages/airflow/example_dags/example_nested_branch_dag.py for tasks to queue
[2024-07-16T17:17:59.510+0000] {logging_mixin.py:188} INFO - [2024-07-16T17:17:59.510+0000] {dagbag.py:545} INFO - Filling up the DagBag from /home/airflow/.local/lib/python3.12/site-packages/airflow/example_dags/example_nested_branch_dag.py
[2024-07-16T17:17:59.520+0000] {processor.py:840} INFO - DAG(s) 'example_nested_branch_dag' retrieved from /home/airflow/.local/lib/python3.12/site-packages/airflow/example_dags/example_nested_branch_dag.py
[2024-07-16T17:17:59.603+0000] {logging_mixin.py:188} INFO - [2024-07-16T17:17:59.603+0000] {dag.py:3089} INFO - Sync 1 DAGs
[2024-07-16T17:17:59.620+0000] {logging_mixin.py:188} INFO - [2024-07-16T17:17:59.620+0000] {dag.py:3947} INFO - Setting next_dagrun for example_nested_branch_dag to 2024-07-15 00:00:00+00:00, run_after=2024-07-16 00:00:00+00:00
[2024-07-16T17:17:59.666+0000] {processor.py:183} INFO - Processing /home/airflow/.local/lib/python3.12/site-packages/airflow/example_dags/example_nested_branch_dag.py took 0.172 seconds
[2024-07-16T17:18:30.062+0000] {processor.py:161} INFO - Started process (PID=731) to work on /home/airflow/.local/lib/python3.12/site-packages/airflow/example_dags/example_nested_branch_dag.py
[2024-07-16T17:18:30.064+0000] {processor.py:830} INFO - Processing file /home/airflow/.local/lib/python3.12/site-packages/airflow/example_dags/example_nested_branch_dag.py for tasks to queue
[2024-07-16T17:18:30.066+0000] {logging_mixin.py:188} INFO - [2024-07-16T17:18:30.065+0000] {dagbag.py:545} INFO - Filling up the DagBag from /home/airflow/.local/lib/python3.12/site-packages/airflow/example_dags/example_nested_branch_dag.py
[2024-07-16T17:18:30.074+0000] {processor.py:840} INFO - DAG(s) 'example_nested_branch_dag' retrieved from /home/airflow/.local/lib/python3.12/site-packages/airflow/example_dags/example_nested_branch_dag.py
[2024-07-16T17:18:30.109+0000] {logging_mixin.py:188} INFO - [2024-07-16T17:18:30.109+0000] {dag.py:3089} INFO - Sync 1 DAGs
[2024-07-16T17:18:30.132+0000] {logging_mixin.py:188} INFO - [2024-07-16T17:18:30.132+0000] {dag.py:3947} INFO - Setting next_dagrun for example_nested_branch_dag to 2024-07-15 00:00:00+00:00, run_after=2024-07-16 00:00:00+00:00
[2024-07-16T17:18:30.154+0000] {processor.py:183} INFO - Processing /home/airflow/.local/lib/python3.12/site-packages/airflow/example_dags/example_nested_branch_dag.py took 0.097 seconds
[2024-07-16T17:19:00.789+0000] {processor.py:161} INFO - Started process (PID=993) to work on /home/airflow/.local/lib/python3.12/site-packages/airflow/example_dags/example_nested_branch_dag.py
[2024-07-16T17:19:00.792+0000] {processor.py:830} INFO - Processing file /home/airflow/.local/lib/python3.12/site-packages/airflow/example_dags/example_nested_branch_dag.py for tasks to queue
[2024-07-16T17:19:00.794+0000] {logging_mixin.py:188} INFO - [2024-07-16T17:19:00.793+0000] {dagbag.py:545} INFO - Filling up the DagBag from /home/airflow/.local/lib/python3.12/site-packages/airflow/example_dags/example_nested_branch_dag.py
[2024-07-16T17:19:00.825+0000] {processor.py:840} INFO - DAG(s) 'example_nested_branch_dag' retrieved from /home/airflow/.local/lib/python3.12/site-packages/airflow/example_dags/example_nested_branch_dag.py
[2024-07-16T17:19:00.867+0000] {logging_mixin.py:188} INFO - [2024-07-16T17:19:00.867+0000] {dag.py:3089} INFO - Sync 1 DAGs
[2024-07-16T17:19:00.897+0000] {logging_mixin.py:188} INFO - [2024-07-16T17:19:00.897+0000] {dag.py:3947} INFO - Setting next_dagrun for example_nested_branch_dag to 2024-07-15 00:00:00+00:00, run_after=2024-07-16 00:00:00+00:00
[2024-07-16T17:19:00.925+0000] {processor.py:183} INFO - Processing /home/airflow/.local/lib/python3.12/site-packages/airflow/example_dags/example_nested_branch_dag.py took 0.147 seconds
[2024-07-16T17:19:31.127+0000] {processor.py:161} INFO - Started process (PID=1255) to work on /home/airflow/.local/lib/python3.12/site-packages/airflow/example_dags/example_nested_branch_dag.py
[2024-07-16T17:19:31.128+0000] {processor.py:830} INFO - Processing file /home/airflow/.local/lib/python3.12/site-packages/airflow/example_dags/example_nested_branch_dag.py for tasks to queue
[2024-07-16T17:19:31.130+0000] {logging_mixin.py:188} INFO - [2024-07-16T17:19:31.130+0000] {dagbag.py:545} INFO - Filling up the DagBag from /home/airflow/.local/lib/python3.12/site-packages/airflow/example_dags/example_nested_branch_dag.py
[2024-07-16T17:19:31.138+0000] {processor.py:840} INFO - DAG(s) 'example_nested_branch_dag' retrieved from /home/airflow/.local/lib/python3.12/site-packages/airflow/example_dags/example_nested_branch_dag.py
[2024-07-16T17:19:31.159+0000] {logging_mixin.py:188} INFO - [2024-07-16T17:19:31.159+0000] {dag.py:3089} INFO - Sync 1 DAGs
[2024-07-16T17:19:31.180+0000] {logging_mixin.py:188} INFO - [2024-07-16T17:19:31.180+0000] {dag.py:3947} INFO - Setting next_dagrun for example_nested_branch_dag to 2024-07-15 00:00:00+00:00, run_after=2024-07-16 00:00:00+00:00
[2024-07-16T17:19:31.198+0000] {processor.py:183} INFO - Processing /home/airflow/.local/lib/python3.12/site-packages/airflow/example_dags/example_nested_branch_dag.py took 0.076 seconds
[2024-07-16T17:20:01.806+0000] {processor.py:161} INFO - Started process (PID=1517) to work on /home/airflow/.local/lib/python3.12/site-packages/airflow/example_dags/example_nested_branch_dag.py
[2024-07-16T17:20:01.807+0000] {processor.py:830} INFO - Processing file /home/airflow/.local/lib/python3.12/site-packages/airflow/example_dags/example_nested_branch_dag.py for tasks to queue
[2024-07-16T17:20:01.808+0000] {logging_mixin.py:188} INFO - [2024-07-16T17:20:01.808+0000] {dagbag.py:545} INFO - Filling up the DagBag from /home/airflow/.local/lib/python3.12/site-packages/airflow/example_dags/example_nested_branch_dag.py
[2024-07-16T17:20:01.817+0000] {processor.py:840} INFO - DAG(s) 'example_nested_branch_dag' retrieved from /home/airflow/.local/lib/python3.12/site-packages/airflow/example_dags/example_nested_branch_dag.py
[2024-07-16T17:20:01.838+0000] {logging_mixin.py:188} INFO - [2024-07-16T17:20:01.838+0000] {dag.py:3089} INFO - Sync 1 DAGs
[2024-07-16T17:20:01.857+0000] {logging_mixin.py:188} INFO - [2024-07-16T17:20:01.856+0000] {dag.py:3947} INFO - Setting next_dagrun for example_nested_branch_dag to 2024-07-15 00:00:00+00:00, run_after=2024-07-16 00:00:00+00:00
[2024-07-16T17:20:01.873+0000] {processor.py:183} INFO - Processing /home/airflow/.local/lib/python3.12/site-packages/airflow/example_dags/example_nested_branch_dag.py took 0.072 seconds
[2024-07-16T17:20:32.398+0000] {processor.py:161} INFO - Started process (PID=1780) to work on /home/airflow/.local/lib/python3.12/site-packages/airflow/example_dags/example_nested_branch_dag.py
[2024-07-16T17:20:32.400+0000] {processor.py:830} INFO - Processing file /home/airflow/.local/lib/python3.12/site-packages/airflow/example_dags/example_nested_branch_dag.py for tasks to queue
[2024-07-16T17:20:32.401+0000] {logging_mixin.py:188} INFO - [2024-07-16T17:20:32.401+0000] {dagbag.py:545} INFO - Filling up the DagBag from /home/airflow/.local/lib/python3.12/site-packages/airflow/example_dags/example_nested_branch_dag.py
[2024-07-16T17:20:32.409+0000] {processor.py:840} INFO - DAG(s) 'example_nested_branch_dag' retrieved from /home/airflow/.local/lib/python3.12/site-packages/airflow/example_dags/example_nested_branch_dag.py
[2024-07-16T17:20:32.428+0000] {logging_mixin.py:188} INFO - [2024-07-16T17:20:32.427+0000] {dag.py:3089} INFO - Sync 1 DAGs
[2024-07-16T17:20:32.449+0000] {logging_mixin.py:188} INFO - [2024-07-16T17:20:32.449+0000] {dag.py:3947} INFO - Setting next_dagrun for example_nested_branch_dag to 2024-07-15 00:00:00+00:00, run_after=2024-07-16 00:00:00+00:00
[2024-07-16T17:20:32.468+0000] {processor.py:183} INFO - Processing /home/airflow/.local/lib/python3.12/site-packages/airflow/example_dags/example_nested_branch_dag.py took 0.075 seconds
[2024-07-16T17:21:03.022+0000] {processor.py:161} INFO - Started process (PID=2042) to work on /home/airflow/.local/lib/python3.12/site-packages/airflow/example_dags/example_nested_branch_dag.py
[2024-07-16T17:21:03.023+0000] {processor.py:830} INFO - Processing file /home/airflow/.local/lib/python3.12/site-packages/airflow/example_dags/example_nested_branch_dag.py for tasks to queue
[2024-07-16T17:21:03.025+0000] {logging_mixin.py:188} INFO - [2024-07-16T17:21:03.024+0000] {dagbag.py:545} INFO - Filling up the DagBag from /home/airflow/.local/lib/python3.12/site-packages/airflow/example_dags/example_nested_branch_dag.py
[2024-07-16T17:21:03.033+0000] {processor.py:840} INFO - DAG(s) 'example_nested_branch_dag' retrieved from /home/airflow/.local/lib/python3.12/site-packages/airflow/example_dags/example_nested_branch_dag.py
[2024-07-16T17:21:03.051+0000] {logging_mixin.py:188} INFO - [2024-07-16T17:21:03.051+0000] {dag.py:3089} INFO - Sync 1 DAGs
[2024-07-16T17:21:03.069+0000] {logging_mixin.py:188} INFO - [2024-07-16T17:21:03.069+0000] {dag.py:3947} INFO - Setting next_dagrun for example_nested_branch_dag to 2024-07-15 00:00:00+00:00, run_after=2024-07-16 00:00:00+00:00
[2024-07-16T17:21:03.087+0000] {processor.py:183} INFO - Processing /home/airflow/.local/lib/python3.12/site-packages/airflow/example_dags/example_nested_branch_dag.py took 0.071 seconds
[2024-07-16T17:21:33.566+0000] {processor.py:161} INFO - Started process (PID=2303) to work on /home/airflow/.local/lib/python3.12/site-packages/airflow/example_dags/example_nested_branch_dag.py
[2024-07-16T17:21:33.568+0000] {processor.py:830} INFO - Processing file /home/airflow/.local/lib/python3.12/site-packages/airflow/example_dags/example_nested_branch_dag.py for tasks to queue
[2024-07-16T17:21:33.569+0000] {logging_mixin.py:188} INFO - [2024-07-16T17:21:33.569+0000] {dagbag.py:545} INFO - Filling up the DagBag from /home/airflow/.local/lib/python3.12/site-packages/airflow/example_dags/example_nested_branch_dag.py
[2024-07-16T17:21:33.577+0000] {processor.py:840} INFO - DAG(s) 'example_nested_branch_dag' retrieved from /home/airflow/.local/lib/python3.12/site-packages/airflow/example_dags/example_nested_branch_dag.py
[2024-07-16T17:21:33.595+0000] {logging_mixin.py:188} INFO - [2024-07-16T17:21:33.595+0000] {dag.py:3089} INFO - Sync 1 DAGs
[2024-07-16T17:21:33.615+0000] {logging_mixin.py:188} INFO - [2024-07-16T17:21:33.614+0000] {dag.py:3947} INFO - Setting next_dagrun for example_nested_branch_dag to 2024-07-15 00:00:00+00:00, run_after=2024-07-16 00:00:00+00:00
[2024-07-16T17:21:33.631+0000] {processor.py:183} INFO - Processing /home/airflow/.local/lib/python3.12/site-packages/airflow/example_dags/example_nested_branch_dag.py took 0.071 seconds
[2024-07-16T17:22:04.085+0000] {processor.py:161} INFO - Started process (PID=2565) to work on /home/airflow/.local/lib/python3.12/site-packages/airflow/example_dags/example_nested_branch_dag.py
[2024-07-16T17:22:04.087+0000] {processor.py:830} INFO - Processing file /home/airflow/.local/lib/python3.12/site-packages/airflow/example_dags/example_nested_branch_dag.py for tasks to queue
[2024-07-16T17:22:04.089+0000] {logging_mixin.py:188} INFO - [2024-07-16T17:22:04.089+0000] {dagbag.py:545} INFO - Filling up the DagBag from /home/airflow/.local/lib/python3.12/site-packages/airflow/example_dags/example_nested_branch_dag.py
[2024-07-16T17:22:04.097+0000] {processor.py:840} INFO - DAG(s) 'example_nested_branch_dag' retrieved from /home/airflow/.local/lib/python3.12/site-packages/airflow/example_dags/example_nested_branch_dag.py
[2024-07-16T17:22:04.118+0000] {logging_mixin.py:188} INFO - [2024-07-16T17:22:04.118+0000] {dag.py:3089} INFO - Sync 1 DAGs
[2024-07-16T17:22:04.138+0000] {logging_mixin.py:188} INFO - [2024-07-16T17:22:04.137+0000] {dag.py:3947} INFO - Setting next_dagrun for example_nested_branch_dag to 2024-07-15 00:00:00+00:00, run_after=2024-07-16 00:00:00+00:00
[2024-07-16T17:22:04.155+0000] {processor.py:183} INFO - Processing /home/airflow/.local/lib/python3.12/site-packages/airflow/example_dags/example_nested_branch_dag.py took 0.076 seconds
[2024-07-16T17:22:34.679+0000] {processor.py:161} INFO - Started process (PID=2827) to work on /home/airflow/.local/lib/python3.12/site-packages/airflow/example_dags/example_nested_branch_dag.py
[2024-07-16T17:22:34.681+0000] {processor.py:830} INFO - Processing file /home/airflow/.local/lib/python3.12/site-packages/airflow/example_dags/example_nested_branch_dag.py for tasks to queue
[2024-07-16T17:22:34.683+0000] {logging_mixin.py:188} INFO - [2024-07-16T17:22:34.683+0000] {dagbag.py:545} INFO - Filling up the DagBag from /home/airflow/.local/lib/python3.12/site-packages/airflow/example_dags/example_nested_branch_dag.py
[2024-07-16T17:22:34.692+0000] {processor.py:840} INFO - DAG(s) 'example_nested_branch_dag' retrieved from /home/airflow/.local/lib/python3.12/site-packages/airflow/example_dags/example_nested_branch_dag.py
[2024-07-16T17:22:34.713+0000] {logging_mixin.py:188} INFO - [2024-07-16T17:22:34.713+0000] {dag.py:3089} INFO - Sync 1 DAGs
[2024-07-16T17:22:34.735+0000] {logging_mixin.py:188} INFO - [2024-07-16T17:22:34.734+0000] {dag.py:3947} INFO - Setting next_dagrun for example_nested_branch_dag to 2024-07-15 00:00:00+00:00, run_after=2024-07-16 00:00:00+00:00
[2024-07-16T17:22:34.754+0000] {processor.py:183} INFO - Processing /home/airflow/.local/lib/python3.12/site-packages/airflow/example_dags/example_nested_branch_dag.py took 0.081 seconds
[2024-07-16T17:23:05.321+0000] {processor.py:161} INFO - Started process (PID=3089) to work on /home/airflow/.local/lib/python3.12/site-packages/airflow/example_dags/example_nested_branch_dag.py
[2024-07-16T17:23:05.323+0000] {processor.py:830} INFO - Processing file /home/airflow/.local/lib/python3.12/site-packages/airflow/example_dags/example_nested_branch_dag.py for tasks to queue
[2024-07-16T17:23:05.325+0000] {logging_mixin.py:188} INFO - [2024-07-16T17:23:05.324+0000] {dagbag.py:545} INFO - Filling up the DagBag from /home/airflow/.local/lib/python3.12/site-packages/airflow/example_dags/example_nested_branch_dag.py
[2024-07-16T17:23:05.334+0000] {processor.py:840} INFO - DAG(s) 'example_nested_branch_dag' retrieved from /home/airflow/.local/lib/python3.12/site-packages/airflow/example_dags/example_nested_branch_dag.py
[2024-07-16T17:23:05.355+0000] {logging_mixin.py:188} INFO - [2024-07-16T17:23:05.355+0000] {dag.py:3089} INFO - Sync 1 DAGs
[2024-07-16T17:23:05.377+0000] {logging_mixin.py:188} INFO - [2024-07-16T17:23:05.377+0000] {dag.py:3947} INFO - Setting next_dagrun for example_nested_branch_dag to 2024-07-15 00:00:00+00:00, run_after=2024-07-16 00:00:00+00:00
[2024-07-16T17:23:05.398+0000] {processor.py:183} INFO - Processing /home/airflow/.local/lib/python3.12/site-packages/airflow/example_dags/example_nested_branch_dag.py took 0.083 seconds
[2024-07-16T17:23:35.484+0000] {processor.py:161} INFO - Started process (PID=3351) to work on /home/airflow/.local/lib/python3.12/site-packages/airflow/example_dags/example_nested_branch_dag.py
[2024-07-16T17:23:35.485+0000] {processor.py:830} INFO - Processing file /home/airflow/.local/lib/python3.12/site-packages/airflow/example_dags/example_nested_branch_dag.py for tasks to queue
[2024-07-16T17:23:35.486+0000] {logging_mixin.py:188} INFO - [2024-07-16T17:23:35.486+0000] {dagbag.py:545} INFO - Filling up the DagBag from /home/airflow/.local/lib/python3.12/site-packages/airflow/example_dags/example_nested_branch_dag.py
[2024-07-16T17:23:35.495+0000] {processor.py:840} INFO - DAG(s) 'example_nested_branch_dag' retrieved from /home/airflow/.local/lib/python3.12/site-packages/airflow/example_dags/example_nested_branch_dag.py
[2024-07-16T17:23:35.511+0000] {logging_mixin.py:188} INFO - [2024-07-16T17:23:35.511+0000] {dag.py:3089} INFO - Sync 1 DAGs
[2024-07-16T17:23:35.527+0000] {logging_mixin.py:188} INFO - [2024-07-16T17:23:35.527+0000] {dag.py:3947} INFO - Setting next_dagrun for example_nested_branch_dag to 2024-07-15 00:00:00+00:00, run_after=2024-07-16 00:00:00+00:00
[2024-07-16T17:23:35.542+0000] {processor.py:183} INFO - Processing /home/airflow/.local/lib/python3.12/site-packages/airflow/example_dags/example_nested_branch_dag.py took 0.064 seconds
[2024-07-16T17:24:05.910+0000] {processor.py:161} INFO - Started process (PID=3613) to work on /home/airflow/.local/lib/python3.12/site-packages/airflow/example_dags/example_nested_branch_dag.py
[2024-07-16T17:24:05.912+0000] {processor.py:830} INFO - Processing file /home/airflow/.local/lib/python3.12/site-packages/airflow/example_dags/example_nested_branch_dag.py for tasks to queue
[2024-07-16T17:24:05.914+0000] {logging_mixin.py:188} INFO - [2024-07-16T17:24:05.914+0000] {dagbag.py:545} INFO - Filling up the DagBag from /home/airflow/.local/lib/python3.12/site-packages/airflow/example_dags/example_nested_branch_dag.py
[2024-07-16T17:24:05.922+0000] {processor.py:840} INFO - DAG(s) 'example_nested_branch_dag' retrieved from /home/airflow/.local/lib/python3.12/site-packages/airflow/example_dags/example_nested_branch_dag.py
[2024-07-16T17:24:05.940+0000] {logging_mixin.py:188} INFO - [2024-07-16T17:24:05.940+0000] {dag.py:3089} INFO - Sync 1 DAGs
[2024-07-16T17:24:05.960+0000] {logging_mixin.py:188} INFO - [2024-07-16T17:24:05.960+0000] {dag.py:3947} INFO - Setting next_dagrun for example_nested_branch_dag to 2024-07-15 00:00:00+00:00, run_after=2024-07-16 00:00:00+00:00
[2024-07-16T17:24:05.977+0000] {processor.py:183} INFO - Processing /home/airflow/.local/lib/python3.12/site-packages/airflow/example_dags/example_nested_branch_dag.py took 0.072 seconds
[2024-07-16T17:24:36.100+0000] {processor.py:161} INFO - Started process (PID=3874) to work on /home/airflow/.local/lib/python3.12/site-packages/airflow/example_dags/example_nested_branch_dag.py
[2024-07-16T17:24:36.103+0000] {processor.py:830} INFO - Processing file /home/airflow/.local/lib/python3.12/site-packages/airflow/example_dags/example_nested_branch_dag.py for tasks to queue
[2024-07-16T17:24:36.104+0000] {logging_mixin.py:188} INFO - [2024-07-16T17:24:36.104+0000] {dagbag.py:545} INFO - Filling up the DagBag from /home/airflow/.local/lib/python3.12/site-packages/airflow/example_dags/example_nested_branch_dag.py
[2024-07-16T17:24:36.112+0000] {processor.py:840} INFO - DAG(s) 'example_nested_branch_dag' retrieved from /home/airflow/.local/lib/python3.12/site-packages/airflow/example_dags/example_nested_branch_dag.py
[2024-07-16T17:24:36.132+0000] {logging_mixin.py:188} INFO - [2024-07-16T17:24:36.132+0000] {dag.py:3089} INFO - Sync 1 DAGs
[2024-07-16T17:24:36.150+0000] {logging_mixin.py:188} INFO - [2024-07-16T17:24:36.150+0000] {dag.py:3947} INFO - Setting next_dagrun for example_nested_branch_dag to 2024-07-15 00:00:00+00:00, run_after=2024-07-16 00:00:00+00:00
[2024-07-16T17:24:36.168+0000] {processor.py:183} INFO - Processing /home/airflow/.local/lib/python3.12/site-packages/airflow/example_dags/example_nested_branch_dag.py took 0.074 seconds
[2024-07-16T17:25:06.450+0000] {processor.py:161} INFO - Started process (PID=4136) to work on /home/airflow/.local/lib/python3.12/site-packages/airflow/example_dags/example_nested_branch_dag.py
[2024-07-16T17:25:06.452+0000] {processor.py:830} INFO - Processing file /home/airflow/.local/lib/python3.12/site-packages/airflow/example_dags/example_nested_branch_dag.py for tasks to queue
[2024-07-16T17:25:06.453+0000] {logging_mixin.py:188} INFO - [2024-07-16T17:25:06.453+0000] {dagbag.py:545} INFO - Filling up the DagBag from /home/airflow/.local/lib/python3.12/site-packages/airflow/example_dags/example_nested_branch_dag.py
[2024-07-16T17:25:06.462+0000] {processor.py:840} INFO - DAG(s) 'example_nested_branch_dag' retrieved from /home/airflow/.local/lib/python3.12/site-packages/airflow/example_dags/example_nested_branch_dag.py
[2024-07-16T17:25:06.480+0000] {logging_mixin.py:188} INFO - [2024-07-16T17:25:06.480+0000] {dag.py:3089} INFO - Sync 1 DAGs
[2024-07-16T17:25:06.501+0000] {logging_mixin.py:188} INFO - [2024-07-16T17:25:06.501+0000] {dag.py:3947} INFO - Setting next_dagrun for example_nested_branch_dag to 2024-07-15 00:00:00+00:00, run_after=2024-07-16 00:00:00+00:00
[2024-07-16T17:25:06.518+0000] {processor.py:183} INFO - Processing /home/airflow/.local/lib/python3.12/site-packages/airflow/example_dags/example_nested_branch_dag.py took 0.073 seconds
[2024-07-16T17:25:37.252+0000] {processor.py:161} INFO - Started process (PID=4398) to work on /home/airflow/.local/lib/python3.12/site-packages/airflow/example_dags/example_nested_branch_dag.py
[2024-07-16T17:25:37.254+0000] {processor.py:830} INFO - Processing file /home/airflow/.local/lib/python3.12/site-packages/airflow/example_dags/example_nested_branch_dag.py for tasks to queue
[2024-07-16T17:25:37.256+0000] {logging_mixin.py:188} INFO - [2024-07-16T17:25:37.255+0000] {dagbag.py:545} INFO - Filling up the DagBag from /home/airflow/.local/lib/python3.12/site-packages/airflow/example_dags/example_nested_branch_dag.py
[2024-07-16T17:25:37.264+0000] {processor.py:840} INFO - DAG(s) 'example_nested_branch_dag' retrieved from /home/airflow/.local/lib/python3.12/site-packages/airflow/example_dags/example_nested_branch_dag.py
[2024-07-16T17:25:37.284+0000] {logging_mixin.py:188} INFO - [2024-07-16T17:25:37.284+0000] {dag.py:3089} INFO - Sync 1 DAGs
[2024-07-16T17:25:37.304+0000] {logging_mixin.py:188} INFO - [2024-07-16T17:25:37.304+0000] {dag.py:3947} INFO - Setting next_dagrun for example_nested_branch_dag to 2024-07-15 00:00:00+00:00, run_after=2024-07-16 00:00:00+00:00
[2024-07-16T17:25:37.325+0000] {processor.py:183} INFO - Processing /home/airflow/.local/lib/python3.12/site-packages/airflow/example_dags/example_nested_branch_dag.py took 0.078 seconds
[2024-07-16T17:26:07.600+0000] {processor.py:161} INFO - Started process (PID=4660) to work on /home/airflow/.local/lib/python3.12/site-packages/airflow/example_dags/example_nested_branch_dag.py
[2024-07-16T17:26:07.602+0000] {processor.py:830} INFO - Processing file /home/airflow/.local/lib/python3.12/site-packages/airflow/example_dags/example_nested_branch_dag.py for tasks to queue
[2024-07-16T17:26:07.604+0000] {logging_mixin.py:188} INFO - [2024-07-16T17:26:07.603+0000] {dagbag.py:545} INFO - Filling up the DagBag from /home/airflow/.local/lib/python3.12/site-packages/airflow/example_dags/example_nested_branch_dag.py
[2024-07-16T17:26:07.612+0000] {processor.py:840} INFO - DAG(s) 'example_nested_branch_dag' retrieved from /home/airflow/.local/lib/python3.12/site-packages/airflow/example_dags/example_nested_branch_dag.py
[2024-07-16T17:26:07.630+0000] {logging_mixin.py:188} INFO - [2024-07-16T17:26:07.630+0000] {dag.py:3089} INFO - Sync 1 DAGs
[2024-07-16T17:26:07.648+0000] {logging_mixin.py:188} INFO - [2024-07-16T17:26:07.648+0000] {dag.py:3947} INFO - Setting next_dagrun for example_nested_branch_dag to 2024-07-15 00:00:00+00:00, run_after=2024-07-16 00:00:00+00:00
[2024-07-16T17:26:07.668+0000] {processor.py:183} INFO - Processing /home/airflow/.local/lib/python3.12/site-packages/airflow/example_dags/example_nested_branch_dag.py took 0.074 seconds
[2024-07-16T17:26:38.280+0000] {processor.py:161} INFO - Started process (PID=4922) to work on /home/airflow/.local/lib/python3.12/site-packages/airflow/example_dags/example_nested_branch_dag.py
[2024-07-16T17:26:38.282+0000] {processor.py:830} INFO - Processing file /home/airflow/.local/lib/python3.12/site-packages/airflow/example_dags/example_nested_branch_dag.py for tasks to queue
[2024-07-16T17:26:38.284+0000] {logging_mixin.py:188} INFO - [2024-07-16T17:26:38.284+0000] {dagbag.py:545} INFO - Filling up the DagBag from /home/airflow/.local/lib/python3.12/site-packages/airflow/example_dags/example_nested_branch_dag.py
[2024-07-16T17:26:38.293+0000] {processor.py:840} INFO - DAG(s) 'example_nested_branch_dag' retrieved from /home/airflow/.local/lib/python3.12/site-packages/airflow/example_dags/example_nested_branch_dag.py
[2024-07-16T17:26:38.312+0000] {logging_mixin.py:188} INFO - [2024-07-16T17:26:38.312+0000] {dag.py:3089} INFO - Sync 1 DAGs
[2024-07-16T17:26:38.330+0000] {logging_mixin.py:188} INFO - [2024-07-16T17:26:38.330+0000] {dag.py:3947} INFO - Setting next_dagrun for example_nested_branch_dag to 2024-07-15 00:00:00+00:00, run_after=2024-07-16 00:00:00+00:00
[2024-07-16T17:26:38.350+0000] {processor.py:183} INFO - Processing /home/airflow/.local/lib/python3.12/site-packages/airflow/example_dags/example_nested_branch_dag.py took 0.077 seconds
[2024-07-16T17:27:08.536+0000] {processor.py:161} INFO - Started process (PID=5184) to work on /home/airflow/.local/lib/python3.12/site-packages/airflow/example_dags/example_nested_branch_dag.py
[2024-07-16T17:27:08.538+0000] {processor.py:830} INFO - Processing file /home/airflow/.local/lib/python3.12/site-packages/airflow/example_dags/example_nested_branch_dag.py for tasks to queue
[2024-07-16T17:27:08.540+0000] {logging_mixin.py:188} INFO - [2024-07-16T17:27:08.540+0000] {dagbag.py:545} INFO - Filling up the DagBag from /home/airflow/.local/lib/python3.12/site-packages/airflow/example_dags/example_nested_branch_dag.py
[2024-07-16T17:27:08.549+0000] {processor.py:840} INFO - DAG(s) 'example_nested_branch_dag' retrieved from /home/airflow/.local/lib/python3.12/site-packages/airflow/example_dags/example_nested_branch_dag.py
[2024-07-16T17:27:08.568+0000] {logging_mixin.py:188} INFO - [2024-07-16T17:27:08.568+0000] {dag.py:3089} INFO - Sync 1 DAGs
[2024-07-16T17:27:08.587+0000] {logging_mixin.py:188} INFO - [2024-07-16T17:27:08.587+0000] {dag.py:3947} INFO - Setting next_dagrun for example_nested_branch_dag to 2024-07-15 00:00:00+00:00, run_after=2024-07-16 00:00:00+00:00
[2024-07-16T17:27:08.606+0000] {processor.py:183} INFO - Processing /home/airflow/.local/lib/python3.12/site-packages/airflow/example_dags/example_nested_branch_dag.py took 0.075 seconds
[2024-07-16T17:27:39.320+0000] {processor.py:161} INFO - Started process (PID=5446) to work on /home/airflow/.local/lib/python3.12/site-packages/airflow/example_dags/example_nested_branch_dag.py
[2024-07-16T17:27:39.322+0000] {processor.py:830} INFO - Processing file /home/airflow/.local/lib/python3.12/site-packages/airflow/example_dags/example_nested_branch_dag.py for tasks to queue
[2024-07-16T17:27:39.324+0000] {logging_mixin.py:188} INFO - [2024-07-16T17:27:39.323+0000] {dagbag.py:545} INFO - Filling up the DagBag from /home/airflow/.local/lib/python3.12/site-packages/airflow/example_dags/example_nested_branch_dag.py
[2024-07-16T17:27:39.332+0000] {processor.py:840} INFO - DAG(s) 'example_nested_branch_dag' retrieved from /home/airflow/.local/lib/python3.12/site-packages/airflow/example_dags/example_nested_branch_dag.py
[2024-07-16T17:27:39.350+0000] {logging_mixin.py:188} INFO - [2024-07-16T17:27:39.350+0000] {dag.py:3089} INFO - Sync 1 DAGs
[2024-07-16T17:27:39.375+0000] {logging_mixin.py:188} INFO - [2024-07-16T17:27:39.375+0000] {dag.py:3947} INFO - Setting next_dagrun for example_nested_branch_dag to 2024-07-15 00:00:00+00:00, run_after=2024-07-16 00:00:00+00:00
[2024-07-16T17:27:39.392+0000] {processor.py:183} INFO - Processing /home/airflow/.local/lib/python3.12/site-packages/airflow/example_dags/example_nested_branch_dag.py took 0.078 seconds
[2024-07-16T17:28:09.839+0000] {processor.py:161} INFO - Started process (PID=5716) to work on /home/airflow/.local/lib/python3.12/site-packages/airflow/example_dags/example_nested_branch_dag.py
[2024-07-16T17:28:09.841+0000] {processor.py:830} INFO - Processing file /home/airflow/.local/lib/python3.12/site-packages/airflow/example_dags/example_nested_branch_dag.py for tasks to queue
[2024-07-16T17:28:09.843+0000] {logging_mixin.py:188} INFO - [2024-07-16T17:28:09.842+0000] {dagbag.py:545} INFO - Filling up the DagBag from /home/airflow/.local/lib/python3.12/site-packages/airflow/example_dags/example_nested_branch_dag.py
[2024-07-16T17:28:09.853+0000] {processor.py:840} INFO - DAG(s) 'example_nested_branch_dag' retrieved from /home/airflow/.local/lib/python3.12/site-packages/airflow/example_dags/example_nested_branch_dag.py
[2024-07-16T17:28:09.873+0000] {logging_mixin.py:188} INFO - [2024-07-16T17:28:09.873+0000] {dag.py:3089} INFO - Sync 1 DAGs
[2024-07-16T17:28:09.894+0000] {logging_mixin.py:188} INFO - [2024-07-16T17:28:09.894+0000] {dag.py:3947} INFO - Setting next_dagrun for example_nested_branch_dag to 2024-07-15 00:00:00+00:00, run_after=2024-07-16 00:00:00+00:00
[2024-07-16T17:28:09.916+0000] {processor.py:183} INFO - Processing /home/airflow/.local/lib/python3.12/site-packages/airflow/example_dags/example_nested_branch_dag.py took 0.083 seconds
[2024-07-16T17:28:40.102+0000] {processor.py:161} INFO - Started process (PID=5978) to work on /home/airflow/.local/lib/python3.12/site-packages/airflow/example_dags/example_nested_branch_dag.py
[2024-07-16T17:28:40.104+0000] {processor.py:830} INFO - Processing file /home/airflow/.local/lib/python3.12/site-packages/airflow/example_dags/example_nested_branch_dag.py for tasks to queue
[2024-07-16T17:28:40.106+0000] {logging_mixin.py:188} INFO - [2024-07-16T17:28:40.105+0000] {dagbag.py:545} INFO - Filling up the DagBag from /home/airflow/.local/lib/python3.12/site-packages/airflow/example_dags/example_nested_branch_dag.py
[2024-07-16T17:28:40.114+0000] {processor.py:840} INFO - DAG(s) 'example_nested_branch_dag' retrieved from /home/airflow/.local/lib/python3.12/site-packages/airflow/example_dags/example_nested_branch_dag.py
[2024-07-16T17:28:40.132+0000] {logging_mixin.py:188} INFO - [2024-07-16T17:28:40.132+0000] {dag.py:3089} INFO - Sync 1 DAGs
[2024-07-16T17:28:40.154+0000] {logging_mixin.py:188} INFO - [2024-07-16T17:28:40.154+0000] {dag.py:3947} INFO - Setting next_dagrun for example_nested_branch_dag to 2024-07-15 00:00:00+00:00, run_after=2024-07-16 00:00:00+00:00
[2024-07-16T17:28:40.170+0000] {processor.py:183} INFO - Processing /home/airflow/.local/lib/python3.12/site-packages/airflow/example_dags/example_nested_branch_dag.py took 0.074 seconds
[2024-07-16T17:29:10.471+0000] {processor.py:161} INFO - Started process (PID=6240) to work on /home/airflow/.local/lib/python3.12/site-packages/airflow/example_dags/example_nested_branch_dag.py
[2024-07-16T17:29:10.473+0000] {processor.py:830} INFO - Processing file /home/airflow/.local/lib/python3.12/site-packages/airflow/example_dags/example_nested_branch_dag.py for tasks to queue
[2024-07-16T17:29:10.475+0000] {logging_mixin.py:188} INFO - [2024-07-16T17:29:10.475+0000] {dagbag.py:545} INFO - Filling up the DagBag from /home/airflow/.local/lib/python3.12/site-packages/airflow/example_dags/example_nested_branch_dag.py
[2024-07-16T17:29:10.486+0000] {processor.py:840} INFO - DAG(s) 'example_nested_branch_dag' retrieved from /home/airflow/.local/lib/python3.12/site-packages/airflow/example_dags/example_nested_branch_dag.py
[2024-07-16T17:29:10.509+0000] {logging_mixin.py:188} INFO - [2024-07-16T17:29:10.509+0000] {dag.py:3089} INFO - Sync 1 DAGs
[2024-07-16T17:29:10.533+0000] {logging_mixin.py:188} INFO - [2024-07-16T17:29:10.533+0000] {dag.py:3947} INFO - Setting next_dagrun for example_nested_branch_dag to 2024-07-15 00:00:00+00:00, run_after=2024-07-16 00:00:00+00:00
[2024-07-16T17:29:10.557+0000] {processor.py:183} INFO - Processing /home/airflow/.local/lib/python3.12/site-packages/airflow/example_dags/example_nested_branch_dag.py took 0.095 seconds
[2024-07-16T17:29:41.029+0000] {processor.py:161} INFO - Started process (PID=6502) to work on /home/airflow/.local/lib/python3.12/site-packages/airflow/example_dags/example_nested_branch_dag.py
[2024-07-16T17:29:41.032+0000] {processor.py:830} INFO - Processing file /home/airflow/.local/lib/python3.12/site-packages/airflow/example_dags/example_nested_branch_dag.py for tasks to queue
[2024-07-16T17:29:41.034+0000] {logging_mixin.py:188} INFO - [2024-07-16T17:29:41.033+0000] {dagbag.py:545} INFO - Filling up the DagBag from /home/airflow/.local/lib/python3.12/site-packages/airflow/example_dags/example_nested_branch_dag.py
[2024-07-16T17:29:41.047+0000] {processor.py:840} INFO - DAG(s) 'example_nested_branch_dag' retrieved from /home/airflow/.local/lib/python3.12/site-packages/airflow/example_dags/example_nested_branch_dag.py
[2024-07-16T17:29:41.081+0000] {logging_mixin.py:188} INFO - [2024-07-16T17:29:41.080+0000] {dag.py:3089} INFO - Sync 1 DAGs
[2024-07-16T17:29:41.113+0000] {logging_mixin.py:188} INFO - [2024-07-16T17:29:41.113+0000] {dag.py:3947} INFO - Setting next_dagrun for example_nested_branch_dag to 2024-07-15 00:00:00+00:00, run_after=2024-07-16 00:00:00+00:00
[2024-07-16T17:29:41.137+0000] {processor.py:183} INFO - Processing /home/airflow/.local/lib/python3.12/site-packages/airflow/example_dags/example_nested_branch_dag.py took 0.115 seconds
[2024-07-16T17:30:11.341+0000] {processor.py:161} INFO - Started process (PID=6767) to work on /home/airflow/.local/lib/python3.12/site-packages/airflow/example_dags/example_nested_branch_dag.py
[2024-07-16T17:30:11.343+0000] {processor.py:830} INFO - Processing file /home/airflow/.local/lib/python3.12/site-packages/airflow/example_dags/example_nested_branch_dag.py for tasks to queue
[2024-07-16T17:30:11.344+0000] {logging_mixin.py:188} INFO - [2024-07-16T17:30:11.344+0000] {dagbag.py:545} INFO - Filling up the DagBag from /home/airflow/.local/lib/python3.12/site-packages/airflow/example_dags/example_nested_branch_dag.py
[2024-07-16T17:30:11.352+0000] {processor.py:840} INFO - DAG(s) 'example_nested_branch_dag' retrieved from /home/airflow/.local/lib/python3.12/site-packages/airflow/example_dags/example_nested_branch_dag.py
[2024-07-16T17:30:11.371+0000] {logging_mixin.py:188} INFO - [2024-07-16T17:30:11.371+0000] {dag.py:3089} INFO - Sync 1 DAGs
[2024-07-16T17:30:11.387+0000] {logging_mixin.py:188} INFO - [2024-07-16T17:30:11.387+0000] {dag.py:3947} INFO - Setting next_dagrun for example_nested_branch_dag to 2024-07-15 00:00:00+00:00, run_after=2024-07-16 00:00:00+00:00
[2024-07-16T17:30:11.408+0000] {processor.py:183} INFO - Processing /home/airflow/.local/lib/python3.12/site-packages/airflow/example_dags/example_nested_branch_dag.py took 0.072 seconds
[2024-07-16T17:30:41.801+0000] {processor.py:161} INFO - Started process (PID=7027) to work on /home/airflow/.local/lib/python3.12/site-packages/airflow/example_dags/example_nested_branch_dag.py
[2024-07-16T17:30:41.803+0000] {processor.py:830} INFO - Processing file /home/airflow/.local/lib/python3.12/site-packages/airflow/example_dags/example_nested_branch_dag.py for tasks to queue
[2024-07-16T17:30:41.805+0000] {logging_mixin.py:188} INFO - [2024-07-16T17:30:41.805+0000] {dagbag.py:545} INFO - Filling up the DagBag from /home/airflow/.local/lib/python3.12/site-packages/airflow/example_dags/example_nested_branch_dag.py
[2024-07-16T17:30:41.817+0000] {processor.py:840} INFO - DAG(s) 'example_nested_branch_dag' retrieved from /home/airflow/.local/lib/python3.12/site-packages/airflow/example_dags/example_nested_branch_dag.py
[2024-07-16T17:30:41.845+0000] {logging_mixin.py:188} INFO - [2024-07-16T17:30:41.844+0000] {dag.py:3089} INFO - Sync 1 DAGs
[2024-07-16T17:30:41.873+0000] {logging_mixin.py:188} INFO - [2024-07-16T17:30:41.873+0000] {dag.py:3947} INFO - Setting next_dagrun for example_nested_branch_dag to 2024-07-15 00:00:00+00:00, run_after=2024-07-16 00:00:00+00:00
[2024-07-16T17:30:41.899+0000] {processor.py:183} INFO - Processing /home/airflow/.local/lib/python3.12/site-packages/airflow/example_dags/example_nested_branch_dag.py took 0.105 seconds
[2024-07-16T17:31:12.864+0000] {processor.py:161} INFO - Started process (PID=7289) to work on /home/airflow/.local/lib/python3.12/site-packages/airflow/example_dags/example_nested_branch_dag.py
[2024-07-16T17:31:12.885+0000] {processor.py:830} INFO - Processing file /home/airflow/.local/lib/python3.12/site-packages/airflow/example_dags/example_nested_branch_dag.py for tasks to queue
[2024-07-16T17:31:12.887+0000] {logging_mixin.py:188} INFO - [2024-07-16T17:31:12.887+0000] {dagbag.py:545} INFO - Filling up the DagBag from /home/airflow/.local/lib/python3.12/site-packages/airflow/example_dags/example_nested_branch_dag.py
[2024-07-16T17:31:12.904+0000] {processor.py:840} INFO - DAG(s) 'example_nested_branch_dag' retrieved from /home/airflow/.local/lib/python3.12/site-packages/airflow/example_dags/example_nested_branch_dag.py
[2024-07-16T17:31:12.941+0000] {logging_mixin.py:188} INFO - [2024-07-16T17:31:12.941+0000] {dag.py:3089} INFO - Sync 1 DAGs
[2024-07-16T17:31:12.982+0000] {logging_mixin.py:188} INFO - [2024-07-16T17:31:12.982+0000] {dag.py:3947} INFO - Setting next_dagrun for example_nested_branch_dag to 2024-07-15 00:00:00+00:00, run_after=2024-07-16 00:00:00+00:00
[2024-07-16T17:31:13.005+0000] {processor.py:183} INFO - Processing /home/airflow/.local/lib/python3.12/site-packages/airflow/example_dags/example_nested_branch_dag.py took 0.146 seconds
[2024-07-16T17:31:43.247+0000] {processor.py:161} INFO - Started process (PID=7551) to work on /home/airflow/.local/lib/python3.12/site-packages/airflow/example_dags/example_nested_branch_dag.py
[2024-07-16T17:31:43.271+0000] {processor.py:830} INFO - Processing file /home/airflow/.local/lib/python3.12/site-packages/airflow/example_dags/example_nested_branch_dag.py for tasks to queue
[2024-07-16T17:31:43.272+0000] {logging_mixin.py:188} INFO - [2024-07-16T17:31:43.272+0000] {dagbag.py:545} INFO - Filling up the DagBag from /home/airflow/.local/lib/python3.12/site-packages/airflow/example_dags/example_nested_branch_dag.py
[2024-07-16T17:31:43.282+0000] {processor.py:840} INFO - DAG(s) 'example_nested_branch_dag' retrieved from /home/airflow/.local/lib/python3.12/site-packages/airflow/example_dags/example_nested_branch_dag.py
[2024-07-16T17:31:43.309+0000] {logging_mixin.py:188} INFO - [2024-07-16T17:31:43.308+0000] {dag.py:3089} INFO - Sync 1 DAGs
[2024-07-16T17:31:43.330+0000] {logging_mixin.py:188} INFO - [2024-07-16T17:31:43.330+0000] {dag.py:3947} INFO - Setting next_dagrun for example_nested_branch_dag to 2024-07-15 00:00:00+00:00, run_after=2024-07-16 00:00:00+00:00
[2024-07-16T17:31:43.355+0000] {processor.py:183} INFO - Processing /home/airflow/.local/lib/python3.12/site-packages/airflow/example_dags/example_nested_branch_dag.py took 0.116 seconds
