[2024-07-16T17:17:28.646+0000] {processor.py:161} INFO - Started process (PID=247) to work on /home/airflow/.local/lib/python3.12/site-packages/airflow/example_dags/example_bash_operator.py
[2024-07-16T17:17:28.647+0000] {processor.py:830} INFO - Processing file /home/airflow/.local/lib/python3.12/site-packages/airflow/example_dags/example_bash_operator.py for tasks to queue
[2024-07-16T17:17:28.649+0000] {logging_mixin.py:188} INFO - [2024-07-16T17:17:28.648+0000] {dagbag.py:545} INFO - Filling up the DagBag from /home/airflow/.local/lib/python3.12/site-packages/airflow/example_dags/example_bash_operator.py
[2024-07-16T17:17:28.661+0000] {processor.py:840} INFO - DAG(s) 'example_bash_operator' retrieved from /home/airflow/.local/lib/python3.12/site-packages/airflow/example_dags/example_bash_operator.py
[2024-07-16T17:17:28.674+0000] {logging_mixin.py:188} INFO - [2024-07-16T17:17:28.673+0000] {dag.py:3089} INFO - Sync 1 DAGs
[2024-07-16T17:17:28.697+0000] {logging_mixin.py:188} INFO - [2024-07-16T17:17:28.696+0000] {dag.py:3947} INFO - Setting next_dagrun for example_bash_operator to 2024-07-15 00:00:00+00:00, run_after=2024-07-16 00:00:00+00:00
[2024-07-16T17:17:28.717+0000] {processor.py:183} INFO - Processing /home/airflow/.local/lib/python3.12/site-packages/airflow/example_dags/example_bash_operator.py took 0.077 seconds
[2024-07-16T17:18:00.347+0000] {processor.py:161} INFO - Started process (PID=509) to work on /home/airflow/.local/lib/python3.12/site-packages/airflow/example_dags/example_bash_operator.py
[2024-07-16T17:18:00.349+0000] {processor.py:830} INFO - Processing file /home/airflow/.local/lib/python3.12/site-packages/airflow/example_dags/example_bash_operator.py for tasks to queue
[2024-07-16T17:18:00.353+0000] {logging_mixin.py:188} INFO - [2024-07-16T17:18:00.353+0000] {dagbag.py:545} INFO - Filling up the DagBag from /home/airflow/.local/lib/python3.12/site-packages/airflow/example_dags/example_bash_operator.py
[2024-07-16T17:18:00.365+0000] {processor.py:840} INFO - DAG(s) 'example_bash_operator' retrieved from /home/airflow/.local/lib/python3.12/site-packages/airflow/example_dags/example_bash_operator.py
[2024-07-16T17:18:00.471+0000] {logging_mixin.py:188} INFO - [2024-07-16T17:18:00.471+0000] {dag.py:3089} INFO - Sync 1 DAGs
[2024-07-16T17:18:00.491+0000] {logging_mixin.py:188} INFO - [2024-07-16T17:18:00.491+0000] {dag.py:3947} INFO - Setting next_dagrun for example_bash_operator to 2024-07-15 00:00:00+00:00, run_after=2024-07-16 00:00:00+00:00
[2024-07-16T17:18:00.512+0000] {processor.py:183} INFO - Processing /home/airflow/.local/lib/python3.12/site-packages/airflow/example_dags/example_bash_operator.py took 0.169 seconds
[2024-07-16T17:18:30.544+0000] {processor.py:161} INFO - Started process (PID=773) to work on /home/airflow/.local/lib/python3.12/site-packages/airflow/example_dags/example_bash_operator.py
[2024-07-16T17:18:30.546+0000] {processor.py:830} INFO - Processing file /home/airflow/.local/lib/python3.12/site-packages/airflow/example_dags/example_bash_operator.py for tasks to queue
[2024-07-16T17:18:30.547+0000] {logging_mixin.py:188} INFO - [2024-07-16T17:18:30.547+0000] {dagbag.py:545} INFO - Filling up the DagBag from /home/airflow/.local/lib/python3.12/site-packages/airflow/example_dags/example_bash_operator.py
[2024-07-16T17:18:30.556+0000] {processor.py:840} INFO - DAG(s) 'example_bash_operator' retrieved from /home/airflow/.local/lib/python3.12/site-packages/airflow/example_dags/example_bash_operator.py
[2024-07-16T17:18:30.576+0000] {logging_mixin.py:188} INFO - [2024-07-16T17:18:30.576+0000] {dag.py:3089} INFO - Sync 1 DAGs
[2024-07-16T17:18:30.593+0000] {logging_mixin.py:188} INFO - [2024-07-16T17:18:30.593+0000] {dag.py:3947} INFO - Setting next_dagrun for example_bash_operator to 2024-07-15 00:00:00+00:00, run_after=2024-07-16 00:00:00+00:00
[2024-07-16T17:18:30.607+0000] {processor.py:183} INFO - Processing /home/airflow/.local/lib/python3.12/site-packages/airflow/example_dags/example_bash_operator.py took 0.068 seconds
[2024-07-16T17:19:01.367+0000] {processor.py:161} INFO - Started process (PID=1033) to work on /home/airflow/.local/lib/python3.12/site-packages/airflow/example_dags/example_bash_operator.py
[2024-07-16T17:19:01.368+0000] {processor.py:830} INFO - Processing file /home/airflow/.local/lib/python3.12/site-packages/airflow/example_dags/example_bash_operator.py for tasks to queue
[2024-07-16T17:19:01.370+0000] {logging_mixin.py:188} INFO - [2024-07-16T17:19:01.369+0000] {dagbag.py:545} INFO - Filling up the DagBag from /home/airflow/.local/lib/python3.12/site-packages/airflow/example_dags/example_bash_operator.py
[2024-07-16T17:19:01.379+0000] {processor.py:840} INFO - DAG(s) 'example_bash_operator' retrieved from /home/airflow/.local/lib/python3.12/site-packages/airflow/example_dags/example_bash_operator.py
[2024-07-16T17:19:01.406+0000] {logging_mixin.py:188} INFO - [2024-07-16T17:19:01.405+0000] {dag.py:3089} INFO - Sync 1 DAGs
[2024-07-16T17:19:01.426+0000] {logging_mixin.py:188} INFO - [2024-07-16T17:19:01.426+0000] {dag.py:3947} INFO - Setting next_dagrun for example_bash_operator to 2024-07-15 00:00:00+00:00, run_after=2024-07-16 00:00:00+00:00
[2024-07-16T17:19:01.448+0000] {processor.py:183} INFO - Processing /home/airflow/.local/lib/python3.12/site-packages/airflow/example_dags/example_bash_operator.py took 0.086 seconds
[2024-07-16T17:19:31.579+0000] {processor.py:161} INFO - Started process (PID=1295) to work on /home/airflow/.local/lib/python3.12/site-packages/airflow/example_dags/example_bash_operator.py
[2024-07-16T17:19:31.580+0000] {processor.py:830} INFO - Processing file /home/airflow/.local/lib/python3.12/site-packages/airflow/example_dags/example_bash_operator.py for tasks to queue
[2024-07-16T17:19:31.582+0000] {logging_mixin.py:188} INFO - [2024-07-16T17:19:31.581+0000] {dagbag.py:545} INFO - Filling up the DagBag from /home/airflow/.local/lib/python3.12/site-packages/airflow/example_dags/example_bash_operator.py
[2024-07-16T17:19:31.591+0000] {processor.py:840} INFO - DAG(s) 'example_bash_operator' retrieved from /home/airflow/.local/lib/python3.12/site-packages/airflow/example_dags/example_bash_operator.py
[2024-07-16T17:19:31.616+0000] {logging_mixin.py:188} INFO - [2024-07-16T17:19:31.616+0000] {dag.py:3089} INFO - Sync 1 DAGs
[2024-07-16T17:19:31.635+0000] {logging_mixin.py:188} INFO - [2024-07-16T17:19:31.635+0000] {dag.py:3947} INFO - Setting next_dagrun for example_bash_operator to 2024-07-15 00:00:00+00:00, run_after=2024-07-16 00:00:00+00:00
[2024-07-16T17:19:31.652+0000] {processor.py:183} INFO - Processing /home/airflow/.local/lib/python3.12/site-packages/airflow/example_dags/example_bash_operator.py took 0.078 seconds
[2024-07-16T17:20:02.226+0000] {processor.py:161} INFO - Started process (PID=1557) to work on /home/airflow/.local/lib/python3.12/site-packages/airflow/example_dags/example_bash_operator.py
[2024-07-16T17:20:02.228+0000] {processor.py:830} INFO - Processing file /home/airflow/.local/lib/python3.12/site-packages/airflow/example_dags/example_bash_operator.py for tasks to queue
[2024-07-16T17:20:02.230+0000] {logging_mixin.py:188} INFO - [2024-07-16T17:20:02.230+0000] {dagbag.py:545} INFO - Filling up the DagBag from /home/airflow/.local/lib/python3.12/site-packages/airflow/example_dags/example_bash_operator.py
[2024-07-16T17:20:02.239+0000] {processor.py:840} INFO - DAG(s) 'example_bash_operator' retrieved from /home/airflow/.local/lib/python3.12/site-packages/airflow/example_dags/example_bash_operator.py
[2024-07-16T17:20:02.262+0000] {logging_mixin.py:188} INFO - [2024-07-16T17:20:02.262+0000] {dag.py:3089} INFO - Sync 1 DAGs
[2024-07-16T17:20:02.281+0000] {logging_mixin.py:188} INFO - [2024-07-16T17:20:02.281+0000] {dag.py:3947} INFO - Setting next_dagrun for example_bash_operator to 2024-07-15 00:00:00+00:00, run_after=2024-07-16 00:00:00+00:00
[2024-07-16T17:20:02.297+0000] {processor.py:183} INFO - Processing /home/airflow/.local/lib/python3.12/site-packages/airflow/example_dags/example_bash_operator.py took 0.075 seconds
[2024-07-16T17:20:32.932+0000] {processor.py:161} INFO - Started process (PID=1822) to work on /home/airflow/.local/lib/python3.12/site-packages/airflow/example_dags/example_bash_operator.py
[2024-07-16T17:20:32.934+0000] {processor.py:830} INFO - Processing file /home/airflow/.local/lib/python3.12/site-packages/airflow/example_dags/example_bash_operator.py for tasks to queue
[2024-07-16T17:20:32.936+0000] {logging_mixin.py:188} INFO - [2024-07-16T17:20:32.935+0000] {dagbag.py:545} INFO - Filling up the DagBag from /home/airflow/.local/lib/python3.12/site-packages/airflow/example_dags/example_bash_operator.py
[2024-07-16T17:20:32.945+0000] {processor.py:840} INFO - DAG(s) 'example_bash_operator' retrieved from /home/airflow/.local/lib/python3.12/site-packages/airflow/example_dags/example_bash_operator.py
[2024-07-16T17:20:32.968+0000] {logging_mixin.py:188} INFO - [2024-07-16T17:20:32.968+0000] {dag.py:3089} INFO - Sync 1 DAGs
[2024-07-16T17:20:32.986+0000] {logging_mixin.py:188} INFO - [2024-07-16T17:20:32.986+0000] {dag.py:3947} INFO - Setting next_dagrun for example_bash_operator to 2024-07-15 00:00:00+00:00, run_after=2024-07-16 00:00:00+00:00
[2024-07-16T17:20:33.001+0000] {processor.py:183} INFO - Processing /home/airflow/.local/lib/python3.12/site-packages/airflow/example_dags/example_bash_operator.py took 0.074 seconds
[2024-07-16T17:21:03.477+0000] {processor.py:161} INFO - Started process (PID=2082) to work on /home/airflow/.local/lib/python3.12/site-packages/airflow/example_dags/example_bash_operator.py
[2024-07-16T17:21:03.479+0000] {processor.py:830} INFO - Processing file /home/airflow/.local/lib/python3.12/site-packages/airflow/example_dags/example_bash_operator.py for tasks to queue
[2024-07-16T17:21:03.481+0000] {logging_mixin.py:188} INFO - [2024-07-16T17:21:03.480+0000] {dagbag.py:545} INFO - Filling up the DagBag from /home/airflow/.local/lib/python3.12/site-packages/airflow/example_dags/example_bash_operator.py
[2024-07-16T17:21:03.490+0000] {processor.py:840} INFO - DAG(s) 'example_bash_operator' retrieved from /home/airflow/.local/lib/python3.12/site-packages/airflow/example_dags/example_bash_operator.py
[2024-07-16T17:21:03.514+0000] {logging_mixin.py:188} INFO - [2024-07-16T17:21:03.514+0000] {dag.py:3089} INFO - Sync 1 DAGs
[2024-07-16T17:21:03.533+0000] {logging_mixin.py:188} INFO - [2024-07-16T17:21:03.533+0000] {dag.py:3947} INFO - Setting next_dagrun for example_bash_operator to 2024-07-15 00:00:00+00:00, run_after=2024-07-16 00:00:00+00:00
[2024-07-16T17:21:03.549+0000] {processor.py:183} INFO - Processing /home/airflow/.local/lib/python3.12/site-packages/airflow/example_dags/example_bash_operator.py took 0.077 seconds
[2024-07-16T17:21:33.990+0000] {processor.py:161} INFO - Started process (PID=2343) to work on /home/airflow/.local/lib/python3.12/site-packages/airflow/example_dags/example_bash_operator.py
[2024-07-16T17:21:33.992+0000] {processor.py:830} INFO - Processing file /home/airflow/.local/lib/python3.12/site-packages/airflow/example_dags/example_bash_operator.py for tasks to queue
[2024-07-16T17:21:33.994+0000] {logging_mixin.py:188} INFO - [2024-07-16T17:21:33.994+0000] {dagbag.py:545} INFO - Filling up the DagBag from /home/airflow/.local/lib/python3.12/site-packages/airflow/example_dags/example_bash_operator.py
[2024-07-16T17:21:34.003+0000] {processor.py:840} INFO - DAG(s) 'example_bash_operator' retrieved from /home/airflow/.local/lib/python3.12/site-packages/airflow/example_dags/example_bash_operator.py
[2024-07-16T17:21:34.026+0000] {logging_mixin.py:188} INFO - [2024-07-16T17:21:34.026+0000] {dag.py:3089} INFO - Sync 1 DAGs
[2024-07-16T17:21:34.046+0000] {logging_mixin.py:188} INFO - [2024-07-16T17:21:34.046+0000] {dag.py:3947} INFO - Setting next_dagrun for example_bash_operator to 2024-07-15 00:00:00+00:00, run_after=2024-07-16 00:00:00+00:00
[2024-07-16T17:21:34.063+0000] {processor.py:183} INFO - Processing /home/airflow/.local/lib/python3.12/site-packages/airflow/example_dags/example_bash_operator.py took 0.078 seconds
[2024-07-16T17:22:04.512+0000] {processor.py:161} INFO - Started process (PID=2605) to work on /home/airflow/.local/lib/python3.12/site-packages/airflow/example_dags/example_bash_operator.py
[2024-07-16T17:22:04.514+0000] {processor.py:830} INFO - Processing file /home/airflow/.local/lib/python3.12/site-packages/airflow/example_dags/example_bash_operator.py for tasks to queue
[2024-07-16T17:22:04.516+0000] {logging_mixin.py:188} INFO - [2024-07-16T17:22:04.515+0000] {dagbag.py:545} INFO - Filling up the DagBag from /home/airflow/.local/lib/python3.12/site-packages/airflow/example_dags/example_bash_operator.py
[2024-07-16T17:22:04.525+0000] {processor.py:840} INFO - DAG(s) 'example_bash_operator' retrieved from /home/airflow/.local/lib/python3.12/site-packages/airflow/example_dags/example_bash_operator.py
[2024-07-16T17:22:04.549+0000] {logging_mixin.py:188} INFO - [2024-07-16T17:22:04.548+0000] {dag.py:3089} INFO - Sync 1 DAGs
[2024-07-16T17:22:04.572+0000] {logging_mixin.py:188} INFO - [2024-07-16T17:22:04.572+0000] {dag.py:3947} INFO - Setting next_dagrun for example_bash_operator to 2024-07-15 00:00:00+00:00, run_after=2024-07-16 00:00:00+00:00
[2024-07-16T17:22:04.589+0000] {processor.py:183} INFO - Processing /home/airflow/.local/lib/python3.12/site-packages/airflow/example_dags/example_bash_operator.py took 0.082 seconds
[2024-07-16T17:22:35.181+0000] {processor.py:161} INFO - Started process (PID=2869) to work on /home/airflow/.local/lib/python3.12/site-packages/airflow/example_dags/example_bash_operator.py
[2024-07-16T17:22:35.182+0000] {processor.py:830} INFO - Processing file /home/airflow/.local/lib/python3.12/site-packages/airflow/example_dags/example_bash_operator.py for tasks to queue
[2024-07-16T17:22:35.183+0000] {logging_mixin.py:188} INFO - [2024-07-16T17:22:35.183+0000] {dagbag.py:545} INFO - Filling up the DagBag from /home/airflow/.local/lib/python3.12/site-packages/airflow/example_dags/example_bash_operator.py
[2024-07-16T17:22:35.193+0000] {processor.py:840} INFO - DAG(s) 'example_bash_operator' retrieved from /home/airflow/.local/lib/python3.12/site-packages/airflow/example_dags/example_bash_operator.py
[2024-07-16T17:22:35.216+0000] {logging_mixin.py:188} INFO - [2024-07-16T17:22:35.216+0000] {dag.py:3089} INFO - Sync 1 DAGs
[2024-07-16T17:22:35.239+0000] {logging_mixin.py:188} INFO - [2024-07-16T17:22:35.239+0000] {dag.py:3947} INFO - Setting next_dagrun for example_bash_operator to 2024-07-15 00:00:00+00:00, run_after=2024-07-16 00:00:00+00:00
[2024-07-16T17:22:35.255+0000] {processor.py:183} INFO - Processing /home/airflow/.local/lib/python3.12/site-packages/airflow/example_dags/example_bash_operator.py took 0.081 seconds
[2024-07-16T17:23:05.809+0000] {processor.py:161} INFO - Started process (PID=3129) to work on /home/airflow/.local/lib/python3.12/site-packages/airflow/example_dags/example_bash_operator.py
[2024-07-16T17:23:05.811+0000] {processor.py:830} INFO - Processing file /home/airflow/.local/lib/python3.12/site-packages/airflow/example_dags/example_bash_operator.py for tasks to queue
[2024-07-16T17:23:05.813+0000] {logging_mixin.py:188} INFO - [2024-07-16T17:23:05.812+0000] {dagbag.py:545} INFO - Filling up the DagBag from /home/airflow/.local/lib/python3.12/site-packages/airflow/example_dags/example_bash_operator.py
[2024-07-16T17:23:05.824+0000] {processor.py:840} INFO - DAG(s) 'example_bash_operator' retrieved from /home/airflow/.local/lib/python3.12/site-packages/airflow/example_dags/example_bash_operator.py
[2024-07-16T17:23:05.852+0000] {logging_mixin.py:188} INFO - [2024-07-16T17:23:05.852+0000] {dag.py:3089} INFO - Sync 1 DAGs
[2024-07-16T17:23:05.875+0000] {logging_mixin.py:188} INFO - [2024-07-16T17:23:05.874+0000] {dag.py:3947} INFO - Setting next_dagrun for example_bash_operator to 2024-07-15 00:00:00+00:00, run_after=2024-07-16 00:00:00+00:00
[2024-07-16T17:23:05.893+0000] {processor.py:183} INFO - Processing /home/airflow/.local/lib/python3.12/site-packages/airflow/example_dags/example_bash_operator.py took 0.091 seconds
[2024-07-16T17:23:35.920+0000] {processor.py:161} INFO - Started process (PID=3391) to work on /home/airflow/.local/lib/python3.12/site-packages/airflow/example_dags/example_bash_operator.py
[2024-07-16T17:23:35.922+0000] {processor.py:830} INFO - Processing file /home/airflow/.local/lib/python3.12/site-packages/airflow/example_dags/example_bash_operator.py for tasks to queue
[2024-07-16T17:23:35.924+0000] {logging_mixin.py:188} INFO - [2024-07-16T17:23:35.923+0000] {dagbag.py:545} INFO - Filling up the DagBag from /home/airflow/.local/lib/python3.12/site-packages/airflow/example_dags/example_bash_operator.py
[2024-07-16T17:23:35.933+0000] {processor.py:840} INFO - DAG(s) 'example_bash_operator' retrieved from /home/airflow/.local/lib/python3.12/site-packages/airflow/example_dags/example_bash_operator.py
[2024-07-16T17:23:35.958+0000] {logging_mixin.py:188} INFO - [2024-07-16T17:23:35.958+0000] {dag.py:3089} INFO - Sync 1 DAGs
[2024-07-16T17:23:35.978+0000] {logging_mixin.py:188} INFO - [2024-07-16T17:23:35.978+0000] {dag.py:3947} INFO - Setting next_dagrun for example_bash_operator to 2024-07-15 00:00:00+00:00, run_after=2024-07-16 00:00:00+00:00
[2024-07-16T17:23:35.997+0000] {processor.py:183} INFO - Processing /home/airflow/.local/lib/python3.12/site-packages/airflow/example_dags/example_bash_operator.py took 0.084 seconds
[2024-07-16T17:24:06.358+0000] {processor.py:161} INFO - Started process (PID=3655) to work on /home/airflow/.local/lib/python3.12/site-packages/airflow/example_dags/example_bash_operator.py
[2024-07-16T17:24:06.360+0000] {processor.py:830} INFO - Processing file /home/airflow/.local/lib/python3.12/site-packages/airflow/example_dags/example_bash_operator.py for tasks to queue
[2024-07-16T17:24:06.361+0000] {logging_mixin.py:188} INFO - [2024-07-16T17:24:06.361+0000] {dagbag.py:545} INFO - Filling up the DagBag from /home/airflow/.local/lib/python3.12/site-packages/airflow/example_dags/example_bash_operator.py
[2024-07-16T17:24:06.370+0000] {processor.py:840} INFO - DAG(s) 'example_bash_operator' retrieved from /home/airflow/.local/lib/python3.12/site-packages/airflow/example_dags/example_bash_operator.py
[2024-07-16T17:24:06.390+0000] {logging_mixin.py:188} INFO - [2024-07-16T17:24:06.390+0000] {dag.py:3089} INFO - Sync 1 DAGs
[2024-07-16T17:24:06.407+0000] {logging_mixin.py:188} INFO - [2024-07-16T17:24:06.407+0000] {dag.py:3947} INFO - Setting next_dagrun for example_bash_operator to 2024-07-15 00:00:00+00:00, run_after=2024-07-16 00:00:00+00:00
[2024-07-16T17:24:06.423+0000] {processor.py:183} INFO - Processing /home/airflow/.local/lib/python3.12/site-packages/airflow/example_dags/example_bash_operator.py took 0.070 seconds
[2024-07-16T17:24:36.524+0000] {processor.py:161} INFO - Started process (PID=3914) to work on /home/airflow/.local/lib/python3.12/site-packages/airflow/example_dags/example_bash_operator.py
[2024-07-16T17:24:36.525+0000] {processor.py:830} INFO - Processing file /home/airflow/.local/lib/python3.12/site-packages/airflow/example_dags/example_bash_operator.py for tasks to queue
[2024-07-16T17:24:36.527+0000] {logging_mixin.py:188} INFO - [2024-07-16T17:24:36.527+0000] {dagbag.py:545} INFO - Filling up the DagBag from /home/airflow/.local/lib/python3.12/site-packages/airflow/example_dags/example_bash_operator.py
[2024-07-16T17:24:36.536+0000] {processor.py:840} INFO - DAG(s) 'example_bash_operator' retrieved from /home/airflow/.local/lib/python3.12/site-packages/airflow/example_dags/example_bash_operator.py
[2024-07-16T17:24:36.564+0000] {logging_mixin.py:188} INFO - [2024-07-16T17:24:36.564+0000] {dag.py:3089} INFO - Sync 1 DAGs
[2024-07-16T17:24:36.588+0000] {logging_mixin.py:188} INFO - [2024-07-16T17:24:36.588+0000] {dag.py:3947} INFO - Setting next_dagrun for example_bash_operator to 2024-07-15 00:00:00+00:00, run_after=2024-07-16 00:00:00+00:00
[2024-07-16T17:24:36.610+0000] {processor.py:183} INFO - Processing /home/airflow/.local/lib/python3.12/site-packages/airflow/example_dags/example_bash_operator.py took 0.090 seconds
[2024-07-16T17:25:06.898+0000] {processor.py:161} INFO - Started process (PID=4178) to work on /home/airflow/.local/lib/python3.12/site-packages/airflow/example_dags/example_bash_operator.py
[2024-07-16T17:25:06.900+0000] {processor.py:830} INFO - Processing file /home/airflow/.local/lib/python3.12/site-packages/airflow/example_dags/example_bash_operator.py for tasks to queue
[2024-07-16T17:25:06.902+0000] {logging_mixin.py:188} INFO - [2024-07-16T17:25:06.901+0000] {dagbag.py:545} INFO - Filling up the DagBag from /home/airflow/.local/lib/python3.12/site-packages/airflow/example_dags/example_bash_operator.py
[2024-07-16T17:25:06.911+0000] {processor.py:840} INFO - DAG(s) 'example_bash_operator' retrieved from /home/airflow/.local/lib/python3.12/site-packages/airflow/example_dags/example_bash_operator.py
[2024-07-16T17:25:06.936+0000] {logging_mixin.py:188} INFO - [2024-07-16T17:25:06.936+0000] {dag.py:3089} INFO - Sync 1 DAGs
[2024-07-16T17:25:06.956+0000] {logging_mixin.py:188} INFO - [2024-07-16T17:25:06.955+0000] {dag.py:3947} INFO - Setting next_dagrun for example_bash_operator to 2024-07-15 00:00:00+00:00, run_after=2024-07-16 00:00:00+00:00
[2024-07-16T17:25:06.974+0000] {processor.py:183} INFO - Processing /home/airflow/.local/lib/python3.12/site-packages/airflow/example_dags/example_bash_operator.py took 0.081 seconds
[2024-07-16T17:25:37.694+0000] {processor.py:161} INFO - Started process (PID=4440) to work on /home/airflow/.local/lib/python3.12/site-packages/airflow/example_dags/example_bash_operator.py
[2024-07-16T17:25:37.696+0000] {processor.py:830} INFO - Processing file /home/airflow/.local/lib/python3.12/site-packages/airflow/example_dags/example_bash_operator.py for tasks to queue
[2024-07-16T17:25:37.698+0000] {logging_mixin.py:188} INFO - [2024-07-16T17:25:37.697+0000] {dagbag.py:545} INFO - Filling up the DagBag from /home/airflow/.local/lib/python3.12/site-packages/airflow/example_dags/example_bash_operator.py
[2024-07-16T17:25:37.706+0000] {processor.py:840} INFO - DAG(s) 'example_bash_operator' retrieved from /home/airflow/.local/lib/python3.12/site-packages/airflow/example_dags/example_bash_operator.py
[2024-07-16T17:25:37.732+0000] {logging_mixin.py:188} INFO - [2024-07-16T17:25:37.732+0000] {dag.py:3089} INFO - Sync 1 DAGs
[2024-07-16T17:25:37.751+0000] {logging_mixin.py:188} INFO - [2024-07-16T17:25:37.750+0000] {dag.py:3947} INFO - Setting next_dagrun for example_bash_operator to 2024-07-15 00:00:00+00:00, run_after=2024-07-16 00:00:00+00:00
[2024-07-16T17:25:37.766+0000] {processor.py:183} INFO - Processing /home/airflow/.local/lib/python3.12/site-packages/airflow/example_dags/example_bash_operator.py took 0.077 seconds
[2024-07-16T17:26:08.081+0000] {processor.py:161} INFO - Started process (PID=4700) to work on /home/airflow/.local/lib/python3.12/site-packages/airflow/example_dags/example_bash_operator.py
[2024-07-16T17:26:08.082+0000] {processor.py:830} INFO - Processing file /home/airflow/.local/lib/python3.12/site-packages/airflow/example_dags/example_bash_operator.py for tasks to queue
[2024-07-16T17:26:08.084+0000] {logging_mixin.py:188} INFO - [2024-07-16T17:26:08.083+0000] {dagbag.py:545} INFO - Filling up the DagBag from /home/airflow/.local/lib/python3.12/site-packages/airflow/example_dags/example_bash_operator.py
[2024-07-16T17:26:08.095+0000] {processor.py:840} INFO - DAG(s) 'example_bash_operator' retrieved from /home/airflow/.local/lib/python3.12/site-packages/airflow/example_dags/example_bash_operator.py
[2024-07-16T17:26:08.127+0000] {logging_mixin.py:188} INFO - [2024-07-16T17:26:08.126+0000] {dag.py:3089} INFO - Sync 1 DAGs
[2024-07-16T17:26:08.152+0000] {logging_mixin.py:188} INFO - [2024-07-16T17:26:08.151+0000] {dag.py:3947} INFO - Setting next_dagrun for example_bash_operator to 2024-07-15 00:00:00+00:00, run_after=2024-07-16 00:00:00+00:00
[2024-07-16T17:26:08.170+0000] {processor.py:183} INFO - Processing /home/airflow/.local/lib/python3.12/site-packages/airflow/example_dags/example_bash_operator.py took 0.094 seconds
[2024-07-16T17:26:38.756+0000] {processor.py:161} INFO - Started process (PID=4962) to work on /home/airflow/.local/lib/python3.12/site-packages/airflow/example_dags/example_bash_operator.py
[2024-07-16T17:26:38.758+0000] {processor.py:830} INFO - Processing file /home/airflow/.local/lib/python3.12/site-packages/airflow/example_dags/example_bash_operator.py for tasks to queue
[2024-07-16T17:26:38.760+0000] {logging_mixin.py:188} INFO - [2024-07-16T17:26:38.759+0000] {dagbag.py:545} INFO - Filling up the DagBag from /home/airflow/.local/lib/python3.12/site-packages/airflow/example_dags/example_bash_operator.py
[2024-07-16T17:26:38.770+0000] {processor.py:840} INFO - DAG(s) 'example_bash_operator' retrieved from /home/airflow/.local/lib/python3.12/site-packages/airflow/example_dags/example_bash_operator.py
[2024-07-16T17:26:38.809+0000] {logging_mixin.py:188} INFO - [2024-07-16T17:26:38.809+0000] {dag.py:3089} INFO - Sync 1 DAGs
[2024-07-16T17:26:38.845+0000] {logging_mixin.py:188} INFO - [2024-07-16T17:26:38.844+0000] {dag.py:3947} INFO - Setting next_dagrun for example_bash_operator to 2024-07-15 00:00:00+00:00, run_after=2024-07-16 00:00:00+00:00
[2024-07-16T17:26:38.864+0000] {processor.py:183} INFO - Processing /home/airflow/.local/lib/python3.12/site-packages/airflow/example_dags/example_bash_operator.py took 0.114 seconds
[2024-07-16T17:27:09.007+0000] {processor.py:161} INFO - Started process (PID=5224) to work on /home/airflow/.local/lib/python3.12/site-packages/airflow/example_dags/example_bash_operator.py
[2024-07-16T17:27:09.008+0000] {processor.py:830} INFO - Processing file /home/airflow/.local/lib/python3.12/site-packages/airflow/example_dags/example_bash_operator.py for tasks to queue
[2024-07-16T17:27:09.010+0000] {logging_mixin.py:188} INFO - [2024-07-16T17:27:09.009+0000] {dagbag.py:545} INFO - Filling up the DagBag from /home/airflow/.local/lib/python3.12/site-packages/airflow/example_dags/example_bash_operator.py
[2024-07-16T17:27:09.019+0000] {processor.py:840} INFO - DAG(s) 'example_bash_operator' retrieved from /home/airflow/.local/lib/python3.12/site-packages/airflow/example_dags/example_bash_operator.py
[2024-07-16T17:27:09.043+0000] {logging_mixin.py:188} INFO - [2024-07-16T17:27:09.042+0000] {dag.py:3089} INFO - Sync 1 DAGs
[2024-07-16T17:27:09.062+0000] {logging_mixin.py:188} INFO - [2024-07-16T17:27:09.062+0000] {dag.py:3947} INFO - Setting next_dagrun for example_bash_operator to 2024-07-15 00:00:00+00:00, run_after=2024-07-16 00:00:00+00:00
[2024-07-16T17:27:09.079+0000] {processor.py:183} INFO - Processing /home/airflow/.local/lib/python3.12/site-packages/airflow/example_dags/example_bash_operator.py took 0.077 seconds
[2024-07-16T17:27:39.790+0000] {processor.py:161} INFO - Started process (PID=5488) to work on /home/airflow/.local/lib/python3.12/site-packages/airflow/example_dags/example_bash_operator.py
[2024-07-16T17:27:39.792+0000] {processor.py:830} INFO - Processing file /home/airflow/.local/lib/python3.12/site-packages/airflow/example_dags/example_bash_operator.py for tasks to queue
[2024-07-16T17:27:39.794+0000] {logging_mixin.py:188} INFO - [2024-07-16T17:27:39.794+0000] {dagbag.py:545} INFO - Filling up the DagBag from /home/airflow/.local/lib/python3.12/site-packages/airflow/example_dags/example_bash_operator.py
[2024-07-16T17:27:39.804+0000] {processor.py:840} INFO - DAG(s) 'example_bash_operator' retrieved from /home/airflow/.local/lib/python3.12/site-packages/airflow/example_dags/example_bash_operator.py
[2024-07-16T17:27:39.828+0000] {logging_mixin.py:188} INFO - [2024-07-16T17:27:39.828+0000] {dag.py:3089} INFO - Sync 1 DAGs
[2024-07-16T17:27:39.847+0000] {logging_mixin.py:188} INFO - [2024-07-16T17:27:39.847+0000] {dag.py:3947} INFO - Setting next_dagrun for example_bash_operator to 2024-07-15 00:00:00+00:00, run_after=2024-07-16 00:00:00+00:00
[2024-07-16T17:27:39.866+0000] {processor.py:183} INFO - Processing /home/airflow/.local/lib/python3.12/site-packages/airflow/example_dags/example_bash_operator.py took 0.081 seconds
[2024-07-16T17:28:10.296+0000] {processor.py:161} INFO - Started process (PID=5756) to work on /home/airflow/.local/lib/python3.12/site-packages/airflow/example_dags/example_bash_operator.py
[2024-07-16T17:28:10.297+0000] {processor.py:830} INFO - Processing file /home/airflow/.local/lib/python3.12/site-packages/airflow/example_dags/example_bash_operator.py for tasks to queue
[2024-07-16T17:28:10.300+0000] {logging_mixin.py:188} INFO - [2024-07-16T17:28:10.300+0000] {dagbag.py:545} INFO - Filling up the DagBag from /home/airflow/.local/lib/python3.12/site-packages/airflow/example_dags/example_bash_operator.py
[2024-07-16T17:28:10.312+0000] {processor.py:840} INFO - DAG(s) 'example_bash_operator' retrieved from /home/airflow/.local/lib/python3.12/site-packages/airflow/example_dags/example_bash_operator.py
[2024-07-16T17:28:10.344+0000] {logging_mixin.py:188} INFO - [2024-07-16T17:28:10.344+0000] {dag.py:3089} INFO - Sync 1 DAGs
[2024-07-16T17:28:10.375+0000] {logging_mixin.py:188} INFO - [2024-07-16T17:28:10.375+0000] {dag.py:3947} INFO - Setting next_dagrun for example_bash_operator to 2024-07-15 00:00:00+00:00, run_after=2024-07-16 00:00:00+00:00
[2024-07-16T17:28:10.397+0000] {processor.py:183} INFO - Processing /home/airflow/.local/lib/python3.12/site-packages/airflow/example_dags/example_bash_operator.py took 0.107 seconds
[2024-07-16T17:28:40.566+0000] {processor.py:161} INFO - Started process (PID=6018) to work on /home/airflow/.local/lib/python3.12/site-packages/airflow/example_dags/example_bash_operator.py
[2024-07-16T17:28:40.568+0000] {processor.py:830} INFO - Processing file /home/airflow/.local/lib/python3.12/site-packages/airflow/example_dags/example_bash_operator.py for tasks to queue
[2024-07-16T17:28:40.570+0000] {logging_mixin.py:188} INFO - [2024-07-16T17:28:40.569+0000] {dagbag.py:545} INFO - Filling up the DagBag from /home/airflow/.local/lib/python3.12/site-packages/airflow/example_dags/example_bash_operator.py
[2024-07-16T17:28:40.579+0000] {processor.py:840} INFO - DAG(s) 'example_bash_operator' retrieved from /home/airflow/.local/lib/python3.12/site-packages/airflow/example_dags/example_bash_operator.py
[2024-07-16T17:28:40.607+0000] {logging_mixin.py:188} INFO - [2024-07-16T17:28:40.607+0000] {dag.py:3089} INFO - Sync 1 DAGs
[2024-07-16T17:28:40.626+0000] {logging_mixin.py:188} INFO - [2024-07-16T17:28:40.626+0000] {dag.py:3947} INFO - Setting next_dagrun for example_bash_operator to 2024-07-15 00:00:00+00:00, run_after=2024-07-16 00:00:00+00:00
[2024-07-16T17:28:40.646+0000] {processor.py:183} INFO - Processing /home/airflow/.local/lib/python3.12/site-packages/airflow/example_dags/example_bash_operator.py took 0.085 seconds
[2024-07-16T17:29:11.057+0000] {processor.py:161} INFO - Started process (PID=6280) to work on /home/airflow/.local/lib/python3.12/site-packages/airflow/example_dags/example_bash_operator.py
[2024-07-16T17:29:11.059+0000] {processor.py:830} INFO - Processing file /home/airflow/.local/lib/python3.12/site-packages/airflow/example_dags/example_bash_operator.py for tasks to queue
[2024-07-16T17:29:11.061+0000] {logging_mixin.py:188} INFO - [2024-07-16T17:29:11.061+0000] {dagbag.py:545} INFO - Filling up the DagBag from /home/airflow/.local/lib/python3.12/site-packages/airflow/example_dags/example_bash_operator.py
[2024-07-16T17:29:11.071+0000] {processor.py:840} INFO - DAG(s) 'example_bash_operator' retrieved from /home/airflow/.local/lib/python3.12/site-packages/airflow/example_dags/example_bash_operator.py
[2024-07-16T17:29:11.098+0000] {logging_mixin.py:188} INFO - [2024-07-16T17:29:11.098+0000] {dag.py:3089} INFO - Sync 1 DAGs
[2024-07-16T17:29:11.118+0000] {logging_mixin.py:188} INFO - [2024-07-16T17:29:11.118+0000] {dag.py:3947} INFO - Setting next_dagrun for example_bash_operator to 2024-07-15 00:00:00+00:00, run_after=2024-07-16 00:00:00+00:00
[2024-07-16T17:29:11.140+0000] {processor.py:183} INFO - Processing /home/airflow/.local/lib/python3.12/site-packages/airflow/example_dags/example_bash_operator.py took 0.089 seconds
[2024-07-16T17:29:41.587+0000] {processor.py:161} INFO - Started process (PID=6542) to work on /home/airflow/.local/lib/python3.12/site-packages/airflow/example_dags/example_bash_operator.py
[2024-07-16T17:29:41.589+0000] {processor.py:830} INFO - Processing file /home/airflow/.local/lib/python3.12/site-packages/airflow/example_dags/example_bash_operator.py for tasks to queue
[2024-07-16T17:29:41.591+0000] {logging_mixin.py:188} INFO - [2024-07-16T17:29:41.591+0000] {dagbag.py:545} INFO - Filling up the DagBag from /home/airflow/.local/lib/python3.12/site-packages/airflow/example_dags/example_bash_operator.py
[2024-07-16T17:29:41.602+0000] {processor.py:840} INFO - DAG(s) 'example_bash_operator' retrieved from /home/airflow/.local/lib/python3.12/site-packages/airflow/example_dags/example_bash_operator.py
[2024-07-16T17:29:41.631+0000] {logging_mixin.py:188} INFO - [2024-07-16T17:29:41.631+0000] {dag.py:3089} INFO - Sync 1 DAGs
[2024-07-16T17:29:41.656+0000] {logging_mixin.py:188} INFO - [2024-07-16T17:29:41.655+0000] {dag.py:3947} INFO - Setting next_dagrun for example_bash_operator to 2024-07-15 00:00:00+00:00, run_after=2024-07-16 00:00:00+00:00
[2024-07-16T17:29:41.675+0000] {processor.py:183} INFO - Processing /home/airflow/.local/lib/python3.12/site-packages/airflow/example_dags/example_bash_operator.py took 0.094 seconds
[2024-07-16T17:30:11.851+0000] {processor.py:161} INFO - Started process (PID=6805) to work on /home/airflow/.local/lib/python3.12/site-packages/airflow/example_dags/example_bash_operator.py
[2024-07-16T17:30:11.853+0000] {processor.py:830} INFO - Processing file /home/airflow/.local/lib/python3.12/site-packages/airflow/example_dags/example_bash_operator.py for tasks to queue
[2024-07-16T17:30:11.855+0000] {logging_mixin.py:188} INFO - [2024-07-16T17:30:11.854+0000] {dagbag.py:545} INFO - Filling up the DagBag from /home/airflow/.local/lib/python3.12/site-packages/airflow/example_dags/example_bash_operator.py
[2024-07-16T17:30:11.865+0000] {processor.py:840} INFO - DAG(s) 'example_bash_operator' retrieved from /home/airflow/.local/lib/python3.12/site-packages/airflow/example_dags/example_bash_operator.py
[2024-07-16T17:30:11.893+0000] {logging_mixin.py:188} INFO - [2024-07-16T17:30:11.893+0000] {dag.py:3089} INFO - Sync 1 DAGs
[2024-07-16T17:30:11.914+0000] {logging_mixin.py:188} INFO - [2024-07-16T17:30:11.914+0000] {dag.py:3947} INFO - Setting next_dagrun for example_bash_operator to 2024-07-15 00:00:00+00:00, run_after=2024-07-16 00:00:00+00:00
[2024-07-16T17:30:11.933+0000] {processor.py:183} INFO - Processing /home/airflow/.local/lib/python3.12/site-packages/airflow/example_dags/example_bash_operator.py took 0.089 seconds
[2024-07-16T17:30:42.279+0000] {processor.py:161} INFO - Started process (PID=7067) to work on /home/airflow/.local/lib/python3.12/site-packages/airflow/example_dags/example_bash_operator.py
[2024-07-16T17:30:42.281+0000] {processor.py:830} INFO - Processing file /home/airflow/.local/lib/python3.12/site-packages/airflow/example_dags/example_bash_operator.py for tasks to queue
[2024-07-16T17:30:42.282+0000] {logging_mixin.py:188} INFO - [2024-07-16T17:30:42.282+0000] {dagbag.py:545} INFO - Filling up the DagBag from /home/airflow/.local/lib/python3.12/site-packages/airflow/example_dags/example_bash_operator.py
[2024-07-16T17:30:42.294+0000] {processor.py:840} INFO - DAG(s) 'example_bash_operator' retrieved from /home/airflow/.local/lib/python3.12/site-packages/airflow/example_dags/example_bash_operator.py
[2024-07-16T17:30:42.321+0000] {logging_mixin.py:188} INFO - [2024-07-16T17:30:42.321+0000] {dag.py:3089} INFO - Sync 1 DAGs
[2024-07-16T17:30:42.344+0000] {logging_mixin.py:188} INFO - [2024-07-16T17:30:42.344+0000] {dag.py:3947} INFO - Setting next_dagrun for example_bash_operator to 2024-07-15 00:00:00+00:00, run_after=2024-07-16 00:00:00+00:00
[2024-07-16T17:30:42.366+0000] {processor.py:183} INFO - Processing /home/airflow/.local/lib/python3.12/site-packages/airflow/example_dags/example_bash_operator.py took 0.092 seconds
[2024-07-16T17:31:13.386+0000] {processor.py:161} INFO - Started process (PID=7329) to work on /home/airflow/.local/lib/python3.12/site-packages/airflow/example_dags/example_bash_operator.py
[2024-07-16T17:31:13.388+0000] {processor.py:830} INFO - Processing file /home/airflow/.local/lib/python3.12/site-packages/airflow/example_dags/example_bash_operator.py for tasks to queue
[2024-07-16T17:31:13.390+0000] {logging_mixin.py:188} INFO - [2024-07-16T17:31:13.389+0000] {dagbag.py:545} INFO - Filling up the DagBag from /home/airflow/.local/lib/python3.12/site-packages/airflow/example_dags/example_bash_operator.py
[2024-07-16T17:31:13.401+0000] {processor.py:840} INFO - DAG(s) 'example_bash_operator' retrieved from /home/airflow/.local/lib/python3.12/site-packages/airflow/example_dags/example_bash_operator.py
[2024-07-16T17:31:13.428+0000] {logging_mixin.py:188} INFO - [2024-07-16T17:31:13.427+0000] {dag.py:3089} INFO - Sync 1 DAGs
[2024-07-16T17:31:13.450+0000] {logging_mixin.py:188} INFO - [2024-07-16T17:31:13.449+0000] {dag.py:3947} INFO - Setting next_dagrun for example_bash_operator to 2024-07-15 00:00:00+00:00, run_after=2024-07-16 00:00:00+00:00
[2024-07-16T17:31:13.472+0000] {processor.py:183} INFO - Processing /home/airflow/.local/lib/python3.12/site-packages/airflow/example_dags/example_bash_operator.py took 0.092 seconds
[2024-07-16T17:31:43.844+0000] {processor.py:161} INFO - Started process (PID=7593) to work on /home/airflow/.local/lib/python3.12/site-packages/airflow/example_dags/example_bash_operator.py
[2024-07-16T17:31:43.847+0000] {processor.py:830} INFO - Processing file /home/airflow/.local/lib/python3.12/site-packages/airflow/example_dags/example_bash_operator.py for tasks to queue
[2024-07-16T17:31:43.850+0000] {logging_mixin.py:188} INFO - [2024-07-16T17:31:43.849+0000] {dagbag.py:545} INFO - Filling up the DagBag from /home/airflow/.local/lib/python3.12/site-packages/airflow/example_dags/example_bash_operator.py
[2024-07-16T17:31:43.861+0000] {processor.py:840} INFO - DAG(s) 'example_bash_operator' retrieved from /home/airflow/.local/lib/python3.12/site-packages/airflow/example_dags/example_bash_operator.py
[2024-07-16T17:31:43.897+0000] {logging_mixin.py:188} INFO - [2024-07-16T17:31:43.897+0000] {dag.py:3089} INFO - Sync 1 DAGs
[2024-07-16T17:31:43.920+0000] {logging_mixin.py:188} INFO - [2024-07-16T17:31:43.920+0000] {dag.py:3947} INFO - Setting next_dagrun for example_bash_operator to 2024-07-15 00:00:00+00:00, run_after=2024-07-16 00:00:00+00:00
[2024-07-16T17:31:43.942+0000] {processor.py:183} INFO - Processing /home/airflow/.local/lib/python3.12/site-packages/airflow/example_dags/example_bash_operator.py took 0.106 seconds
