[2024-07-16T17:17:27.697+0000] {processor.py:161} INFO - Started process (PID=177) to work on /home/airflow/.local/lib/python3.12/site-packages/airflow/example_dags/example_latest_only.py
[2024-07-16T17:17:27.698+0000] {processor.py:830} INFO - Processing file /home/airflow/.local/lib/python3.12/site-packages/airflow/example_dags/example_latest_only.py for tasks to queue
[2024-07-16T17:17:27.700+0000] {logging_mixin.py:188} INFO - [2024-07-16T17:17:27.700+0000] {dagbag.py:545} INFO - Filling up the DagBag from /home/airflow/.local/lib/python3.12/site-packages/airflow/example_dags/example_latest_only.py
[2024-07-16T17:17:27.708+0000] {processor.py:840} INFO - DAG(s) 'latest_only' retrieved from /home/airflow/.local/lib/python3.12/site-packages/airflow/example_dags/example_latest_only.py
[2024-07-16T17:17:27.743+0000] {logging_mixin.py:188} INFO - [2024-07-16T17:17:27.743+0000] {dag.py:3089} INFO - Sync 1 DAGs
[2024-07-16T17:17:27.767+0000] {logging_mixin.py:188} INFO - [2024-07-16T17:17:27.766+0000] {dag.py:3947} INFO - Setting next_dagrun for latest_only to 2024-07-16 12:00:00+00:00, run_after=2024-07-16 16:00:00+00:00
[2024-07-16T17:17:27.787+0000] {processor.py:183} INFO - Processing /home/airflow/.local/lib/python3.12/site-packages/airflow/example_dags/example_latest_only.py took 0.096 seconds
[2024-07-16T17:17:58.728+0000] {processor.py:161} INFO - Started process (PID=438) to work on /home/airflow/.local/lib/python3.12/site-packages/airflow/example_dags/example_latest_only.py
[2024-07-16T17:17:58.755+0000] {processor.py:830} INFO - Processing file /home/airflow/.local/lib/python3.12/site-packages/airflow/example_dags/example_latest_only.py for tasks to queue
[2024-07-16T17:17:58.758+0000] {logging_mixin.py:188} INFO - [2024-07-16T17:17:58.758+0000] {dagbag.py:545} INFO - Filling up the DagBag from /home/airflow/.local/lib/python3.12/site-packages/airflow/example_dags/example_latest_only.py
[2024-07-16T17:17:58.762+0000] {processor.py:840} INFO - DAG(s) 'latest_only' retrieved from /home/airflow/.local/lib/python3.12/site-packages/airflow/example_dags/example_latest_only.py
[2024-07-16T17:17:58.955+0000] {logging_mixin.py:188} INFO - [2024-07-16T17:17:58.955+0000] {dag.py:3089} INFO - Sync 1 DAGs
[2024-07-16T17:17:58.975+0000] {logging_mixin.py:188} INFO - [2024-07-16T17:17:58.975+0000] {dag.py:3947} INFO - Setting next_dagrun for latest_only to 2024-07-16 12:00:00+00:00, run_after=2024-07-16 16:00:00+00:00
[2024-07-16T17:17:58.995+0000] {processor.py:183} INFO - Processing /home/airflow/.local/lib/python3.12/site-packages/airflow/example_dags/example_latest_only.py took 0.273 seconds
[2024-07-16T17:18:29.758+0000] {processor.py:161} INFO - Started process (PID=701) to work on /home/airflow/.local/lib/python3.12/site-packages/airflow/example_dags/example_latest_only.py
[2024-07-16T17:18:29.774+0000] {processor.py:830} INFO - Processing file /home/airflow/.local/lib/python3.12/site-packages/airflow/example_dags/example_latest_only.py for tasks to queue
[2024-07-16T17:18:29.775+0000] {logging_mixin.py:188} INFO - [2024-07-16T17:18:29.775+0000] {dagbag.py:545} INFO - Filling up the DagBag from /home/airflow/.local/lib/python3.12/site-packages/airflow/example_dags/example_latest_only.py
[2024-07-16T17:18:29.780+0000] {processor.py:840} INFO - DAG(s) 'latest_only' retrieved from /home/airflow/.local/lib/python3.12/site-packages/airflow/example_dags/example_latest_only.py
[2024-07-16T17:18:29.805+0000] {logging_mixin.py:188} INFO - [2024-07-16T17:18:29.805+0000] {dag.py:3089} INFO - Sync 1 DAGs
[2024-07-16T17:18:29.824+0000] {logging_mixin.py:188} INFO - [2024-07-16T17:18:29.824+0000] {dag.py:3947} INFO - Setting next_dagrun for latest_only to 2024-07-16 12:00:00+00:00, run_after=2024-07-16 16:00:00+00:00
[2024-07-16T17:18:29.843+0000] {processor.py:183} INFO - Processing /home/airflow/.local/lib/python3.12/site-packages/airflow/example_dags/example_latest_only.py took 0.089 seconds
[2024-07-16T17:19:00.406+0000] {processor.py:161} INFO - Started process (PID=963) to work on /home/airflow/.local/lib/python3.12/site-packages/airflow/example_dags/example_latest_only.py
[2024-07-16T17:19:00.430+0000] {processor.py:830} INFO - Processing file /home/airflow/.local/lib/python3.12/site-packages/airflow/example_dags/example_latest_only.py for tasks to queue
[2024-07-16T17:19:00.432+0000] {logging_mixin.py:188} INFO - [2024-07-16T17:19:00.431+0000] {dagbag.py:545} INFO - Filling up the DagBag from /home/airflow/.local/lib/python3.12/site-packages/airflow/example_dags/example_latest_only.py
[2024-07-16T17:19:00.436+0000] {processor.py:840} INFO - DAG(s) 'latest_only' retrieved from /home/airflow/.local/lib/python3.12/site-packages/airflow/example_dags/example_latest_only.py
[2024-07-16T17:19:00.460+0000] {logging_mixin.py:188} INFO - [2024-07-16T17:19:00.459+0000] {dag.py:3089} INFO - Sync 1 DAGs
[2024-07-16T17:19:00.481+0000] {logging_mixin.py:188} INFO - [2024-07-16T17:19:00.480+0000] {dag.py:3947} INFO - Setting next_dagrun for latest_only to 2024-07-16 12:00:00+00:00, run_after=2024-07-16 16:00:00+00:00
[2024-07-16T17:19:00.500+0000] {processor.py:183} INFO - Processing /home/airflow/.local/lib/python3.12/site-packages/airflow/example_dags/example_latest_only.py took 0.100 seconds
[2024-07-16T17:19:30.818+0000] {processor.py:161} INFO - Started process (PID=1225) to work on /home/airflow/.local/lib/python3.12/site-packages/airflow/example_dags/example_latest_only.py
[2024-07-16T17:19:30.819+0000] {processor.py:830} INFO - Processing file /home/airflow/.local/lib/python3.12/site-packages/airflow/example_dags/example_latest_only.py for tasks to queue
[2024-07-16T17:19:30.820+0000] {logging_mixin.py:188} INFO - [2024-07-16T17:19:30.820+0000] {dagbag.py:545} INFO - Filling up the DagBag from /home/airflow/.local/lib/python3.12/site-packages/airflow/example_dags/example_latest_only.py
[2024-07-16T17:19:30.824+0000] {processor.py:840} INFO - DAG(s) 'latest_only' retrieved from /home/airflow/.local/lib/python3.12/site-packages/airflow/example_dags/example_latest_only.py
[2024-07-16T17:19:30.845+0000] {logging_mixin.py:188} INFO - [2024-07-16T17:19:30.845+0000] {dag.py:3089} INFO - Sync 1 DAGs
[2024-07-16T17:19:30.864+0000] {logging_mixin.py:188} INFO - [2024-07-16T17:19:30.864+0000] {dag.py:3947} INFO - Setting next_dagrun for latest_only to 2024-07-16 12:00:00+00:00, run_after=2024-07-16 16:00:00+00:00
[2024-07-16T17:19:30.885+0000] {processor.py:183} INFO - Processing /home/airflow/.local/lib/python3.12/site-packages/airflow/example_dags/example_latest_only.py took 0.073 seconds
[2024-07-16T17:20:01.528+0000] {processor.py:161} INFO - Started process (PID=1487) to work on /home/airflow/.local/lib/python3.12/site-packages/airflow/example_dags/example_latest_only.py
[2024-07-16T17:20:01.529+0000] {processor.py:830} INFO - Processing file /home/airflow/.local/lib/python3.12/site-packages/airflow/example_dags/example_latest_only.py for tasks to queue
[2024-07-16T17:20:01.531+0000] {logging_mixin.py:188} INFO - [2024-07-16T17:20:01.530+0000] {dagbag.py:545} INFO - Filling up the DagBag from /home/airflow/.local/lib/python3.12/site-packages/airflow/example_dags/example_latest_only.py
[2024-07-16T17:20:01.534+0000] {processor.py:840} INFO - DAG(s) 'latest_only' retrieved from /home/airflow/.local/lib/python3.12/site-packages/airflow/example_dags/example_latest_only.py
[2024-07-16T17:20:01.556+0000] {logging_mixin.py:188} INFO - [2024-07-16T17:20:01.556+0000] {dag.py:3089} INFO - Sync 1 DAGs
[2024-07-16T17:20:01.575+0000] {logging_mixin.py:188} INFO - [2024-07-16T17:20:01.575+0000] {dag.py:3947} INFO - Setting next_dagrun for latest_only to 2024-07-16 12:00:00+00:00, run_after=2024-07-16 16:00:00+00:00
[2024-07-16T17:20:01.594+0000] {processor.py:183} INFO - Processing /home/airflow/.local/lib/python3.12/site-packages/airflow/example_dags/example_latest_only.py took 0.071 seconds
[2024-07-16T17:20:32.091+0000] {processor.py:161} INFO - Started process (PID=1750) to work on /home/airflow/.local/lib/python3.12/site-packages/airflow/example_dags/example_latest_only.py
[2024-07-16T17:20:32.112+0000] {processor.py:830} INFO - Processing file /home/airflow/.local/lib/python3.12/site-packages/airflow/example_dags/example_latest_only.py for tasks to queue
[2024-07-16T17:20:32.114+0000] {logging_mixin.py:188} INFO - [2024-07-16T17:20:32.114+0000] {dagbag.py:545} INFO - Filling up the DagBag from /home/airflow/.local/lib/python3.12/site-packages/airflow/example_dags/example_latest_only.py
[2024-07-16T17:20:32.118+0000] {processor.py:840} INFO - DAG(s) 'latest_only' retrieved from /home/airflow/.local/lib/python3.12/site-packages/airflow/example_dags/example_latest_only.py
[2024-07-16T17:20:32.140+0000] {logging_mixin.py:188} INFO - [2024-07-16T17:20:32.139+0000] {dag.py:3089} INFO - Sync 1 DAGs
[2024-07-16T17:20:32.158+0000] {logging_mixin.py:188} INFO - [2024-07-16T17:20:32.158+0000] {dag.py:3947} INFO - Setting next_dagrun for latest_only to 2024-07-16 12:00:00+00:00, run_after=2024-07-16 16:00:00+00:00
[2024-07-16T17:20:32.176+0000] {processor.py:183} INFO - Processing /home/airflow/.local/lib/python3.12/site-packages/airflow/example_dags/example_latest_only.py took 0.090 seconds
[2024-07-16T17:21:02.725+0000] {processor.py:161} INFO - Started process (PID=2012) to work on /home/airflow/.local/lib/python3.12/site-packages/airflow/example_dags/example_latest_only.py
[2024-07-16T17:21:02.747+0000] {processor.py:830} INFO - Processing file /home/airflow/.local/lib/python3.12/site-packages/airflow/example_dags/example_latest_only.py for tasks to queue
[2024-07-16T17:21:02.749+0000] {logging_mixin.py:188} INFO - [2024-07-16T17:21:02.749+0000] {dagbag.py:545} INFO - Filling up the DagBag from /home/airflow/.local/lib/python3.12/site-packages/airflow/example_dags/example_latest_only.py
[2024-07-16T17:21:02.753+0000] {processor.py:840} INFO - DAG(s) 'latest_only' retrieved from /home/airflow/.local/lib/python3.12/site-packages/airflow/example_dags/example_latest_only.py
[2024-07-16T17:21:02.773+0000] {logging_mixin.py:188} INFO - [2024-07-16T17:21:02.773+0000] {dag.py:3089} INFO - Sync 1 DAGs
[2024-07-16T17:21:02.792+0000] {logging_mixin.py:188} INFO - [2024-07-16T17:21:02.792+0000] {dag.py:3947} INFO - Setting next_dagrun for latest_only to 2024-07-16 12:00:00+00:00, run_after=2024-07-16 16:00:00+00:00
[2024-07-16T17:21:02.813+0000] {processor.py:183} INFO - Processing /home/airflow/.local/lib/python3.12/site-packages/airflow/example_dags/example_latest_only.py took 0.093 seconds
[2024-07-16T17:21:33.235+0000] {processor.py:161} INFO - Started process (PID=2273) to work on /home/airflow/.local/lib/python3.12/site-packages/airflow/example_dags/example_latest_only.py
[2024-07-16T17:21:33.260+0000] {processor.py:830} INFO - Processing file /home/airflow/.local/lib/python3.12/site-packages/airflow/example_dags/example_latest_only.py for tasks to queue
[2024-07-16T17:21:33.264+0000] {logging_mixin.py:188} INFO - [2024-07-16T17:21:33.263+0000] {dagbag.py:545} INFO - Filling up the DagBag from /home/airflow/.local/lib/python3.12/site-packages/airflow/example_dags/example_latest_only.py
[2024-07-16T17:21:33.270+0000] {processor.py:840} INFO - DAG(s) 'latest_only' retrieved from /home/airflow/.local/lib/python3.12/site-packages/airflow/example_dags/example_latest_only.py
[2024-07-16T17:21:33.291+0000] {logging_mixin.py:188} INFO - [2024-07-16T17:21:33.290+0000] {dag.py:3089} INFO - Sync 1 DAGs
[2024-07-16T17:21:33.310+0000] {logging_mixin.py:188} INFO - [2024-07-16T17:21:33.310+0000] {dag.py:3947} INFO - Setting next_dagrun for latest_only to 2024-07-16 12:00:00+00:00, run_after=2024-07-16 16:00:00+00:00
[2024-07-16T17:21:33.332+0000] {processor.py:183} INFO - Processing /home/airflow/.local/lib/python3.12/site-packages/airflow/example_dags/example_latest_only.py took 0.101 seconds
[2024-07-16T17:22:03.783+0000] {processor.py:161} INFO - Started process (PID=2534) to work on /home/airflow/.local/lib/python3.12/site-packages/airflow/example_dags/example_latest_only.py
[2024-07-16T17:22:03.806+0000] {processor.py:830} INFO - Processing file /home/airflow/.local/lib/python3.12/site-packages/airflow/example_dags/example_latest_only.py for tasks to queue
[2024-07-16T17:22:03.808+0000] {logging_mixin.py:188} INFO - [2024-07-16T17:22:03.807+0000] {dagbag.py:545} INFO - Filling up the DagBag from /home/airflow/.local/lib/python3.12/site-packages/airflow/example_dags/example_latest_only.py
[2024-07-16T17:22:03.811+0000] {processor.py:840} INFO - DAG(s) 'latest_only' retrieved from /home/airflow/.local/lib/python3.12/site-packages/airflow/example_dags/example_latest_only.py
[2024-07-16T17:22:03.831+0000] {logging_mixin.py:188} INFO - [2024-07-16T17:22:03.831+0000] {dag.py:3089} INFO - Sync 1 DAGs
[2024-07-16T17:22:03.849+0000] {logging_mixin.py:188} INFO - [2024-07-16T17:22:03.849+0000] {dag.py:3947} INFO - Setting next_dagrun for latest_only to 2024-07-16 12:00:00+00:00, run_after=2024-07-16 16:00:00+00:00
[2024-07-16T17:22:03.870+0000] {processor.py:183} INFO - Processing /home/airflow/.local/lib/python3.12/site-packages/airflow/example_dags/example_latest_only.py took 0.095 seconds
[2024-07-16T17:22:34.338+0000] {processor.py:161} INFO - Started process (PID=2796) to work on /home/airflow/.local/lib/python3.12/site-packages/airflow/example_dags/example_latest_only.py
[2024-07-16T17:22:34.366+0000] {processor.py:830} INFO - Processing file /home/airflow/.local/lib/python3.12/site-packages/airflow/example_dags/example_latest_only.py for tasks to queue
[2024-07-16T17:22:34.367+0000] {logging_mixin.py:188} INFO - [2024-07-16T17:22:34.367+0000] {dagbag.py:545} INFO - Filling up the DagBag from /home/airflow/.local/lib/python3.12/site-packages/airflow/example_dags/example_latest_only.py
[2024-07-16T17:22:34.371+0000] {processor.py:840} INFO - DAG(s) 'latest_only' retrieved from /home/airflow/.local/lib/python3.12/site-packages/airflow/example_dags/example_latest_only.py
[2024-07-16T17:22:34.393+0000] {logging_mixin.py:188} INFO - [2024-07-16T17:22:34.393+0000] {dag.py:3089} INFO - Sync 1 DAGs
[2024-07-16T17:22:34.414+0000] {logging_mixin.py:188} INFO - [2024-07-16T17:22:34.414+0000] {dag.py:3947} INFO - Setting next_dagrun for latest_only to 2024-07-16 12:00:00+00:00, run_after=2024-07-16 16:00:00+00:00
[2024-07-16T17:22:34.437+0000] {processor.py:183} INFO - Processing /home/airflow/.local/lib/python3.12/site-packages/airflow/example_dags/example_latest_only.py took 0.105 seconds
[2024-07-16T17:23:04.979+0000] {processor.py:161} INFO - Started process (PID=3057) to work on /home/airflow/.local/lib/python3.12/site-packages/airflow/example_dags/example_latest_only.py
[2024-07-16T17:23:04.989+0000] {processor.py:830} INFO - Processing file /home/airflow/.local/lib/python3.12/site-packages/airflow/example_dags/example_latest_only.py for tasks to queue
[2024-07-16T17:23:04.990+0000] {logging_mixin.py:188} INFO - [2024-07-16T17:23:04.990+0000] {dagbag.py:545} INFO - Filling up the DagBag from /home/airflow/.local/lib/python3.12/site-packages/airflow/example_dags/example_latest_only.py
[2024-07-16T17:23:04.995+0000] {processor.py:840} INFO - DAG(s) 'latest_only' retrieved from /home/airflow/.local/lib/python3.12/site-packages/airflow/example_dags/example_latest_only.py
[2024-07-16T17:23:05.019+0000] {logging_mixin.py:188} INFO - [2024-07-16T17:23:05.019+0000] {dag.py:3089} INFO - Sync 1 DAGs
[2024-07-16T17:23:05.044+0000] {logging_mixin.py:188} INFO - [2024-07-16T17:23:05.044+0000] {dag.py:3947} INFO - Setting next_dagrun for latest_only to 2024-07-16 12:00:00+00:00, run_after=2024-07-16 16:00:00+00:00
[2024-07-16T17:23:05.065+0000] {processor.py:183} INFO - Processing /home/airflow/.local/lib/python3.12/site-packages/airflow/example_dags/example_latest_only.py took 0.094 seconds
[2024-07-16T17:23:35.099+0000] {processor.py:161} INFO - Started process (PID=3318) to work on /home/airflow/.local/lib/python3.12/site-packages/airflow/example_dags/example_latest_only.py
[2024-07-16T17:23:35.127+0000] {processor.py:830} INFO - Processing file /home/airflow/.local/lib/python3.12/site-packages/airflow/example_dags/example_latest_only.py for tasks to queue
[2024-07-16T17:23:35.130+0000] {logging_mixin.py:188} INFO - [2024-07-16T17:23:35.130+0000] {dagbag.py:545} INFO - Filling up the DagBag from /home/airflow/.local/lib/python3.12/site-packages/airflow/example_dags/example_latest_only.py
[2024-07-16T17:23:35.137+0000] {processor.py:840} INFO - DAG(s) 'latest_only' retrieved from /home/airflow/.local/lib/python3.12/site-packages/airflow/example_dags/example_latest_only.py
[2024-07-16T17:23:35.160+0000] {logging_mixin.py:188} INFO - [2024-07-16T17:23:35.160+0000] {dag.py:3089} INFO - Sync 1 DAGs
[2024-07-16T17:23:35.177+0000] {logging_mixin.py:188} INFO - [2024-07-16T17:23:35.177+0000] {dag.py:3947} INFO - Setting next_dagrun for latest_only to 2024-07-16 12:00:00+00:00, run_after=2024-07-16 16:00:00+00:00
[2024-07-16T17:23:35.196+0000] {processor.py:183} INFO - Processing /home/airflow/.local/lib/python3.12/site-packages/airflow/example_dags/example_latest_only.py took 0.102 seconds
[2024-07-16T17:24:05.596+0000] {processor.py:161} INFO - Started process (PID=3583) to work on /home/airflow/.local/lib/python3.12/site-packages/airflow/example_dags/example_latest_only.py
[2024-07-16T17:24:05.621+0000] {processor.py:830} INFO - Processing file /home/airflow/.local/lib/python3.12/site-packages/airflow/example_dags/example_latest_only.py for tasks to queue
[2024-07-16T17:24:05.624+0000] {logging_mixin.py:188} INFO - [2024-07-16T17:24:05.623+0000] {dagbag.py:545} INFO - Filling up the DagBag from /home/airflow/.local/lib/python3.12/site-packages/airflow/example_dags/example_latest_only.py
[2024-07-16T17:24:05.629+0000] {processor.py:840} INFO - DAG(s) 'latest_only' retrieved from /home/airflow/.local/lib/python3.12/site-packages/airflow/example_dags/example_latest_only.py
[2024-07-16T17:24:05.648+0000] {logging_mixin.py:188} INFO - [2024-07-16T17:24:05.648+0000] {dag.py:3089} INFO - Sync 1 DAGs
[2024-07-16T17:24:05.668+0000] {logging_mixin.py:188} INFO - [2024-07-16T17:24:05.667+0000] {dag.py:3947} INFO - Setting next_dagrun for latest_only to 2024-07-16 12:00:00+00:00, run_after=2024-07-16 16:00:00+00:00
[2024-07-16T17:24:05.688+0000] {processor.py:183} INFO - Processing /home/airflow/.local/lib/python3.12/site-packages/airflow/example_dags/example_latest_only.py took 0.097 seconds
[2024-07-16T17:24:35.756+0000] {processor.py:161} INFO - Started process (PID=3842) to work on /home/airflow/.local/lib/python3.12/site-packages/airflow/example_dags/example_latest_only.py
[2024-07-16T17:24:35.783+0000] {processor.py:830} INFO - Processing file /home/airflow/.local/lib/python3.12/site-packages/airflow/example_dags/example_latest_only.py for tasks to queue
[2024-07-16T17:24:35.786+0000] {logging_mixin.py:188} INFO - [2024-07-16T17:24:35.785+0000] {dagbag.py:545} INFO - Filling up the DagBag from /home/airflow/.local/lib/python3.12/site-packages/airflow/example_dags/example_latest_only.py
[2024-07-16T17:24:35.791+0000] {processor.py:840} INFO - DAG(s) 'latest_only' retrieved from /home/airflow/.local/lib/python3.12/site-packages/airflow/example_dags/example_latest_only.py
[2024-07-16T17:24:35.810+0000] {logging_mixin.py:188} INFO - [2024-07-16T17:24:35.810+0000] {dag.py:3089} INFO - Sync 1 DAGs
[2024-07-16T17:24:35.833+0000] {logging_mixin.py:188} INFO - [2024-07-16T17:24:35.833+0000] {dag.py:3947} INFO - Setting next_dagrun for latest_only to 2024-07-16 12:00:00+00:00, run_after=2024-07-16 16:00:00+00:00
[2024-07-16T17:24:35.852+0000] {processor.py:183} INFO - Processing /home/airflow/.local/lib/python3.12/site-packages/airflow/example_dags/example_latest_only.py took 0.101 seconds
[2024-07-16T17:25:06.141+0000] {processor.py:161} INFO - Started process (PID=4106) to work on /home/airflow/.local/lib/python3.12/site-packages/airflow/example_dags/example_latest_only.py
[2024-07-16T17:25:06.158+0000] {processor.py:830} INFO - Processing file /home/airflow/.local/lib/python3.12/site-packages/airflow/example_dags/example_latest_only.py for tasks to queue
[2024-07-16T17:25:06.160+0000] {logging_mixin.py:188} INFO - [2024-07-16T17:25:06.159+0000] {dagbag.py:545} INFO - Filling up the DagBag from /home/airflow/.local/lib/python3.12/site-packages/airflow/example_dags/example_latest_only.py
[2024-07-16T17:25:06.163+0000] {processor.py:840} INFO - DAG(s) 'latest_only' retrieved from /home/airflow/.local/lib/python3.12/site-packages/airflow/example_dags/example_latest_only.py
[2024-07-16T17:25:06.183+0000] {logging_mixin.py:188} INFO - [2024-07-16T17:25:06.183+0000] {dag.py:3089} INFO - Sync 1 DAGs
[2024-07-16T17:25:06.203+0000] {logging_mixin.py:188} INFO - [2024-07-16T17:25:06.202+0000] {dag.py:3947} INFO - Setting next_dagrun for latest_only to 2024-07-16 12:00:00+00:00, run_after=2024-07-16 16:00:00+00:00
[2024-07-16T17:25:06.223+0000] {processor.py:183} INFO - Processing /home/airflow/.local/lib/python3.12/site-packages/airflow/example_dags/example_latest_only.py took 0.087 seconds
[2024-07-16T17:25:36.910+0000] {processor.py:161} INFO - Started process (PID=4366) to work on /home/airflow/.local/lib/python3.12/site-packages/airflow/example_dags/example_latest_only.py
[2024-07-16T17:25:36.938+0000] {processor.py:830} INFO - Processing file /home/airflow/.local/lib/python3.12/site-packages/airflow/example_dags/example_latest_only.py for tasks to queue
[2024-07-16T17:25:36.940+0000] {logging_mixin.py:188} INFO - [2024-07-16T17:25:36.940+0000] {dagbag.py:545} INFO - Filling up the DagBag from /home/airflow/.local/lib/python3.12/site-packages/airflow/example_dags/example_latest_only.py
[2024-07-16T17:25:36.944+0000] {processor.py:840} INFO - DAG(s) 'latest_only' retrieved from /home/airflow/.local/lib/python3.12/site-packages/airflow/example_dags/example_latest_only.py
[2024-07-16T17:25:36.963+0000] {logging_mixin.py:188} INFO - [2024-07-16T17:25:36.963+0000] {dag.py:3089} INFO - Sync 1 DAGs
[2024-07-16T17:25:36.987+0000] {logging_mixin.py:188} INFO - [2024-07-16T17:25:36.987+0000] {dag.py:3947} INFO - Setting next_dagrun for latest_only to 2024-07-16 12:00:00+00:00, run_after=2024-07-16 16:00:00+00:00
[2024-07-16T17:25:37.008+0000] {processor.py:183} INFO - Processing /home/airflow/.local/lib/python3.12/site-packages/airflow/example_dags/example_latest_only.py took 0.102 seconds
[2024-07-16T17:26:07.285+0000] {processor.py:161} INFO - Started process (PID=4630) to work on /home/airflow/.local/lib/python3.12/site-packages/airflow/example_dags/example_latest_only.py
[2024-07-16T17:26:07.314+0000] {processor.py:830} INFO - Processing file /home/airflow/.local/lib/python3.12/site-packages/airflow/example_dags/example_latest_only.py for tasks to queue
[2024-07-16T17:26:07.317+0000] {logging_mixin.py:188} INFO - [2024-07-16T17:26:07.316+0000] {dagbag.py:545} INFO - Filling up the DagBag from /home/airflow/.local/lib/python3.12/site-packages/airflow/example_dags/example_latest_only.py
[2024-07-16T17:26:07.323+0000] {processor.py:840} INFO - DAG(s) 'latest_only' retrieved from /home/airflow/.local/lib/python3.12/site-packages/airflow/example_dags/example_latest_only.py
[2024-07-16T17:26:07.344+0000] {logging_mixin.py:188} INFO - [2024-07-16T17:26:07.344+0000] {dag.py:3089} INFO - Sync 1 DAGs
[2024-07-16T17:26:07.363+0000] {logging_mixin.py:188} INFO - [2024-07-16T17:26:07.363+0000] {dag.py:3947} INFO - Setting next_dagrun for latest_only to 2024-07-16 12:00:00+00:00, run_after=2024-07-16 16:00:00+00:00
[2024-07-16T17:26:07.383+0000] {processor.py:183} INFO - Processing /home/airflow/.local/lib/python3.12/site-packages/airflow/example_dags/example_latest_only.py took 0.104 seconds
[2024-07-16T17:26:37.982+0000] {processor.py:161} INFO - Started process (PID=4892) to work on /home/airflow/.local/lib/python3.12/site-packages/airflow/example_dags/example_latest_only.py
[2024-07-16T17:26:37.983+0000] {processor.py:830} INFO - Processing file /home/airflow/.local/lib/python3.12/site-packages/airflow/example_dags/example_latest_only.py for tasks to queue
[2024-07-16T17:26:37.985+0000] {logging_mixin.py:188} INFO - [2024-07-16T17:26:37.984+0000] {dagbag.py:545} INFO - Filling up the DagBag from /home/airflow/.local/lib/python3.12/site-packages/airflow/example_dags/example_latest_only.py
[2024-07-16T17:26:37.988+0000] {processor.py:840} INFO - DAG(s) 'latest_only' retrieved from /home/airflow/.local/lib/python3.12/site-packages/airflow/example_dags/example_latest_only.py
[2024-07-16T17:26:38.012+0000] {logging_mixin.py:188} INFO - [2024-07-16T17:26:38.012+0000] {dag.py:3089} INFO - Sync 1 DAGs
[2024-07-16T17:26:38.034+0000] {logging_mixin.py:188} INFO - [2024-07-16T17:26:38.033+0000] {dag.py:3947} INFO - Setting next_dagrun for latest_only to 2024-07-16 12:00:00+00:00, run_after=2024-07-16 16:00:00+00:00
[2024-07-16T17:26:38.053+0000] {processor.py:183} INFO - Processing /home/airflow/.local/lib/python3.12/site-packages/airflow/example_dags/example_latest_only.py took 0.076 seconds
[2024-07-16T17:27:08.203+0000] {processor.py:161} INFO - Started process (PID=5153) to work on /home/airflow/.local/lib/python3.12/site-packages/airflow/example_dags/example_latest_only.py
[2024-07-16T17:27:08.228+0000] {processor.py:830} INFO - Processing file /home/airflow/.local/lib/python3.12/site-packages/airflow/example_dags/example_latest_only.py for tasks to queue
[2024-07-16T17:27:08.230+0000] {logging_mixin.py:188} INFO - [2024-07-16T17:27:08.230+0000] {dagbag.py:545} INFO - Filling up the DagBag from /home/airflow/.local/lib/python3.12/site-packages/airflow/example_dags/example_latest_only.py
[2024-07-16T17:27:08.235+0000] {processor.py:840} INFO - DAG(s) 'latest_only' retrieved from /home/airflow/.local/lib/python3.12/site-packages/airflow/example_dags/example_latest_only.py
[2024-07-16T17:27:08.256+0000] {logging_mixin.py:188} INFO - [2024-07-16T17:27:08.255+0000] {dag.py:3089} INFO - Sync 1 DAGs
[2024-07-16T17:27:08.277+0000] {logging_mixin.py:188} INFO - [2024-07-16T17:27:08.276+0000] {dag.py:3947} INFO - Setting next_dagrun for latest_only to 2024-07-16 12:00:00+00:00, run_after=2024-07-16 16:00:00+00:00
[2024-07-16T17:27:08.294+0000] {processor.py:183} INFO - Processing /home/airflow/.local/lib/python3.12/site-packages/airflow/example_dags/example_latest_only.py took 0.101 seconds
[2024-07-16T17:27:39.009+0000] {processor.py:161} INFO - Started process (PID=5416) to work on /home/airflow/.local/lib/python3.12/site-packages/airflow/example_dags/example_latest_only.py
[2024-07-16T17:27:39.033+0000] {processor.py:830} INFO - Processing file /home/airflow/.local/lib/python3.12/site-packages/airflow/example_dags/example_latest_only.py for tasks to queue
[2024-07-16T17:27:39.035+0000] {logging_mixin.py:188} INFO - [2024-07-16T17:27:39.035+0000] {dagbag.py:545} INFO - Filling up the DagBag from /home/airflow/.local/lib/python3.12/site-packages/airflow/example_dags/example_latest_only.py
[2024-07-16T17:27:39.040+0000] {processor.py:840} INFO - DAG(s) 'latest_only' retrieved from /home/airflow/.local/lib/python3.12/site-packages/airflow/example_dags/example_latest_only.py
[2024-07-16T17:27:39.067+0000] {logging_mixin.py:188} INFO - [2024-07-16T17:27:39.067+0000] {dag.py:3089} INFO - Sync 1 DAGs
[2024-07-16T17:27:39.085+0000] {logging_mixin.py:188} INFO - [2024-07-16T17:27:39.085+0000] {dag.py:3947} INFO - Setting next_dagrun for latest_only to 2024-07-16 12:00:00+00:00, run_after=2024-07-16 16:00:00+00:00
[2024-07-16T17:27:39.105+0000] {processor.py:183} INFO - Processing /home/airflow/.local/lib/python3.12/site-packages/airflow/example_dags/example_latest_only.py took 0.101 seconds
[2024-07-16T17:28:09.458+0000] {processor.py:161} INFO - Started process (PID=5686) to work on /home/airflow/.local/lib/python3.12/site-packages/airflow/example_dags/example_latest_only.py
[2024-07-16T17:28:09.478+0000] {processor.py:830} INFO - Processing file /home/airflow/.local/lib/python3.12/site-packages/airflow/example_dags/example_latest_only.py for tasks to queue
[2024-07-16T17:28:09.480+0000] {logging_mixin.py:188} INFO - [2024-07-16T17:28:09.480+0000] {dagbag.py:545} INFO - Filling up the DagBag from /home/airflow/.local/lib/python3.12/site-packages/airflow/example_dags/example_latest_only.py
[2024-07-16T17:28:09.486+0000] {processor.py:840} INFO - DAG(s) 'latest_only' retrieved from /home/airflow/.local/lib/python3.12/site-packages/airflow/example_dags/example_latest_only.py
[2024-07-16T17:28:09.516+0000] {logging_mixin.py:188} INFO - [2024-07-16T17:28:09.516+0000] {dag.py:3089} INFO - Sync 1 DAGs
[2024-07-16T17:28:09.551+0000] {logging_mixin.py:188} INFO - [2024-07-16T17:28:09.551+0000] {dag.py:3947} INFO - Setting next_dagrun for latest_only to 2024-07-16 12:00:00+00:00, run_after=2024-07-16 16:00:00+00:00
[2024-07-16T17:28:09.577+0000] {processor.py:183} INFO - Processing /home/airflow/.local/lib/python3.12/site-packages/airflow/example_dags/example_latest_only.py took 0.126 seconds
[2024-07-16T17:28:39.774+0000] {processor.py:161} INFO - Started process (PID=5948) to work on /home/airflow/.local/lib/python3.12/site-packages/airflow/example_dags/example_latest_only.py
[2024-07-16T17:28:39.801+0000] {processor.py:830} INFO - Processing file /home/airflow/.local/lib/python3.12/site-packages/airflow/example_dags/example_latest_only.py for tasks to queue
[2024-07-16T17:28:39.805+0000] {logging_mixin.py:188} INFO - [2024-07-16T17:28:39.805+0000] {dagbag.py:545} INFO - Filling up the DagBag from /home/airflow/.local/lib/python3.12/site-packages/airflow/example_dags/example_latest_only.py
[2024-07-16T17:28:39.810+0000] {processor.py:840} INFO - DAG(s) 'latest_only' retrieved from /home/airflow/.local/lib/python3.12/site-packages/airflow/example_dags/example_latest_only.py
[2024-07-16T17:28:39.831+0000] {logging_mixin.py:188} INFO - [2024-07-16T17:28:39.831+0000] {dag.py:3089} INFO - Sync 1 DAGs
[2024-07-16T17:28:39.852+0000] {logging_mixin.py:188} INFO - [2024-07-16T17:28:39.852+0000] {dag.py:3947} INFO - Setting next_dagrun for latest_only to 2024-07-16 12:00:00+00:00, run_after=2024-07-16 16:00:00+00:00
[2024-07-16T17:28:39.872+0000] {processor.py:183} INFO - Processing /home/airflow/.local/lib/python3.12/site-packages/airflow/example_dags/example_latest_only.py took 0.103 seconds
[2024-07-16T17:29:10.114+0000] {processor.py:161} INFO - Started process (PID=6208) to work on /home/airflow/.local/lib/python3.12/site-packages/airflow/example_dags/example_latest_only.py
[2024-07-16T17:29:10.133+0000] {processor.py:830} INFO - Processing file /home/airflow/.local/lib/python3.12/site-packages/airflow/example_dags/example_latest_only.py for tasks to queue
[2024-07-16T17:29:10.135+0000] {logging_mixin.py:188} INFO - [2024-07-16T17:29:10.135+0000] {dagbag.py:545} INFO - Filling up the DagBag from /home/airflow/.local/lib/python3.12/site-packages/airflow/example_dags/example_latest_only.py
[2024-07-16T17:29:10.138+0000] {processor.py:840} INFO - DAG(s) 'latest_only' retrieved from /home/airflow/.local/lib/python3.12/site-packages/airflow/example_dags/example_latest_only.py
[2024-07-16T17:29:10.156+0000] {logging_mixin.py:188} INFO - [2024-07-16T17:29:10.156+0000] {dag.py:3089} INFO - Sync 1 DAGs
[2024-07-16T17:29:10.174+0000] {logging_mixin.py:188} INFO - [2024-07-16T17:29:10.173+0000] {dag.py:3947} INFO - Setting next_dagrun for latest_only to 2024-07-16 12:00:00+00:00, run_after=2024-07-16 16:00:00+00:00
[2024-07-16T17:29:10.195+0000] {processor.py:183} INFO - Processing /home/airflow/.local/lib/python3.12/site-packages/airflow/example_dags/example_latest_only.py took 0.086 seconds
[2024-07-16T17:29:40.682+0000] {processor.py:161} INFO - Started process (PID=6472) to work on /home/airflow/.local/lib/python3.12/site-packages/airflow/example_dags/example_latest_only.py
[2024-07-16T17:29:40.700+0000] {processor.py:830} INFO - Processing file /home/airflow/.local/lib/python3.12/site-packages/airflow/example_dags/example_latest_only.py for tasks to queue
[2024-07-16T17:29:40.701+0000] {logging_mixin.py:188} INFO - [2024-07-16T17:29:40.701+0000] {dagbag.py:545} INFO - Filling up the DagBag from /home/airflow/.local/lib/python3.12/site-packages/airflow/example_dags/example_latest_only.py
[2024-07-16T17:29:40.704+0000] {processor.py:840} INFO - DAG(s) 'latest_only' retrieved from /home/airflow/.local/lib/python3.12/site-packages/airflow/example_dags/example_latest_only.py
[2024-07-16T17:29:40.727+0000] {logging_mixin.py:188} INFO - [2024-07-16T17:29:40.726+0000] {dag.py:3089} INFO - Sync 1 DAGs
[2024-07-16T17:29:40.747+0000] {logging_mixin.py:188} INFO - [2024-07-16T17:29:40.747+0000] {dag.py:3947} INFO - Setting next_dagrun for latest_only to 2024-07-16 12:00:00+00:00, run_after=2024-07-16 16:00:00+00:00
[2024-07-16T17:29:40.769+0000] {processor.py:183} INFO - Processing /home/airflow/.local/lib/python3.12/site-packages/airflow/example_dags/example_latest_only.py took 0.092 seconds
[2024-07-16T17:30:10.797+0000] {processor.py:161} INFO - Started process (PID=6732) to work on /home/airflow/.local/lib/python3.12/site-packages/airflow/example_dags/example_latest_only.py
[2024-07-16T17:30:10.825+0000] {processor.py:830} INFO - Processing file /home/airflow/.local/lib/python3.12/site-packages/airflow/example_dags/example_latest_only.py for tasks to queue
[2024-07-16T17:30:10.828+0000] {logging_mixin.py:188} INFO - [2024-07-16T17:30:10.827+0000] {dagbag.py:545} INFO - Filling up the DagBag from /home/airflow/.local/lib/python3.12/site-packages/airflow/example_dags/example_latest_only.py
[2024-07-16T17:30:10.832+0000] {processor.py:840} INFO - DAG(s) 'latest_only' retrieved from /home/airflow/.local/lib/python3.12/site-packages/airflow/example_dags/example_latest_only.py
[2024-07-16T17:30:10.852+0000] {logging_mixin.py:188} INFO - [2024-07-16T17:30:10.852+0000] {dag.py:3089} INFO - Sync 1 DAGs
[2024-07-16T17:30:10.870+0000] {logging_mixin.py:188} INFO - [2024-07-16T17:30:10.870+0000] {dag.py:3947} INFO - Setting next_dagrun for latest_only to 2024-07-16 12:00:00+00:00, run_after=2024-07-16 16:00:00+00:00
[2024-07-16T17:30:10.890+0000] {processor.py:183} INFO - Processing /home/airflow/.local/lib/python3.12/site-packages/airflow/example_dags/example_latest_only.py took 0.098 seconds
[2024-07-16T17:30:41.336+0000] {processor.py:161} INFO - Started process (PID=6997) to work on /home/airflow/.local/lib/python3.12/site-packages/airflow/example_dags/example_latest_only.py
[2024-07-16T17:30:41.337+0000] {processor.py:830} INFO - Processing file /home/airflow/.local/lib/python3.12/site-packages/airflow/example_dags/example_latest_only.py for tasks to queue
[2024-07-16T17:30:41.340+0000] {logging_mixin.py:188} INFO - [2024-07-16T17:30:41.339+0000] {dagbag.py:545} INFO - Filling up the DagBag from /home/airflow/.local/lib/python3.12/site-packages/airflow/example_dags/example_latest_only.py
[2024-07-16T17:30:41.347+0000] {processor.py:840} INFO - DAG(s) 'latest_only' retrieved from /home/airflow/.local/lib/python3.12/site-packages/airflow/example_dags/example_latest_only.py
[2024-07-16T17:30:41.379+0000] {logging_mixin.py:188} INFO - [2024-07-16T17:30:41.379+0000] {dag.py:3089} INFO - Sync 1 DAGs
[2024-07-16T17:30:41.417+0000] {logging_mixin.py:188} INFO - [2024-07-16T17:30:41.417+0000] {dag.py:3947} INFO - Setting next_dagrun for latest_only to 2024-07-16 12:00:00+00:00, run_after=2024-07-16 16:00:00+00:00
[2024-07-16T17:30:41.449+0000] {processor.py:183} INFO - Processing /home/airflow/.local/lib/python3.12/site-packages/airflow/example_dags/example_latest_only.py took 0.124 seconds
[2024-07-16T17:31:11.538+0000] {processor.py:161} INFO - Started process (PID=7259) to work on /home/airflow/.local/lib/python3.12/site-packages/airflow/example_dags/example_latest_only.py
[2024-07-16T17:31:11.566+0000] {processor.py:830} INFO - Processing file /home/airflow/.local/lib/python3.12/site-packages/airflow/example_dags/example_latest_only.py for tasks to queue
[2024-07-16T17:31:11.568+0000] {logging_mixin.py:188} INFO - [2024-07-16T17:31:11.567+0000] {dagbag.py:545} INFO - Filling up the DagBag from /home/airflow/.local/lib/python3.12/site-packages/airflow/example_dags/example_latest_only.py
[2024-07-16T17:31:11.572+0000] {processor.py:840} INFO - DAG(s) 'latest_only' retrieved from /home/airflow/.local/lib/python3.12/site-packages/airflow/example_dags/example_latest_only.py
[2024-07-16T17:31:11.590+0000] {logging_mixin.py:188} INFO - [2024-07-16T17:31:11.590+0000] {dag.py:3089} INFO - Sync 1 DAGs
[2024-07-16T17:31:11.611+0000] {logging_mixin.py:188} INFO - [2024-07-16T17:31:11.611+0000] {dag.py:3947} INFO - Setting next_dagrun for latest_only to 2024-07-16 12:00:00+00:00, run_after=2024-07-16 16:00:00+00:00
[2024-07-16T17:31:11.634+0000] {processor.py:183} INFO - Processing /home/airflow/.local/lib/python3.12/site-packages/airflow/example_dags/example_latest_only.py took 0.101 seconds
[2024-07-16T17:31:41.813+0000] {processor.py:161} INFO - Started process (PID=7521) to work on /home/airflow/.local/lib/python3.12/site-packages/airflow/example_dags/example_latest_only.py
[2024-07-16T17:31:41.815+0000] {processor.py:830} INFO - Processing file /home/airflow/.local/lib/python3.12/site-packages/airflow/example_dags/example_latest_only.py for tasks to queue
[2024-07-16T17:31:41.816+0000] {logging_mixin.py:188} INFO - [2024-07-16T17:31:41.816+0000] {dagbag.py:545} INFO - Filling up the DagBag from /home/airflow/.local/lib/python3.12/site-packages/airflow/example_dags/example_latest_only.py
[2024-07-16T17:31:41.822+0000] {processor.py:840} INFO - DAG(s) 'latest_only' retrieved from /home/airflow/.local/lib/python3.12/site-packages/airflow/example_dags/example_latest_only.py
[2024-07-16T17:31:41.850+0000] {logging_mixin.py:188} INFO - [2024-07-16T17:31:41.849+0000] {dag.py:3089} INFO - Sync 1 DAGs
[2024-07-16T17:31:41.877+0000] {logging_mixin.py:188} INFO - [2024-07-16T17:31:41.876+0000] {dag.py:3947} INFO - Setting next_dagrun for latest_only to 2024-07-16 12:00:00+00:00, run_after=2024-07-16 16:00:00+00:00
[2024-07-16T17:31:41.902+0000] {processor.py:183} INFO - Processing /home/airflow/.local/lib/python3.12/site-packages/airflow/example_dags/example_latest_only.py took 0.097 seconds
