[2024-07-16T17:17:30.303+0000] {processor.py:161} INFO - Started process (PID=389) to work on /home/airflow/.local/lib/python3.12/site-packages/airflow/example_dags/example_short_circuit_operator.py
[2024-07-16T17:17:30.304+0000] {processor.py:830} INFO - Processing file /home/airflow/.local/lib/python3.12/site-packages/airflow/example_dags/example_short_circuit_operator.py for tasks to queue
[2024-07-16T17:17:30.306+0000] {logging_mixin.py:188} INFO - [2024-07-16T17:17:30.306+0000] {dagbag.py:545} INFO - Filling up the DagBag from /home/airflow/.local/lib/python3.12/site-packages/airflow/example_dags/example_short_circuit_operator.py
[2024-07-16T17:17:30.314+0000] {processor.py:840} INFO - DAG(s) 'example_short_circuit_operator' retrieved from /home/airflow/.local/lib/python3.12/site-packages/airflow/example_dags/example_short_circuit_operator.py
[2024-07-16T17:17:30.325+0000] {logging_mixin.py:188} INFO - [2024-07-16T17:17:30.324+0000] {dag.py:3089} INFO - Sync 1 DAGs
[2024-07-16T17:17:30.347+0000] {logging_mixin.py:188} INFO - [2024-07-16T17:17:30.347+0000] {dag.py:3947} INFO - Setting next_dagrun for example_short_circuit_operator to 2024-07-15 00:00:00+00:00, run_after=2024-07-16 00:00:00+00:00
[2024-07-16T17:17:30.369+0000] {processor.py:183} INFO - Processing /home/airflow/.local/lib/python3.12/site-packages/airflow/example_dags/example_short_circuit_operator.py took 0.071 seconds
[2024-07-16T17:18:02.854+0000] {processor.py:161} INFO - Started process (PID=651) to work on /home/airflow/.local/lib/python3.12/site-packages/airflow/example_dags/example_short_circuit_operator.py
[2024-07-16T17:18:02.855+0000] {processor.py:830} INFO - Processing file /home/airflow/.local/lib/python3.12/site-packages/airflow/example_dags/example_short_circuit_operator.py for tasks to queue
[2024-07-16T17:18:02.857+0000] {logging_mixin.py:188} INFO - [2024-07-16T17:18:02.856+0000] {dagbag.py:545} INFO - Filling up the DagBag from /home/airflow/.local/lib/python3.12/site-packages/airflow/example_dags/example_short_circuit_operator.py
[2024-07-16T17:18:02.862+0000] {processor.py:840} INFO - DAG(s) 'example_short_circuit_operator' retrieved from /home/airflow/.local/lib/python3.12/site-packages/airflow/example_dags/example_short_circuit_operator.py
[2024-07-16T17:18:02.937+0000] {logging_mixin.py:188} INFO - [2024-07-16T17:18:02.937+0000] {dag.py:3089} INFO - Sync 1 DAGs
[2024-07-16T17:18:02.951+0000] {logging_mixin.py:188} INFO - [2024-07-16T17:18:02.951+0000] {dag.py:3947} INFO - Setting next_dagrun for example_short_circuit_operator to 2024-07-15 00:00:00+00:00, run_after=2024-07-16 00:00:00+00:00
[2024-07-16T17:18:02.971+0000] {processor.py:183} INFO - Processing /home/airflow/.local/lib/python3.12/site-packages/airflow/example_dags/example_short_circuit_operator.py took 0.122 seconds
[2024-07-16T17:18:32.995+0000] {processor.py:161} INFO - Started process (PID=913) to work on /home/airflow/.local/lib/python3.12/site-packages/airflow/example_dags/example_short_circuit_operator.py
[2024-07-16T17:18:32.997+0000] {processor.py:830} INFO - Processing file /home/airflow/.local/lib/python3.12/site-packages/airflow/example_dags/example_short_circuit_operator.py for tasks to queue
[2024-07-16T17:18:32.999+0000] {logging_mixin.py:188} INFO - [2024-07-16T17:18:32.998+0000] {dagbag.py:545} INFO - Filling up the DagBag from /home/airflow/.local/lib/python3.12/site-packages/airflow/example_dags/example_short_circuit_operator.py
[2024-07-16T17:18:33.004+0000] {processor.py:840} INFO - DAG(s) 'example_short_circuit_operator' retrieved from /home/airflow/.local/lib/python3.12/site-packages/airflow/example_dags/example_short_circuit_operator.py
[2024-07-16T17:18:33.024+0000] {logging_mixin.py:188} INFO - [2024-07-16T17:18:33.024+0000] {dag.py:3089} INFO - Sync 1 DAGs
[2024-07-16T17:18:33.040+0000] {logging_mixin.py:188} INFO - [2024-07-16T17:18:33.039+0000] {dag.py:3947} INFO - Setting next_dagrun for example_short_circuit_operator to 2024-07-15 00:00:00+00:00, run_after=2024-07-16 00:00:00+00:00
[2024-07-16T17:18:33.057+0000] {processor.py:183} INFO - Processing /home/airflow/.local/lib/python3.12/site-packages/airflow/example_dags/example_short_circuit_operator.py took 0.066 seconds
[2024-07-16T17:19:03.964+0000] {processor.py:161} INFO - Started process (PID=1173) to work on /home/airflow/.local/lib/python3.12/site-packages/airflow/example_dags/example_short_circuit_operator.py
[2024-07-16T17:19:03.968+0000] {processor.py:830} INFO - Processing file /home/airflow/.local/lib/python3.12/site-packages/airflow/example_dags/example_short_circuit_operator.py for tasks to queue
[2024-07-16T17:19:03.970+0000] {logging_mixin.py:188} INFO - [2024-07-16T17:19:03.969+0000] {dagbag.py:545} INFO - Filling up the DagBag from /home/airflow/.local/lib/python3.12/site-packages/airflow/example_dags/example_short_circuit_operator.py
[2024-07-16T17:19:03.976+0000] {processor.py:840} INFO - DAG(s) 'example_short_circuit_operator' retrieved from /home/airflow/.local/lib/python3.12/site-packages/airflow/example_dags/example_short_circuit_operator.py
[2024-07-16T17:19:04.001+0000] {logging_mixin.py:188} INFO - [2024-07-16T17:19:04.000+0000] {dag.py:3089} INFO - Sync 1 DAGs
[2024-07-16T17:19:04.019+0000] {logging_mixin.py:188} INFO - [2024-07-16T17:19:04.018+0000] {dag.py:3947} INFO - Setting next_dagrun for example_short_circuit_operator to 2024-07-15 00:00:00+00:00, run_after=2024-07-16 00:00:00+00:00
[2024-07-16T17:19:04.037+0000] {processor.py:183} INFO - Processing /home/airflow/.local/lib/python3.12/site-packages/airflow/example_dags/example_short_circuit_operator.py took 0.090 seconds
[2024-07-16T17:19:34.073+0000] {processor.py:161} INFO - Started process (PID=1435) to work on /home/airflow/.local/lib/python3.12/site-packages/airflow/example_dags/example_short_circuit_operator.py
[2024-07-16T17:19:34.074+0000] {processor.py:830} INFO - Processing file /home/airflow/.local/lib/python3.12/site-packages/airflow/example_dags/example_short_circuit_operator.py for tasks to queue
[2024-07-16T17:19:34.076+0000] {logging_mixin.py:188} INFO - [2024-07-16T17:19:34.076+0000] {dagbag.py:545} INFO - Filling up the DagBag from /home/airflow/.local/lib/python3.12/site-packages/airflow/example_dags/example_short_circuit_operator.py
[2024-07-16T17:19:34.082+0000] {processor.py:840} INFO - DAG(s) 'example_short_circuit_operator' retrieved from /home/airflow/.local/lib/python3.12/site-packages/airflow/example_dags/example_short_circuit_operator.py
[2024-07-16T17:19:34.104+0000] {logging_mixin.py:188} INFO - [2024-07-16T17:19:34.104+0000] {dag.py:3089} INFO - Sync 1 DAGs
[2024-07-16T17:19:34.122+0000] {logging_mixin.py:188} INFO - [2024-07-16T17:19:34.122+0000] {dag.py:3947} INFO - Setting next_dagrun for example_short_circuit_operator to 2024-07-15 00:00:00+00:00, run_after=2024-07-16 00:00:00+00:00
[2024-07-16T17:19:34.137+0000] {processor.py:183} INFO - Processing /home/airflow/.local/lib/python3.12/site-packages/airflow/example_dags/example_short_circuit_operator.py took 0.070 seconds
[2024-07-16T17:20:04.594+0000] {processor.py:161} INFO - Started process (PID=1697) to work on /home/airflow/.local/lib/python3.12/site-packages/airflow/example_dags/example_short_circuit_operator.py
[2024-07-16T17:20:04.595+0000] {processor.py:830} INFO - Processing file /home/airflow/.local/lib/python3.12/site-packages/airflow/example_dags/example_short_circuit_operator.py for tasks to queue
[2024-07-16T17:20:04.597+0000] {logging_mixin.py:188} INFO - [2024-07-16T17:20:04.597+0000] {dagbag.py:545} INFO - Filling up the DagBag from /home/airflow/.local/lib/python3.12/site-packages/airflow/example_dags/example_short_circuit_operator.py
[2024-07-16T17:20:04.603+0000] {processor.py:840} INFO - DAG(s) 'example_short_circuit_operator' retrieved from /home/airflow/.local/lib/python3.12/site-packages/airflow/example_dags/example_short_circuit_operator.py
[2024-07-16T17:20:04.623+0000] {logging_mixin.py:188} INFO - [2024-07-16T17:20:04.623+0000] {dag.py:3089} INFO - Sync 1 DAGs
[2024-07-16T17:20:04.642+0000] {logging_mixin.py:188} INFO - [2024-07-16T17:20:04.642+0000] {dag.py:3947} INFO - Setting next_dagrun for example_short_circuit_operator to 2024-07-15 00:00:00+00:00, run_after=2024-07-16 00:00:00+00:00
[2024-07-16T17:20:04.657+0000] {processor.py:183} INFO - Processing /home/airflow/.local/lib/python3.12/site-packages/airflow/example_dags/example_short_circuit_operator.py took 0.069 seconds
[2024-07-16T17:20:35.263+0000] {processor.py:161} INFO - Started process (PID=1960) to work on /home/airflow/.local/lib/python3.12/site-packages/airflow/example_dags/example_short_circuit_operator.py
[2024-07-16T17:20:35.265+0000] {processor.py:830} INFO - Processing file /home/airflow/.local/lib/python3.12/site-packages/airflow/example_dags/example_short_circuit_operator.py for tasks to queue
[2024-07-16T17:20:35.267+0000] {logging_mixin.py:188} INFO - [2024-07-16T17:20:35.267+0000] {dagbag.py:545} INFO - Filling up the DagBag from /home/airflow/.local/lib/python3.12/site-packages/airflow/example_dags/example_short_circuit_operator.py
[2024-07-16T17:20:35.273+0000] {processor.py:840} INFO - DAG(s) 'example_short_circuit_operator' retrieved from /home/airflow/.local/lib/python3.12/site-packages/airflow/example_dags/example_short_circuit_operator.py
[2024-07-16T17:20:35.293+0000] {logging_mixin.py:188} INFO - [2024-07-16T17:20:35.292+0000] {dag.py:3089} INFO - Sync 1 DAGs
[2024-07-16T17:20:35.308+0000] {logging_mixin.py:188} INFO - [2024-07-16T17:20:35.308+0000] {dag.py:3947} INFO - Setting next_dagrun for example_short_circuit_operator to 2024-07-15 00:00:00+00:00, run_after=2024-07-16 00:00:00+00:00
[2024-07-16T17:20:35.325+0000] {processor.py:183} INFO - Processing /home/airflow/.local/lib/python3.12/site-packages/airflow/example_dags/example_short_circuit_operator.py took 0.066 seconds
[2024-07-16T17:21:05.779+0000] {processor.py:161} INFO - Started process (PID=2222) to work on /home/airflow/.local/lib/python3.12/site-packages/airflow/example_dags/example_short_circuit_operator.py
[2024-07-16T17:21:05.781+0000] {processor.py:830} INFO - Processing file /home/airflow/.local/lib/python3.12/site-packages/airflow/example_dags/example_short_circuit_operator.py for tasks to queue
[2024-07-16T17:21:05.783+0000] {logging_mixin.py:188} INFO - [2024-07-16T17:21:05.782+0000] {dagbag.py:545} INFO - Filling up the DagBag from /home/airflow/.local/lib/python3.12/site-packages/airflow/example_dags/example_short_circuit_operator.py
[2024-07-16T17:21:05.788+0000] {processor.py:840} INFO - DAG(s) 'example_short_circuit_operator' retrieved from /home/airflow/.local/lib/python3.12/site-packages/airflow/example_dags/example_short_circuit_operator.py
[2024-07-16T17:21:05.807+0000] {logging_mixin.py:188} INFO - [2024-07-16T17:21:05.807+0000] {dag.py:3089} INFO - Sync 1 DAGs
[2024-07-16T17:21:05.825+0000] {logging_mixin.py:188} INFO - [2024-07-16T17:21:05.825+0000] {dag.py:3947} INFO - Setting next_dagrun for example_short_circuit_operator to 2024-07-15 00:00:00+00:00, run_after=2024-07-16 00:00:00+00:00
[2024-07-16T17:21:05.841+0000] {processor.py:183} INFO - Processing /home/airflow/.local/lib/python3.12/site-packages/airflow/example_dags/example_short_circuit_operator.py took 0.067 seconds
[2024-07-16T17:21:36.319+0000] {processor.py:161} INFO - Started process (PID=2483) to work on /home/airflow/.local/lib/python3.12/site-packages/airflow/example_dags/example_short_circuit_operator.py
[2024-07-16T17:21:36.321+0000] {processor.py:830} INFO - Processing file /home/airflow/.local/lib/python3.12/site-packages/airflow/example_dags/example_short_circuit_operator.py for tasks to queue
[2024-07-16T17:21:36.322+0000] {logging_mixin.py:188} INFO - [2024-07-16T17:21:36.322+0000] {dagbag.py:545} INFO - Filling up the DagBag from /home/airflow/.local/lib/python3.12/site-packages/airflow/example_dags/example_short_circuit_operator.py
[2024-07-16T17:21:36.328+0000] {processor.py:840} INFO - DAG(s) 'example_short_circuit_operator' retrieved from /home/airflow/.local/lib/python3.12/site-packages/airflow/example_dags/example_short_circuit_operator.py
[2024-07-16T17:21:36.347+0000] {logging_mixin.py:188} INFO - [2024-07-16T17:21:36.347+0000] {dag.py:3089} INFO - Sync 1 DAGs
[2024-07-16T17:21:36.365+0000] {logging_mixin.py:188} INFO - [2024-07-16T17:21:36.365+0000] {dag.py:3947} INFO - Setting next_dagrun for example_short_circuit_operator to 2024-07-15 00:00:00+00:00, run_after=2024-07-16 00:00:00+00:00
[2024-07-16T17:21:36.383+0000] {processor.py:183} INFO - Processing /home/airflow/.local/lib/python3.12/site-packages/airflow/example_dags/example_short_circuit_operator.py took 0.069 seconds
[2024-07-16T17:22:06.819+0000] {processor.py:161} INFO - Started process (PID=2745) to work on /home/airflow/.local/lib/python3.12/site-packages/airflow/example_dags/example_short_circuit_operator.py
[2024-07-16T17:22:06.821+0000] {processor.py:830} INFO - Processing file /home/airflow/.local/lib/python3.12/site-packages/airflow/example_dags/example_short_circuit_operator.py for tasks to queue
[2024-07-16T17:22:06.822+0000] {logging_mixin.py:188} INFO - [2024-07-16T17:22:06.822+0000] {dagbag.py:545} INFO - Filling up the DagBag from /home/airflow/.local/lib/python3.12/site-packages/airflow/example_dags/example_short_circuit_operator.py
[2024-07-16T17:22:06.829+0000] {processor.py:840} INFO - DAG(s) 'example_short_circuit_operator' retrieved from /home/airflow/.local/lib/python3.12/site-packages/airflow/example_dags/example_short_circuit_operator.py
[2024-07-16T17:22:06.850+0000] {logging_mixin.py:188} INFO - [2024-07-16T17:22:06.850+0000] {dag.py:3089} INFO - Sync 1 DAGs
[2024-07-16T17:22:06.867+0000] {logging_mixin.py:188} INFO - [2024-07-16T17:22:06.867+0000] {dag.py:3947} INFO - Setting next_dagrun for example_short_circuit_operator to 2024-07-15 00:00:00+00:00, run_after=2024-07-16 00:00:00+00:00
[2024-07-16T17:22:06.884+0000] {processor.py:183} INFO - Processing /home/airflow/.local/lib/python3.12/site-packages/airflow/example_dags/example_short_circuit_operator.py took 0.070 seconds
[2024-07-16T17:22:37.501+0000] {processor.py:161} INFO - Started process (PID=3007) to work on /home/airflow/.local/lib/python3.12/site-packages/airflow/example_dags/example_short_circuit_operator.py
[2024-07-16T17:22:37.503+0000] {processor.py:830} INFO - Processing file /home/airflow/.local/lib/python3.12/site-packages/airflow/example_dags/example_short_circuit_operator.py for tasks to queue
[2024-07-16T17:22:37.505+0000] {logging_mixin.py:188} INFO - [2024-07-16T17:22:37.504+0000] {dagbag.py:545} INFO - Filling up the DagBag from /home/airflow/.local/lib/python3.12/site-packages/airflow/example_dags/example_short_circuit_operator.py
[2024-07-16T17:22:37.511+0000] {processor.py:840} INFO - DAG(s) 'example_short_circuit_operator' retrieved from /home/airflow/.local/lib/python3.12/site-packages/airflow/example_dags/example_short_circuit_operator.py
[2024-07-16T17:22:37.532+0000] {logging_mixin.py:188} INFO - [2024-07-16T17:22:37.532+0000] {dag.py:3089} INFO - Sync 1 DAGs
[2024-07-16T17:22:37.549+0000] {logging_mixin.py:188} INFO - [2024-07-16T17:22:37.549+0000] {dag.py:3947} INFO - Setting next_dagrun for example_short_circuit_operator to 2024-07-15 00:00:00+00:00, run_after=2024-07-16 00:00:00+00:00
[2024-07-16T17:22:37.564+0000] {processor.py:183} INFO - Processing /home/airflow/.local/lib/python3.12/site-packages/airflow/example_dags/example_short_circuit_operator.py took 0.068 seconds
[2024-07-16T17:23:08.385+0000] {processor.py:161} INFO - Started process (PID=3269) to work on /home/airflow/.local/lib/python3.12/site-packages/airflow/example_dags/example_short_circuit_operator.py
[2024-07-16T17:23:08.387+0000] {processor.py:830} INFO - Processing file /home/airflow/.local/lib/python3.12/site-packages/airflow/example_dags/example_short_circuit_operator.py for tasks to queue
[2024-07-16T17:23:08.389+0000] {logging_mixin.py:188} INFO - [2024-07-16T17:23:08.388+0000] {dagbag.py:545} INFO - Filling up the DagBag from /home/airflow/.local/lib/python3.12/site-packages/airflow/example_dags/example_short_circuit_operator.py
[2024-07-16T17:23:08.395+0000] {processor.py:840} INFO - DAG(s) 'example_short_circuit_operator' retrieved from /home/airflow/.local/lib/python3.12/site-packages/airflow/example_dags/example_short_circuit_operator.py
[2024-07-16T17:23:08.415+0000] {logging_mixin.py:188} INFO - [2024-07-16T17:23:08.415+0000] {dag.py:3089} INFO - Sync 1 DAGs
[2024-07-16T17:23:08.434+0000] {logging_mixin.py:188} INFO - [2024-07-16T17:23:08.433+0000] {dag.py:3947} INFO - Setting next_dagrun for example_short_circuit_operator to 2024-07-15 00:00:00+00:00, run_after=2024-07-16 00:00:00+00:00
[2024-07-16T17:23:08.448+0000] {processor.py:183} INFO - Processing /home/airflow/.local/lib/python3.12/site-packages/airflow/example_dags/example_short_circuit_operator.py took 0.068 seconds
[2024-07-16T17:23:39.703+0000] {processor.py:161} INFO - Started process (PID=3531) to work on /home/airflow/.local/lib/python3.12/site-packages/airflow/example_dags/example_short_circuit_operator.py
[2024-07-16T17:23:39.705+0000] {processor.py:830} INFO - Processing file /home/airflow/.local/lib/python3.12/site-packages/airflow/example_dags/example_short_circuit_operator.py for tasks to queue
[2024-07-16T17:23:39.707+0000] {logging_mixin.py:188} INFO - [2024-07-16T17:23:39.706+0000] {dagbag.py:545} INFO - Filling up the DagBag from /home/airflow/.local/lib/python3.12/site-packages/airflow/example_dags/example_short_circuit_operator.py
[2024-07-16T17:23:39.715+0000] {processor.py:840} INFO - DAG(s) 'example_short_circuit_operator' retrieved from /home/airflow/.local/lib/python3.12/site-packages/airflow/example_dags/example_short_circuit_operator.py
[2024-07-16T17:23:39.740+0000] {logging_mixin.py:188} INFO - [2024-07-16T17:23:39.740+0000] {dag.py:3089} INFO - Sync 1 DAGs
[2024-07-16T17:23:39.765+0000] {logging_mixin.py:188} INFO - [2024-07-16T17:23:39.765+0000] {dag.py:3947} INFO - Setting next_dagrun for example_short_circuit_operator to 2024-07-15 00:00:00+00:00, run_after=2024-07-16 00:00:00+00:00
[2024-07-16T17:23:39.785+0000] {processor.py:183} INFO - Processing /home/airflow/.local/lib/python3.12/site-packages/airflow/example_dags/example_short_circuit_operator.py took 0.088 seconds
[2024-07-16T17:24:09.984+0000] {processor.py:161} INFO - Started process (PID=3793) to work on /home/airflow/.local/lib/python3.12/site-packages/airflow/example_dags/example_short_circuit_operator.py
[2024-07-16T17:24:09.986+0000] {processor.py:830} INFO - Processing file /home/airflow/.local/lib/python3.12/site-packages/airflow/example_dags/example_short_circuit_operator.py for tasks to queue
[2024-07-16T17:24:09.987+0000] {logging_mixin.py:188} INFO - [2024-07-16T17:24:09.987+0000] {dagbag.py:545} INFO - Filling up the DagBag from /home/airflow/.local/lib/python3.12/site-packages/airflow/example_dags/example_short_circuit_operator.py
[2024-07-16T17:24:09.993+0000] {processor.py:840} INFO - DAG(s) 'example_short_circuit_operator' retrieved from /home/airflow/.local/lib/python3.12/site-packages/airflow/example_dags/example_short_circuit_operator.py
[2024-07-16T17:24:10.013+0000] {logging_mixin.py:188} INFO - [2024-07-16T17:24:10.013+0000] {dag.py:3089} INFO - Sync 1 DAGs
[2024-07-16T17:24:10.032+0000] {logging_mixin.py:188} INFO - [2024-07-16T17:24:10.032+0000] {dag.py:3947} INFO - Setting next_dagrun for example_short_circuit_operator to 2024-07-15 00:00:00+00:00, run_after=2024-07-16 00:00:00+00:00
[2024-07-16T17:24:10.048+0000] {processor.py:183} INFO - Processing /home/airflow/.local/lib/python3.12/site-packages/airflow/example_dags/example_short_circuit_operator.py took 0.070 seconds
[2024-07-16T17:24:40.174+0000] {processor.py:161} INFO - Started process (PID=4054) to work on /home/airflow/.local/lib/python3.12/site-packages/airflow/example_dags/example_short_circuit_operator.py
[2024-07-16T17:24:40.175+0000] {processor.py:830} INFO - Processing file /home/airflow/.local/lib/python3.12/site-packages/airflow/example_dags/example_short_circuit_operator.py for tasks to queue
[2024-07-16T17:24:40.176+0000] {logging_mixin.py:188} INFO - [2024-07-16T17:24:40.176+0000] {dagbag.py:545} INFO - Filling up the DagBag from /home/airflow/.local/lib/python3.12/site-packages/airflow/example_dags/example_short_circuit_operator.py
[2024-07-16T17:24:40.182+0000] {processor.py:840} INFO - DAG(s) 'example_short_circuit_operator' retrieved from /home/airflow/.local/lib/python3.12/site-packages/airflow/example_dags/example_short_circuit_operator.py
[2024-07-16T17:24:40.202+0000] {logging_mixin.py:188} INFO - [2024-07-16T17:24:40.202+0000] {dag.py:3089} INFO - Sync 1 DAGs
[2024-07-16T17:24:40.221+0000] {logging_mixin.py:188} INFO - [2024-07-16T17:24:40.221+0000] {dag.py:3947} INFO - Setting next_dagrun for example_short_circuit_operator to 2024-07-15 00:00:00+00:00, run_after=2024-07-16 00:00:00+00:00
[2024-07-16T17:24:40.239+0000] {processor.py:183} INFO - Processing /home/airflow/.local/lib/python3.12/site-packages/airflow/example_dags/example_short_circuit_operator.py took 0.071 seconds
[2024-07-16T17:25:10.451+0000] {processor.py:161} INFO - Started process (PID=4318) to work on /home/airflow/.local/lib/python3.12/site-packages/airflow/example_dags/example_short_circuit_operator.py
[2024-07-16T17:25:10.452+0000] {processor.py:830} INFO - Processing file /home/airflow/.local/lib/python3.12/site-packages/airflow/example_dags/example_short_circuit_operator.py for tasks to queue
[2024-07-16T17:25:10.454+0000] {logging_mixin.py:188} INFO - [2024-07-16T17:25:10.454+0000] {dagbag.py:545} INFO - Filling up the DagBag from /home/airflow/.local/lib/python3.12/site-packages/airflow/example_dags/example_short_circuit_operator.py
[2024-07-16T17:25:10.459+0000] {processor.py:840} INFO - DAG(s) 'example_short_circuit_operator' retrieved from /home/airflow/.local/lib/python3.12/site-packages/airflow/example_dags/example_short_circuit_operator.py
[2024-07-16T17:25:10.478+0000] {logging_mixin.py:188} INFO - [2024-07-16T17:25:10.477+0000] {dag.py:3089} INFO - Sync 1 DAGs
[2024-07-16T17:25:10.493+0000] {logging_mixin.py:188} INFO - [2024-07-16T17:25:10.493+0000] {dag.py:3947} INFO - Setting next_dagrun for example_short_circuit_operator to 2024-07-15 00:00:00+00:00, run_after=2024-07-16 00:00:00+00:00
[2024-07-16T17:25:10.507+0000] {processor.py:183} INFO - Processing /home/airflow/.local/lib/python3.12/site-packages/airflow/example_dags/example_short_circuit_operator.py took 0.061 seconds
[2024-07-16T17:25:41.426+0000] {processor.py:161} INFO - Started process (PID=4580) to work on /home/airflow/.local/lib/python3.12/site-packages/airflow/example_dags/example_short_circuit_operator.py
[2024-07-16T17:25:41.428+0000] {processor.py:830} INFO - Processing file /home/airflow/.local/lib/python3.12/site-packages/airflow/example_dags/example_short_circuit_operator.py for tasks to queue
[2024-07-16T17:25:41.430+0000] {logging_mixin.py:188} INFO - [2024-07-16T17:25:41.429+0000] {dagbag.py:545} INFO - Filling up the DagBag from /home/airflow/.local/lib/python3.12/site-packages/airflow/example_dags/example_short_circuit_operator.py
[2024-07-16T17:25:41.436+0000] {processor.py:840} INFO - DAG(s) 'example_short_circuit_operator' retrieved from /home/airflow/.local/lib/python3.12/site-packages/airflow/example_dags/example_short_circuit_operator.py
[2024-07-16T17:25:41.458+0000] {logging_mixin.py:188} INFO - [2024-07-16T17:25:41.458+0000] {dag.py:3089} INFO - Sync 1 DAGs
[2024-07-16T17:25:41.478+0000] {logging_mixin.py:188} INFO - [2024-07-16T17:25:41.478+0000] {dag.py:3947} INFO - Setting next_dagrun for example_short_circuit_operator to 2024-07-15 00:00:00+00:00, run_after=2024-07-16 00:00:00+00:00
[2024-07-16T17:25:41.505+0000] {processor.py:183} INFO - Processing /home/airflow/.local/lib/python3.12/site-packages/airflow/example_dags/example_short_circuit_operator.py took 0.086 seconds
[2024-07-16T17:26:12.533+0000] {processor.py:161} INFO - Started process (PID=4842) to work on /home/airflow/.local/lib/python3.12/site-packages/airflow/example_dags/example_short_circuit_operator.py
[2024-07-16T17:26:12.563+0000] {processor.py:830} INFO - Processing file /home/airflow/.local/lib/python3.12/site-packages/airflow/example_dags/example_short_circuit_operator.py for tasks to queue
[2024-07-16T17:26:12.564+0000] {logging_mixin.py:188} INFO - [2024-07-16T17:26:12.564+0000] {dagbag.py:545} INFO - Filling up the DagBag from /home/airflow/.local/lib/python3.12/site-packages/airflow/example_dags/example_short_circuit_operator.py
[2024-07-16T17:26:12.570+0000] {processor.py:840} INFO - DAG(s) 'example_short_circuit_operator' retrieved from /home/airflow/.local/lib/python3.12/site-packages/airflow/example_dags/example_short_circuit_operator.py
[2024-07-16T17:26:12.591+0000] {logging_mixin.py:188} INFO - [2024-07-16T17:26:12.591+0000] {dag.py:3089} INFO - Sync 1 DAGs
[2024-07-16T17:26:12.608+0000] {logging_mixin.py:188} INFO - [2024-07-16T17:26:12.608+0000] {dag.py:3947} INFO - Setting next_dagrun for example_short_circuit_operator to 2024-07-15 00:00:00+00:00, run_after=2024-07-16 00:00:00+00:00
[2024-07-16T17:26:12.628+0000] {processor.py:183} INFO - Processing /home/airflow/.local/lib/python3.12/site-packages/airflow/example_dags/example_short_circuit_operator.py took 0.108 seconds
[2024-07-16T17:26:43.350+0000] {processor.py:161} INFO - Started process (PID=5104) to work on /home/airflow/.local/lib/python3.12/site-packages/airflow/example_dags/example_short_circuit_operator.py
[2024-07-16T17:26:43.352+0000] {processor.py:830} INFO - Processing file /home/airflow/.local/lib/python3.12/site-packages/airflow/example_dags/example_short_circuit_operator.py for tasks to queue
[2024-07-16T17:26:43.354+0000] {logging_mixin.py:188} INFO - [2024-07-16T17:26:43.354+0000] {dagbag.py:545} INFO - Filling up the DagBag from /home/airflow/.local/lib/python3.12/site-packages/airflow/example_dags/example_short_circuit_operator.py
[2024-07-16T17:26:43.362+0000] {processor.py:840} INFO - DAG(s) 'example_short_circuit_operator' retrieved from /home/airflow/.local/lib/python3.12/site-packages/airflow/example_dags/example_short_circuit_operator.py
[2024-07-16T17:26:43.388+0000] {logging_mixin.py:188} INFO - [2024-07-16T17:26:43.388+0000] {dag.py:3089} INFO - Sync 1 DAGs
[2024-07-16T17:26:43.406+0000] {logging_mixin.py:188} INFO - [2024-07-16T17:26:43.406+0000] {dag.py:3947} INFO - Setting next_dagrun for example_short_circuit_operator to 2024-07-15 00:00:00+00:00, run_after=2024-07-16 00:00:00+00:00
[2024-07-16T17:26:43.429+0000] {processor.py:183} INFO - Processing /home/airflow/.local/lib/python3.12/site-packages/airflow/example_dags/example_short_circuit_operator.py took 0.086 seconds
[2024-07-16T17:27:13.506+0000] {processor.py:161} INFO - Started process (PID=5366) to work on /home/airflow/.local/lib/python3.12/site-packages/airflow/example_dags/example_short_circuit_operator.py
[2024-07-16T17:27:13.534+0000] {processor.py:830} INFO - Processing file /home/airflow/.local/lib/python3.12/site-packages/airflow/example_dags/example_short_circuit_operator.py for tasks to queue
[2024-07-16T17:27:13.537+0000] {logging_mixin.py:188} INFO - [2024-07-16T17:27:13.536+0000] {dagbag.py:545} INFO - Filling up the DagBag from /home/airflow/.local/lib/python3.12/site-packages/airflow/example_dags/example_short_circuit_operator.py
[2024-07-16T17:27:13.544+0000] {processor.py:840} INFO - DAG(s) 'example_short_circuit_operator' retrieved from /home/airflow/.local/lib/python3.12/site-packages/airflow/example_dags/example_short_circuit_operator.py
[2024-07-16T17:27:13.567+0000] {logging_mixin.py:188} INFO - [2024-07-16T17:27:13.566+0000] {dag.py:3089} INFO - Sync 1 DAGs
[2024-07-16T17:27:13.586+0000] {logging_mixin.py:188} INFO - [2024-07-16T17:27:13.586+0000] {dag.py:3947} INFO - Setting next_dagrun for example_short_circuit_operator to 2024-07-15 00:00:00+00:00, run_after=2024-07-16 00:00:00+00:00
[2024-07-16T17:27:13.606+0000] {processor.py:183} INFO - Processing /home/airflow/.local/lib/python3.12/site-packages/airflow/example_dags/example_short_circuit_operator.py took 0.104 seconds
[2024-07-16T17:27:44.335+0000] {processor.py:161} INFO - Started process (PID=5628) to work on /home/airflow/.local/lib/python3.12/site-packages/airflow/example_dags/example_short_circuit_operator.py
[2024-07-16T17:27:44.365+0000] {processor.py:830} INFO - Processing file /home/airflow/.local/lib/python3.12/site-packages/airflow/example_dags/example_short_circuit_operator.py for tasks to queue
[2024-07-16T17:27:44.366+0000] {logging_mixin.py:188} INFO - [2024-07-16T17:27:44.366+0000] {dagbag.py:545} INFO - Filling up the DagBag from /home/airflow/.local/lib/python3.12/site-packages/airflow/example_dags/example_short_circuit_operator.py
[2024-07-16T17:27:44.374+0000] {processor.py:840} INFO - DAG(s) 'example_short_circuit_operator' retrieved from /home/airflow/.local/lib/python3.12/site-packages/airflow/example_dags/example_short_circuit_operator.py
[2024-07-16T17:27:44.395+0000] {logging_mixin.py:188} INFO - [2024-07-16T17:27:44.395+0000] {dag.py:3089} INFO - Sync 1 DAGs
[2024-07-16T17:27:44.414+0000] {logging_mixin.py:188} INFO - [2024-07-16T17:27:44.414+0000] {dag.py:3947} INFO - Setting next_dagrun for example_short_circuit_operator to 2024-07-15 00:00:00+00:00, run_after=2024-07-16 00:00:00+00:00
[2024-07-16T17:27:44.432+0000] {processor.py:183} INFO - Processing /home/airflow/.local/lib/python3.12/site-packages/airflow/example_dags/example_short_circuit_operator.py took 0.101 seconds
[2024-07-16T17:28:14.783+0000] {processor.py:161} INFO - Started process (PID=5898) to work on /home/airflow/.local/lib/python3.12/site-packages/airflow/example_dags/example_short_circuit_operator.py
[2024-07-16T17:28:14.811+0000] {processor.py:830} INFO - Processing file /home/airflow/.local/lib/python3.12/site-packages/airflow/example_dags/example_short_circuit_operator.py for tasks to queue
[2024-07-16T17:28:14.813+0000] {logging_mixin.py:188} INFO - [2024-07-16T17:28:14.813+0000] {dagbag.py:545} INFO - Filling up the DagBag from /home/airflow/.local/lib/python3.12/site-packages/airflow/example_dags/example_short_circuit_operator.py
[2024-07-16T17:28:14.819+0000] {processor.py:840} INFO - DAG(s) 'example_short_circuit_operator' retrieved from /home/airflow/.local/lib/python3.12/site-packages/airflow/example_dags/example_short_circuit_operator.py
[2024-07-16T17:28:14.840+0000] {logging_mixin.py:188} INFO - [2024-07-16T17:28:14.840+0000] {dag.py:3089} INFO - Sync 1 DAGs
[2024-07-16T17:28:14.858+0000] {logging_mixin.py:188} INFO - [2024-07-16T17:28:14.858+0000] {dag.py:3947} INFO - Setting next_dagrun for example_short_circuit_operator to 2024-07-15 00:00:00+00:00, run_after=2024-07-16 00:00:00+00:00
[2024-07-16T17:28:14.876+0000] {processor.py:183} INFO - Processing /home/airflow/.local/lib/python3.12/site-packages/airflow/example_dags/example_short_circuit_operator.py took 0.098 seconds
[2024-07-16T17:28:45.254+0000] {processor.py:161} INFO - Started process (PID=6160) to work on /home/airflow/.local/lib/python3.12/site-packages/airflow/example_dags/example_short_circuit_operator.py
[2024-07-16T17:28:45.283+0000] {processor.py:830} INFO - Processing file /home/airflow/.local/lib/python3.12/site-packages/airflow/example_dags/example_short_circuit_operator.py for tasks to queue
[2024-07-16T17:28:45.285+0000] {logging_mixin.py:188} INFO - [2024-07-16T17:28:45.284+0000] {dagbag.py:545} INFO - Filling up the DagBag from /home/airflow/.local/lib/python3.12/site-packages/airflow/example_dags/example_short_circuit_operator.py
[2024-07-16T17:28:45.291+0000] {processor.py:840} INFO - DAG(s) 'example_short_circuit_operator' retrieved from /home/airflow/.local/lib/python3.12/site-packages/airflow/example_dags/example_short_circuit_operator.py
[2024-07-16T17:28:45.313+0000] {logging_mixin.py:188} INFO - [2024-07-16T17:28:45.313+0000] {dag.py:3089} INFO - Sync 1 DAGs
[2024-07-16T17:28:45.332+0000] {logging_mixin.py:188} INFO - [2024-07-16T17:28:45.332+0000] {dag.py:3947} INFO - Setting next_dagrun for example_short_circuit_operator to 2024-07-15 00:00:00+00:00, run_after=2024-07-16 00:00:00+00:00
[2024-07-16T17:28:45.352+0000] {processor.py:183} INFO - Processing /home/airflow/.local/lib/python3.12/site-packages/airflow/example_dags/example_short_circuit_operator.py took 0.104 seconds
[2024-07-16T17:29:16.066+0000] {processor.py:161} INFO - Started process (PID=6422) to work on /home/airflow/.local/lib/python3.12/site-packages/airflow/example_dags/example_short_circuit_operator.py
[2024-07-16T17:29:16.069+0000] {processor.py:830} INFO - Processing file /home/airflow/.local/lib/python3.12/site-packages/airflow/example_dags/example_short_circuit_operator.py for tasks to queue
[2024-07-16T17:29:16.072+0000] {logging_mixin.py:188} INFO - [2024-07-16T17:29:16.071+0000] {dagbag.py:545} INFO - Filling up the DagBag from /home/airflow/.local/lib/python3.12/site-packages/airflow/example_dags/example_short_circuit_operator.py
[2024-07-16T17:29:16.081+0000] {processor.py:840} INFO - DAG(s) 'example_short_circuit_operator' retrieved from /home/airflow/.local/lib/python3.12/site-packages/airflow/example_dags/example_short_circuit_operator.py
[2024-07-16T17:29:16.118+0000] {logging_mixin.py:188} INFO - [2024-07-16T17:29:16.118+0000] {dag.py:3089} INFO - Sync 1 DAGs
[2024-07-16T17:29:16.161+0000] {logging_mixin.py:188} INFO - [2024-07-16T17:29:16.161+0000] {dag.py:3947} INFO - Setting next_dagrun for example_short_circuit_operator to 2024-07-15 00:00:00+00:00, run_after=2024-07-16 00:00:00+00:00
[2024-07-16T17:29:16.192+0000] {processor.py:183} INFO - Processing /home/airflow/.local/lib/python3.12/site-packages/airflow/example_dags/example_short_circuit_operator.py took 0.135 seconds
[2024-07-16T17:29:46.336+0000] {processor.py:161} INFO - Started process (PID=6684) to work on /home/airflow/.local/lib/python3.12/site-packages/airflow/example_dags/example_short_circuit_operator.py
[2024-07-16T17:29:46.338+0000] {processor.py:830} INFO - Processing file /home/airflow/.local/lib/python3.12/site-packages/airflow/example_dags/example_short_circuit_operator.py for tasks to queue
[2024-07-16T17:29:46.340+0000] {logging_mixin.py:188} INFO - [2024-07-16T17:29:46.340+0000] {dagbag.py:545} INFO - Filling up the DagBag from /home/airflow/.local/lib/python3.12/site-packages/airflow/example_dags/example_short_circuit_operator.py
[2024-07-16T17:29:46.347+0000] {processor.py:840} INFO - DAG(s) 'example_short_circuit_operator' retrieved from /home/airflow/.local/lib/python3.12/site-packages/airflow/example_dags/example_short_circuit_operator.py
[2024-07-16T17:29:46.372+0000] {logging_mixin.py:188} INFO - [2024-07-16T17:29:46.371+0000] {dag.py:3089} INFO - Sync 1 DAGs
[2024-07-16T17:29:46.391+0000] {logging_mixin.py:188} INFO - [2024-07-16T17:29:46.391+0000] {dag.py:3947} INFO - Setting next_dagrun for example_short_circuit_operator to 2024-07-15 00:00:00+00:00, run_after=2024-07-16 00:00:00+00:00
[2024-07-16T17:29:46.414+0000] {processor.py:183} INFO - Processing /home/airflow/.local/lib/python3.12/site-packages/airflow/example_dags/example_short_circuit_operator.py took 0.084 seconds
[2024-07-16T17:30:16.890+0000] {processor.py:161} INFO - Started process (PID=6953) to work on /home/airflow/.local/lib/python3.12/site-packages/airflow/example_dags/example_short_circuit_operator.py
[2024-07-16T17:30:16.892+0000] {processor.py:830} INFO - Processing file /home/airflow/.local/lib/python3.12/site-packages/airflow/example_dags/example_short_circuit_operator.py for tasks to queue
[2024-07-16T17:30:16.893+0000] {logging_mixin.py:188} INFO - [2024-07-16T17:30:16.893+0000] {dagbag.py:545} INFO - Filling up the DagBag from /home/airflow/.local/lib/python3.12/site-packages/airflow/example_dags/example_short_circuit_operator.py
[2024-07-16T17:30:16.899+0000] {processor.py:840} INFO - DAG(s) 'example_short_circuit_operator' retrieved from /home/airflow/.local/lib/python3.12/site-packages/airflow/example_dags/example_short_circuit_operator.py
[2024-07-16T17:30:16.920+0000] {logging_mixin.py:188} INFO - [2024-07-16T17:30:16.920+0000] {dag.py:3089} INFO - Sync 1 DAGs
[2024-07-16T17:30:16.938+0000] {logging_mixin.py:188} INFO - [2024-07-16T17:30:16.938+0000] {dag.py:3947} INFO - Setting next_dagrun for example_short_circuit_operator to 2024-07-15 00:00:00+00:00, run_after=2024-07-16 00:00:00+00:00
[2024-07-16T17:30:16.963+0000] {processor.py:183} INFO - Processing /home/airflow/.local/lib/python3.12/site-packages/airflow/example_dags/example_short_circuit_operator.py took 0.078 seconds
[2024-07-16T17:30:47.048+0000] {processor.py:161} INFO - Started process (PID=7215) to work on /home/airflow/.local/lib/python3.12/site-packages/airflow/example_dags/example_short_circuit_operator.py
[2024-07-16T17:30:47.050+0000] {processor.py:830} INFO - Processing file /home/airflow/.local/lib/python3.12/site-packages/airflow/example_dags/example_short_circuit_operator.py for tasks to queue
[2024-07-16T17:30:47.052+0000] {logging_mixin.py:188} INFO - [2024-07-16T17:30:47.052+0000] {dagbag.py:545} INFO - Filling up the DagBag from /home/airflow/.local/lib/python3.12/site-packages/airflow/example_dags/example_short_circuit_operator.py
[2024-07-16T17:30:47.060+0000] {processor.py:840} INFO - DAG(s) 'example_short_circuit_operator' retrieved from /home/airflow/.local/lib/python3.12/site-packages/airflow/example_dags/example_short_circuit_operator.py
[2024-07-16T17:30:47.084+0000] {logging_mixin.py:188} INFO - [2024-07-16T17:30:47.084+0000] {dag.py:3089} INFO - Sync 1 DAGs
[2024-07-16T17:30:47.105+0000] {logging_mixin.py:188} INFO - [2024-07-16T17:30:47.105+0000] {dag.py:3947} INFO - Setting next_dagrun for example_short_circuit_operator to 2024-07-15 00:00:00+00:00, run_after=2024-07-16 00:00:00+00:00
[2024-07-16T17:30:47.125+0000] {processor.py:183} INFO - Processing /home/airflow/.local/lib/python3.12/site-packages/airflow/example_dags/example_short_circuit_operator.py took 0.084 seconds
[2024-07-16T17:31:17.954+0000] {processor.py:161} INFO - Started process (PID=7475) to work on /home/airflow/.local/lib/python3.12/site-packages/airflow/example_dags/example_short_circuit_operator.py
[2024-07-16T17:31:17.956+0000] {processor.py:830} INFO - Processing file /home/airflow/.local/lib/python3.12/site-packages/airflow/example_dags/example_short_circuit_operator.py for tasks to queue
[2024-07-16T17:31:17.958+0000] {logging_mixin.py:188} INFO - [2024-07-16T17:31:17.957+0000] {dagbag.py:545} INFO - Filling up the DagBag from /home/airflow/.local/lib/python3.12/site-packages/airflow/example_dags/example_short_circuit_operator.py
[2024-07-16T17:31:17.964+0000] {processor.py:840} INFO - DAG(s) 'example_short_circuit_operator' retrieved from /home/airflow/.local/lib/python3.12/site-packages/airflow/example_dags/example_short_circuit_operator.py
[2024-07-16T17:31:17.985+0000] {logging_mixin.py:188} INFO - [2024-07-16T17:31:17.985+0000] {dag.py:3089} INFO - Sync 1 DAGs
[2024-07-16T17:31:18.005+0000] {logging_mixin.py:188} INFO - [2024-07-16T17:31:18.005+0000] {dag.py:3947} INFO - Setting next_dagrun for example_short_circuit_operator to 2024-07-15 00:00:00+00:00, run_after=2024-07-16 00:00:00+00:00
[2024-07-16T17:31:18.023+0000] {processor.py:183} INFO - Processing /home/airflow/.local/lib/python3.12/site-packages/airflow/example_dags/example_short_circuit_operator.py took 0.074 seconds
[2024-07-16T17:31:48.583+0000] {processor.py:161} INFO - Started process (PID=7739) to work on /home/airflow/.local/lib/python3.12/site-packages/airflow/example_dags/example_short_circuit_operator.py
[2024-07-16T17:31:48.585+0000] {processor.py:830} INFO - Processing file /home/airflow/.local/lib/python3.12/site-packages/airflow/example_dags/example_short_circuit_operator.py for tasks to queue
[2024-07-16T17:31:48.587+0000] {logging_mixin.py:188} INFO - [2024-07-16T17:31:48.586+0000] {dagbag.py:545} INFO - Filling up the DagBag from /home/airflow/.local/lib/python3.12/site-packages/airflow/example_dags/example_short_circuit_operator.py
[2024-07-16T17:31:48.592+0000] {processor.py:840} INFO - DAG(s) 'example_short_circuit_operator' retrieved from /home/airflow/.local/lib/python3.12/site-packages/airflow/example_dags/example_short_circuit_operator.py
[2024-07-16T17:31:48.610+0000] {logging_mixin.py:188} INFO - [2024-07-16T17:31:48.610+0000] {dag.py:3089} INFO - Sync 1 DAGs
[2024-07-16T17:31:48.626+0000] {logging_mixin.py:188} INFO - [2024-07-16T17:31:48.625+0000] {dag.py:3947} INFO - Setting next_dagrun for example_short_circuit_operator to 2024-07-15 00:00:00+00:00, run_after=2024-07-16 00:00:00+00:00
[2024-07-16T17:31:48.642+0000] {processor.py:183} INFO - Processing /home/airflow/.local/lib/python3.12/site-packages/airflow/example_dags/example_short_circuit_operator.py took 0.063 seconds
