[2024-07-16T17:17:28.552+0000] {processor.py:161} INFO - Started process (PID=237) to work on /home/airflow/.local/lib/python3.12/site-packages/airflow/example_dags/example_python_decorator.py
[2024-07-16T17:17:28.553+0000] {processor.py:830} INFO - Processing file /home/airflow/.local/lib/python3.12/site-packages/airflow/example_dags/example_python_decorator.py for tasks to queue
[2024-07-16T17:17:28.555+0000] {logging_mixin.py:188} INFO - [2024-07-16T17:17:28.555+0000] {dagbag.py:545} INFO - Filling up the DagBag from /home/airflow/.local/lib/python3.12/site-packages/airflow/example_dags/example_python_decorator.py
[2024-07-16T17:17:28.568+0000] {processor.py:840} INFO - DAG(s) 'example_python_decorator' retrieved from /home/airflow/.local/lib/python3.12/site-packages/airflow/example_dags/example_python_decorator.py
[2024-07-16T17:17:28.580+0000] {logging_mixin.py:188} INFO - [2024-07-16T17:17:28.580+0000] {dag.py:3089} INFO - Sync 1 DAGs
[2024-07-16T17:17:28.595+0000] {logging_mixin.py:188} INFO - [2024-07-16T17:17:28.595+0000] {dag.py:3947} INFO - Setting next_dagrun for example_python_decorator to None, run_after=None
[2024-07-16T17:17:28.616+0000] {processor.py:183} INFO - Processing /home/airflow/.local/lib/python3.12/site-packages/airflow/example_dags/example_python_decorator.py took 0.069 seconds
[2024-07-16T17:18:00.184+0000] {processor.py:161} INFO - Started process (PID=499) to work on /home/airflow/.local/lib/python3.12/site-packages/airflow/example_dags/example_python_decorator.py
[2024-07-16T17:18:00.186+0000] {processor.py:830} INFO - Processing file /home/airflow/.local/lib/python3.12/site-packages/airflow/example_dags/example_python_decorator.py for tasks to queue
[2024-07-16T17:18:00.187+0000] {logging_mixin.py:188} INFO - [2024-07-16T17:18:00.187+0000] {dagbag.py:545} INFO - Filling up the DagBag from /home/airflow/.local/lib/python3.12/site-packages/airflow/example_dags/example_python_decorator.py
[2024-07-16T17:18:00.199+0000] {processor.py:840} INFO - DAG(s) 'example_python_decorator' retrieved from /home/airflow/.local/lib/python3.12/site-packages/airflow/example_dags/example_python_decorator.py
[2024-07-16T17:18:00.298+0000] {logging_mixin.py:188} INFO - [2024-07-16T17:18:00.298+0000] {dag.py:3089} INFO - Sync 1 DAGs
[2024-07-16T17:18:00.307+0000] {logging_mixin.py:188} INFO - [2024-07-16T17:18:00.307+0000] {dag.py:3947} INFO - Setting next_dagrun for example_python_decorator to None, run_after=None
[2024-07-16T17:18:00.325+0000] {processor.py:183} INFO - Processing /home/airflow/.local/lib/python3.12/site-packages/airflow/example_dags/example_python_decorator.py took 0.147 seconds
[2024-07-16T17:18:30.433+0000] {processor.py:161} INFO - Started process (PID=761) to work on /home/airflow/.local/lib/python3.12/site-packages/airflow/example_dags/example_python_decorator.py
[2024-07-16T17:18:30.434+0000] {processor.py:830} INFO - Processing file /home/airflow/.local/lib/python3.12/site-packages/airflow/example_dags/example_python_decorator.py for tasks to queue
[2024-07-16T17:18:30.435+0000] {logging_mixin.py:188} INFO - [2024-07-16T17:18:30.435+0000] {dagbag.py:545} INFO - Filling up the DagBag from /home/airflow/.local/lib/python3.12/site-packages/airflow/example_dags/example_python_decorator.py
[2024-07-16T17:18:30.447+0000] {processor.py:840} INFO - DAG(s) 'example_python_decorator' retrieved from /home/airflow/.local/lib/python3.12/site-packages/airflow/example_dags/example_python_decorator.py
[2024-07-16T17:18:30.466+0000] {logging_mixin.py:188} INFO - [2024-07-16T17:18:30.466+0000] {dag.py:3089} INFO - Sync 1 DAGs
[2024-07-16T17:18:30.476+0000] {logging_mixin.py:188} INFO - [2024-07-16T17:18:30.476+0000] {dag.py:3947} INFO - Setting next_dagrun for example_python_decorator to None, run_after=None
[2024-07-16T17:18:30.493+0000] {processor.py:183} INFO - Processing /home/airflow/.local/lib/python3.12/site-packages/airflow/example_dags/example_python_decorator.py took 0.066 seconds
[2024-07-16T17:19:01.255+0000] {processor.py:161} INFO - Started process (PID=1023) to work on /home/airflow/.local/lib/python3.12/site-packages/airflow/example_dags/example_python_decorator.py
[2024-07-16T17:19:01.257+0000] {processor.py:830} INFO - Processing file /home/airflow/.local/lib/python3.12/site-packages/airflow/example_dags/example_python_decorator.py for tasks to queue
[2024-07-16T17:19:01.260+0000] {logging_mixin.py:188} INFO - [2024-07-16T17:19:01.259+0000] {dagbag.py:545} INFO - Filling up the DagBag from /home/airflow/.local/lib/python3.12/site-packages/airflow/example_dags/example_python_decorator.py
[2024-07-16T17:19:01.274+0000] {processor.py:840} INFO - DAG(s) 'example_python_decorator' retrieved from /home/airflow/.local/lib/python3.12/site-packages/airflow/example_dags/example_python_decorator.py
[2024-07-16T17:19:01.297+0000] {logging_mixin.py:188} INFO - [2024-07-16T17:19:01.297+0000] {dag.py:3089} INFO - Sync 1 DAGs
[2024-07-16T17:19:01.309+0000] {logging_mixin.py:188} INFO - [2024-07-16T17:19:01.309+0000] {dag.py:3947} INFO - Setting next_dagrun for example_python_decorator to None, run_after=None
[2024-07-16T17:19:01.328+0000] {processor.py:183} INFO - Processing /home/airflow/.local/lib/python3.12/site-packages/airflow/example_dags/example_python_decorator.py took 0.080 seconds
[2024-07-16T17:19:31.500+0000] {processor.py:161} INFO - Started process (PID=1287) to work on /home/airflow/.local/lib/python3.12/site-packages/airflow/example_dags/example_python_decorator.py
[2024-07-16T17:19:31.501+0000] {processor.py:830} INFO - Processing file /home/airflow/.local/lib/python3.12/site-packages/airflow/example_dags/example_python_decorator.py for tasks to queue
[2024-07-16T17:19:31.502+0000] {logging_mixin.py:188} INFO - [2024-07-16T17:19:31.502+0000] {dagbag.py:545} INFO - Filling up the DagBag from /home/airflow/.local/lib/python3.12/site-packages/airflow/example_dags/example_python_decorator.py
[2024-07-16T17:19:31.512+0000] {processor.py:840} INFO - DAG(s) 'example_python_decorator' retrieved from /home/airflow/.local/lib/python3.12/site-packages/airflow/example_dags/example_python_decorator.py
[2024-07-16T17:19:31.530+0000] {logging_mixin.py:188} INFO - [2024-07-16T17:19:31.529+0000] {dag.py:3089} INFO - Sync 1 DAGs
[2024-07-16T17:19:31.538+0000] {logging_mixin.py:188} INFO - [2024-07-16T17:19:31.538+0000] {dag.py:3947} INFO - Setting next_dagrun for example_python_decorator to None, run_after=None
[2024-07-16T17:19:31.553+0000] {processor.py:183} INFO - Processing /home/airflow/.local/lib/python3.12/site-packages/airflow/example_dags/example_python_decorator.py took 0.058 seconds
[2024-07-16T17:20:02.143+0000] {processor.py:161} INFO - Started process (PID=1547) to work on /home/airflow/.local/lib/python3.12/site-packages/airflow/example_dags/example_python_decorator.py
[2024-07-16T17:20:02.145+0000] {processor.py:830} INFO - Processing file /home/airflow/.local/lib/python3.12/site-packages/airflow/example_dags/example_python_decorator.py for tasks to queue
[2024-07-16T17:20:02.147+0000] {logging_mixin.py:188} INFO - [2024-07-16T17:20:02.146+0000] {dagbag.py:545} INFO - Filling up the DagBag from /home/airflow/.local/lib/python3.12/site-packages/airflow/example_dags/example_python_decorator.py
[2024-07-16T17:20:02.158+0000] {processor.py:840} INFO - DAG(s) 'example_python_decorator' retrieved from /home/airflow/.local/lib/python3.12/site-packages/airflow/example_dags/example_python_decorator.py
[2024-07-16T17:20:02.177+0000] {logging_mixin.py:188} INFO - [2024-07-16T17:20:02.176+0000] {dag.py:3089} INFO - Sync 1 DAGs
[2024-07-16T17:20:02.187+0000] {logging_mixin.py:188} INFO - [2024-07-16T17:20:02.187+0000] {dag.py:3947} INFO - Setting next_dagrun for example_python_decorator to None, run_after=None
[2024-07-16T17:20:02.204+0000] {processor.py:183} INFO - Processing /home/airflow/.local/lib/python3.12/site-packages/airflow/example_dags/example_python_decorator.py took 0.066 seconds
[2024-07-16T17:20:32.753+0000] {processor.py:161} INFO - Started process (PID=1810) to work on /home/airflow/.local/lib/python3.12/site-packages/airflow/example_dags/example_python_decorator.py
[2024-07-16T17:20:32.754+0000] {processor.py:830} INFO - Processing file /home/airflow/.local/lib/python3.12/site-packages/airflow/example_dags/example_python_decorator.py for tasks to queue
[2024-07-16T17:20:32.756+0000] {logging_mixin.py:188} INFO - [2024-07-16T17:20:32.756+0000] {dagbag.py:545} INFO - Filling up the DagBag from /home/airflow/.local/lib/python3.12/site-packages/airflow/example_dags/example_python_decorator.py
[2024-07-16T17:20:32.766+0000] {processor.py:840} INFO - DAG(s) 'example_python_decorator' retrieved from /home/airflow/.local/lib/python3.12/site-packages/airflow/example_dags/example_python_decorator.py
[2024-07-16T17:20:32.785+0000] {logging_mixin.py:188} INFO - [2024-07-16T17:20:32.785+0000] {dag.py:3089} INFO - Sync 1 DAGs
[2024-07-16T17:20:32.796+0000] {logging_mixin.py:188} INFO - [2024-07-16T17:20:32.796+0000] {dag.py:3947} INFO - Setting next_dagrun for example_python_decorator to None, run_after=None
[2024-07-16T17:20:32.815+0000] {processor.py:183} INFO - Processing /home/airflow/.local/lib/python3.12/site-packages/airflow/example_dags/example_python_decorator.py took 0.068 seconds
[2024-07-16T17:21:03.388+0000] {processor.py:161} INFO - Started process (PID=2074) to work on /home/airflow/.local/lib/python3.12/site-packages/airflow/example_dags/example_python_decorator.py
[2024-07-16T17:21:03.392+0000] {processor.py:830} INFO - Processing file /home/airflow/.local/lib/python3.12/site-packages/airflow/example_dags/example_python_decorator.py for tasks to queue
[2024-07-16T17:21:03.394+0000] {logging_mixin.py:188} INFO - [2024-07-16T17:21:03.393+0000] {dagbag.py:545} INFO - Filling up the DagBag from /home/airflow/.local/lib/python3.12/site-packages/airflow/example_dags/example_python_decorator.py
[2024-07-16T17:21:03.404+0000] {processor.py:840} INFO - DAG(s) 'example_python_decorator' retrieved from /home/airflow/.local/lib/python3.12/site-packages/airflow/example_dags/example_python_decorator.py
[2024-07-16T17:21:03.425+0000] {logging_mixin.py:188} INFO - [2024-07-16T17:21:03.425+0000] {dag.py:3089} INFO - Sync 1 DAGs
[2024-07-16T17:21:03.435+0000] {logging_mixin.py:188} INFO - [2024-07-16T17:21:03.435+0000] {dag.py:3947} INFO - Setting next_dagrun for example_python_decorator to None, run_after=None
[2024-07-16T17:21:03.454+0000] {processor.py:183} INFO - Processing /home/airflow/.local/lib/python3.12/site-packages/airflow/example_dags/example_python_decorator.py took 0.070 seconds
[2024-07-16T17:21:33.902+0000] {processor.py:161} INFO - Started process (PID=2333) to work on /home/airflow/.local/lib/python3.12/site-packages/airflow/example_dags/example_python_decorator.py
[2024-07-16T17:21:33.904+0000] {processor.py:830} INFO - Processing file /home/airflow/.local/lib/python3.12/site-packages/airflow/example_dags/example_python_decorator.py for tasks to queue
[2024-07-16T17:21:33.906+0000] {logging_mixin.py:188} INFO - [2024-07-16T17:21:33.906+0000] {dagbag.py:545} INFO - Filling up the DagBag from /home/airflow/.local/lib/python3.12/site-packages/airflow/example_dags/example_python_decorator.py
[2024-07-16T17:21:33.918+0000] {processor.py:840} INFO - DAG(s) 'example_python_decorator' retrieved from /home/airflow/.local/lib/python3.12/site-packages/airflow/example_dags/example_python_decorator.py
[2024-07-16T17:21:33.937+0000] {logging_mixin.py:188} INFO - [2024-07-16T17:21:33.937+0000] {dag.py:3089} INFO - Sync 1 DAGs
[2024-07-16T17:21:33.950+0000] {logging_mixin.py:188} INFO - [2024-07-16T17:21:33.949+0000] {dag.py:3947} INFO - Setting next_dagrun for example_python_decorator to None, run_after=None
[2024-07-16T17:21:33.967+0000] {processor.py:183} INFO - Processing /home/airflow/.local/lib/python3.12/site-packages/airflow/example_dags/example_python_decorator.py took 0.070 seconds
[2024-07-16T17:22:04.427+0000] {processor.py:161} INFO - Started process (PID=2595) to work on /home/airflow/.local/lib/python3.12/site-packages/airflow/example_dags/example_python_decorator.py
[2024-07-16T17:22:04.428+0000] {processor.py:830} INFO - Processing file /home/airflow/.local/lib/python3.12/site-packages/airflow/example_dags/example_python_decorator.py for tasks to queue
[2024-07-16T17:22:04.430+0000] {logging_mixin.py:188} INFO - [2024-07-16T17:22:04.430+0000] {dagbag.py:545} INFO - Filling up the DagBag from /home/airflow/.local/lib/python3.12/site-packages/airflow/example_dags/example_python_decorator.py
[2024-07-16T17:22:04.441+0000] {processor.py:840} INFO - DAG(s) 'example_python_decorator' retrieved from /home/airflow/.local/lib/python3.12/site-packages/airflow/example_dags/example_python_decorator.py
[2024-07-16T17:22:04.462+0000] {logging_mixin.py:188} INFO - [2024-07-16T17:22:04.461+0000] {dag.py:3089} INFO - Sync 1 DAGs
[2024-07-16T17:22:04.472+0000] {logging_mixin.py:188} INFO - [2024-07-16T17:22:04.472+0000] {dag.py:3947} INFO - Setting next_dagrun for example_python_decorator to None, run_after=None
[2024-07-16T17:22:04.489+0000] {processor.py:183} INFO - Processing /home/airflow/.local/lib/python3.12/site-packages/airflow/example_dags/example_python_decorator.py took 0.068 seconds
[2024-07-16T17:22:34.991+0000] {processor.py:161} INFO - Started process (PID=2857) to work on /home/airflow/.local/lib/python3.12/site-packages/airflow/example_dags/example_python_decorator.py
[2024-07-16T17:22:34.993+0000] {processor.py:830} INFO - Processing file /home/airflow/.local/lib/python3.12/site-packages/airflow/example_dags/example_python_decorator.py for tasks to queue
[2024-07-16T17:22:34.995+0000] {logging_mixin.py:188} INFO - [2024-07-16T17:22:34.995+0000] {dagbag.py:545} INFO - Filling up the DagBag from /home/airflow/.local/lib/python3.12/site-packages/airflow/example_dags/example_python_decorator.py
[2024-07-16T17:22:35.007+0000] {processor.py:840} INFO - DAG(s) 'example_python_decorator' retrieved from /home/airflow/.local/lib/python3.12/site-packages/airflow/example_dags/example_python_decorator.py
[2024-07-16T17:22:35.030+0000] {logging_mixin.py:188} INFO - [2024-07-16T17:22:35.029+0000] {dag.py:3089} INFO - Sync 1 DAGs
[2024-07-16T17:22:35.042+0000] {logging_mixin.py:188} INFO - [2024-07-16T17:22:35.041+0000] {dag.py:3947} INFO - Setting next_dagrun for example_python_decorator to None, run_after=None
[2024-07-16T17:22:35.062+0000] {processor.py:183} INFO - Processing /home/airflow/.local/lib/python3.12/site-packages/airflow/example_dags/example_python_decorator.py took 0.077 seconds
[2024-07-16T17:23:05.712+0000] {processor.py:161} INFO - Started process (PID=3119) to work on /home/airflow/.local/lib/python3.12/site-packages/airflow/example_dags/example_python_decorator.py
[2024-07-16T17:23:05.714+0000] {processor.py:830} INFO - Processing file /home/airflow/.local/lib/python3.12/site-packages/airflow/example_dags/example_python_decorator.py for tasks to queue
[2024-07-16T17:23:05.716+0000] {logging_mixin.py:188} INFO - [2024-07-16T17:23:05.715+0000] {dagbag.py:545} INFO - Filling up the DagBag from /home/airflow/.local/lib/python3.12/site-packages/airflow/example_dags/example_python_decorator.py
[2024-07-16T17:23:05.729+0000] {processor.py:840} INFO - DAG(s) 'example_python_decorator' retrieved from /home/airflow/.local/lib/python3.12/site-packages/airflow/example_dags/example_python_decorator.py
[2024-07-16T17:23:05.751+0000] {logging_mixin.py:188} INFO - [2024-07-16T17:23:05.751+0000] {dag.py:3089} INFO - Sync 1 DAGs
[2024-07-16T17:23:05.764+0000] {logging_mixin.py:188} INFO - [2024-07-16T17:23:05.763+0000] {dag.py:3947} INFO - Setting next_dagrun for example_python_decorator to None, run_after=None
[2024-07-16T17:23:05.783+0000] {processor.py:183} INFO - Processing /home/airflow/.local/lib/python3.12/site-packages/airflow/example_dags/example_python_decorator.py took 0.077 seconds
[2024-07-16T17:23:35.828+0000] {processor.py:161} INFO - Started process (PID=3381) to work on /home/airflow/.local/lib/python3.12/site-packages/airflow/example_dags/example_python_decorator.py
[2024-07-16T17:23:35.829+0000] {processor.py:830} INFO - Processing file /home/airflow/.local/lib/python3.12/site-packages/airflow/example_dags/example_python_decorator.py for tasks to queue
[2024-07-16T17:23:35.831+0000] {logging_mixin.py:188} INFO - [2024-07-16T17:23:35.831+0000] {dagbag.py:545} INFO - Filling up the DagBag from /home/airflow/.local/lib/python3.12/site-packages/airflow/example_dags/example_python_decorator.py
[2024-07-16T17:23:35.842+0000] {processor.py:840} INFO - DAG(s) 'example_python_decorator' retrieved from /home/airflow/.local/lib/python3.12/site-packages/airflow/example_dags/example_python_decorator.py
[2024-07-16T17:23:35.863+0000] {logging_mixin.py:188} INFO - [2024-07-16T17:23:35.863+0000] {dag.py:3089} INFO - Sync 1 DAGs
[2024-07-16T17:23:35.874+0000] {logging_mixin.py:188} INFO - [2024-07-16T17:23:35.874+0000] {dag.py:3947} INFO - Setting next_dagrun for example_python_decorator to None, run_after=None
[2024-07-16T17:23:35.895+0000] {processor.py:183} INFO - Processing /home/airflow/.local/lib/python3.12/site-packages/airflow/example_dags/example_python_decorator.py took 0.073 seconds
[2024-07-16T17:24:06.271+0000] {processor.py:161} INFO - Started process (PID=3645) to work on /home/airflow/.local/lib/python3.12/site-packages/airflow/example_dags/example_python_decorator.py
[2024-07-16T17:24:06.273+0000] {processor.py:830} INFO - Processing file /home/airflow/.local/lib/python3.12/site-packages/airflow/example_dags/example_python_decorator.py for tasks to queue
[2024-07-16T17:24:06.275+0000] {logging_mixin.py:188} INFO - [2024-07-16T17:24:06.275+0000] {dagbag.py:545} INFO - Filling up the DagBag from /home/airflow/.local/lib/python3.12/site-packages/airflow/example_dags/example_python_decorator.py
[2024-07-16T17:24:06.285+0000] {processor.py:840} INFO - DAG(s) 'example_python_decorator' retrieved from /home/airflow/.local/lib/python3.12/site-packages/airflow/example_dags/example_python_decorator.py
[2024-07-16T17:24:06.306+0000] {logging_mixin.py:188} INFO - [2024-07-16T17:24:06.306+0000] {dag.py:3089} INFO - Sync 1 DAGs
[2024-07-16T17:24:06.316+0000] {logging_mixin.py:188} INFO - [2024-07-16T17:24:06.316+0000] {dag.py:3947} INFO - Setting next_dagrun for example_python_decorator to None, run_after=None
[2024-07-16T17:24:06.334+0000] {processor.py:183} INFO - Processing /home/airflow/.local/lib/python3.12/site-packages/airflow/example_dags/example_python_decorator.py took 0.068 seconds
[2024-07-16T17:24:36.438+0000] {processor.py:161} INFO - Started process (PID=3904) to work on /home/airflow/.local/lib/python3.12/site-packages/airflow/example_dags/example_python_decorator.py
[2024-07-16T17:24:36.440+0000] {processor.py:830} INFO - Processing file /home/airflow/.local/lib/python3.12/site-packages/airflow/example_dags/example_python_decorator.py for tasks to queue
[2024-07-16T17:24:36.442+0000] {logging_mixin.py:188} INFO - [2024-07-16T17:24:36.442+0000] {dagbag.py:545} INFO - Filling up the DagBag from /home/airflow/.local/lib/python3.12/site-packages/airflow/example_dags/example_python_decorator.py
[2024-07-16T17:24:36.453+0000] {processor.py:840} INFO - DAG(s) 'example_python_decorator' retrieved from /home/airflow/.local/lib/python3.12/site-packages/airflow/example_dags/example_python_decorator.py
[2024-07-16T17:24:36.473+0000] {logging_mixin.py:188} INFO - [2024-07-16T17:24:36.473+0000] {dag.py:3089} INFO - Sync 1 DAGs
[2024-07-16T17:24:36.484+0000] {logging_mixin.py:188} INFO - [2024-07-16T17:24:36.484+0000] {dag.py:3947} INFO - Setting next_dagrun for example_python_decorator to None, run_after=None
[2024-07-16T17:24:36.500+0000] {processor.py:183} INFO - Processing /home/airflow/.local/lib/python3.12/site-packages/airflow/example_dags/example_python_decorator.py took 0.068 seconds
[2024-07-16T17:25:06.805+0000] {processor.py:161} INFO - Started process (PID=4168) to work on /home/airflow/.local/lib/python3.12/site-packages/airflow/example_dags/example_python_decorator.py
[2024-07-16T17:25:06.809+0000] {processor.py:830} INFO - Processing file /home/airflow/.local/lib/python3.12/site-packages/airflow/example_dags/example_python_decorator.py for tasks to queue
[2024-07-16T17:25:06.810+0000] {logging_mixin.py:188} INFO - [2024-07-16T17:25:06.810+0000] {dagbag.py:545} INFO - Filling up the DagBag from /home/airflow/.local/lib/python3.12/site-packages/airflow/example_dags/example_python_decorator.py
[2024-07-16T17:25:06.821+0000] {processor.py:840} INFO - DAG(s) 'example_python_decorator' retrieved from /home/airflow/.local/lib/python3.12/site-packages/airflow/example_dags/example_python_decorator.py
[2024-07-16T17:25:06.842+0000] {logging_mixin.py:188} INFO - [2024-07-16T17:25:06.842+0000] {dag.py:3089} INFO - Sync 1 DAGs
[2024-07-16T17:25:06.854+0000] {logging_mixin.py:188} INFO - [2024-07-16T17:25:06.854+0000] {dag.py:3947} INFO - Setting next_dagrun for example_python_decorator to None, run_after=None
[2024-07-16T17:25:06.873+0000] {processor.py:183} INFO - Processing /home/airflow/.local/lib/python3.12/site-packages/airflow/example_dags/example_python_decorator.py took 0.073 seconds
[2024-07-16T17:25:37.528+0000] {processor.py:161} INFO - Started process (PID=4428) to work on /home/airflow/.local/lib/python3.12/site-packages/airflow/example_dags/example_python_decorator.py
[2024-07-16T17:25:37.531+0000] {processor.py:830} INFO - Processing file /home/airflow/.local/lib/python3.12/site-packages/airflow/example_dags/example_python_decorator.py for tasks to queue
[2024-07-16T17:25:37.532+0000] {logging_mixin.py:188} INFO - [2024-07-16T17:25:37.532+0000] {dagbag.py:545} INFO - Filling up the DagBag from /home/airflow/.local/lib/python3.12/site-packages/airflow/example_dags/example_python_decorator.py
[2024-07-16T17:25:37.543+0000] {processor.py:840} INFO - DAG(s) 'example_python_decorator' retrieved from /home/airflow/.local/lib/python3.12/site-packages/airflow/example_dags/example_python_decorator.py
[2024-07-16T17:25:37.562+0000] {logging_mixin.py:188} INFO - [2024-07-16T17:25:37.562+0000] {dag.py:3089} INFO - Sync 1 DAGs
[2024-07-16T17:25:37.573+0000] {logging_mixin.py:188} INFO - [2024-07-16T17:25:37.573+0000] {dag.py:3947} INFO - Setting next_dagrun for example_python_decorator to None, run_after=None
[2024-07-16T17:25:37.591+0000] {processor.py:183} INFO - Processing /home/airflow/.local/lib/python3.12/site-packages/airflow/example_dags/example_python_decorator.py took 0.072 seconds
[2024-07-16T17:26:07.982+0000] {processor.py:161} INFO - Started process (PID=4690) to work on /home/airflow/.local/lib/python3.12/site-packages/airflow/example_dags/example_python_decorator.py
[2024-07-16T17:26:07.984+0000] {processor.py:830} INFO - Processing file /home/airflow/.local/lib/python3.12/site-packages/airflow/example_dags/example_python_decorator.py for tasks to queue
[2024-07-16T17:26:07.985+0000] {logging_mixin.py:188} INFO - [2024-07-16T17:26:07.985+0000] {dagbag.py:545} INFO - Filling up the DagBag from /home/airflow/.local/lib/python3.12/site-packages/airflow/example_dags/example_python_decorator.py
[2024-07-16T17:26:08.003+0000] {processor.py:840} INFO - DAG(s) 'example_python_decorator' retrieved from /home/airflow/.local/lib/python3.12/site-packages/airflow/example_dags/example_python_decorator.py
[2024-07-16T17:26:08.025+0000] {logging_mixin.py:188} INFO - [2024-07-16T17:26:08.025+0000] {dag.py:3089} INFO - Sync 1 DAGs
[2024-07-16T17:26:08.037+0000] {logging_mixin.py:188} INFO - [2024-07-16T17:26:08.036+0000] {dag.py:3947} INFO - Setting next_dagrun for example_python_decorator to None, run_after=None
[2024-07-16T17:26:08.057+0000] {processor.py:183} INFO - Processing /home/airflow/.local/lib/python3.12/site-packages/airflow/example_dags/example_python_decorator.py took 0.108 seconds
[2024-07-16T17:26:38.658+0000] {processor.py:161} INFO - Started process (PID=4952) to work on /home/airflow/.local/lib/python3.12/site-packages/airflow/example_dags/example_python_decorator.py
[2024-07-16T17:26:38.660+0000] {processor.py:830} INFO - Processing file /home/airflow/.local/lib/python3.12/site-packages/airflow/example_dags/example_python_decorator.py for tasks to queue
[2024-07-16T17:26:38.662+0000] {logging_mixin.py:188} INFO - [2024-07-16T17:26:38.662+0000] {dagbag.py:545} INFO - Filling up the DagBag from /home/airflow/.local/lib/python3.12/site-packages/airflow/example_dags/example_python_decorator.py
[2024-07-16T17:26:38.675+0000] {processor.py:840} INFO - DAG(s) 'example_python_decorator' retrieved from /home/airflow/.local/lib/python3.12/site-packages/airflow/example_dags/example_python_decorator.py
[2024-07-16T17:26:38.699+0000] {logging_mixin.py:188} INFO - [2024-07-16T17:26:38.699+0000] {dag.py:3089} INFO - Sync 1 DAGs
[2024-07-16T17:26:38.711+0000] {logging_mixin.py:188} INFO - [2024-07-16T17:26:38.711+0000] {dag.py:3947} INFO - Setting next_dagrun for example_python_decorator to None, run_after=None
[2024-07-16T17:26:38.730+0000] {processor.py:183} INFO - Processing /home/airflow/.local/lib/python3.12/site-packages/airflow/example_dags/example_python_decorator.py took 0.077 seconds
[2024-07-16T17:27:08.920+0000] {processor.py:161} INFO - Started process (PID=5214) to work on /home/airflow/.local/lib/python3.12/site-packages/airflow/example_dags/example_python_decorator.py
[2024-07-16T17:27:08.923+0000] {processor.py:830} INFO - Processing file /home/airflow/.local/lib/python3.12/site-packages/airflow/example_dags/example_python_decorator.py for tasks to queue
[2024-07-16T17:27:08.924+0000] {logging_mixin.py:188} INFO - [2024-07-16T17:27:08.924+0000] {dagbag.py:545} INFO - Filling up the DagBag from /home/airflow/.local/lib/python3.12/site-packages/airflow/example_dags/example_python_decorator.py
[2024-07-16T17:27:08.936+0000] {processor.py:840} INFO - DAG(s) 'example_python_decorator' retrieved from /home/airflow/.local/lib/python3.12/site-packages/airflow/example_dags/example_python_decorator.py
[2024-07-16T17:27:08.955+0000] {logging_mixin.py:188} INFO - [2024-07-16T17:27:08.955+0000] {dag.py:3089} INFO - Sync 1 DAGs
[2024-07-16T17:27:08.967+0000] {logging_mixin.py:188} INFO - [2024-07-16T17:27:08.967+0000] {dag.py:3947} INFO - Setting next_dagrun for example_python_decorator to None, run_after=None
[2024-07-16T17:27:08.984+0000] {processor.py:183} INFO - Processing /home/airflow/.local/lib/python3.12/site-packages/airflow/example_dags/example_python_decorator.py took 0.069 seconds
[2024-07-16T17:27:39.604+0000] {processor.py:161} INFO - Started process (PID=5476) to work on /home/airflow/.local/lib/python3.12/site-packages/airflow/example_dags/example_python_decorator.py
[2024-07-16T17:27:39.606+0000] {processor.py:830} INFO - Processing file /home/airflow/.local/lib/python3.12/site-packages/airflow/example_dags/example_python_decorator.py for tasks to queue
[2024-07-16T17:27:39.607+0000] {logging_mixin.py:188} INFO - [2024-07-16T17:27:39.607+0000] {dagbag.py:545} INFO - Filling up the DagBag from /home/airflow/.local/lib/python3.12/site-packages/airflow/example_dags/example_python_decorator.py
[2024-07-16T17:27:39.618+0000] {processor.py:840} INFO - DAG(s) 'example_python_decorator' retrieved from /home/airflow/.local/lib/python3.12/site-packages/airflow/example_dags/example_python_decorator.py
[2024-07-16T17:27:39.641+0000] {logging_mixin.py:188} INFO - [2024-07-16T17:27:39.641+0000] {dag.py:3089} INFO - Sync 1 DAGs
[2024-07-16T17:27:39.652+0000] {logging_mixin.py:188} INFO - [2024-07-16T17:27:39.652+0000] {dag.py:3947} INFO - Setting next_dagrun for example_python_decorator to None, run_after=None
[2024-07-16T17:27:39.671+0000] {processor.py:183} INFO - Processing /home/airflow/.local/lib/python3.12/site-packages/airflow/example_dags/example_python_decorator.py took 0.073 seconds
[2024-07-16T17:28:10.178+0000] {processor.py:161} INFO - Started process (PID=5746) to work on /home/airflow/.local/lib/python3.12/site-packages/airflow/example_dags/example_python_decorator.py
[2024-07-16T17:28:10.180+0000] {processor.py:830} INFO - Processing file /home/airflow/.local/lib/python3.12/site-packages/airflow/example_dags/example_python_decorator.py for tasks to queue
[2024-07-16T17:28:10.183+0000] {logging_mixin.py:188} INFO - [2024-07-16T17:28:10.182+0000] {dagbag.py:545} INFO - Filling up the DagBag from /home/airflow/.local/lib/python3.12/site-packages/airflow/example_dags/example_python_decorator.py
[2024-07-16T17:28:10.196+0000] {processor.py:840} INFO - DAG(s) 'example_python_decorator' retrieved from /home/airflow/.local/lib/python3.12/site-packages/airflow/example_dags/example_python_decorator.py
[2024-07-16T17:28:10.220+0000] {logging_mixin.py:188} INFO - [2024-07-16T17:28:10.220+0000] {dag.py:3089} INFO - Sync 1 DAGs
[2024-07-16T17:28:10.235+0000] {logging_mixin.py:188} INFO - [2024-07-16T17:28:10.234+0000] {dag.py:3947} INFO - Setting next_dagrun for example_python_decorator to None, run_after=None
[2024-07-16T17:28:10.259+0000] {processor.py:183} INFO - Processing /home/airflow/.local/lib/python3.12/site-packages/airflow/example_dags/example_python_decorator.py took 0.089 seconds
[2024-07-16T17:28:40.473+0000] {processor.py:161} INFO - Started process (PID=6008) to work on /home/airflow/.local/lib/python3.12/site-packages/airflow/example_dags/example_python_decorator.py
[2024-07-16T17:28:40.475+0000] {processor.py:830} INFO - Processing file /home/airflow/.local/lib/python3.12/site-packages/airflow/example_dags/example_python_decorator.py for tasks to queue
[2024-07-16T17:28:40.477+0000] {logging_mixin.py:188} INFO - [2024-07-16T17:28:40.476+0000] {dagbag.py:545} INFO - Filling up the DagBag from /home/airflow/.local/lib/python3.12/site-packages/airflow/example_dags/example_python_decorator.py
[2024-07-16T17:28:40.488+0000] {processor.py:840} INFO - DAG(s) 'example_python_decorator' retrieved from /home/airflow/.local/lib/python3.12/site-packages/airflow/example_dags/example_python_decorator.py
[2024-07-16T17:28:40.510+0000] {logging_mixin.py:188} INFO - [2024-07-16T17:28:40.510+0000] {dag.py:3089} INFO - Sync 1 DAGs
[2024-07-16T17:28:40.521+0000] {logging_mixin.py:188} INFO - [2024-07-16T17:28:40.521+0000] {dag.py:3947} INFO - Setting next_dagrun for example_python_decorator to None, run_after=None
[2024-07-16T17:28:40.542+0000] {processor.py:183} INFO - Processing /home/airflow/.local/lib/python3.12/site-packages/airflow/example_dags/example_python_decorator.py took 0.074 seconds
[2024-07-16T17:29:10.955+0000] {processor.py:161} INFO - Started process (PID=6272) to work on /home/airflow/.local/lib/python3.12/site-packages/airflow/example_dags/example_python_decorator.py
[2024-07-16T17:29:10.957+0000] {processor.py:830} INFO - Processing file /home/airflow/.local/lib/python3.12/site-packages/airflow/example_dags/example_python_decorator.py for tasks to queue
[2024-07-16T17:29:10.958+0000] {logging_mixin.py:188} INFO - [2024-07-16T17:29:10.958+0000] {dagbag.py:545} INFO - Filling up the DagBag from /home/airflow/.local/lib/python3.12/site-packages/airflow/example_dags/example_python_decorator.py
[2024-07-16T17:29:10.969+0000] {processor.py:840} INFO - DAG(s) 'example_python_decorator' retrieved from /home/airflow/.local/lib/python3.12/site-packages/airflow/example_dags/example_python_decorator.py
[2024-07-16T17:29:10.991+0000] {logging_mixin.py:188} INFO - [2024-07-16T17:29:10.990+0000] {dag.py:3089} INFO - Sync 1 DAGs
[2024-07-16T17:29:11.003+0000] {logging_mixin.py:188} INFO - [2024-07-16T17:29:11.003+0000] {dag.py:3947} INFO - Setting next_dagrun for example_python_decorator to None, run_after=None
[2024-07-16T17:29:11.024+0000] {processor.py:183} INFO - Processing /home/airflow/.local/lib/python3.12/site-packages/airflow/example_dags/example_python_decorator.py took 0.074 seconds
[2024-07-16T17:29:41.458+0000] {processor.py:161} INFO - Started process (PID=6532) to work on /home/airflow/.local/lib/python3.12/site-packages/airflow/example_dags/example_python_decorator.py
[2024-07-16T17:29:41.459+0000] {processor.py:830} INFO - Processing file /home/airflow/.local/lib/python3.12/site-packages/airflow/example_dags/example_python_decorator.py for tasks to queue
[2024-07-16T17:29:41.461+0000] {logging_mixin.py:188} INFO - [2024-07-16T17:29:41.461+0000] {dagbag.py:545} INFO - Filling up the DagBag from /home/airflow/.local/lib/python3.12/site-packages/airflow/example_dags/example_python_decorator.py
[2024-07-16T17:29:41.474+0000] {processor.py:840} INFO - DAG(s) 'example_python_decorator' retrieved from /home/airflow/.local/lib/python3.12/site-packages/airflow/example_dags/example_python_decorator.py
[2024-07-16T17:29:41.497+0000] {logging_mixin.py:188} INFO - [2024-07-16T17:29:41.497+0000] {dag.py:3089} INFO - Sync 1 DAGs
[2024-07-16T17:29:41.509+0000] {logging_mixin.py:188} INFO - [2024-07-16T17:29:41.508+0000] {dag.py:3947} INFO - Setting next_dagrun for example_python_decorator to None, run_after=None
[2024-07-16T17:29:41.532+0000] {processor.py:183} INFO - Processing /home/airflow/.local/lib/python3.12/site-packages/airflow/example_dags/example_python_decorator.py took 0.080 seconds
[2024-07-16T17:30:11.748+0000] {processor.py:161} INFO - Started process (PID=6795) to work on /home/airflow/.local/lib/python3.12/site-packages/airflow/example_dags/example_python_decorator.py
[2024-07-16T17:30:11.749+0000] {processor.py:830} INFO - Processing file /home/airflow/.local/lib/python3.12/site-packages/airflow/example_dags/example_python_decorator.py for tasks to queue
[2024-07-16T17:30:11.751+0000] {logging_mixin.py:188} INFO - [2024-07-16T17:30:11.751+0000] {dagbag.py:545} INFO - Filling up the DagBag from /home/airflow/.local/lib/python3.12/site-packages/airflow/example_dags/example_python_decorator.py
[2024-07-16T17:30:11.765+0000] {processor.py:840} INFO - DAG(s) 'example_python_decorator' retrieved from /home/airflow/.local/lib/python3.12/site-packages/airflow/example_dags/example_python_decorator.py
[2024-07-16T17:30:11.787+0000] {logging_mixin.py:188} INFO - [2024-07-16T17:30:11.787+0000] {dag.py:3089} INFO - Sync 1 DAGs
[2024-07-16T17:30:11.799+0000] {logging_mixin.py:188} INFO - [2024-07-16T17:30:11.799+0000] {dag.py:3947} INFO - Setting next_dagrun for example_python_decorator to None, run_after=None
[2024-07-16T17:30:11.822+0000] {processor.py:183} INFO - Processing /home/airflow/.local/lib/python3.12/site-packages/airflow/example_dags/example_python_decorator.py took 0.080 seconds
[2024-07-16T17:30:42.170+0000] {processor.py:161} INFO - Started process (PID=7057) to work on /home/airflow/.local/lib/python3.12/site-packages/airflow/example_dags/example_python_decorator.py
[2024-07-16T17:30:42.171+0000] {processor.py:830} INFO - Processing file /home/airflow/.local/lib/python3.12/site-packages/airflow/example_dags/example_python_decorator.py for tasks to queue
[2024-07-16T17:30:42.173+0000] {logging_mixin.py:188} INFO - [2024-07-16T17:30:42.173+0000] {dagbag.py:545} INFO - Filling up the DagBag from /home/airflow/.local/lib/python3.12/site-packages/airflow/example_dags/example_python_decorator.py
[2024-07-16T17:30:42.186+0000] {processor.py:840} INFO - DAG(s) 'example_python_decorator' retrieved from /home/airflow/.local/lib/python3.12/site-packages/airflow/example_dags/example_python_decorator.py
[2024-07-16T17:30:42.209+0000] {logging_mixin.py:188} INFO - [2024-07-16T17:30:42.208+0000] {dag.py:3089} INFO - Sync 1 DAGs
[2024-07-16T17:30:42.221+0000] {logging_mixin.py:188} INFO - [2024-07-16T17:30:42.221+0000] {dag.py:3947} INFO - Setting next_dagrun for example_python_decorator to None, run_after=None
[2024-07-16T17:30:42.241+0000] {processor.py:183} INFO - Processing /home/airflow/.local/lib/python3.12/site-packages/airflow/example_dags/example_python_decorator.py took 0.077 seconds
[2024-07-16T17:31:13.265+0000] {processor.py:161} INFO - Started process (PID=7319) to work on /home/airflow/.local/lib/python3.12/site-packages/airflow/example_dags/example_python_decorator.py
[2024-07-16T17:31:13.266+0000] {processor.py:830} INFO - Processing file /home/airflow/.local/lib/python3.12/site-packages/airflow/example_dags/example_python_decorator.py for tasks to queue
[2024-07-16T17:31:13.268+0000] {logging_mixin.py:188} INFO - [2024-07-16T17:31:13.267+0000] {dagbag.py:545} INFO - Filling up the DagBag from /home/airflow/.local/lib/python3.12/site-packages/airflow/example_dags/example_python_decorator.py
[2024-07-16T17:31:13.280+0000] {processor.py:840} INFO - DAG(s) 'example_python_decorator' retrieved from /home/airflow/.local/lib/python3.12/site-packages/airflow/example_dags/example_python_decorator.py
[2024-07-16T17:31:13.301+0000] {logging_mixin.py:188} INFO - [2024-07-16T17:31:13.301+0000] {dag.py:3089} INFO - Sync 1 DAGs
[2024-07-16T17:31:13.313+0000] {logging_mixin.py:188} INFO - [2024-07-16T17:31:13.313+0000] {dag.py:3947} INFO - Setting next_dagrun for example_python_decorator to None, run_after=None
[2024-07-16T17:31:13.333+0000] {processor.py:183} INFO - Processing /home/airflow/.local/lib/python3.12/site-packages/airflow/example_dags/example_python_decorator.py took 0.073 seconds
[2024-07-16T17:31:43.612+0000] {processor.py:161} INFO - Started process (PID=7581) to work on /home/airflow/.local/lib/python3.12/site-packages/airflow/example_dags/example_python_decorator.py
[2024-07-16T17:31:43.614+0000] {processor.py:830} INFO - Processing file /home/airflow/.local/lib/python3.12/site-packages/airflow/example_dags/example_python_decorator.py for tasks to queue
[2024-07-16T17:31:43.617+0000] {logging_mixin.py:188} INFO - [2024-07-16T17:31:43.616+0000] {dagbag.py:545} INFO - Filling up the DagBag from /home/airflow/.local/lib/python3.12/site-packages/airflow/example_dags/example_python_decorator.py
[2024-07-16T17:31:43.629+0000] {processor.py:840} INFO - DAG(s) 'example_python_decorator' retrieved from /home/airflow/.local/lib/python3.12/site-packages/airflow/example_dags/example_python_decorator.py
[2024-07-16T17:31:43.669+0000] {logging_mixin.py:188} INFO - [2024-07-16T17:31:43.669+0000] {dag.py:3089} INFO - Sync 1 DAGs
[2024-07-16T17:31:43.691+0000] {logging_mixin.py:188} INFO - [2024-07-16T17:31:43.691+0000] {dag.py:3947} INFO - Setting next_dagrun for example_python_decorator to None, run_after=None
[2024-07-16T17:31:43.712+0000] {processor.py:183} INFO - Processing /home/airflow/.local/lib/python3.12/site-packages/airflow/example_dags/example_python_decorator.py took 0.107 seconds
