[2024-07-16T17:17:28.627+0000] {processor.py:161} INFO - Started process (PID=242) to work on /home/airflow/.local/lib/python3.12/site-packages/airflow/example_dags/example_complex.py
[2024-07-16T17:17:28.627+0000] {processor.py:830} INFO - Processing file /home/airflow/.local/lib/python3.12/site-packages/airflow/example_dags/example_complex.py for tasks to queue
[2024-07-16T17:17:28.629+0000] {logging_mixin.py:188} INFO - [2024-07-16T17:17:28.629+0000] {dagbag.py:545} INFO - Filling up the DagBag from /home/airflow/.local/lib/python3.12/site-packages/airflow/example_dags/example_complex.py
[2024-07-16T17:17:28.641+0000] {processor.py:840} INFO - DAG(s) 'example_complex' retrieved from /home/airflow/.local/lib/python3.12/site-packages/airflow/example_dags/example_complex.py
[2024-07-16T17:17:28.653+0000] {logging_mixin.py:188} INFO - [2024-07-16T17:17:28.653+0000] {dag.py:3089} INFO - Sync 1 DAGs
[2024-07-16T17:17:28.668+0000] {logging_mixin.py:188} INFO - [2024-07-16T17:17:28.668+0000] {dag.py:3947} INFO - Setting next_dagrun for example_complex to None, run_after=None
[2024-07-16T17:17:28.691+0000] {processor.py:183} INFO - Processing /home/airflow/.local/lib/python3.12/site-packages/airflow/example_dags/example_complex.py took 0.070 seconds
[2024-07-16T17:18:00.227+0000] {processor.py:161} INFO - Started process (PID=504) to work on /home/airflow/.local/lib/python3.12/site-packages/airflow/example_dags/example_complex.py
[2024-07-16T17:18:00.229+0000] {processor.py:830} INFO - Processing file /home/airflow/.local/lib/python3.12/site-packages/airflow/example_dags/example_complex.py for tasks to queue
[2024-07-16T17:18:00.231+0000] {logging_mixin.py:188} INFO - [2024-07-16T17:18:00.231+0000] {dagbag.py:545} INFO - Filling up the DagBag from /home/airflow/.local/lib/python3.12/site-packages/airflow/example_dags/example_complex.py
[2024-07-16T17:18:00.239+0000] {processor.py:840} INFO - DAG(s) 'example_complex' retrieved from /home/airflow/.local/lib/python3.12/site-packages/airflow/example_dags/example_complex.py
[2024-07-16T17:18:00.335+0000] {logging_mixin.py:188} INFO - [2024-07-16T17:18:00.334+0000] {dag.py:3089} INFO - Sync 1 DAGs
[2024-07-16T17:18:00.344+0000] {logging_mixin.py:188} INFO - [2024-07-16T17:18:00.344+0000] {dag.py:3947} INFO - Setting next_dagrun for example_complex to None, run_after=None
[2024-07-16T17:18:00.362+0000] {processor.py:183} INFO - Processing /home/airflow/.local/lib/python3.12/site-packages/airflow/example_dags/example_complex.py took 0.140 seconds
[2024-07-16T17:18:30.463+0000] {processor.py:161} INFO - Started process (PID=766) to work on /home/airflow/.local/lib/python3.12/site-packages/airflow/example_dags/example_complex.py
[2024-07-16T17:18:30.465+0000] {processor.py:830} INFO - Processing file /home/airflow/.local/lib/python3.12/site-packages/airflow/example_dags/example_complex.py for tasks to queue
[2024-07-16T17:18:30.467+0000] {logging_mixin.py:188} INFO - [2024-07-16T17:18:30.466+0000] {dagbag.py:545} INFO - Filling up the DagBag from /home/airflow/.local/lib/python3.12/site-packages/airflow/example_dags/example_complex.py
[2024-07-16T17:18:30.475+0000] {processor.py:840} INFO - DAG(s) 'example_complex' retrieved from /home/airflow/.local/lib/python3.12/site-packages/airflow/example_dags/example_complex.py
[2024-07-16T17:18:30.501+0000] {logging_mixin.py:188} INFO - [2024-07-16T17:18:30.501+0000] {dag.py:3089} INFO - Sync 1 DAGs
[2024-07-16T17:18:30.511+0000] {logging_mixin.py:188} INFO - [2024-07-16T17:18:30.511+0000] {dag.py:3947} INFO - Setting next_dagrun for example_complex to None, run_after=None
[2024-07-16T17:18:30.525+0000] {processor.py:183} INFO - Processing /home/airflow/.local/lib/python3.12/site-packages/airflow/example_dags/example_complex.py took 0.067 seconds
[2024-07-16T17:19:01.354+0000] {processor.py:161} INFO - Started process (PID=1030) to work on /home/airflow/.local/lib/python3.12/site-packages/airflow/example_dags/example_complex.py
[2024-07-16T17:19:01.357+0000] {processor.py:830} INFO - Processing file /home/airflow/.local/lib/python3.12/site-packages/airflow/example_dags/example_complex.py for tasks to queue
[2024-07-16T17:19:01.358+0000] {logging_mixin.py:188} INFO - [2024-07-16T17:19:01.358+0000] {dagbag.py:545} INFO - Filling up the DagBag from /home/airflow/.local/lib/python3.12/site-packages/airflow/example_dags/example_complex.py
[2024-07-16T17:19:01.367+0000] {processor.py:840} INFO - DAG(s) 'example_complex' retrieved from /home/airflow/.local/lib/python3.12/site-packages/airflow/example_dags/example_complex.py
[2024-07-16T17:19:01.396+0000] {logging_mixin.py:188} INFO - [2024-07-16T17:19:01.396+0000] {dag.py:3089} INFO - Sync 1 DAGs
[2024-07-16T17:19:01.407+0000] {logging_mixin.py:188} INFO - [2024-07-16T17:19:01.407+0000] {dag.py:3947} INFO - Setting next_dagrun for example_complex to None, run_after=None
[2024-07-16T17:19:01.428+0000] {processor.py:183} INFO - Processing /home/airflow/.local/lib/python3.12/site-packages/airflow/example_dags/example_complex.py took 0.079 seconds
[2024-07-16T17:19:31.573+0000] {processor.py:161} INFO - Started process (PID=1292) to work on /home/airflow/.local/lib/python3.12/site-packages/airflow/example_dags/example_complex.py
[2024-07-16T17:19:31.574+0000] {processor.py:830} INFO - Processing file /home/airflow/.local/lib/python3.12/site-packages/airflow/example_dags/example_complex.py for tasks to queue
[2024-07-16T17:19:31.576+0000] {logging_mixin.py:188} INFO - [2024-07-16T17:19:31.576+0000] {dagbag.py:545} INFO - Filling up the DagBag from /home/airflow/.local/lib/python3.12/site-packages/airflow/example_dags/example_complex.py
[2024-07-16T17:19:31.583+0000] {processor.py:840} INFO - DAG(s) 'example_complex' retrieved from /home/airflow/.local/lib/python3.12/site-packages/airflow/example_dags/example_complex.py
[2024-07-16T17:19:31.612+0000] {logging_mixin.py:188} INFO - [2024-07-16T17:19:31.611+0000] {dag.py:3089} INFO - Sync 1 DAGs
[2024-07-16T17:19:31.623+0000] {logging_mixin.py:188} INFO - [2024-07-16T17:19:31.623+0000] {dag.py:3947} INFO - Setting next_dagrun for example_complex to None, run_after=None
[2024-07-16T17:19:31.641+0000] {processor.py:183} INFO - Processing /home/airflow/.local/lib/python3.12/site-packages/airflow/example_dags/example_complex.py took 0.074 seconds
[2024-07-16T17:20:02.181+0000] {processor.py:161} INFO - Started process (PID=1552) to work on /home/airflow/.local/lib/python3.12/site-packages/airflow/example_dags/example_complex.py
[2024-07-16T17:20:02.183+0000] {processor.py:830} INFO - Processing file /home/airflow/.local/lib/python3.12/site-packages/airflow/example_dags/example_complex.py for tasks to queue
[2024-07-16T17:20:02.184+0000] {logging_mixin.py:188} INFO - [2024-07-16T17:20:02.184+0000] {dagbag.py:545} INFO - Filling up the DagBag from /home/airflow/.local/lib/python3.12/site-packages/airflow/example_dags/example_complex.py
[2024-07-16T17:20:02.192+0000] {processor.py:840} INFO - DAG(s) 'example_complex' retrieved from /home/airflow/.local/lib/python3.12/site-packages/airflow/example_dags/example_complex.py
[2024-07-16T17:20:02.220+0000] {logging_mixin.py:188} INFO - [2024-07-16T17:20:02.220+0000] {dag.py:3089} INFO - Sync 1 DAGs
[2024-07-16T17:20:02.231+0000] {logging_mixin.py:188} INFO - [2024-07-16T17:20:02.231+0000] {dag.py:3947} INFO - Setting next_dagrun for example_complex to None, run_after=None
[2024-07-16T17:20:02.247+0000] {processor.py:183} INFO - Processing /home/airflow/.local/lib/python3.12/site-packages/airflow/example_dags/example_complex.py took 0.071 seconds
[2024-07-16T17:20:32.845+0000] {processor.py:161} INFO - Started process (PID=1817) to work on /home/airflow/.local/lib/python3.12/site-packages/airflow/example_dags/example_complex.py
[2024-07-16T17:20:32.847+0000] {processor.py:830} INFO - Processing file /home/airflow/.local/lib/python3.12/site-packages/airflow/example_dags/example_complex.py for tasks to queue
[2024-07-16T17:20:32.849+0000] {logging_mixin.py:188} INFO - [2024-07-16T17:20:32.848+0000] {dagbag.py:545} INFO - Filling up the DagBag from /home/airflow/.local/lib/python3.12/site-packages/airflow/example_dags/example_complex.py
[2024-07-16T17:20:32.859+0000] {processor.py:840} INFO - DAG(s) 'example_complex' retrieved from /home/airflow/.local/lib/python3.12/site-packages/airflow/example_dags/example_complex.py
[2024-07-16T17:20:32.885+0000] {logging_mixin.py:188} INFO - [2024-07-16T17:20:32.885+0000] {dag.py:3089} INFO - Sync 1 DAGs
[2024-07-16T17:20:32.895+0000] {logging_mixin.py:188} INFO - [2024-07-16T17:20:32.895+0000] {dag.py:3947} INFO - Setting next_dagrun for example_complex to None, run_after=None
[2024-07-16T17:20:32.910+0000] {processor.py:183} INFO - Processing /home/airflow/.local/lib/python3.12/site-packages/airflow/example_dags/example_complex.py took 0.072 seconds
[2024-07-16T17:21:03.402+0000] {processor.py:161} INFO - Started process (PID=2077) to work on /home/airflow/.local/lib/python3.12/site-packages/airflow/example_dags/example_complex.py
[2024-07-16T17:21:03.403+0000] {processor.py:830} INFO - Processing file /home/airflow/.local/lib/python3.12/site-packages/airflow/example_dags/example_complex.py for tasks to queue
[2024-07-16T17:21:03.405+0000] {logging_mixin.py:188} INFO - [2024-07-16T17:21:03.404+0000] {dagbag.py:545} INFO - Filling up the DagBag from /home/airflow/.local/lib/python3.12/site-packages/airflow/example_dags/example_complex.py
[2024-07-16T17:21:03.413+0000] {processor.py:840} INFO - DAG(s) 'example_complex' retrieved from /home/airflow/.local/lib/python3.12/site-packages/airflow/example_dags/example_complex.py
[2024-07-16T17:21:03.441+0000] {logging_mixin.py:188} INFO - [2024-07-16T17:21:03.441+0000] {dag.py:3089} INFO - Sync 1 DAGs
[2024-07-16T17:21:03.452+0000] {logging_mixin.py:188} INFO - [2024-07-16T17:21:03.452+0000] {dag.py:3947} INFO - Setting next_dagrun for example_complex to None, run_after=None
[2024-07-16T17:21:03.470+0000] {processor.py:183} INFO - Processing /home/airflow/.local/lib/python3.12/site-packages/airflow/example_dags/example_complex.py took 0.073 seconds
[2024-07-16T17:21:33.936+0000] {processor.py:161} INFO - Started process (PID=2338) to work on /home/airflow/.local/lib/python3.12/site-packages/airflow/example_dags/example_complex.py
[2024-07-16T17:21:33.938+0000] {processor.py:830} INFO - Processing file /home/airflow/.local/lib/python3.12/site-packages/airflow/example_dags/example_complex.py for tasks to queue
[2024-07-16T17:21:33.940+0000] {logging_mixin.py:188} INFO - [2024-07-16T17:21:33.939+0000] {dagbag.py:545} INFO - Filling up the DagBag from /home/airflow/.local/lib/python3.12/site-packages/airflow/example_dags/example_complex.py
[2024-07-16T17:21:33.948+0000] {processor.py:840} INFO - DAG(s) 'example_complex' retrieved from /home/airflow/.local/lib/python3.12/site-packages/airflow/example_dags/example_complex.py
[2024-07-16T17:21:33.976+0000] {logging_mixin.py:188} INFO - [2024-07-16T17:21:33.976+0000] {dag.py:3089} INFO - Sync 1 DAGs
[2024-07-16T17:21:33.987+0000] {logging_mixin.py:188} INFO - [2024-07-16T17:21:33.987+0000] {dag.py:3947} INFO - Setting next_dagrun for example_complex to None, run_after=None
[2024-07-16T17:21:34.004+0000] {processor.py:183} INFO - Processing /home/airflow/.local/lib/python3.12/site-packages/airflow/example_dags/example_complex.py took 0.073 seconds
[2024-07-16T17:22:04.459+0000] {processor.py:161} INFO - Started process (PID=2600) to work on /home/airflow/.local/lib/python3.12/site-packages/airflow/example_dags/example_complex.py
[2024-07-16T17:22:04.461+0000] {processor.py:830} INFO - Processing file /home/airflow/.local/lib/python3.12/site-packages/airflow/example_dags/example_complex.py for tasks to queue
[2024-07-16T17:22:04.463+0000] {logging_mixin.py:188} INFO - [2024-07-16T17:22:04.463+0000] {dagbag.py:545} INFO - Filling up the DagBag from /home/airflow/.local/lib/python3.12/site-packages/airflow/example_dags/example_complex.py
[2024-07-16T17:22:04.471+0000] {processor.py:840} INFO - DAG(s) 'example_complex' retrieved from /home/airflow/.local/lib/python3.12/site-packages/airflow/example_dags/example_complex.py
[2024-07-16T17:22:04.500+0000] {logging_mixin.py:188} INFO - [2024-07-16T17:22:04.499+0000] {dag.py:3089} INFO - Sync 1 DAGs
[2024-07-16T17:22:04.511+0000] {logging_mixin.py:188} INFO - [2024-07-16T17:22:04.511+0000] {dag.py:3947} INFO - Setting next_dagrun for example_complex to None, run_after=None
[2024-07-16T17:22:04.527+0000] {processor.py:183} INFO - Processing /home/airflow/.local/lib/python3.12/site-packages/airflow/example_dags/example_complex.py took 0.073 seconds
[2024-07-16T17:22:35.086+0000] {processor.py:161} INFO - Started process (PID=2864) to work on /home/airflow/.local/lib/python3.12/site-packages/airflow/example_dags/example_complex.py
[2024-07-16T17:22:35.088+0000] {processor.py:830} INFO - Processing file /home/airflow/.local/lib/python3.12/site-packages/airflow/example_dags/example_complex.py for tasks to queue
[2024-07-16T17:22:35.090+0000] {logging_mixin.py:188} INFO - [2024-07-16T17:22:35.089+0000] {dagbag.py:545} INFO - Filling up the DagBag from /home/airflow/.local/lib/python3.12/site-packages/airflow/example_dags/example_complex.py
[2024-07-16T17:22:35.098+0000] {processor.py:840} INFO - DAG(s) 'example_complex' retrieved from /home/airflow/.local/lib/python3.12/site-packages/airflow/example_dags/example_complex.py
[2024-07-16T17:22:35.126+0000] {logging_mixin.py:188} INFO - [2024-07-16T17:22:35.126+0000] {dag.py:3089} INFO - Sync 1 DAGs
[2024-07-16T17:22:35.144+0000] {logging_mixin.py:188} INFO - [2024-07-16T17:22:35.144+0000] {dag.py:3947} INFO - Setting next_dagrun for example_complex to None, run_after=None
[2024-07-16T17:22:35.159+0000] {processor.py:183} INFO - Processing /home/airflow/.local/lib/python3.12/site-packages/airflow/example_dags/example_complex.py took 0.078 seconds
[2024-07-16T17:23:05.751+0000] {processor.py:161} INFO - Started process (PID=3124) to work on /home/airflow/.local/lib/python3.12/site-packages/airflow/example_dags/example_complex.py
[2024-07-16T17:23:05.753+0000] {processor.py:830} INFO - Processing file /home/airflow/.local/lib/python3.12/site-packages/airflow/example_dags/example_complex.py for tasks to queue
[2024-07-16T17:23:05.755+0000] {logging_mixin.py:188} INFO - [2024-07-16T17:23:05.755+0000] {dagbag.py:545} INFO - Filling up the DagBag from /home/airflow/.local/lib/python3.12/site-packages/airflow/example_dags/example_complex.py
[2024-07-16T17:23:05.765+0000] {processor.py:840} INFO - DAG(s) 'example_complex' retrieved from /home/airflow/.local/lib/python3.12/site-packages/airflow/example_dags/example_complex.py
[2024-07-16T17:23:05.797+0000] {logging_mixin.py:188} INFO - [2024-07-16T17:23:05.796+0000] {dag.py:3089} INFO - Sync 1 DAGs
[2024-07-16T17:23:05.810+0000] {logging_mixin.py:188} INFO - [2024-07-16T17:23:05.809+0000] {dag.py:3947} INFO - Setting next_dagrun for example_complex to None, run_after=None
[2024-07-16T17:23:05.828+0000] {processor.py:183} INFO - Processing /home/airflow/.local/lib/python3.12/site-packages/airflow/example_dags/example_complex.py took 0.083 seconds
[2024-07-16T17:23:35.866+0000] {processor.py:161} INFO - Started process (PID=3386) to work on /home/airflow/.local/lib/python3.12/site-packages/airflow/example_dags/example_complex.py
[2024-07-16T17:23:35.868+0000] {processor.py:830} INFO - Processing file /home/airflow/.local/lib/python3.12/site-packages/airflow/example_dags/example_complex.py for tasks to queue
[2024-07-16T17:23:35.870+0000] {logging_mixin.py:188} INFO - [2024-07-16T17:23:35.870+0000] {dagbag.py:545} INFO - Filling up the DagBag from /home/airflow/.local/lib/python3.12/site-packages/airflow/example_dags/example_complex.py
[2024-07-16T17:23:35.878+0000] {processor.py:840} INFO - DAG(s) 'example_complex' retrieved from /home/airflow/.local/lib/python3.12/site-packages/airflow/example_dags/example_complex.py
[2024-07-16T17:23:35.909+0000] {logging_mixin.py:188} INFO - [2024-07-16T17:23:35.908+0000] {dag.py:3089} INFO - Sync 1 DAGs
[2024-07-16T17:23:35.921+0000] {logging_mixin.py:188} INFO - [2024-07-16T17:23:35.921+0000] {dag.py:3947} INFO - Setting next_dagrun for example_complex to None, run_after=None
[2024-07-16T17:23:35.939+0000] {processor.py:183} INFO - Processing /home/airflow/.local/lib/python3.12/site-packages/airflow/example_dags/example_complex.py took 0.078 seconds
[2024-07-16T17:24:06.277+0000] {processor.py:161} INFO - Started process (PID=3648) to work on /home/airflow/.local/lib/python3.12/site-packages/airflow/example_dags/example_complex.py
[2024-07-16T17:24:06.278+0000] {processor.py:830} INFO - Processing file /home/airflow/.local/lib/python3.12/site-packages/airflow/example_dags/example_complex.py for tasks to queue
[2024-07-16T17:24:06.279+0000] {logging_mixin.py:188} INFO - [2024-07-16T17:24:06.279+0000] {dagbag.py:545} INFO - Filling up the DagBag from /home/airflow/.local/lib/python3.12/site-packages/airflow/example_dags/example_complex.py
[2024-07-16T17:24:06.287+0000] {processor.py:840} INFO - DAG(s) 'example_complex' retrieved from /home/airflow/.local/lib/python3.12/site-packages/airflow/example_dags/example_complex.py
[2024-07-16T17:24:06.315+0000] {logging_mixin.py:188} INFO - [2024-07-16T17:24:06.315+0000] {dag.py:3089} INFO - Sync 1 DAGs
[2024-07-16T17:24:06.326+0000] {logging_mixin.py:188} INFO - [2024-07-16T17:24:06.326+0000] {dag.py:3947} INFO - Setting next_dagrun for example_complex to None, run_after=None
[2024-07-16T17:24:06.344+0000] {processor.py:183} INFO - Processing /home/airflow/.local/lib/python3.12/site-packages/airflow/example_dags/example_complex.py took 0.072 seconds
[2024-07-16T17:24:36.463+0000] {processor.py:161} INFO - Started process (PID=3909) to work on /home/airflow/.local/lib/python3.12/site-packages/airflow/example_dags/example_complex.py
[2024-07-16T17:24:36.465+0000] {processor.py:830} INFO - Processing file /home/airflow/.local/lib/python3.12/site-packages/airflow/example_dags/example_complex.py for tasks to queue
[2024-07-16T17:24:36.466+0000] {logging_mixin.py:188} INFO - [2024-07-16T17:24:36.466+0000] {dagbag.py:545} INFO - Filling up the DagBag from /home/airflow/.local/lib/python3.12/site-packages/airflow/example_dags/example_complex.py
[2024-07-16T17:24:36.475+0000] {processor.py:840} INFO - DAG(s) 'example_complex' retrieved from /home/airflow/.local/lib/python3.12/site-packages/airflow/example_dags/example_complex.py
[2024-07-16T17:24:36.503+0000] {logging_mixin.py:188} INFO - [2024-07-16T17:24:36.502+0000] {dag.py:3089} INFO - Sync 1 DAGs
[2024-07-16T17:24:36.514+0000] {logging_mixin.py:188} INFO - [2024-07-16T17:24:36.513+0000] {dag.py:3947} INFO - Setting next_dagrun for example_complex to None, run_after=None
[2024-07-16T17:24:36.531+0000] {processor.py:183} INFO - Processing /home/airflow/.local/lib/python3.12/site-packages/airflow/example_dags/example_complex.py took 0.073 seconds
[2024-07-16T17:25:06.811+0000] {processor.py:161} INFO - Started process (PID=4171) to work on /home/airflow/.local/lib/python3.12/site-packages/airflow/example_dags/example_complex.py
[2024-07-16T17:25:06.812+0000] {processor.py:830} INFO - Processing file /home/airflow/.local/lib/python3.12/site-packages/airflow/example_dags/example_complex.py for tasks to queue
[2024-07-16T17:25:06.814+0000] {logging_mixin.py:188} INFO - [2024-07-16T17:25:06.814+0000] {dagbag.py:545} INFO - Filling up the DagBag from /home/airflow/.local/lib/python3.12/site-packages/airflow/example_dags/example_complex.py
[2024-07-16T17:25:06.822+0000] {processor.py:840} INFO - DAG(s) 'example_complex' retrieved from /home/airflow/.local/lib/python3.12/site-packages/airflow/example_dags/example_complex.py
[2024-07-16T17:25:06.853+0000] {logging_mixin.py:188} INFO - [2024-07-16T17:25:06.853+0000] {dag.py:3089} INFO - Sync 1 DAGs
[2024-07-16T17:25:06.864+0000] {logging_mixin.py:188} INFO - [2024-07-16T17:25:06.864+0000] {dag.py:3947} INFO - Setting next_dagrun for example_complex to None, run_after=None
[2024-07-16T17:25:06.882+0000] {processor.py:183} INFO - Processing /home/airflow/.local/lib/python3.12/site-packages/airflow/example_dags/example_complex.py took 0.076 seconds
[2024-07-16T17:25:37.613+0000] {processor.py:161} INFO - Started process (PID=4435) to work on /home/airflow/.local/lib/python3.12/site-packages/airflow/example_dags/example_complex.py
[2024-07-16T17:25:37.615+0000] {processor.py:830} INFO - Processing file /home/airflow/.local/lib/python3.12/site-packages/airflow/example_dags/example_complex.py for tasks to queue
[2024-07-16T17:25:37.616+0000] {logging_mixin.py:188} INFO - [2024-07-16T17:25:37.616+0000] {dagbag.py:545} INFO - Filling up the DagBag from /home/airflow/.local/lib/python3.12/site-packages/airflow/example_dags/example_complex.py
[2024-07-16T17:25:37.624+0000] {processor.py:840} INFO - DAG(s) 'example_complex' retrieved from /home/airflow/.local/lib/python3.12/site-packages/airflow/example_dags/example_complex.py
[2024-07-16T17:25:37.648+0000] {logging_mixin.py:188} INFO - [2024-07-16T17:25:37.647+0000] {dag.py:3089} INFO - Sync 1 DAGs
[2024-07-16T17:25:37.657+0000] {logging_mixin.py:188} INFO - [2024-07-16T17:25:37.657+0000] {dag.py:3947} INFO - Setting next_dagrun for example_complex to None, run_after=None
[2024-07-16T17:25:37.672+0000] {processor.py:183} INFO - Processing /home/airflow/.local/lib/python3.12/site-packages/airflow/example_dags/example_complex.py took 0.064 seconds
[2024-07-16T17:26:08.027+0000] {processor.py:161} INFO - Started process (PID=4695) to work on /home/airflow/.local/lib/python3.12/site-packages/airflow/example_dags/example_complex.py
[2024-07-16T17:26:08.029+0000] {processor.py:830} INFO - Processing file /home/airflow/.local/lib/python3.12/site-packages/airflow/example_dags/example_complex.py for tasks to queue
[2024-07-16T17:26:08.031+0000] {logging_mixin.py:188} INFO - [2024-07-16T17:26:08.030+0000] {dagbag.py:545} INFO - Filling up the DagBag from /home/airflow/.local/lib/python3.12/site-packages/airflow/example_dags/example_complex.py
[2024-07-16T17:26:08.039+0000] {processor.py:840} INFO - DAG(s) 'example_complex' retrieved from /home/airflow/.local/lib/python3.12/site-packages/airflow/example_dags/example_complex.py
[2024-07-16T17:26:08.068+0000] {logging_mixin.py:188} INFO - [2024-07-16T17:26:08.068+0000] {dag.py:3089} INFO - Sync 1 DAGs
[2024-07-16T17:26:08.080+0000] {logging_mixin.py:188} INFO - [2024-07-16T17:26:08.080+0000] {dag.py:3947} INFO - Setting next_dagrun for example_complex to None, run_after=None
[2024-07-16T17:26:08.098+0000] {processor.py:183} INFO - Processing /home/airflow/.local/lib/python3.12/site-packages/airflow/example_dags/example_complex.py took 0.076 seconds
[2024-07-16T17:26:38.698+0000] {processor.py:161} INFO - Started process (PID=4957) to work on /home/airflow/.local/lib/python3.12/site-packages/airflow/example_dags/example_complex.py
[2024-07-16T17:26:38.699+0000] {processor.py:830} INFO - Processing file /home/airflow/.local/lib/python3.12/site-packages/airflow/example_dags/example_complex.py for tasks to queue
[2024-07-16T17:26:38.701+0000] {logging_mixin.py:188} INFO - [2024-07-16T17:26:38.700+0000] {dagbag.py:545} INFO - Filling up the DagBag from /home/airflow/.local/lib/python3.12/site-packages/airflow/example_dags/example_complex.py
[2024-07-16T17:26:38.711+0000] {processor.py:840} INFO - DAG(s) 'example_complex' retrieved from /home/airflow/.local/lib/python3.12/site-packages/airflow/example_dags/example_complex.py
[2024-07-16T17:26:38.743+0000] {logging_mixin.py:188} INFO - [2024-07-16T17:26:38.743+0000] {dag.py:3089} INFO - Sync 1 DAGs
[2024-07-16T17:26:38.755+0000] {logging_mixin.py:188} INFO - [2024-07-16T17:26:38.755+0000] {dag.py:3947} INFO - Setting next_dagrun for example_complex to None, run_after=None
[2024-07-16T17:26:38.775+0000] {processor.py:183} INFO - Processing /home/airflow/.local/lib/python3.12/site-packages/airflow/example_dags/example_complex.py took 0.082 seconds
[2024-07-16T17:27:08.963+0000] {processor.py:161} INFO - Started process (PID=5219) to work on /home/airflow/.local/lib/python3.12/site-packages/airflow/example_dags/example_complex.py
[2024-07-16T17:27:08.966+0000] {processor.py:830} INFO - Processing file /home/airflow/.local/lib/python3.12/site-packages/airflow/example_dags/example_complex.py for tasks to queue
[2024-07-16T17:27:08.968+0000] {logging_mixin.py:188} INFO - [2024-07-16T17:27:08.967+0000] {dagbag.py:545} INFO - Filling up the DagBag from /home/airflow/.local/lib/python3.12/site-packages/airflow/example_dags/example_complex.py
[2024-07-16T17:27:08.975+0000] {processor.py:840} INFO - DAG(s) 'example_complex' retrieved from /home/airflow/.local/lib/python3.12/site-packages/airflow/example_dags/example_complex.py
[2024-07-16T17:27:09.005+0000] {logging_mixin.py:188} INFO - [2024-07-16T17:27:09.004+0000] {dag.py:3089} INFO - Sync 1 DAGs
[2024-07-16T17:27:09.015+0000] {logging_mixin.py:188} INFO - [2024-07-16T17:27:09.015+0000] {dag.py:3947} INFO - Setting next_dagrun for example_complex to None, run_after=None
[2024-07-16T17:27:09.032+0000] {processor.py:183} INFO - Processing /home/airflow/.local/lib/python3.12/site-packages/airflow/example_dags/example_complex.py took 0.078 seconds
[2024-07-16T17:27:39.694+0000] {processor.py:161} INFO - Started process (PID=5483) to work on /home/airflow/.local/lib/python3.12/site-packages/airflow/example_dags/example_complex.py
[2024-07-16T17:27:39.695+0000] {processor.py:830} INFO - Processing file /home/airflow/.local/lib/python3.12/site-packages/airflow/example_dags/example_complex.py for tasks to queue
[2024-07-16T17:27:39.697+0000] {logging_mixin.py:188} INFO - [2024-07-16T17:27:39.697+0000] {dagbag.py:545} INFO - Filling up the DagBag from /home/airflow/.local/lib/python3.12/site-packages/airflow/example_dags/example_complex.py
[2024-07-16T17:27:39.704+0000] {processor.py:840} INFO - DAG(s) 'example_complex' retrieved from /home/airflow/.local/lib/python3.12/site-packages/airflow/example_dags/example_complex.py
[2024-07-16T17:27:39.736+0000] {logging_mixin.py:188} INFO - [2024-07-16T17:27:39.736+0000] {dag.py:3089} INFO - Sync 1 DAGs
[2024-07-16T17:27:39.749+0000] {logging_mixin.py:188} INFO - [2024-07-16T17:27:39.749+0000] {dag.py:3947} INFO - Setting next_dagrun for example_complex to None, run_after=None
[2024-07-16T17:27:39.767+0000] {processor.py:183} INFO - Processing /home/airflow/.local/lib/python3.12/site-packages/airflow/example_dags/example_complex.py took 0.078 seconds
[2024-07-16T17:28:10.290+0000] {processor.py:161} INFO - Started process (PID=5753) to work on /home/airflow/.local/lib/python3.12/site-packages/airflow/example_dags/example_complex.py
[2024-07-16T17:28:10.292+0000] {processor.py:830} INFO - Processing file /home/airflow/.local/lib/python3.12/site-packages/airflow/example_dags/example_complex.py for tasks to queue
[2024-07-16T17:28:10.294+0000] {logging_mixin.py:188} INFO - [2024-07-16T17:28:10.293+0000] {dagbag.py:545} INFO - Filling up the DagBag from /home/airflow/.local/lib/python3.12/site-packages/airflow/example_dags/example_complex.py
[2024-07-16T17:28:10.306+0000] {processor.py:840} INFO - DAG(s) 'example_complex' retrieved from /home/airflow/.local/lib/python3.12/site-packages/airflow/example_dags/example_complex.py
[2024-07-16T17:28:10.344+0000] {logging_mixin.py:188} INFO - [2024-07-16T17:28:10.344+0000] {dag.py:3089} INFO - Sync 1 DAGs
[2024-07-16T17:28:10.358+0000] {logging_mixin.py:188} INFO - [2024-07-16T17:28:10.357+0000] {dag.py:3947} INFO - Setting next_dagrun for example_complex to None, run_after=None
[2024-07-16T17:28:10.379+0000] {processor.py:183} INFO - Processing /home/airflow/.local/lib/python3.12/site-packages/airflow/example_dags/example_complex.py took 0.097 seconds
[2024-07-16T17:28:40.513+0000] {processor.py:161} INFO - Started process (PID=6013) to work on /home/airflow/.local/lib/python3.12/site-packages/airflow/example_dags/example_complex.py
[2024-07-16T17:28:40.515+0000] {processor.py:830} INFO - Processing file /home/airflow/.local/lib/python3.12/site-packages/airflow/example_dags/example_complex.py for tasks to queue
[2024-07-16T17:28:40.517+0000] {logging_mixin.py:188} INFO - [2024-07-16T17:28:40.516+0000] {dagbag.py:545} INFO - Filling up the DagBag from /home/airflow/.local/lib/python3.12/site-packages/airflow/example_dags/example_complex.py
[2024-07-16T17:28:40.526+0000] {processor.py:840} INFO - DAG(s) 'example_complex' retrieved from /home/airflow/.local/lib/python3.12/site-packages/airflow/example_dags/example_complex.py
[2024-07-16T17:28:40.557+0000] {logging_mixin.py:188} INFO - [2024-07-16T17:28:40.556+0000] {dag.py:3089} INFO - Sync 1 DAGs
[2024-07-16T17:28:40.568+0000] {logging_mixin.py:188} INFO - [2024-07-16T17:28:40.568+0000] {dag.py:3947} INFO - Setting next_dagrun for example_complex to None, run_after=None
[2024-07-16T17:28:40.587+0000] {processor.py:183} INFO - Processing /home/airflow/.local/lib/python3.12/site-packages/airflow/example_dags/example_complex.py took 0.079 seconds
[2024-07-16T17:29:11.052+0000] {processor.py:161} INFO - Started process (PID=6277) to work on /home/airflow/.local/lib/python3.12/site-packages/airflow/example_dags/example_complex.py
[2024-07-16T17:29:11.055+0000] {processor.py:830} INFO - Processing file /home/airflow/.local/lib/python3.12/site-packages/airflow/example_dags/example_complex.py for tasks to queue
[2024-07-16T17:29:11.056+0000] {logging_mixin.py:188} INFO - [2024-07-16T17:29:11.056+0000] {dagbag.py:545} INFO - Filling up the DagBag from /home/airflow/.local/lib/python3.12/site-packages/airflow/example_dags/example_complex.py
[2024-07-16T17:29:11.065+0000] {processor.py:840} INFO - DAG(s) 'example_complex' retrieved from /home/airflow/.local/lib/python3.12/site-packages/airflow/example_dags/example_complex.py
[2024-07-16T17:29:11.096+0000] {logging_mixin.py:188} INFO - [2024-07-16T17:29:11.096+0000] {dag.py:3089} INFO - Sync 1 DAGs
[2024-07-16T17:29:11.109+0000] {logging_mixin.py:188} INFO - [2024-07-16T17:29:11.109+0000] {dag.py:3947} INFO - Setting next_dagrun for example_complex to None, run_after=None
[2024-07-16T17:29:11.130+0000] {processor.py:183} INFO - Processing /home/airflow/.local/lib/python3.12/site-packages/airflow/example_dags/example_complex.py took 0.084 seconds
[2024-07-16T17:29:41.562+0000] {processor.py:161} INFO - Started process (PID=6537) to work on /home/airflow/.local/lib/python3.12/site-packages/airflow/example_dags/example_complex.py
[2024-07-16T17:29:41.565+0000] {processor.py:830} INFO - Processing file /home/airflow/.local/lib/python3.12/site-packages/airflow/example_dags/example_complex.py for tasks to queue
[2024-07-16T17:29:41.568+0000] {logging_mixin.py:188} INFO - [2024-07-16T17:29:41.567+0000] {dagbag.py:545} INFO - Filling up the DagBag from /home/airflow/.local/lib/python3.12/site-packages/airflow/example_dags/example_complex.py
[2024-07-16T17:29:41.579+0000] {processor.py:840} INFO - DAG(s) 'example_complex' retrieved from /home/airflow/.local/lib/python3.12/site-packages/airflow/example_dags/example_complex.py
[2024-07-16T17:29:41.615+0000] {logging_mixin.py:188} INFO - [2024-07-16T17:29:41.615+0000] {dag.py:3089} INFO - Sync 1 DAGs
[2024-07-16T17:29:41.627+0000] {logging_mixin.py:188} INFO - [2024-07-16T17:29:41.627+0000] {dag.py:3947} INFO - Setting next_dagrun for example_complex to None, run_after=None
[2024-07-16T17:29:41.650+0000] {processor.py:183} INFO - Processing /home/airflow/.local/lib/python3.12/site-packages/airflow/example_dags/example_complex.py took 0.094 seconds
[2024-07-16T17:30:11.789+0000] {processor.py:161} INFO - Started process (PID=6800) to work on /home/airflow/.local/lib/python3.12/site-packages/airflow/example_dags/example_complex.py
[2024-07-16T17:30:11.791+0000] {processor.py:830} INFO - Processing file /home/airflow/.local/lib/python3.12/site-packages/airflow/example_dags/example_complex.py for tasks to queue
[2024-07-16T17:30:11.792+0000] {logging_mixin.py:188} INFO - [2024-07-16T17:30:11.792+0000] {dagbag.py:545} INFO - Filling up the DagBag from /home/airflow/.local/lib/python3.12/site-packages/airflow/example_dags/example_complex.py
[2024-07-16T17:30:11.801+0000] {processor.py:840} INFO - DAG(s) 'example_complex' retrieved from /home/airflow/.local/lib/python3.12/site-packages/airflow/example_dags/example_complex.py
[2024-07-16T17:30:11.838+0000] {logging_mixin.py:188} INFO - [2024-07-16T17:30:11.838+0000] {dag.py:3089} INFO - Sync 1 DAGs
[2024-07-16T17:30:11.854+0000] {logging_mixin.py:188} INFO - [2024-07-16T17:30:11.853+0000] {dag.py:3947} INFO - Setting next_dagrun for example_complex to None, run_after=None
[2024-07-16T17:30:11.873+0000] {processor.py:183} INFO - Processing /home/airflow/.local/lib/python3.12/site-packages/airflow/example_dags/example_complex.py took 0.090 seconds
[2024-07-16T17:30:42.268+0000] {processor.py:161} INFO - Started process (PID=7064) to work on /home/airflow/.local/lib/python3.12/site-packages/airflow/example_dags/example_complex.py
[2024-07-16T17:30:42.269+0000] {processor.py:830} INFO - Processing file /home/airflow/.local/lib/python3.12/site-packages/airflow/example_dags/example_complex.py for tasks to queue
[2024-07-16T17:30:42.271+0000] {logging_mixin.py:188} INFO - [2024-07-16T17:30:42.271+0000] {dagbag.py:545} INFO - Filling up the DagBag from /home/airflow/.local/lib/python3.12/site-packages/airflow/example_dags/example_complex.py
[2024-07-16T17:30:42.281+0000] {processor.py:840} INFO - DAG(s) 'example_complex' retrieved from /home/airflow/.local/lib/python3.12/site-packages/airflow/example_dags/example_complex.py
[2024-07-16T17:30:42.314+0000] {logging_mixin.py:188} INFO - [2024-07-16T17:30:42.313+0000] {dag.py:3089} INFO - Sync 1 DAGs
[2024-07-16T17:30:42.325+0000] {logging_mixin.py:188} INFO - [2024-07-16T17:30:42.325+0000] {dag.py:3947} INFO - Setting next_dagrun for example_complex to None, run_after=None
[2024-07-16T17:30:42.347+0000] {processor.py:183} INFO - Processing /home/airflow/.local/lib/python3.12/site-packages/airflow/example_dags/example_complex.py took 0.085 seconds
[2024-07-16T17:31:13.362+0000] {processor.py:161} INFO - Started process (PID=7324) to work on /home/airflow/.local/lib/python3.12/site-packages/airflow/example_dags/example_complex.py
[2024-07-16T17:31:13.364+0000] {processor.py:830} INFO - Processing file /home/airflow/.local/lib/python3.12/site-packages/airflow/example_dags/example_complex.py for tasks to queue
[2024-07-16T17:31:13.366+0000] {logging_mixin.py:188} INFO - [2024-07-16T17:31:13.366+0000] {dagbag.py:545} INFO - Filling up the DagBag from /home/airflow/.local/lib/python3.12/site-packages/airflow/example_dags/example_complex.py
[2024-07-16T17:31:13.377+0000] {processor.py:840} INFO - DAG(s) 'example_complex' retrieved from /home/airflow/.local/lib/python3.12/site-packages/airflow/example_dags/example_complex.py
[2024-07-16T17:31:13.408+0000] {logging_mixin.py:188} INFO - [2024-07-16T17:31:13.408+0000] {dag.py:3089} INFO - Sync 1 DAGs
[2024-07-16T17:31:13.421+0000] {logging_mixin.py:188} INFO - [2024-07-16T17:31:13.420+0000] {dag.py:3947} INFO - Setting next_dagrun for example_complex to None, run_after=None
[2024-07-16T17:31:13.440+0000] {processor.py:183} INFO - Processing /home/airflow/.local/lib/python3.12/site-packages/airflow/example_dags/example_complex.py took 0.085 seconds
[2024-07-16T17:31:43.737+0000] {processor.py:161} INFO - Started process (PID=7588) to work on /home/airflow/.local/lib/python3.12/site-packages/airflow/example_dags/example_complex.py
[2024-07-16T17:31:43.739+0000] {processor.py:830} INFO - Processing file /home/airflow/.local/lib/python3.12/site-packages/airflow/example_dags/example_complex.py for tasks to queue
[2024-07-16T17:31:43.741+0000] {logging_mixin.py:188} INFO - [2024-07-16T17:31:43.740+0000] {dagbag.py:545} INFO - Filling up the DagBag from /home/airflow/.local/lib/python3.12/site-packages/airflow/example_dags/example_complex.py
[2024-07-16T17:31:43.749+0000] {processor.py:840} INFO - DAG(s) 'example_complex' retrieved from /home/airflow/.local/lib/python3.12/site-packages/airflow/example_dags/example_complex.py
[2024-07-16T17:31:43.780+0000] {logging_mixin.py:188} INFO - [2024-07-16T17:31:43.779+0000] {dag.py:3089} INFO - Sync 1 DAGs
[2024-07-16T17:31:43.791+0000] {logging_mixin.py:188} INFO - [2024-07-16T17:31:43.790+0000] {dag.py:3947} INFO - Setting next_dagrun for example_complex to None, run_after=None
[2024-07-16T17:31:43.814+0000] {processor.py:183} INFO - Processing /home/airflow/.local/lib/python3.12/site-packages/airflow/example_dags/example_complex.py took 0.082 seconds
