[2024-07-16T17:17:30.062+0000] {processor.py:161} INFO - Started process (PID=364) to work on /home/airflow/.local/lib/python3.12/site-packages/airflow/example_dags/example_xcomargs.py
[2024-07-16T17:17:30.063+0000] {processor.py:830} INFO - Processing file /home/airflow/.local/lib/python3.12/site-packages/airflow/example_dags/example_xcomargs.py for tasks to queue
[2024-07-16T17:17:30.065+0000] {logging_mixin.py:188} INFO - [2024-07-16T17:17:30.064+0000] {dagbag.py:545} INFO - Filling up the DagBag from /home/airflow/.local/lib/python3.12/site-packages/airflow/example_dags/example_xcomargs.py
[2024-07-16T17:17:30.073+0000] {processor.py:840} INFO - DAG(s) 'example_xcom_args_with_operators', 'example_xcom_args' retrieved from /home/airflow/.local/lib/python3.12/site-packages/airflow/example_dags/example_xcomargs.py
[2024-07-16T17:17:30.085+0000] {logging_mixin.py:188} INFO - [2024-07-16T17:17:30.084+0000] {dag.py:3089} INFO - Sync 2 DAGs
[2024-07-16T17:17:30.099+0000] {logging_mixin.py:188} INFO - [2024-07-16T17:17:30.099+0000] {dag.py:3947} INFO - Setting next_dagrun for example_xcom_args to None, run_after=None
[2024-07-16T17:17:30.103+0000] {logging_mixin.py:188} INFO - [2024-07-16T17:17:30.103+0000] {dag.py:3947} INFO - Setting next_dagrun for example_xcom_args_with_operators to None, run_after=None
[2024-07-16T17:17:30.120+0000] {processor.py:183} INFO - Processing /home/airflow/.local/lib/python3.12/site-packages/airflow/example_dags/example_xcomargs.py took 0.068 seconds
[2024-07-16T17:18:02.262+0000] {processor.py:161} INFO - Started process (PID=624) to work on /home/airflow/.local/lib/python3.12/site-packages/airflow/example_dags/example_xcomargs.py
[2024-07-16T17:18:02.263+0000] {processor.py:830} INFO - Processing file /home/airflow/.local/lib/python3.12/site-packages/airflow/example_dags/example_xcomargs.py for tasks to queue
[2024-07-16T17:18:02.264+0000] {logging_mixin.py:188} INFO - [2024-07-16T17:18:02.264+0000] {dagbag.py:545} INFO - Filling up the DagBag from /home/airflow/.local/lib/python3.12/site-packages/airflow/example_dags/example_xcomargs.py
[2024-07-16T17:18:02.272+0000] {processor.py:840} INFO - DAG(s) 'example_xcom_args', 'example_xcom_args_with_operators' retrieved from /home/airflow/.local/lib/python3.12/site-packages/airflow/example_dags/example_xcomargs.py
[2024-07-16T17:18:02.364+0000] {logging_mixin.py:188} INFO - [2024-07-16T17:18:02.364+0000] {dag.py:3089} INFO - Sync 2 DAGs
[2024-07-16T17:18:02.374+0000] {logging_mixin.py:188} INFO - [2024-07-16T17:18:02.374+0000] {dag.py:3947} INFO - Setting next_dagrun for example_xcom_args to None, run_after=None
[2024-07-16T17:18:02.376+0000] {logging_mixin.py:188} INFO - [2024-07-16T17:18:02.376+0000] {dag.py:3947} INFO - Setting next_dagrun for example_xcom_args_with_operators to None, run_after=None
[2024-07-16T17:18:02.394+0000] {processor.py:183} INFO - Processing /home/airflow/.local/lib/python3.12/site-packages/airflow/example_dags/example_xcomargs.py took 0.136 seconds
[2024-07-16T17:18:32.757+0000] {processor.py:161} INFO - Started process (PID=886) to work on /home/airflow/.local/lib/python3.12/site-packages/airflow/example_dags/example_xcomargs.py
[2024-07-16T17:18:32.758+0000] {processor.py:830} INFO - Processing file /home/airflow/.local/lib/python3.12/site-packages/airflow/example_dags/example_xcomargs.py for tasks to queue
[2024-07-16T17:18:32.760+0000] {logging_mixin.py:188} INFO - [2024-07-16T17:18:32.760+0000] {dagbag.py:545} INFO - Filling up the DagBag from /home/airflow/.local/lib/python3.12/site-packages/airflow/example_dags/example_xcomargs.py
[2024-07-16T17:18:32.767+0000] {processor.py:840} INFO - DAG(s) 'example_xcom_args_with_operators', 'example_xcom_args' retrieved from /home/airflow/.local/lib/python3.12/site-packages/airflow/example_dags/example_xcomargs.py
[2024-07-16T17:18:32.787+0000] {logging_mixin.py:188} INFO - [2024-07-16T17:18:32.787+0000] {dag.py:3089} INFO - Sync 2 DAGs
[2024-07-16T17:18:32.799+0000] {logging_mixin.py:188} INFO - [2024-07-16T17:18:32.799+0000] {dag.py:3947} INFO - Setting next_dagrun for example_xcom_args to None, run_after=None
[2024-07-16T17:18:32.802+0000] {logging_mixin.py:188} INFO - [2024-07-16T17:18:32.802+0000] {dag.py:3947} INFO - Setting next_dagrun for example_xcom_args_with_operators to None, run_after=None
[2024-07-16T17:18:32.816+0000] {processor.py:183} INFO - Processing /home/airflow/.local/lib/python3.12/site-packages/airflow/example_dags/example_xcomargs.py took 0.065 seconds
[2024-07-16T17:19:03.732+0000] {processor.py:161} INFO - Started process (PID=1148) to work on /home/airflow/.local/lib/python3.12/site-packages/airflow/example_dags/example_xcomargs.py
[2024-07-16T17:19:03.734+0000] {processor.py:830} INFO - Processing file /home/airflow/.local/lib/python3.12/site-packages/airflow/example_dags/example_xcomargs.py for tasks to queue
[2024-07-16T17:19:03.736+0000] {logging_mixin.py:188} INFO - [2024-07-16T17:19:03.735+0000] {dagbag.py:545} INFO - Filling up the DagBag from /home/airflow/.local/lib/python3.12/site-packages/airflow/example_dags/example_xcomargs.py
[2024-07-16T17:19:03.743+0000] {processor.py:840} INFO - DAG(s) 'example_xcom_args_with_operators', 'example_xcom_args' retrieved from /home/airflow/.local/lib/python3.12/site-packages/airflow/example_dags/example_xcomargs.py
[2024-07-16T17:19:03.766+0000] {logging_mixin.py:188} INFO - [2024-07-16T17:19:03.766+0000] {dag.py:3089} INFO - Sync 2 DAGs
[2024-07-16T17:19:03.778+0000] {logging_mixin.py:188} INFO - [2024-07-16T17:19:03.778+0000] {dag.py:3947} INFO - Setting next_dagrun for example_xcom_args to None, run_after=None
[2024-07-16T17:19:03.781+0000] {logging_mixin.py:188} INFO - [2024-07-16T17:19:03.781+0000] {dag.py:3947} INFO - Setting next_dagrun for example_xcom_args_with_operators to None, run_after=None
[2024-07-16T17:19:03.797+0000] {processor.py:183} INFO - Processing /home/airflow/.local/lib/python3.12/site-packages/airflow/example_dags/example_xcomargs.py took 0.070 seconds
[2024-07-16T17:19:33.864+0000] {processor.py:161} INFO - Started process (PID=1410) to work on /home/airflow/.local/lib/python3.12/site-packages/airflow/example_dags/example_xcomargs.py
[2024-07-16T17:19:33.866+0000] {processor.py:830} INFO - Processing file /home/airflow/.local/lib/python3.12/site-packages/airflow/example_dags/example_xcomargs.py for tasks to queue
[2024-07-16T17:19:33.867+0000] {logging_mixin.py:188} INFO - [2024-07-16T17:19:33.867+0000] {dagbag.py:545} INFO - Filling up the DagBag from /home/airflow/.local/lib/python3.12/site-packages/airflow/example_dags/example_xcomargs.py
[2024-07-16T17:19:33.875+0000] {processor.py:840} INFO - DAG(s) 'example_xcom_args_with_operators', 'example_xcom_args' retrieved from /home/airflow/.local/lib/python3.12/site-packages/airflow/example_dags/example_xcomargs.py
[2024-07-16T17:19:33.895+0000] {logging_mixin.py:188} INFO - [2024-07-16T17:19:33.895+0000] {dag.py:3089} INFO - Sync 2 DAGs
[2024-07-16T17:19:33.907+0000] {logging_mixin.py:188} INFO - [2024-07-16T17:19:33.907+0000] {dag.py:3947} INFO - Setting next_dagrun for example_xcom_args to None, run_after=None
[2024-07-16T17:19:33.910+0000] {logging_mixin.py:188} INFO - [2024-07-16T17:19:33.910+0000] {dag.py:3947} INFO - Setting next_dagrun for example_xcom_args_with_operators to None, run_after=None
[2024-07-16T17:19:33.926+0000] {processor.py:183} INFO - Processing /home/airflow/.local/lib/python3.12/site-packages/airflow/example_dags/example_xcomargs.py took 0.067 seconds
[2024-07-16T17:20:04.381+0000] {processor.py:161} INFO - Started process (PID=1672) to work on /home/airflow/.local/lib/python3.12/site-packages/airflow/example_dags/example_xcomargs.py
[2024-07-16T17:20:04.383+0000] {processor.py:830} INFO - Processing file /home/airflow/.local/lib/python3.12/site-packages/airflow/example_dags/example_xcomargs.py for tasks to queue
[2024-07-16T17:20:04.385+0000] {logging_mixin.py:188} INFO - [2024-07-16T17:20:04.384+0000] {dagbag.py:545} INFO - Filling up the DagBag from /home/airflow/.local/lib/python3.12/site-packages/airflow/example_dags/example_xcomargs.py
[2024-07-16T17:20:04.393+0000] {processor.py:840} INFO - DAG(s) 'example_xcom_args_with_operators', 'example_xcom_args' retrieved from /home/airflow/.local/lib/python3.12/site-packages/airflow/example_dags/example_xcomargs.py
[2024-07-16T17:20:04.415+0000] {logging_mixin.py:188} INFO - [2024-07-16T17:20:04.415+0000] {dag.py:3089} INFO - Sync 2 DAGs
[2024-07-16T17:20:04.428+0000] {logging_mixin.py:188} INFO - [2024-07-16T17:20:04.427+0000] {dag.py:3947} INFO - Setting next_dagrun for example_xcom_args to None, run_after=None
[2024-07-16T17:20:04.433+0000] {logging_mixin.py:188} INFO - [2024-07-16T17:20:04.432+0000] {dag.py:3947} INFO - Setting next_dagrun for example_xcom_args_with_operators to None, run_after=None
[2024-07-16T17:20:04.449+0000] {processor.py:183} INFO - Processing /home/airflow/.local/lib/python3.12/site-packages/airflow/example_dags/example_xcomargs.py took 0.073 seconds
[2024-07-16T17:20:35.061+0000] {processor.py:161} INFO - Started process (PID=1935) to work on /home/airflow/.local/lib/python3.12/site-packages/airflow/example_dags/example_xcomargs.py
[2024-07-16T17:20:35.063+0000] {processor.py:830} INFO - Processing file /home/airflow/.local/lib/python3.12/site-packages/airflow/example_dags/example_xcomargs.py for tasks to queue
[2024-07-16T17:20:35.065+0000] {logging_mixin.py:188} INFO - [2024-07-16T17:20:35.064+0000] {dagbag.py:545} INFO - Filling up the DagBag from /home/airflow/.local/lib/python3.12/site-packages/airflow/example_dags/example_xcomargs.py
[2024-07-16T17:20:35.072+0000] {processor.py:840} INFO - DAG(s) 'example_xcom_args', 'example_xcom_args_with_operators' retrieved from /home/airflow/.local/lib/python3.12/site-packages/airflow/example_dags/example_xcomargs.py
[2024-07-16T17:20:35.092+0000] {logging_mixin.py:188} INFO - [2024-07-16T17:20:35.092+0000] {dag.py:3089} INFO - Sync 2 DAGs
[2024-07-16T17:20:35.104+0000] {logging_mixin.py:188} INFO - [2024-07-16T17:20:35.104+0000] {dag.py:3947} INFO - Setting next_dagrun for example_xcom_args to None, run_after=None
[2024-07-16T17:20:35.107+0000] {logging_mixin.py:188} INFO - [2024-07-16T17:20:35.107+0000] {dag.py:3947} INFO - Setting next_dagrun for example_xcom_args_with_operators to None, run_after=None
[2024-07-16T17:20:35.121+0000] {processor.py:183} INFO - Processing /home/airflow/.local/lib/python3.12/site-packages/airflow/example_dags/example_xcomargs.py took 0.065 seconds
[2024-07-16T17:21:05.587+0000] {processor.py:161} INFO - Started process (PID=2197) to work on /home/airflow/.local/lib/python3.12/site-packages/airflow/example_dags/example_xcomargs.py
[2024-07-16T17:21:05.589+0000] {processor.py:830} INFO - Processing file /home/airflow/.local/lib/python3.12/site-packages/airflow/example_dags/example_xcomargs.py for tasks to queue
[2024-07-16T17:21:05.590+0000] {logging_mixin.py:188} INFO - [2024-07-16T17:21:05.590+0000] {dagbag.py:545} INFO - Filling up the DagBag from /home/airflow/.local/lib/python3.12/site-packages/airflow/example_dags/example_xcomargs.py
[2024-07-16T17:21:05.598+0000] {processor.py:840} INFO - DAG(s) 'example_xcom_args_with_operators', 'example_xcom_args' retrieved from /home/airflow/.local/lib/python3.12/site-packages/airflow/example_dags/example_xcomargs.py
[2024-07-16T17:21:05.618+0000] {logging_mixin.py:188} INFO - [2024-07-16T17:21:05.618+0000] {dag.py:3089} INFO - Sync 2 DAGs
[2024-07-16T17:21:05.629+0000] {logging_mixin.py:188} INFO - [2024-07-16T17:21:05.629+0000] {dag.py:3947} INFO - Setting next_dagrun for example_xcom_args to None, run_after=None
[2024-07-16T17:21:05.633+0000] {logging_mixin.py:188} INFO - [2024-07-16T17:21:05.633+0000] {dag.py:3947} INFO - Setting next_dagrun for example_xcom_args_with_operators to None, run_after=None
[2024-07-16T17:21:05.647+0000] {processor.py:183} INFO - Processing /home/airflow/.local/lib/python3.12/site-packages/airflow/example_dags/example_xcomargs.py took 0.066 seconds
[2024-07-16T17:21:36.125+0000] {processor.py:161} INFO - Started process (PID=2458) to work on /home/airflow/.local/lib/python3.12/site-packages/airflow/example_dags/example_xcomargs.py
[2024-07-16T17:21:36.127+0000] {processor.py:830} INFO - Processing file /home/airflow/.local/lib/python3.12/site-packages/airflow/example_dags/example_xcomargs.py for tasks to queue
[2024-07-16T17:21:36.128+0000] {logging_mixin.py:188} INFO - [2024-07-16T17:21:36.128+0000] {dagbag.py:545} INFO - Filling up the DagBag from /home/airflow/.local/lib/python3.12/site-packages/airflow/example_dags/example_xcomargs.py
[2024-07-16T17:21:36.135+0000] {processor.py:840} INFO - DAG(s) 'example_xcom_args', 'example_xcom_args_with_operators' retrieved from /home/airflow/.local/lib/python3.12/site-packages/airflow/example_dags/example_xcomargs.py
[2024-07-16T17:21:36.156+0000] {logging_mixin.py:188} INFO - [2024-07-16T17:21:36.156+0000] {dag.py:3089} INFO - Sync 2 DAGs
[2024-07-16T17:21:36.168+0000] {logging_mixin.py:188} INFO - [2024-07-16T17:21:36.167+0000] {dag.py:3947} INFO - Setting next_dagrun for example_xcom_args to None, run_after=None
[2024-07-16T17:21:36.171+0000] {logging_mixin.py:188} INFO - [2024-07-16T17:21:36.171+0000] {dag.py:3947} INFO - Setting next_dagrun for example_xcom_args_with_operators to None, run_after=None
[2024-07-16T17:21:36.186+0000] {processor.py:183} INFO - Processing /home/airflow/.local/lib/python3.12/site-packages/airflow/example_dags/example_xcomargs.py took 0.066 seconds
[2024-07-16T17:22:06.602+0000] {processor.py:161} INFO - Started process (PID=2720) to work on /home/airflow/.local/lib/python3.12/site-packages/airflow/example_dags/example_xcomargs.py
[2024-07-16T17:22:06.604+0000] {processor.py:830} INFO - Processing file /home/airflow/.local/lib/python3.12/site-packages/airflow/example_dags/example_xcomargs.py for tasks to queue
[2024-07-16T17:22:06.606+0000] {logging_mixin.py:188} INFO - [2024-07-16T17:22:06.605+0000] {dagbag.py:545} INFO - Filling up the DagBag from /home/airflow/.local/lib/python3.12/site-packages/airflow/example_dags/example_xcomargs.py
[2024-07-16T17:22:06.613+0000] {processor.py:840} INFO - DAG(s) 'example_xcom_args_with_operators', 'example_xcom_args' retrieved from /home/airflow/.local/lib/python3.12/site-packages/airflow/example_dags/example_xcomargs.py
[2024-07-16T17:22:06.633+0000] {logging_mixin.py:188} INFO - [2024-07-16T17:22:06.633+0000] {dag.py:3089} INFO - Sync 2 DAGs
[2024-07-16T17:22:06.645+0000] {logging_mixin.py:188} INFO - [2024-07-16T17:22:06.644+0000] {dag.py:3947} INFO - Setting next_dagrun for example_xcom_args to None, run_after=None
[2024-07-16T17:22:06.648+0000] {logging_mixin.py:188} INFO - [2024-07-16T17:22:06.648+0000] {dag.py:3947} INFO - Setting next_dagrun for example_xcom_args_with_operators to None, run_after=None
[2024-07-16T17:22:06.664+0000] {processor.py:183} INFO - Processing /home/airflow/.local/lib/python3.12/site-packages/airflow/example_dags/example_xcomargs.py took 0.067 seconds
[2024-07-16T17:22:37.304+0000] {processor.py:161} INFO - Started process (PID=2982) to work on /home/airflow/.local/lib/python3.12/site-packages/airflow/example_dags/example_xcomargs.py
[2024-07-16T17:22:37.306+0000] {processor.py:830} INFO - Processing file /home/airflow/.local/lib/python3.12/site-packages/airflow/example_dags/example_xcomargs.py for tasks to queue
[2024-07-16T17:22:37.307+0000] {logging_mixin.py:188} INFO - [2024-07-16T17:22:37.307+0000] {dagbag.py:545} INFO - Filling up the DagBag from /home/airflow/.local/lib/python3.12/site-packages/airflow/example_dags/example_xcomargs.py
[2024-07-16T17:22:37.314+0000] {processor.py:840} INFO - DAG(s) 'example_xcom_args', 'example_xcom_args_with_operators' retrieved from /home/airflow/.local/lib/python3.12/site-packages/airflow/example_dags/example_xcomargs.py
[2024-07-16T17:22:37.334+0000] {logging_mixin.py:188} INFO - [2024-07-16T17:22:37.334+0000] {dag.py:3089} INFO - Sync 2 DAGs
[2024-07-16T17:22:37.346+0000] {logging_mixin.py:188} INFO - [2024-07-16T17:22:37.345+0000] {dag.py:3947} INFO - Setting next_dagrun for example_xcom_args to None, run_after=None
[2024-07-16T17:22:37.349+0000] {logging_mixin.py:188} INFO - [2024-07-16T17:22:37.349+0000] {dag.py:3947} INFO - Setting next_dagrun for example_xcom_args_with_operators to None, run_after=None
[2024-07-16T17:22:37.365+0000] {processor.py:183} INFO - Processing /home/airflow/.local/lib/python3.12/site-packages/airflow/example_dags/example_xcomargs.py took 0.067 seconds
[2024-07-16T17:23:08.178+0000] {processor.py:161} INFO - Started process (PID=3244) to work on /home/airflow/.local/lib/python3.12/site-packages/airflow/example_dags/example_xcomargs.py
[2024-07-16T17:23:08.179+0000] {processor.py:830} INFO - Processing file /home/airflow/.local/lib/python3.12/site-packages/airflow/example_dags/example_xcomargs.py for tasks to queue
[2024-07-16T17:23:08.181+0000] {logging_mixin.py:188} INFO - [2024-07-16T17:23:08.181+0000] {dagbag.py:545} INFO - Filling up the DagBag from /home/airflow/.local/lib/python3.12/site-packages/airflow/example_dags/example_xcomargs.py
[2024-07-16T17:23:08.188+0000] {processor.py:840} INFO - DAG(s) 'example_xcom_args_with_operators', 'example_xcom_args' retrieved from /home/airflow/.local/lib/python3.12/site-packages/airflow/example_dags/example_xcomargs.py
[2024-07-16T17:23:08.211+0000] {logging_mixin.py:188} INFO - [2024-07-16T17:23:08.210+0000] {dag.py:3089} INFO - Sync 2 DAGs
[2024-07-16T17:23:08.222+0000] {logging_mixin.py:188} INFO - [2024-07-16T17:23:08.222+0000] {dag.py:3947} INFO - Setting next_dagrun for example_xcom_args to None, run_after=None
[2024-07-16T17:23:08.225+0000] {logging_mixin.py:188} INFO - [2024-07-16T17:23:08.225+0000] {dag.py:3947} INFO - Setting next_dagrun for example_xcom_args_with_operators to None, run_after=None
[2024-07-16T17:23:08.242+0000] {processor.py:183} INFO - Processing /home/airflow/.local/lib/python3.12/site-packages/airflow/example_dags/example_xcomargs.py took 0.071 seconds
[2024-07-16T17:23:39.466+0000] {processor.py:161} INFO - Started process (PID=3506) to work on /home/airflow/.local/lib/python3.12/site-packages/airflow/example_dags/example_xcomargs.py
[2024-07-16T17:23:39.467+0000] {processor.py:830} INFO - Processing file /home/airflow/.local/lib/python3.12/site-packages/airflow/example_dags/example_xcomargs.py for tasks to queue
[2024-07-16T17:23:39.469+0000] {logging_mixin.py:188} INFO - [2024-07-16T17:23:39.468+0000] {dagbag.py:545} INFO - Filling up the DagBag from /home/airflow/.local/lib/python3.12/site-packages/airflow/example_dags/example_xcomargs.py
[2024-07-16T17:23:39.477+0000] {processor.py:840} INFO - DAG(s) 'example_xcom_args_with_operators', 'example_xcom_args' retrieved from /home/airflow/.local/lib/python3.12/site-packages/airflow/example_dags/example_xcomargs.py
[2024-07-16T17:23:39.501+0000] {logging_mixin.py:188} INFO - [2024-07-16T17:23:39.501+0000] {dag.py:3089} INFO - Sync 2 DAGs
[2024-07-16T17:23:39.515+0000] {logging_mixin.py:188} INFO - [2024-07-16T17:23:39.514+0000] {dag.py:3947} INFO - Setting next_dagrun for example_xcom_args to None, run_after=None
[2024-07-16T17:23:39.519+0000] {logging_mixin.py:188} INFO - [2024-07-16T17:23:39.518+0000] {dag.py:3947} INFO - Setting next_dagrun for example_xcom_args_with_operators to None, run_after=None
[2024-07-16T17:23:39.537+0000] {processor.py:183} INFO - Processing /home/airflow/.local/lib/python3.12/site-packages/airflow/example_dags/example_xcomargs.py took 0.078 seconds
[2024-07-16T17:24:09.731+0000] {processor.py:161} INFO - Started process (PID=3768) to work on /home/airflow/.local/lib/python3.12/site-packages/airflow/example_dags/example_xcomargs.py
[2024-07-16T17:24:09.733+0000] {processor.py:830} INFO - Processing file /home/airflow/.local/lib/python3.12/site-packages/airflow/example_dags/example_xcomargs.py for tasks to queue
[2024-07-16T17:24:09.734+0000] {logging_mixin.py:188} INFO - [2024-07-16T17:24:09.734+0000] {dagbag.py:545} INFO - Filling up the DagBag from /home/airflow/.local/lib/python3.12/site-packages/airflow/example_dags/example_xcomargs.py
[2024-07-16T17:24:09.741+0000] {processor.py:840} INFO - DAG(s) 'example_xcom_args_with_operators', 'example_xcom_args' retrieved from /home/airflow/.local/lib/python3.12/site-packages/airflow/example_dags/example_xcomargs.py
[2024-07-16T17:24:09.764+0000] {logging_mixin.py:188} INFO - [2024-07-16T17:24:09.763+0000] {dag.py:3089} INFO - Sync 2 DAGs
[2024-07-16T17:24:09.777+0000] {logging_mixin.py:188} INFO - [2024-07-16T17:24:09.776+0000] {dag.py:3947} INFO - Setting next_dagrun for example_xcom_args to None, run_after=None
[2024-07-16T17:24:09.781+0000] {logging_mixin.py:188} INFO - [2024-07-16T17:24:09.780+0000] {dag.py:3947} INFO - Setting next_dagrun for example_xcom_args_with_operators to None, run_after=None
[2024-07-16T17:24:09.796+0000] {processor.py:183} INFO - Processing /home/airflow/.local/lib/python3.12/site-packages/airflow/example_dags/example_xcomargs.py took 0.071 seconds
[2024-07-16T17:24:39.928+0000] {processor.py:161} INFO - Started process (PID=4029) to work on /home/airflow/.local/lib/python3.12/site-packages/airflow/example_dags/example_xcomargs.py
[2024-07-16T17:24:39.929+0000] {processor.py:830} INFO - Processing file /home/airflow/.local/lib/python3.12/site-packages/airflow/example_dags/example_xcomargs.py for tasks to queue
[2024-07-16T17:24:39.930+0000] {logging_mixin.py:188} INFO - [2024-07-16T17:24:39.930+0000] {dagbag.py:545} INFO - Filling up the DagBag from /home/airflow/.local/lib/python3.12/site-packages/airflow/example_dags/example_xcomargs.py
[2024-07-16T17:24:39.936+0000] {processor.py:840} INFO - DAG(s) 'example_xcom_args_with_operators', 'example_xcom_args' retrieved from /home/airflow/.local/lib/python3.12/site-packages/airflow/example_dags/example_xcomargs.py
[2024-07-16T17:24:39.956+0000] {logging_mixin.py:188} INFO - [2024-07-16T17:24:39.956+0000] {dag.py:3089} INFO - Sync 2 DAGs
[2024-07-16T17:24:39.967+0000] {logging_mixin.py:188} INFO - [2024-07-16T17:24:39.967+0000] {dag.py:3947} INFO - Setting next_dagrun for example_xcom_args to None, run_after=None
[2024-07-16T17:24:39.971+0000] {logging_mixin.py:188} INFO - [2024-07-16T17:24:39.971+0000] {dag.py:3947} INFO - Setting next_dagrun for example_xcom_args_with_operators to None, run_after=None
[2024-07-16T17:24:39.987+0000] {processor.py:183} INFO - Processing /home/airflow/.local/lib/python3.12/site-packages/airflow/example_dags/example_xcomargs.py took 0.065 seconds
[2024-07-16T17:25:10.121+0000] {processor.py:161} INFO - Started process (PID=4291) to work on /home/airflow/.local/lib/python3.12/site-packages/airflow/example_dags/example_xcomargs.py
[2024-07-16T17:25:10.122+0000] {processor.py:830} INFO - Processing file /home/airflow/.local/lib/python3.12/site-packages/airflow/example_dags/example_xcomargs.py for tasks to queue
[2024-07-16T17:25:10.123+0000] {logging_mixin.py:188} INFO - [2024-07-16T17:25:10.123+0000] {dagbag.py:545} INFO - Filling up the DagBag from /home/airflow/.local/lib/python3.12/site-packages/airflow/example_dags/example_xcomargs.py
[2024-07-16T17:25:10.131+0000] {processor.py:840} INFO - DAG(s) 'example_xcom_args_with_operators', 'example_xcom_args' retrieved from /home/airflow/.local/lib/python3.12/site-packages/airflow/example_dags/example_xcomargs.py
[2024-07-16T17:25:10.153+0000] {logging_mixin.py:188} INFO - [2024-07-16T17:25:10.153+0000] {dag.py:3089} INFO - Sync 2 DAGs
[2024-07-16T17:25:10.165+0000] {logging_mixin.py:188} INFO - [2024-07-16T17:25:10.165+0000] {dag.py:3947} INFO - Setting next_dagrun for example_xcom_args to None, run_after=None
[2024-07-16T17:25:10.169+0000] {logging_mixin.py:188} INFO - [2024-07-16T17:25:10.169+0000] {dag.py:3947} INFO - Setting next_dagrun for example_xcom_args_with_operators to None, run_after=None
[2024-07-16T17:25:10.190+0000] {processor.py:183} INFO - Processing /home/airflow/.local/lib/python3.12/site-packages/airflow/example_dags/example_xcomargs.py took 0.074 seconds
[2024-07-16T17:25:41.091+0000] {processor.py:161} INFO - Started process (PID=4555) to work on /home/airflow/.local/lib/python3.12/site-packages/airflow/example_dags/example_xcomargs.py
[2024-07-16T17:25:41.093+0000] {processor.py:830} INFO - Processing file /home/airflow/.local/lib/python3.12/site-packages/airflow/example_dags/example_xcomargs.py for tasks to queue
[2024-07-16T17:25:41.095+0000] {logging_mixin.py:188} INFO - [2024-07-16T17:25:41.094+0000] {dagbag.py:545} INFO - Filling up the DagBag from /home/airflow/.local/lib/python3.12/site-packages/airflow/example_dags/example_xcomargs.py
[2024-07-16T17:25:41.102+0000] {processor.py:840} INFO - DAG(s) 'example_xcom_args', 'example_xcom_args_with_operators' retrieved from /home/airflow/.local/lib/python3.12/site-packages/airflow/example_dags/example_xcomargs.py
[2024-07-16T17:25:41.127+0000] {logging_mixin.py:188} INFO - [2024-07-16T17:25:41.127+0000] {dag.py:3089} INFO - Sync 2 DAGs
[2024-07-16T17:25:41.141+0000] {logging_mixin.py:188} INFO - [2024-07-16T17:25:41.141+0000] {dag.py:3947} INFO - Setting next_dagrun for example_xcom_args to None, run_after=None
[2024-07-16T17:25:41.145+0000] {logging_mixin.py:188} INFO - [2024-07-16T17:25:41.145+0000] {dag.py:3947} INFO - Setting next_dagrun for example_xcom_args_with_operators to None, run_after=None
[2024-07-16T17:25:41.161+0000] {processor.py:183} INFO - Processing /home/airflow/.local/lib/python3.12/site-packages/airflow/example_dags/example_xcomargs.py took 0.075 seconds
[2024-07-16T17:26:11.271+0000] {processor.py:161} INFO - Started process (PID=4815) to work on /home/airflow/.local/lib/python3.12/site-packages/airflow/example_dags/example_xcomargs.py
[2024-07-16T17:26:11.273+0000] {processor.py:830} INFO - Processing file /home/airflow/.local/lib/python3.12/site-packages/airflow/example_dags/example_xcomargs.py for tasks to queue
[2024-07-16T17:26:11.274+0000] {logging_mixin.py:188} INFO - [2024-07-16T17:26:11.274+0000] {dagbag.py:545} INFO - Filling up the DagBag from /home/airflow/.local/lib/python3.12/site-packages/airflow/example_dags/example_xcomargs.py
[2024-07-16T17:26:11.281+0000] {processor.py:840} INFO - DAG(s) 'example_xcom_args', 'example_xcom_args_with_operators' retrieved from /home/airflow/.local/lib/python3.12/site-packages/airflow/example_dags/example_xcomargs.py
[2024-07-16T17:26:11.301+0000] {logging_mixin.py:188} INFO - [2024-07-16T17:26:11.301+0000] {dag.py:3089} INFO - Sync 2 DAGs
[2024-07-16T17:26:11.314+0000] {logging_mixin.py:188} INFO - [2024-07-16T17:26:11.314+0000] {dag.py:3947} INFO - Setting next_dagrun for example_xcom_args to None, run_after=None
[2024-07-16T17:26:11.317+0000] {logging_mixin.py:188} INFO - [2024-07-16T17:26:11.317+0000] {dag.py:3947} INFO - Setting next_dagrun for example_xcom_args_with_operators to None, run_after=None
[2024-07-16T17:26:11.333+0000] {processor.py:183} INFO - Processing /home/airflow/.local/lib/python3.12/site-packages/airflow/example_dags/example_xcomargs.py took 0.067 seconds
[2024-07-16T17:26:42.071+0000] {processor.py:161} INFO - Started process (PID=5079) to work on /home/airflow/.local/lib/python3.12/site-packages/airflow/example_dags/example_xcomargs.py
[2024-07-16T17:26:42.073+0000] {processor.py:830} INFO - Processing file /home/airflow/.local/lib/python3.12/site-packages/airflow/example_dags/example_xcomargs.py for tasks to queue
[2024-07-16T17:26:42.075+0000] {logging_mixin.py:188} INFO - [2024-07-16T17:26:42.075+0000] {dagbag.py:545} INFO - Filling up the DagBag from /home/airflow/.local/lib/python3.12/site-packages/airflow/example_dags/example_xcomargs.py
[2024-07-16T17:26:42.082+0000] {processor.py:840} INFO - DAG(s) 'example_xcom_args_with_operators', 'example_xcom_args' retrieved from /home/airflow/.local/lib/python3.12/site-packages/airflow/example_dags/example_xcomargs.py
[2024-07-16T17:26:42.104+0000] {logging_mixin.py:188} INFO - [2024-07-16T17:26:42.104+0000] {dag.py:3089} INFO - Sync 2 DAGs
[2024-07-16T17:26:42.115+0000] {logging_mixin.py:188} INFO - [2024-07-16T17:26:42.115+0000] {dag.py:3947} INFO - Setting next_dagrun for example_xcom_args to None, run_after=None
[2024-07-16T17:26:42.118+0000] {logging_mixin.py:188} INFO - [2024-07-16T17:26:42.118+0000] {dag.py:3947} INFO - Setting next_dagrun for example_xcom_args_with_operators to None, run_after=None
[2024-07-16T17:26:42.134+0000] {processor.py:183} INFO - Processing /home/airflow/.local/lib/python3.12/site-packages/airflow/example_dags/example_xcomargs.py took 0.069 seconds
[2024-07-16T17:27:12.177+0000] {processor.py:161} INFO - Started process (PID=5339) to work on /home/airflow/.local/lib/python3.12/site-packages/airflow/example_dags/example_xcomargs.py
[2024-07-16T17:27:12.179+0000] {processor.py:830} INFO - Processing file /home/airflow/.local/lib/python3.12/site-packages/airflow/example_dags/example_xcomargs.py for tasks to queue
[2024-07-16T17:27:12.181+0000] {logging_mixin.py:188} INFO - [2024-07-16T17:27:12.180+0000] {dagbag.py:545} INFO - Filling up the DagBag from /home/airflow/.local/lib/python3.12/site-packages/airflow/example_dags/example_xcomargs.py
[2024-07-16T17:27:12.188+0000] {processor.py:840} INFO - DAG(s) 'example_xcom_args_with_operators', 'example_xcom_args' retrieved from /home/airflow/.local/lib/python3.12/site-packages/airflow/example_dags/example_xcomargs.py
[2024-07-16T17:27:12.208+0000] {logging_mixin.py:188} INFO - [2024-07-16T17:27:12.208+0000] {dag.py:3089} INFO - Sync 2 DAGs
[2024-07-16T17:27:12.220+0000] {logging_mixin.py:188} INFO - [2024-07-16T17:27:12.220+0000] {dag.py:3947} INFO - Setting next_dagrun for example_xcom_args to None, run_after=None
[2024-07-16T17:27:12.223+0000] {logging_mixin.py:188} INFO - [2024-07-16T17:27:12.223+0000] {dag.py:3947} INFO - Setting next_dagrun for example_xcom_args_with_operators to None, run_after=None
[2024-07-16T17:27:12.239+0000] {processor.py:183} INFO - Processing /home/airflow/.local/lib/python3.12/site-packages/airflow/example_dags/example_xcomargs.py took 0.067 seconds
[2024-07-16T17:27:43.049+0000] {processor.py:161} INFO - Started process (PID=5601) to work on /home/airflow/.local/lib/python3.12/site-packages/airflow/example_dags/example_xcomargs.py
[2024-07-16T17:27:43.051+0000] {processor.py:830} INFO - Processing file /home/airflow/.local/lib/python3.12/site-packages/airflow/example_dags/example_xcomargs.py for tasks to queue
[2024-07-16T17:27:43.052+0000] {logging_mixin.py:188} INFO - [2024-07-16T17:27:43.052+0000] {dagbag.py:545} INFO - Filling up the DagBag from /home/airflow/.local/lib/python3.12/site-packages/airflow/example_dags/example_xcomargs.py
[2024-07-16T17:27:43.059+0000] {processor.py:840} INFO - DAG(s) 'example_xcom_args_with_operators', 'example_xcom_args' retrieved from /home/airflow/.local/lib/python3.12/site-packages/airflow/example_dags/example_xcomargs.py
[2024-07-16T17:27:43.084+0000] {logging_mixin.py:188} INFO - [2024-07-16T17:27:43.084+0000] {dag.py:3089} INFO - Sync 2 DAGs
[2024-07-16T17:27:43.096+0000] {logging_mixin.py:188} INFO - [2024-07-16T17:27:43.095+0000] {dag.py:3947} INFO - Setting next_dagrun for example_xcom_args to None, run_after=None
[2024-07-16T17:27:43.099+0000] {logging_mixin.py:188} INFO - [2024-07-16T17:27:43.099+0000] {dag.py:3947} INFO - Setting next_dagrun for example_xcom_args_with_operators to None, run_after=None
[2024-07-16T17:27:43.116+0000] {processor.py:183} INFO - Processing /home/airflow/.local/lib/python3.12/site-packages/airflow/example_dags/example_xcomargs.py took 0.072 seconds
[2024-07-16T17:28:13.561+0000] {processor.py:161} INFO - Started process (PID=5871) to work on /home/airflow/.local/lib/python3.12/site-packages/airflow/example_dags/example_xcomargs.py
[2024-07-16T17:28:13.564+0000] {processor.py:830} INFO - Processing file /home/airflow/.local/lib/python3.12/site-packages/airflow/example_dags/example_xcomargs.py for tasks to queue
[2024-07-16T17:28:13.565+0000] {logging_mixin.py:188} INFO - [2024-07-16T17:28:13.565+0000] {dagbag.py:545} INFO - Filling up the DagBag from /home/airflow/.local/lib/python3.12/site-packages/airflow/example_dags/example_xcomargs.py
[2024-07-16T17:28:13.576+0000] {processor.py:840} INFO - DAG(s) 'example_xcom_args', 'example_xcom_args_with_operators' retrieved from /home/airflow/.local/lib/python3.12/site-packages/airflow/example_dags/example_xcomargs.py
[2024-07-16T17:28:13.596+0000] {logging_mixin.py:188} INFO - [2024-07-16T17:28:13.596+0000] {dag.py:3089} INFO - Sync 2 DAGs
[2024-07-16T17:28:13.608+0000] {logging_mixin.py:188} INFO - [2024-07-16T17:28:13.608+0000] {dag.py:3947} INFO - Setting next_dagrun for example_xcom_args to None, run_after=None
[2024-07-16T17:28:13.612+0000] {logging_mixin.py:188} INFO - [2024-07-16T17:28:13.612+0000] {dag.py:3947} INFO - Setting next_dagrun for example_xcom_args_with_operators to None, run_after=None
[2024-07-16T17:28:13.626+0000] {processor.py:183} INFO - Processing /home/airflow/.local/lib/python3.12/site-packages/airflow/example_dags/example_xcomargs.py took 0.070 seconds
[2024-07-16T17:28:43.988+0000] {processor.py:161} INFO - Started process (PID=6135) to work on /home/airflow/.local/lib/python3.12/site-packages/airflow/example_dags/example_xcomargs.py
[2024-07-16T17:28:43.990+0000] {processor.py:830} INFO - Processing file /home/airflow/.local/lib/python3.12/site-packages/airflow/example_dags/example_xcomargs.py for tasks to queue
[2024-07-16T17:28:43.991+0000] {logging_mixin.py:188} INFO - [2024-07-16T17:28:43.991+0000] {dagbag.py:545} INFO - Filling up the DagBag from /home/airflow/.local/lib/python3.12/site-packages/airflow/example_dags/example_xcomargs.py
[2024-07-16T17:28:43.998+0000] {processor.py:840} INFO - DAG(s) 'example_xcom_args', 'example_xcom_args_with_operators' retrieved from /home/airflow/.local/lib/python3.12/site-packages/airflow/example_dags/example_xcomargs.py
[2024-07-16T17:28:44.021+0000] {logging_mixin.py:188} INFO - [2024-07-16T17:28:44.021+0000] {dag.py:3089} INFO - Sync 2 DAGs
[2024-07-16T17:28:44.032+0000] {logging_mixin.py:188} INFO - [2024-07-16T17:28:44.032+0000] {dag.py:3947} INFO - Setting next_dagrun for example_xcom_args to None, run_after=None
[2024-07-16T17:28:44.036+0000] {logging_mixin.py:188} INFO - [2024-07-16T17:28:44.035+0000] {dag.py:3947} INFO - Setting next_dagrun for example_xcom_args_with_operators to None, run_after=None
[2024-07-16T17:28:44.053+0000] {processor.py:183} INFO - Processing /home/airflow/.local/lib/python3.12/site-packages/airflow/example_dags/example_xcomargs.py took 0.071 seconds
[2024-07-16T17:29:14.809+0000] {processor.py:161} INFO - Started process (PID=6397) to work on /home/airflow/.local/lib/python3.12/site-packages/airflow/example_dags/example_xcomargs.py
[2024-07-16T17:29:14.811+0000] {processor.py:830} INFO - Processing file /home/airflow/.local/lib/python3.12/site-packages/airflow/example_dags/example_xcomargs.py for tasks to queue
[2024-07-16T17:29:14.814+0000] {logging_mixin.py:188} INFO - [2024-07-16T17:29:14.813+0000] {dagbag.py:545} INFO - Filling up the DagBag from /home/airflow/.local/lib/python3.12/site-packages/airflow/example_dags/example_xcomargs.py
[2024-07-16T17:29:14.823+0000] {processor.py:840} INFO - DAG(s) 'example_xcom_args', 'example_xcom_args_with_operators' retrieved from /home/airflow/.local/lib/python3.12/site-packages/airflow/example_dags/example_xcomargs.py
[2024-07-16T17:29:14.851+0000] {logging_mixin.py:188} INFO - [2024-07-16T17:29:14.850+0000] {dag.py:3089} INFO - Sync 2 DAGs
[2024-07-16T17:29:14.863+0000] {logging_mixin.py:188} INFO - [2024-07-16T17:29:14.863+0000] {dag.py:3947} INFO - Setting next_dagrun for example_xcom_args to None, run_after=None
[2024-07-16T17:29:14.867+0000] {logging_mixin.py:188} INFO - [2024-07-16T17:29:14.867+0000] {dag.py:3947} INFO - Setting next_dagrun for example_xcom_args_with_operators to None, run_after=None
[2024-07-16T17:29:14.899+0000] {processor.py:183} INFO - Processing /home/airflow/.local/lib/python3.12/site-packages/airflow/example_dags/example_xcomargs.py took 0.097 seconds
[2024-07-16T17:29:45.076+0000] {processor.py:161} INFO - Started process (PID=6657) to work on /home/airflow/.local/lib/python3.12/site-packages/airflow/example_dags/example_xcomargs.py
[2024-07-16T17:29:45.078+0000] {processor.py:830} INFO - Processing file /home/airflow/.local/lib/python3.12/site-packages/airflow/example_dags/example_xcomargs.py for tasks to queue
[2024-07-16T17:29:45.080+0000] {logging_mixin.py:188} INFO - [2024-07-16T17:29:45.079+0000] {dagbag.py:545} INFO - Filling up the DagBag from /home/airflow/.local/lib/python3.12/site-packages/airflow/example_dags/example_xcomargs.py
[2024-07-16T17:29:45.088+0000] {processor.py:840} INFO - DAG(s) 'example_xcom_args', 'example_xcom_args_with_operators' retrieved from /home/airflow/.local/lib/python3.12/site-packages/airflow/example_dags/example_xcomargs.py
[2024-07-16T17:29:45.113+0000] {logging_mixin.py:188} INFO - [2024-07-16T17:29:45.113+0000] {dag.py:3089} INFO - Sync 2 DAGs
[2024-07-16T17:29:45.128+0000] {logging_mixin.py:188} INFO - [2024-07-16T17:29:45.127+0000] {dag.py:3947} INFO - Setting next_dagrun for example_xcom_args to None, run_after=None
[2024-07-16T17:29:45.132+0000] {logging_mixin.py:188} INFO - [2024-07-16T17:29:45.132+0000] {dag.py:3947} INFO - Setting next_dagrun for example_xcom_args_with_operators to None, run_after=None
[2024-07-16T17:29:45.154+0000] {processor.py:183} INFO - Processing /home/airflow/.local/lib/python3.12/site-packages/airflow/example_dags/example_xcomargs.py took 0.083 seconds
[2024-07-16T17:30:15.689+0000] {processor.py:161} INFO - Started process (PID=6920) to work on /home/airflow/.local/lib/python3.12/site-packages/airflow/example_dags/example_xcomargs.py
[2024-07-16T17:30:15.691+0000] {processor.py:830} INFO - Processing file /home/airflow/.local/lib/python3.12/site-packages/airflow/example_dags/example_xcomargs.py for tasks to queue
[2024-07-16T17:30:15.692+0000] {logging_mixin.py:188} INFO - [2024-07-16T17:30:15.692+0000] {dagbag.py:545} INFO - Filling up the DagBag from /home/airflow/.local/lib/python3.12/site-packages/airflow/example_dags/example_xcomargs.py
[2024-07-16T17:30:15.700+0000] {processor.py:840} INFO - DAG(s) 'example_xcom_args', 'example_xcom_args_with_operators' retrieved from /home/airflow/.local/lib/python3.12/site-packages/airflow/example_dags/example_xcomargs.py
[2024-07-16T17:30:15.725+0000] {logging_mixin.py:188} INFO - [2024-07-16T17:30:15.725+0000] {dag.py:3089} INFO - Sync 2 DAGs
[2024-07-16T17:30:15.737+0000] {logging_mixin.py:188} INFO - [2024-07-16T17:30:15.736+0000] {dag.py:3947} INFO - Setting next_dagrun for example_xcom_args to None, run_after=None
[2024-07-16T17:30:15.740+0000] {logging_mixin.py:188} INFO - [2024-07-16T17:30:15.740+0000] {dag.py:3947} INFO - Setting next_dagrun for example_xcom_args_with_operators to None, run_after=None
[2024-07-16T17:30:15.758+0000] {processor.py:183} INFO - Processing /home/airflow/.local/lib/python3.12/site-packages/airflow/example_dags/example_xcomargs.py took 0.075 seconds
[2024-07-16T17:30:46.712+0000] {processor.py:161} INFO - Started process (PID=7182) to work on /home/airflow/.local/lib/python3.12/site-packages/airflow/example_dags/example_xcomargs.py
[2024-07-16T17:30:46.713+0000] {processor.py:830} INFO - Processing file /home/airflow/.local/lib/python3.12/site-packages/airflow/example_dags/example_xcomargs.py for tasks to queue
[2024-07-16T17:30:46.715+0000] {logging_mixin.py:188} INFO - [2024-07-16T17:30:46.715+0000] {dagbag.py:545} INFO - Filling up the DagBag from /home/airflow/.local/lib/python3.12/site-packages/airflow/example_dags/example_xcomargs.py
[2024-07-16T17:30:46.727+0000] {processor.py:840} INFO - DAG(s) 'example_xcom_args_with_operators', 'example_xcom_args' retrieved from /home/airflow/.local/lib/python3.12/site-packages/airflow/example_dags/example_xcomargs.py
[2024-07-16T17:30:46.764+0000] {logging_mixin.py:188} INFO - [2024-07-16T17:30:46.764+0000] {dag.py:3089} INFO - Sync 2 DAGs
[2024-07-16T17:30:46.781+0000] {logging_mixin.py:188} INFO - [2024-07-16T17:30:46.781+0000] {dag.py:3947} INFO - Setting next_dagrun for example_xcom_args to None, run_after=None
[2024-07-16T17:30:46.785+0000] {logging_mixin.py:188} INFO - [2024-07-16T17:30:46.785+0000] {dag.py:3947} INFO - Setting next_dagrun for example_xcom_args_with_operators to None, run_after=None
[2024-07-16T17:30:46.804+0000] {processor.py:183} INFO - Processing /home/airflow/.local/lib/python3.12/site-packages/airflow/example_dags/example_xcomargs.py took 0.100 seconds
[2024-07-16T17:31:17.750+0000] {processor.py:161} INFO - Started process (PID=7450) to work on /home/airflow/.local/lib/python3.12/site-packages/airflow/example_dags/example_xcomargs.py
[2024-07-16T17:31:17.751+0000] {processor.py:830} INFO - Processing file /home/airflow/.local/lib/python3.12/site-packages/airflow/example_dags/example_xcomargs.py for tasks to queue
[2024-07-16T17:31:17.753+0000] {logging_mixin.py:188} INFO - [2024-07-16T17:31:17.753+0000] {dagbag.py:545} INFO - Filling up the DagBag from /home/airflow/.local/lib/python3.12/site-packages/airflow/example_dags/example_xcomargs.py
[2024-07-16T17:31:17.760+0000] {processor.py:840} INFO - DAG(s) 'example_xcom_args_with_operators', 'example_xcom_args' retrieved from /home/airflow/.local/lib/python3.12/site-packages/airflow/example_dags/example_xcomargs.py
[2024-07-16T17:31:17.781+0000] {logging_mixin.py:188} INFO - [2024-07-16T17:31:17.781+0000] {dag.py:3089} INFO - Sync 2 DAGs
[2024-07-16T17:31:17.796+0000] {logging_mixin.py:188} INFO - [2024-07-16T17:31:17.796+0000] {dag.py:3947} INFO - Setting next_dagrun for example_xcom_args to None, run_after=None
[2024-07-16T17:31:17.800+0000] {logging_mixin.py:188} INFO - [2024-07-16T17:31:17.800+0000] {dag.py:3947} INFO - Setting next_dagrun for example_xcom_args_with_operators to None, run_after=None
[2024-07-16T17:31:17.815+0000] {processor.py:183} INFO - Processing /home/airflow/.local/lib/python3.12/site-packages/airflow/example_dags/example_xcomargs.py took 0.070 seconds
[2024-07-16T17:31:48.308+0000] {processor.py:161} INFO - Started process (PID=7712) to work on /home/airflow/.local/lib/python3.12/site-packages/airflow/example_dags/example_xcomargs.py
[2024-07-16T17:31:48.311+0000] {processor.py:830} INFO - Processing file /home/airflow/.local/lib/python3.12/site-packages/airflow/example_dags/example_xcomargs.py for tasks to queue
[2024-07-16T17:31:48.313+0000] {logging_mixin.py:188} INFO - [2024-07-16T17:31:48.312+0000] {dagbag.py:545} INFO - Filling up the DagBag from /home/airflow/.local/lib/python3.12/site-packages/airflow/example_dags/example_xcomargs.py
[2024-07-16T17:31:48.320+0000] {processor.py:840} INFO - DAG(s) 'example_xcom_args_with_operators', 'example_xcom_args' retrieved from /home/airflow/.local/lib/python3.12/site-packages/airflow/example_dags/example_xcomargs.py
[2024-07-16T17:31:48.344+0000] {logging_mixin.py:188} INFO - [2024-07-16T17:31:48.344+0000] {dag.py:3089} INFO - Sync 2 DAGs
[2024-07-16T17:31:48.355+0000] {logging_mixin.py:188} INFO - [2024-07-16T17:31:48.355+0000] {dag.py:3947} INFO - Setting next_dagrun for example_xcom_args to None, run_after=None
[2024-07-16T17:31:48.358+0000] {logging_mixin.py:188} INFO - [2024-07-16T17:31:48.358+0000] {dag.py:3947} INFO - Setting next_dagrun for example_xcom_args_with_operators to None, run_after=None
[2024-07-16T17:31:48.373+0000] {processor.py:183} INFO - Processing /home/airflow/.local/lib/python3.12/site-packages/airflow/example_dags/example_xcomargs.py took 0.071 seconds
