[2024-07-16T17:17:30.222+0000] {processor.py:161} INFO - Started process (PID=379) to work on /home/airflow/.local/lib/python3.12/site-packages/airflow/example_dags/example_task_group.py
[2024-07-16T17:17:30.223+0000] {processor.py:830} INFO - Processing file /home/airflow/.local/lib/python3.12/site-packages/airflow/example_dags/example_task_group.py for tasks to queue
[2024-07-16T17:17:30.225+0000] {logging_mixin.py:188} INFO - [2024-07-16T17:17:30.224+0000] {dagbag.py:545} INFO - Filling up the DagBag from /home/airflow/.local/lib/python3.12/site-packages/airflow/example_dags/example_task_group.py
[2024-07-16T17:17:30.232+0000] {processor.py:840} INFO - DAG(s) 'example_task_group' retrieved from /home/airflow/.local/lib/python3.12/site-packages/airflow/example_dags/example_task_group.py
[2024-07-16T17:17:30.244+0000] {logging_mixin.py:188} INFO - [2024-07-16T17:17:30.244+0000] {dag.py:3089} INFO - Sync 1 DAGs
[2024-07-16T17:17:30.268+0000] {logging_mixin.py:188} INFO - [2024-07-16T17:17:30.268+0000] {dag.py:3947} INFO - Setting next_dagrun for example_task_group to 2024-07-15 00:00:00+00:00, run_after=2024-07-16 00:00:00+00:00
[2024-07-16T17:17:30.288+0000] {processor.py:183} INFO - Processing /home/airflow/.local/lib/python3.12/site-packages/airflow/example_dags/example_task_group.py took 0.072 seconds
[2024-07-16T17:18:02.699+0000] {processor.py:161} INFO - Started process (PID=641) to work on /home/airflow/.local/lib/python3.12/site-packages/airflow/example_dags/example_task_group.py
[2024-07-16T17:18:02.701+0000] {processor.py:830} INFO - Processing file /home/airflow/.local/lib/python3.12/site-packages/airflow/example_dags/example_task_group.py for tasks to queue
[2024-07-16T17:18:02.703+0000] {logging_mixin.py:188} INFO - [2024-07-16T17:18:02.703+0000] {dagbag.py:545} INFO - Filling up the DagBag from /home/airflow/.local/lib/python3.12/site-packages/airflow/example_dags/example_task_group.py
[2024-07-16T17:18:02.709+0000] {processor.py:840} INFO - DAG(s) 'example_task_group' retrieved from /home/airflow/.local/lib/python3.12/site-packages/airflow/example_dags/example_task_group.py
[2024-07-16T17:18:02.795+0000] {logging_mixin.py:188} INFO - [2024-07-16T17:18:02.795+0000] {dag.py:3089} INFO - Sync 1 DAGs
[2024-07-16T17:18:02.816+0000] {logging_mixin.py:188} INFO - [2024-07-16T17:18:02.816+0000] {dag.py:3947} INFO - Setting next_dagrun for example_task_group to 2024-07-15 00:00:00+00:00, run_after=2024-07-16 00:00:00+00:00
[2024-07-16T17:18:02.834+0000] {processor.py:183} INFO - Processing /home/airflow/.local/lib/python3.12/site-packages/airflow/example_dags/example_task_group.py took 0.140 seconds
[2024-07-16T17:18:32.874+0000] {processor.py:161} INFO - Started process (PID=901) to work on /home/airflow/.local/lib/python3.12/site-packages/airflow/example_dags/example_task_group.py
[2024-07-16T17:18:32.876+0000] {processor.py:830} INFO - Processing file /home/airflow/.local/lib/python3.12/site-packages/airflow/example_dags/example_task_group.py for tasks to queue
[2024-07-16T17:18:32.877+0000] {logging_mixin.py:188} INFO - [2024-07-16T17:18:32.877+0000] {dagbag.py:545} INFO - Filling up the DagBag from /home/airflow/.local/lib/python3.12/site-packages/airflow/example_dags/example_task_group.py
[2024-07-16T17:18:32.884+0000] {processor.py:840} INFO - DAG(s) 'example_task_group' retrieved from /home/airflow/.local/lib/python3.12/site-packages/airflow/example_dags/example_task_group.py
[2024-07-16T17:18:32.903+0000] {logging_mixin.py:188} INFO - [2024-07-16T17:18:32.902+0000] {dag.py:3089} INFO - Sync 1 DAGs
[2024-07-16T17:18:32.922+0000] {logging_mixin.py:188} INFO - [2024-07-16T17:18:32.922+0000] {dag.py:3947} INFO - Setting next_dagrun for example_task_group to 2024-07-15 00:00:00+00:00, run_after=2024-07-16 00:00:00+00:00
[2024-07-16T17:18:32.938+0000] {processor.py:183} INFO - Processing /home/airflow/.local/lib/python3.12/site-packages/airflow/example_dags/example_task_group.py took 0.070 seconds
[2024-07-16T17:19:03.858+0000] {processor.py:161} INFO - Started process (PID=1163) to work on /home/airflow/.local/lib/python3.12/site-packages/airflow/example_dags/example_task_group.py
[2024-07-16T17:19:03.860+0000] {processor.py:830} INFO - Processing file /home/airflow/.local/lib/python3.12/site-packages/airflow/example_dags/example_task_group.py for tasks to queue
[2024-07-16T17:19:03.862+0000] {logging_mixin.py:188} INFO - [2024-07-16T17:19:03.861+0000] {dagbag.py:545} INFO - Filling up the DagBag from /home/airflow/.local/lib/python3.12/site-packages/airflow/example_dags/example_task_group.py
[2024-07-16T17:19:03.868+0000] {processor.py:840} INFO - DAG(s) 'example_task_group' retrieved from /home/airflow/.local/lib/python3.12/site-packages/airflow/example_dags/example_task_group.py
[2024-07-16T17:19:03.888+0000] {logging_mixin.py:188} INFO - [2024-07-16T17:19:03.888+0000] {dag.py:3089} INFO - Sync 1 DAGs
[2024-07-16T17:19:03.908+0000] {logging_mixin.py:188} INFO - [2024-07-16T17:19:03.908+0000] {dag.py:3947} INFO - Setting next_dagrun for example_task_group to 2024-07-15 00:00:00+00:00, run_after=2024-07-16 00:00:00+00:00
[2024-07-16T17:19:03.926+0000] {processor.py:183} INFO - Processing /home/airflow/.local/lib/python3.12/site-packages/airflow/example_dags/example_task_group.py took 0.074 seconds
[2024-07-16T17:19:33.972+0000] {processor.py:161} INFO - Started process (PID=1425) to work on /home/airflow/.local/lib/python3.12/site-packages/airflow/example_dags/example_task_group.py
[2024-07-16T17:19:33.980+0000] {processor.py:830} INFO - Processing file /home/airflow/.local/lib/python3.12/site-packages/airflow/example_dags/example_task_group.py for tasks to queue
[2024-07-16T17:19:33.981+0000] {logging_mixin.py:188} INFO - [2024-07-16T17:19:33.981+0000] {dagbag.py:545} INFO - Filling up the DagBag from /home/airflow/.local/lib/python3.12/site-packages/airflow/example_dags/example_task_group.py
[2024-07-16T17:19:33.987+0000] {processor.py:840} INFO - DAG(s) 'example_task_group' retrieved from /home/airflow/.local/lib/python3.12/site-packages/airflow/example_dags/example_task_group.py
[2024-07-16T17:19:34.006+0000] {logging_mixin.py:188} INFO - [2024-07-16T17:19:34.005+0000] {dag.py:3089} INFO - Sync 1 DAGs
[2024-07-16T17:19:34.025+0000] {logging_mixin.py:188} INFO - [2024-07-16T17:19:34.025+0000] {dag.py:3947} INFO - Setting next_dagrun for example_task_group to 2024-07-15 00:00:00+00:00, run_after=2024-07-16 00:00:00+00:00
[2024-07-16T17:19:34.045+0000] {processor.py:183} INFO - Processing /home/airflow/.local/lib/python3.12/site-packages/airflow/example_dags/example_task_group.py took 0.078 seconds
[2024-07-16T17:20:04.502+0000] {processor.py:161} INFO - Started process (PID=1687) to work on /home/airflow/.local/lib/python3.12/site-packages/airflow/example_dags/example_task_group.py
[2024-07-16T17:20:04.505+0000] {processor.py:830} INFO - Processing file /home/airflow/.local/lib/python3.12/site-packages/airflow/example_dags/example_task_group.py for tasks to queue
[2024-07-16T17:20:04.506+0000] {logging_mixin.py:188} INFO - [2024-07-16T17:20:04.506+0000] {dagbag.py:545} INFO - Filling up the DagBag from /home/airflow/.local/lib/python3.12/site-packages/airflow/example_dags/example_task_group.py
[2024-07-16T17:20:04.513+0000] {processor.py:840} INFO - DAG(s) 'example_task_group' retrieved from /home/airflow/.local/lib/python3.12/site-packages/airflow/example_dags/example_task_group.py
[2024-07-16T17:20:04.533+0000] {logging_mixin.py:188} INFO - [2024-07-16T17:20:04.533+0000] {dag.py:3089} INFO - Sync 1 DAGs
[2024-07-16T17:20:04.553+0000] {logging_mixin.py:188} INFO - [2024-07-16T17:20:04.553+0000] {dag.py:3947} INFO - Setting next_dagrun for example_task_group to 2024-07-15 00:00:00+00:00, run_after=2024-07-16 00:00:00+00:00
[2024-07-16T17:20:04.571+0000] {processor.py:183} INFO - Processing /home/airflow/.local/lib/python3.12/site-packages/airflow/example_dags/example_task_group.py took 0.074 seconds
[2024-07-16T17:20:35.178+0000] {processor.py:161} INFO - Started process (PID=1950) to work on /home/airflow/.local/lib/python3.12/site-packages/airflow/example_dags/example_task_group.py
[2024-07-16T17:20:35.180+0000] {processor.py:830} INFO - Processing file /home/airflow/.local/lib/python3.12/site-packages/airflow/example_dags/example_task_group.py for tasks to queue
[2024-07-16T17:20:35.182+0000] {logging_mixin.py:188} INFO - [2024-07-16T17:20:35.181+0000] {dagbag.py:545} INFO - Filling up the DagBag from /home/airflow/.local/lib/python3.12/site-packages/airflow/example_dags/example_task_group.py
[2024-07-16T17:20:35.187+0000] {processor.py:840} INFO - DAG(s) 'example_task_group' retrieved from /home/airflow/.local/lib/python3.12/site-packages/airflow/example_dags/example_task_group.py
[2024-07-16T17:20:35.205+0000] {logging_mixin.py:188} INFO - [2024-07-16T17:20:35.205+0000] {dag.py:3089} INFO - Sync 1 DAGs
[2024-07-16T17:20:35.224+0000] {logging_mixin.py:188} INFO - [2024-07-16T17:20:35.224+0000] {dag.py:3947} INFO - Setting next_dagrun for example_task_group to 2024-07-15 00:00:00+00:00, run_after=2024-07-16 00:00:00+00:00
[2024-07-16T17:20:35.240+0000] {processor.py:183} INFO - Processing /home/airflow/.local/lib/python3.12/site-packages/airflow/example_dags/example_task_group.py took 0.067 seconds
[2024-07-16T17:21:05.694+0000] {processor.py:161} INFO - Started process (PID=2212) to work on /home/airflow/.local/lib/python3.12/site-packages/airflow/example_dags/example_task_group.py
[2024-07-16T17:21:05.695+0000] {processor.py:830} INFO - Processing file /home/airflow/.local/lib/python3.12/site-packages/airflow/example_dags/example_task_group.py for tasks to queue
[2024-07-16T17:21:05.697+0000] {logging_mixin.py:188} INFO - [2024-07-16T17:21:05.697+0000] {dagbag.py:545} INFO - Filling up the DagBag from /home/airflow/.local/lib/python3.12/site-packages/airflow/example_dags/example_task_group.py
[2024-07-16T17:21:05.703+0000] {processor.py:840} INFO - DAG(s) 'example_task_group' retrieved from /home/airflow/.local/lib/python3.12/site-packages/airflow/example_dags/example_task_group.py
[2024-07-16T17:21:05.721+0000] {logging_mixin.py:188} INFO - [2024-07-16T17:21:05.721+0000] {dag.py:3089} INFO - Sync 1 DAGs
[2024-07-16T17:21:05.740+0000] {logging_mixin.py:188} INFO - [2024-07-16T17:21:05.740+0000] {dag.py:3947} INFO - Setting next_dagrun for example_task_group to 2024-07-15 00:00:00+00:00, run_after=2024-07-16 00:00:00+00:00
[2024-07-16T17:21:05.757+0000] {processor.py:183} INFO - Processing /home/airflow/.local/lib/python3.12/site-packages/airflow/example_dags/example_task_group.py took 0.069 seconds
[2024-07-16T17:21:36.232+0000] {processor.py:161} INFO - Started process (PID=2473) to work on /home/airflow/.local/lib/python3.12/site-packages/airflow/example_dags/example_task_group.py
[2024-07-16T17:21:36.234+0000] {processor.py:830} INFO - Processing file /home/airflow/.local/lib/python3.12/site-packages/airflow/example_dags/example_task_group.py for tasks to queue
[2024-07-16T17:21:36.236+0000] {logging_mixin.py:188} INFO - [2024-07-16T17:21:36.236+0000] {dagbag.py:545} INFO - Filling up the DagBag from /home/airflow/.local/lib/python3.12/site-packages/airflow/example_dags/example_task_group.py
[2024-07-16T17:21:36.242+0000] {processor.py:840} INFO - DAG(s) 'example_task_group' retrieved from /home/airflow/.local/lib/python3.12/site-packages/airflow/example_dags/example_task_group.py
[2024-07-16T17:21:36.260+0000] {logging_mixin.py:188} INFO - [2024-07-16T17:21:36.260+0000] {dag.py:3089} INFO - Sync 1 DAGs
[2024-07-16T17:21:36.279+0000] {logging_mixin.py:188} INFO - [2024-07-16T17:21:36.278+0000] {dag.py:3947} INFO - Setting next_dagrun for example_task_group to 2024-07-15 00:00:00+00:00, run_after=2024-07-16 00:00:00+00:00
[2024-07-16T17:21:36.297+0000] {processor.py:183} INFO - Processing /home/airflow/.local/lib/python3.12/site-packages/airflow/example_dags/example_task_group.py took 0.070 seconds
[2024-07-16T17:22:06.716+0000] {processor.py:161} INFO - Started process (PID=2735) to work on /home/airflow/.local/lib/python3.12/site-packages/airflow/example_dags/example_task_group.py
[2024-07-16T17:22:06.718+0000] {processor.py:830} INFO - Processing file /home/airflow/.local/lib/python3.12/site-packages/airflow/example_dags/example_task_group.py for tasks to queue
[2024-07-16T17:22:06.720+0000] {logging_mixin.py:188} INFO - [2024-07-16T17:22:06.720+0000] {dagbag.py:545} INFO - Filling up the DagBag from /home/airflow/.local/lib/python3.12/site-packages/airflow/example_dags/example_task_group.py
[2024-07-16T17:22:06.728+0000] {processor.py:840} INFO - DAG(s) 'example_task_group' retrieved from /home/airflow/.local/lib/python3.12/site-packages/airflow/example_dags/example_task_group.py
[2024-07-16T17:22:06.753+0000] {logging_mixin.py:188} INFO - [2024-07-16T17:22:06.752+0000] {dag.py:3089} INFO - Sync 1 DAGs
[2024-07-16T17:22:06.774+0000] {logging_mixin.py:188} INFO - [2024-07-16T17:22:06.773+0000] {dag.py:3947} INFO - Setting next_dagrun for example_task_group to 2024-07-15 00:00:00+00:00, run_after=2024-07-16 00:00:00+00:00
[2024-07-16T17:22:06.795+0000] {processor.py:183} INFO - Processing /home/airflow/.local/lib/python3.12/site-packages/airflow/example_dags/example_task_group.py took 0.086 seconds
[2024-07-16T17:22:37.414+0000] {processor.py:161} INFO - Started process (PID=2997) to work on /home/airflow/.local/lib/python3.12/site-packages/airflow/example_dags/example_task_group.py
[2024-07-16T17:22:37.416+0000] {processor.py:830} INFO - Processing file /home/airflow/.local/lib/python3.12/site-packages/airflow/example_dags/example_task_group.py for tasks to queue
[2024-07-16T17:22:37.418+0000] {logging_mixin.py:188} INFO - [2024-07-16T17:22:37.417+0000] {dagbag.py:545} INFO - Filling up the DagBag from /home/airflow/.local/lib/python3.12/site-packages/airflow/example_dags/example_task_group.py
[2024-07-16T17:22:37.423+0000] {processor.py:840} INFO - DAG(s) 'example_task_group' retrieved from /home/airflow/.local/lib/python3.12/site-packages/airflow/example_dags/example_task_group.py
[2024-07-16T17:22:37.442+0000] {logging_mixin.py:188} INFO - [2024-07-16T17:22:37.442+0000] {dag.py:3089} INFO - Sync 1 DAGs
[2024-07-16T17:22:37.461+0000] {logging_mixin.py:188} INFO - [2024-07-16T17:22:37.461+0000] {dag.py:3947} INFO - Setting next_dagrun for example_task_group to 2024-07-15 00:00:00+00:00, run_after=2024-07-16 00:00:00+00:00
[2024-07-16T17:22:37.478+0000] {processor.py:183} INFO - Processing /home/airflow/.local/lib/python3.12/site-packages/airflow/example_dags/example_task_group.py took 0.069 seconds
[2024-07-16T17:23:08.292+0000] {processor.py:161} INFO - Started process (PID=3259) to work on /home/airflow/.local/lib/python3.12/site-packages/airflow/example_dags/example_task_group.py
[2024-07-16T17:23:08.294+0000] {processor.py:830} INFO - Processing file /home/airflow/.local/lib/python3.12/site-packages/airflow/example_dags/example_task_group.py for tasks to queue
[2024-07-16T17:23:08.296+0000] {logging_mixin.py:188} INFO - [2024-07-16T17:23:08.295+0000] {dagbag.py:545} INFO - Filling up the DagBag from /home/airflow/.local/lib/python3.12/site-packages/airflow/example_dags/example_task_group.py
[2024-07-16T17:23:08.302+0000] {processor.py:840} INFO - DAG(s) 'example_task_group' retrieved from /home/airflow/.local/lib/python3.12/site-packages/airflow/example_dags/example_task_group.py
[2024-07-16T17:23:08.321+0000] {logging_mixin.py:188} INFO - [2024-07-16T17:23:08.321+0000] {dag.py:3089} INFO - Sync 1 DAGs
[2024-07-16T17:23:08.343+0000] {logging_mixin.py:188} INFO - [2024-07-16T17:23:08.342+0000] {dag.py:3947} INFO - Setting next_dagrun for example_task_group to 2024-07-15 00:00:00+00:00, run_after=2024-07-16 00:00:00+00:00
[2024-07-16T17:23:08.361+0000] {processor.py:183} INFO - Processing /home/airflow/.local/lib/python3.12/site-packages/airflow/example_dags/example_task_group.py took 0.075 seconds
[2024-07-16T17:23:39.591+0000] {processor.py:161} INFO - Started process (PID=3521) to work on /home/airflow/.local/lib/python3.12/site-packages/airflow/example_dags/example_task_group.py
[2024-07-16T17:23:39.596+0000] {processor.py:830} INFO - Processing file /home/airflow/.local/lib/python3.12/site-packages/airflow/example_dags/example_task_group.py for tasks to queue
[2024-07-16T17:23:39.598+0000] {logging_mixin.py:188} INFO - [2024-07-16T17:23:39.598+0000] {dagbag.py:545} INFO - Filling up the DagBag from /home/airflow/.local/lib/python3.12/site-packages/airflow/example_dags/example_task_group.py
[2024-07-16T17:23:39.605+0000] {processor.py:840} INFO - DAG(s) 'example_task_group' retrieved from /home/airflow/.local/lib/python3.12/site-packages/airflow/example_dags/example_task_group.py
[2024-07-16T17:23:39.628+0000] {logging_mixin.py:188} INFO - [2024-07-16T17:23:39.627+0000] {dag.py:3089} INFO - Sync 1 DAGs
[2024-07-16T17:23:39.652+0000] {logging_mixin.py:188} INFO - [2024-07-16T17:23:39.652+0000] {dag.py:3947} INFO - Setting next_dagrun for example_task_group to 2024-07-15 00:00:00+00:00, run_after=2024-07-16 00:00:00+00:00
[2024-07-16T17:23:39.674+0000] {processor.py:183} INFO - Processing /home/airflow/.local/lib/python3.12/site-packages/airflow/example_dags/example_task_group.py took 0.090 seconds
[2024-07-16T17:24:09.892+0000] {processor.py:161} INFO - Started process (PID=3783) to work on /home/airflow/.local/lib/python3.12/site-packages/airflow/example_dags/example_task_group.py
[2024-07-16T17:24:09.893+0000] {processor.py:830} INFO - Processing file /home/airflow/.local/lib/python3.12/site-packages/airflow/example_dags/example_task_group.py for tasks to queue
[2024-07-16T17:24:09.894+0000] {logging_mixin.py:188} INFO - [2024-07-16T17:24:09.894+0000] {dagbag.py:545} INFO - Filling up the DagBag from /home/airflow/.local/lib/python3.12/site-packages/airflow/example_dags/example_task_group.py
[2024-07-16T17:24:09.901+0000] {processor.py:840} INFO - DAG(s) 'example_task_group' retrieved from /home/airflow/.local/lib/python3.12/site-packages/airflow/example_dags/example_task_group.py
[2024-07-16T17:24:09.920+0000] {logging_mixin.py:188} INFO - [2024-07-16T17:24:09.920+0000] {dag.py:3089} INFO - Sync 1 DAGs
[2024-07-16T17:24:09.941+0000] {logging_mixin.py:188} INFO - [2024-07-16T17:24:09.941+0000] {dag.py:3947} INFO - Setting next_dagrun for example_task_group to 2024-07-15 00:00:00+00:00, run_after=2024-07-16 00:00:00+00:00
[2024-07-16T17:24:09.959+0000] {processor.py:183} INFO - Processing /home/airflow/.local/lib/python3.12/site-packages/airflow/example_dags/example_task_group.py took 0.073 seconds
[2024-07-16T17:24:40.084+0000] {processor.py:161} INFO - Started process (PID=4044) to work on /home/airflow/.local/lib/python3.12/site-packages/airflow/example_dags/example_task_group.py
[2024-07-16T17:24:40.085+0000] {processor.py:830} INFO - Processing file /home/airflow/.local/lib/python3.12/site-packages/airflow/example_dags/example_task_group.py for tasks to queue
[2024-07-16T17:24:40.087+0000] {logging_mixin.py:188} INFO - [2024-07-16T17:24:40.087+0000] {dagbag.py:545} INFO - Filling up the DagBag from /home/airflow/.local/lib/python3.12/site-packages/airflow/example_dags/example_task_group.py
[2024-07-16T17:24:40.094+0000] {processor.py:840} INFO - DAG(s) 'example_task_group' retrieved from /home/airflow/.local/lib/python3.12/site-packages/airflow/example_dags/example_task_group.py
[2024-07-16T17:24:40.114+0000] {logging_mixin.py:188} INFO - [2024-07-16T17:24:40.114+0000] {dag.py:3089} INFO - Sync 1 DAGs
[2024-07-16T17:24:40.133+0000] {logging_mixin.py:188} INFO - [2024-07-16T17:24:40.132+0000] {dag.py:3947} INFO - Setting next_dagrun for example_task_group to 2024-07-15 00:00:00+00:00, run_after=2024-07-16 00:00:00+00:00
[2024-07-16T17:24:40.150+0000] {processor.py:183} INFO - Processing /home/airflow/.local/lib/python3.12/site-packages/airflow/example_dags/example_task_group.py took 0.071 seconds
[2024-07-16T17:25:10.366+0000] {processor.py:161} INFO - Started process (PID=4308) to work on /home/airflow/.local/lib/python3.12/site-packages/airflow/example_dags/example_task_group.py
[2024-07-16T17:25:10.368+0000] {processor.py:830} INFO - Processing file /home/airflow/.local/lib/python3.12/site-packages/airflow/example_dags/example_task_group.py for tasks to queue
[2024-07-16T17:25:10.369+0000] {logging_mixin.py:188} INFO - [2024-07-16T17:25:10.369+0000] {dagbag.py:545} INFO - Filling up the DagBag from /home/airflow/.local/lib/python3.12/site-packages/airflow/example_dags/example_task_group.py
[2024-07-16T17:25:10.376+0000] {processor.py:840} INFO - DAG(s) 'example_task_group' retrieved from /home/airflow/.local/lib/python3.12/site-packages/airflow/example_dags/example_task_group.py
[2024-07-16T17:25:10.398+0000] {logging_mixin.py:188} INFO - [2024-07-16T17:25:10.398+0000] {dag.py:3089} INFO - Sync 1 DAGs
[2024-07-16T17:25:10.417+0000] {logging_mixin.py:188} INFO - [2024-07-16T17:25:10.417+0000] {dag.py:3947} INFO - Setting next_dagrun for example_task_group to 2024-07-15 00:00:00+00:00, run_after=2024-07-16 00:00:00+00:00
[2024-07-16T17:25:10.434+0000] {processor.py:183} INFO - Processing /home/airflow/.local/lib/python3.12/site-packages/airflow/example_dags/example_task_group.py took 0.073 seconds
[2024-07-16T17:25:41.298+0000] {processor.py:161} INFO - Started process (PID=4568) to work on /home/airflow/.local/lib/python3.12/site-packages/airflow/example_dags/example_task_group.py
[2024-07-16T17:25:41.300+0000] {processor.py:830} INFO - Processing file /home/airflow/.local/lib/python3.12/site-packages/airflow/example_dags/example_task_group.py for tasks to queue
[2024-07-16T17:25:41.302+0000] {logging_mixin.py:188} INFO - [2024-07-16T17:25:41.302+0000] {dagbag.py:545} INFO - Filling up the DagBag from /home/airflow/.local/lib/python3.12/site-packages/airflow/example_dags/example_task_group.py
[2024-07-16T17:25:41.309+0000] {processor.py:840} INFO - DAG(s) 'example_task_group' retrieved from /home/airflow/.local/lib/python3.12/site-packages/airflow/example_dags/example_task_group.py
[2024-07-16T17:25:41.339+0000] {logging_mixin.py:188} INFO - [2024-07-16T17:25:41.339+0000] {dag.py:3089} INFO - Sync 1 DAGs
[2024-07-16T17:25:41.381+0000] {logging_mixin.py:188} INFO - [2024-07-16T17:25:41.381+0000] {dag.py:3947} INFO - Setting next_dagrun for example_task_group to 2024-07-15 00:00:00+00:00, run_after=2024-07-16 00:00:00+00:00
[2024-07-16T17:25:41.399+0000] {processor.py:183} INFO - Processing /home/airflow/.local/lib/python3.12/site-packages/airflow/example_dags/example_task_group.py took 0.106 seconds
[2024-07-16T17:26:11.438+0000] {processor.py:161} INFO - Started process (PID=4832) to work on /home/airflow/.local/lib/python3.12/site-packages/airflow/example_dags/example_task_group.py
[2024-07-16T17:26:11.440+0000] {processor.py:830} INFO - Processing file /home/airflow/.local/lib/python3.12/site-packages/airflow/example_dags/example_task_group.py for tasks to queue
[2024-07-16T17:26:11.442+0000] {logging_mixin.py:188} INFO - [2024-07-16T17:26:11.441+0000] {dagbag.py:545} INFO - Filling up the DagBag from /home/airflow/.local/lib/python3.12/site-packages/airflow/example_dags/example_task_group.py
[2024-07-16T17:26:11.447+0000] {processor.py:840} INFO - DAG(s) 'example_task_group' retrieved from /home/airflow/.local/lib/python3.12/site-packages/airflow/example_dags/example_task_group.py
[2024-07-16T17:26:11.466+0000] {logging_mixin.py:188} INFO - [2024-07-16T17:26:11.466+0000] {dag.py:3089} INFO - Sync 1 DAGs
[2024-07-16T17:26:11.484+0000] {logging_mixin.py:188} INFO - [2024-07-16T17:26:11.483+0000] {dag.py:3947} INFO - Setting next_dagrun for example_task_group to 2024-07-15 00:00:00+00:00, run_after=2024-07-16 00:00:00+00:00
[2024-07-16T17:26:11.503+0000] {processor.py:183} INFO - Processing /home/airflow/.local/lib/python3.12/site-packages/airflow/example_dags/example_task_group.py took 0.070 seconds
[2024-07-16T17:26:42.248+0000] {processor.py:161} INFO - Started process (PID=5094) to work on /home/airflow/.local/lib/python3.12/site-packages/airflow/example_dags/example_task_group.py
[2024-07-16T17:26:42.250+0000] {processor.py:830} INFO - Processing file /home/airflow/.local/lib/python3.12/site-packages/airflow/example_dags/example_task_group.py for tasks to queue
[2024-07-16T17:26:42.251+0000] {logging_mixin.py:188} INFO - [2024-07-16T17:26:42.251+0000] {dagbag.py:545} INFO - Filling up the DagBag from /home/airflow/.local/lib/python3.12/site-packages/airflow/example_dags/example_task_group.py
[2024-07-16T17:26:42.258+0000] {processor.py:840} INFO - DAG(s) 'example_task_group' retrieved from /home/airflow/.local/lib/python3.12/site-packages/airflow/example_dags/example_task_group.py
[2024-07-16T17:26:42.280+0000] {logging_mixin.py:188} INFO - [2024-07-16T17:26:42.280+0000] {dag.py:3089} INFO - Sync 1 DAGs
[2024-07-16T17:26:42.301+0000] {logging_mixin.py:188} INFO - [2024-07-16T17:26:42.301+0000] {dag.py:3947} INFO - Setting next_dagrun for example_task_group to 2024-07-15 00:00:00+00:00, run_after=2024-07-16 00:00:00+00:00
[2024-07-16T17:26:42.320+0000] {processor.py:183} INFO - Processing /home/airflow/.local/lib/python3.12/site-packages/airflow/example_dags/example_task_group.py took 0.077 seconds
[2024-07-16T17:27:12.411+0000] {processor.py:161} INFO - Started process (PID=5361) to work on /home/airflow/.local/lib/python3.12/site-packages/airflow/example_dags/example_task_group.py
[2024-07-16T17:27:12.413+0000] {processor.py:830} INFO - Processing file /home/airflow/.local/lib/python3.12/site-packages/airflow/example_dags/example_task_group.py for tasks to queue
[2024-07-16T17:27:12.414+0000] {logging_mixin.py:188} INFO - [2024-07-16T17:27:12.414+0000] {dagbag.py:545} INFO - Filling up the DagBag from /home/airflow/.local/lib/python3.12/site-packages/airflow/example_dags/example_task_group.py
[2024-07-16T17:27:12.419+0000] {processor.py:840} INFO - DAG(s) 'example_task_group' retrieved from /home/airflow/.local/lib/python3.12/site-packages/airflow/example_dags/example_task_group.py
[2024-07-16T17:27:12.436+0000] {logging_mixin.py:188} INFO - [2024-07-16T17:27:12.436+0000] {dag.py:3089} INFO - Sync 1 DAGs
[2024-07-16T17:27:12.452+0000] {logging_mixin.py:188} INFO - [2024-07-16T17:27:12.452+0000] {dag.py:3947} INFO - Setting next_dagrun for example_task_group to 2024-07-15 00:00:00+00:00, run_after=2024-07-16 00:00:00+00:00
[2024-07-16T17:27:12.469+0000] {processor.py:183} INFO - Processing /home/airflow/.local/lib/python3.12/site-packages/airflow/example_dags/example_task_group.py took 0.062 seconds
[2024-07-16T17:27:43.224+0000] {processor.py:161} INFO - Started process (PID=5616) to work on /home/airflow/.local/lib/python3.12/site-packages/airflow/example_dags/example_task_group.py
[2024-07-16T17:27:43.227+0000] {processor.py:830} INFO - Processing file /home/airflow/.local/lib/python3.12/site-packages/airflow/example_dags/example_task_group.py for tasks to queue
[2024-07-16T17:27:43.228+0000] {logging_mixin.py:188} INFO - [2024-07-16T17:27:43.228+0000] {dagbag.py:545} INFO - Filling up the DagBag from /home/airflow/.local/lib/python3.12/site-packages/airflow/example_dags/example_task_group.py
[2024-07-16T17:27:43.234+0000] {processor.py:840} INFO - DAG(s) 'example_task_group' retrieved from /home/airflow/.local/lib/python3.12/site-packages/airflow/example_dags/example_task_group.py
[2024-07-16T17:27:43.253+0000] {logging_mixin.py:188} INFO - [2024-07-16T17:27:43.252+0000] {dag.py:3089} INFO - Sync 1 DAGs
[2024-07-16T17:27:43.273+0000] {logging_mixin.py:188} INFO - [2024-07-16T17:27:43.272+0000] {dag.py:3947} INFO - Setting next_dagrun for example_task_group to 2024-07-15 00:00:00+00:00, run_after=2024-07-16 00:00:00+00:00
[2024-07-16T17:27:43.301+0000] {processor.py:183} INFO - Processing /home/airflow/.local/lib/python3.12/site-packages/airflow/example_dags/example_task_group.py took 0.082 seconds
[2024-07-16T17:28:13.681+0000] {processor.py:161} INFO - Started process (PID=5886) to work on /home/airflow/.local/lib/python3.12/site-packages/airflow/example_dags/example_task_group.py
[2024-07-16T17:28:13.683+0000] {processor.py:830} INFO - Processing file /home/airflow/.local/lib/python3.12/site-packages/airflow/example_dags/example_task_group.py for tasks to queue
[2024-07-16T17:28:13.684+0000] {logging_mixin.py:188} INFO - [2024-07-16T17:28:13.684+0000] {dagbag.py:545} INFO - Filling up the DagBag from /home/airflow/.local/lib/python3.12/site-packages/airflow/example_dags/example_task_group.py
[2024-07-16T17:28:13.690+0000] {processor.py:840} INFO - DAG(s) 'example_task_group' retrieved from /home/airflow/.local/lib/python3.12/site-packages/airflow/example_dags/example_task_group.py
[2024-07-16T17:28:13.708+0000] {logging_mixin.py:188} INFO - [2024-07-16T17:28:13.708+0000] {dag.py:3089} INFO - Sync 1 DAGs
[2024-07-16T17:28:13.727+0000] {logging_mixin.py:188} INFO - [2024-07-16T17:28:13.727+0000] {dag.py:3947} INFO - Setting next_dagrun for example_task_group to 2024-07-15 00:00:00+00:00, run_after=2024-07-16 00:00:00+00:00
[2024-07-16T17:28:13.745+0000] {processor.py:183} INFO - Processing /home/airflow/.local/lib/python3.12/site-packages/airflow/example_dags/example_task_group.py took 0.069 seconds
[2024-07-16T17:28:44.163+0000] {processor.py:161} INFO - Started process (PID=6150) to work on /home/airflow/.local/lib/python3.12/site-packages/airflow/example_dags/example_task_group.py
[2024-07-16T17:28:44.165+0000] {processor.py:830} INFO - Processing file /home/airflow/.local/lib/python3.12/site-packages/airflow/example_dags/example_task_group.py for tasks to queue
[2024-07-16T17:28:44.167+0000] {logging_mixin.py:188} INFO - [2024-07-16T17:28:44.167+0000] {dagbag.py:545} INFO - Filling up the DagBag from /home/airflow/.local/lib/python3.12/site-packages/airflow/example_dags/example_task_group.py
[2024-07-16T17:28:44.173+0000] {processor.py:840} INFO - DAG(s) 'example_task_group' retrieved from /home/airflow/.local/lib/python3.12/site-packages/airflow/example_dags/example_task_group.py
[2024-07-16T17:28:44.193+0000] {logging_mixin.py:188} INFO - [2024-07-16T17:28:44.193+0000] {dag.py:3089} INFO - Sync 1 DAGs
[2024-07-16T17:28:44.212+0000] {logging_mixin.py:188} INFO - [2024-07-16T17:28:44.212+0000] {dag.py:3947} INFO - Setting next_dagrun for example_task_group to 2024-07-15 00:00:00+00:00, run_after=2024-07-16 00:00:00+00:00
[2024-07-16T17:28:44.228+0000] {processor.py:183} INFO - Processing /home/airflow/.local/lib/python3.12/site-packages/airflow/example_dags/example_task_group.py took 0.071 seconds
[2024-07-16T17:29:14.950+0000] {processor.py:161} INFO - Started process (PID=6410) to work on /home/airflow/.local/lib/python3.12/site-packages/airflow/example_dags/example_task_group.py
[2024-07-16T17:29:14.952+0000] {processor.py:830} INFO - Processing file /home/airflow/.local/lib/python3.12/site-packages/airflow/example_dags/example_task_group.py for tasks to queue
[2024-07-16T17:29:14.954+0000] {logging_mixin.py:188} INFO - [2024-07-16T17:29:14.954+0000] {dagbag.py:545} INFO - Filling up the DagBag from /home/airflow/.local/lib/python3.12/site-packages/airflow/example_dags/example_task_group.py
[2024-07-16T17:29:14.961+0000] {processor.py:840} INFO - DAG(s) 'example_task_group' retrieved from /home/airflow/.local/lib/python3.12/site-packages/airflow/example_dags/example_task_group.py
[2024-07-16T17:29:14.984+0000] {logging_mixin.py:188} INFO - [2024-07-16T17:29:14.984+0000] {dag.py:3089} INFO - Sync 1 DAGs
[2024-07-16T17:29:15.004+0000] {logging_mixin.py:188} INFO - [2024-07-16T17:29:15.004+0000] {dag.py:3947} INFO - Setting next_dagrun for example_task_group to 2024-07-15 00:00:00+00:00, run_after=2024-07-16 00:00:00+00:00
[2024-07-16T17:29:15.025+0000] {processor.py:183} INFO - Processing /home/airflow/.local/lib/python3.12/site-packages/airflow/example_dags/example_task_group.py took 0.081 seconds
[2024-07-16T17:29:45.232+0000] {processor.py:161} INFO - Started process (PID=6672) to work on /home/airflow/.local/lib/python3.12/site-packages/airflow/example_dags/example_task_group.py
[2024-07-16T17:29:45.234+0000] {processor.py:830} INFO - Processing file /home/airflow/.local/lib/python3.12/site-packages/airflow/example_dags/example_task_group.py for tasks to queue
[2024-07-16T17:29:45.236+0000] {logging_mixin.py:188} INFO - [2024-07-16T17:29:45.236+0000] {dagbag.py:545} INFO - Filling up the DagBag from /home/airflow/.local/lib/python3.12/site-packages/airflow/example_dags/example_task_group.py
[2024-07-16T17:29:45.243+0000] {processor.py:840} INFO - DAG(s) 'example_task_group' retrieved from /home/airflow/.local/lib/python3.12/site-packages/airflow/example_dags/example_task_group.py
[2024-07-16T17:29:45.267+0000] {logging_mixin.py:188} INFO - [2024-07-16T17:29:45.267+0000] {dag.py:3089} INFO - Sync 1 DAGs
[2024-07-16T17:29:45.287+0000] {logging_mixin.py:188} INFO - [2024-07-16T17:29:45.287+0000] {dag.py:3947} INFO - Setting next_dagrun for example_task_group to 2024-07-15 00:00:00+00:00, run_after=2024-07-16 00:00:00+00:00
[2024-07-16T17:29:45.305+0000] {processor.py:183} INFO - Processing /home/airflow/.local/lib/python3.12/site-packages/airflow/example_dags/example_task_group.py took 0.080 seconds
[2024-07-16T17:30:15.795+0000] {processor.py:161} INFO - Started process (PID=6935) to work on /home/airflow/.local/lib/python3.12/site-packages/airflow/example_dags/example_task_group.py
[2024-07-16T17:30:15.796+0000] {processor.py:830} INFO - Processing file /home/airflow/.local/lib/python3.12/site-packages/airflow/example_dags/example_task_group.py for tasks to queue
[2024-07-16T17:30:15.798+0000] {logging_mixin.py:188} INFO - [2024-07-16T17:30:15.797+0000] {dagbag.py:545} INFO - Filling up the DagBag from /home/airflow/.local/lib/python3.12/site-packages/airflow/example_dags/example_task_group.py
[2024-07-16T17:30:15.804+0000] {processor.py:840} INFO - DAG(s) 'example_task_group' retrieved from /home/airflow/.local/lib/python3.12/site-packages/airflow/example_dags/example_task_group.py
[2024-07-16T17:30:15.824+0000] {logging_mixin.py:188} INFO - [2024-07-16T17:30:15.823+0000] {dag.py:3089} INFO - Sync 1 DAGs
[2024-07-16T17:30:15.842+0000] {logging_mixin.py:188} INFO - [2024-07-16T17:30:15.842+0000] {dag.py:3947} INFO - Setting next_dagrun for example_task_group to 2024-07-15 00:00:00+00:00, run_after=2024-07-16 00:00:00+00:00
[2024-07-16T17:30:15.861+0000] {processor.py:183} INFO - Processing /home/airflow/.local/lib/python3.12/site-packages/airflow/example_dags/example_task_group.py took 0.070 seconds
[2024-07-16T17:30:46.842+0000] {processor.py:161} INFO - Started process (PID=7203) to work on /home/airflow/.local/lib/python3.12/site-packages/airflow/example_dags/example_task_group.py
[2024-07-16T17:30:46.843+0000] {processor.py:830} INFO - Processing file /home/airflow/.local/lib/python3.12/site-packages/airflow/example_dags/example_task_group.py for tasks to queue
[2024-07-16T17:30:46.844+0000] {logging_mixin.py:188} INFO - [2024-07-16T17:30:46.844+0000] {dagbag.py:545} INFO - Filling up the DagBag from /home/airflow/.local/lib/python3.12/site-packages/airflow/example_dags/example_task_group.py
[2024-07-16T17:30:46.851+0000] {processor.py:840} INFO - DAG(s) 'example_task_group' retrieved from /home/airflow/.local/lib/python3.12/site-packages/airflow/example_dags/example_task_group.py
[2024-07-16T17:30:46.872+0000] {logging_mixin.py:188} INFO - [2024-07-16T17:30:46.872+0000] {dag.py:3089} INFO - Sync 1 DAGs
[2024-07-16T17:30:46.895+0000] {logging_mixin.py:188} INFO - [2024-07-16T17:30:46.894+0000] {dag.py:3947} INFO - Setting next_dagrun for example_task_group to 2024-07-15 00:00:00+00:00, run_after=2024-07-16 00:00:00+00:00
[2024-07-16T17:30:46.920+0000] {processor.py:183} INFO - Processing /home/airflow/.local/lib/python3.12/site-packages/airflow/example_dags/example_task_group.py took 0.084 seconds
[2024-07-16T17:31:17.862+0000] {processor.py:161} INFO - Started process (PID=7465) to work on /home/airflow/.local/lib/python3.12/site-packages/airflow/example_dags/example_task_group.py
[2024-07-16T17:31:17.865+0000] {processor.py:830} INFO - Processing file /home/airflow/.local/lib/python3.12/site-packages/airflow/example_dags/example_task_group.py for tasks to queue
[2024-07-16T17:31:17.866+0000] {logging_mixin.py:188} INFO - [2024-07-16T17:31:17.866+0000] {dagbag.py:545} INFO - Filling up the DagBag from /home/airflow/.local/lib/python3.12/site-packages/airflow/example_dags/example_task_group.py
[2024-07-16T17:31:17.873+0000] {processor.py:840} INFO - DAG(s) 'example_task_group' retrieved from /home/airflow/.local/lib/python3.12/site-packages/airflow/example_dags/example_task_group.py
[2024-07-16T17:31:17.891+0000] {logging_mixin.py:188} INFO - [2024-07-16T17:31:17.891+0000] {dag.py:3089} INFO - Sync 1 DAGs
[2024-07-16T17:31:17.910+0000] {logging_mixin.py:188} INFO - [2024-07-16T17:31:17.910+0000] {dag.py:3947} INFO - Setting next_dagrun for example_task_group to 2024-07-15 00:00:00+00:00, run_after=2024-07-16 00:00:00+00:00
[2024-07-16T17:31:17.928+0000] {processor.py:183} INFO - Processing /home/airflow/.local/lib/python3.12/site-packages/airflow/example_dags/example_task_group.py took 0.072 seconds
[2024-07-16T17:31:48.503+0000] {processor.py:161} INFO - Started process (PID=7729) to work on /home/airflow/.local/lib/python3.12/site-packages/airflow/example_dags/example_task_group.py
[2024-07-16T17:31:48.505+0000] {processor.py:830} INFO - Processing file /home/airflow/.local/lib/python3.12/site-packages/airflow/example_dags/example_task_group.py for tasks to queue
[2024-07-16T17:31:48.507+0000] {logging_mixin.py:188} INFO - [2024-07-16T17:31:48.506+0000] {dagbag.py:545} INFO - Filling up the DagBag from /home/airflow/.local/lib/python3.12/site-packages/airflow/example_dags/example_task_group.py
[2024-07-16T17:31:48.513+0000] {processor.py:840} INFO - DAG(s) 'example_task_group' retrieved from /home/airflow/.local/lib/python3.12/site-packages/airflow/example_dags/example_task_group.py
[2024-07-16T17:31:48.531+0000] {logging_mixin.py:188} INFO - [2024-07-16T17:31:48.531+0000] {dag.py:3089} INFO - Sync 1 DAGs
[2024-07-16T17:31:48.549+0000] {logging_mixin.py:188} INFO - [2024-07-16T17:31:48.549+0000] {dag.py:3947} INFO - Setting next_dagrun for example_task_group to 2024-07-15 00:00:00+00:00, run_after=2024-07-16 00:00:00+00:00
[2024-07-16T17:31:48.568+0000] {processor.py:183} INFO - Processing /home/airflow/.local/lib/python3.12/site-packages/airflow/example_dags/example_task_group.py took 0.070 seconds
