[2024-07-16T17:17:27.815+0000] {processor.py:161} INFO - Started process (PID=187) to work on /home/airflow/.local/lib/python3.12/site-packages/airflow/example_dags/example_skip_dag.py
[2024-07-16T17:17:27.816+0000] {processor.py:830} INFO - Processing file /home/airflow/.local/lib/python3.12/site-packages/airflow/example_dags/example_skip_dag.py for tasks to queue
[2024-07-16T17:17:27.818+0000] {logging_mixin.py:188} INFO - [2024-07-16T17:17:27.817+0000] {dagbag.py:545} INFO - Filling up the DagBag from /home/airflow/.local/lib/python3.12/site-packages/airflow/example_dags/example_skip_dag.py
[2024-07-16T17:17:27.826+0000] {processor.py:840} INFO - DAG(s) 'example_skip_dag' retrieved from /home/airflow/.local/lib/python3.12/site-packages/airflow/example_dags/example_skip_dag.py
[2024-07-16T17:17:27.839+0000] {logging_mixin.py:188} INFO - [2024-07-16T17:17:27.838+0000] {dag.py:3089} INFO - Sync 1 DAGs
[2024-07-16T17:17:27.861+0000] {logging_mixin.py:188} INFO - [2024-07-16T17:17:27.861+0000] {dag.py:3947} INFO - Setting next_dagrun for example_skip_dag to 2024-07-15 00:00:00+00:00, run_after=2024-07-16 00:00:00+00:00
[2024-07-16T17:17:27.881+0000] {processor.py:183} INFO - Processing /home/airflow/.local/lib/python3.12/site-packages/airflow/example_dags/example_skip_dag.py took 0.073 seconds
[2024-07-16T17:17:59.170+0000] {processor.py:161} INFO - Started process (PID=451) to work on /home/airflow/.local/lib/python3.12/site-packages/airflow/example_dags/example_skip_dag.py
[2024-07-16T17:17:59.172+0000] {processor.py:830} INFO - Processing file /home/airflow/.local/lib/python3.12/site-packages/airflow/example_dags/example_skip_dag.py for tasks to queue
[2024-07-16T17:17:59.174+0000] {logging_mixin.py:188} INFO - [2024-07-16T17:17:59.173+0000] {dagbag.py:545} INFO - Filling up the DagBag from /home/airflow/.local/lib/python3.12/site-packages/airflow/example_dags/example_skip_dag.py
[2024-07-16T17:17:59.180+0000] {processor.py:840} INFO - DAG(s) 'example_skip_dag' retrieved from /home/airflow/.local/lib/python3.12/site-packages/airflow/example_dags/example_skip_dag.py
[2024-07-16T17:17:59.281+0000] {logging_mixin.py:188} INFO - [2024-07-16T17:17:59.281+0000] {dag.py:3089} INFO - Sync 1 DAGs
[2024-07-16T17:17:59.297+0000] {logging_mixin.py:188} INFO - [2024-07-16T17:17:59.297+0000] {dag.py:3947} INFO - Setting next_dagrun for example_skip_dag to 2024-07-15 00:00:00+00:00, run_after=2024-07-16 00:00:00+00:00
[2024-07-16T17:17:59.344+0000] {processor.py:183} INFO - Processing /home/airflow/.local/lib/python3.12/site-packages/airflow/example_dags/example_skip_dag.py took 0.180 seconds
[2024-07-16T17:18:29.882+0000] {processor.py:161} INFO - Started process (PID=711) to work on /home/airflow/.local/lib/python3.12/site-packages/airflow/example_dags/example_skip_dag.py
[2024-07-16T17:18:29.885+0000] {processor.py:830} INFO - Processing file /home/airflow/.local/lib/python3.12/site-packages/airflow/example_dags/example_skip_dag.py for tasks to queue
[2024-07-16T17:18:29.886+0000] {logging_mixin.py:188} INFO - [2024-07-16T17:18:29.886+0000] {dagbag.py:545} INFO - Filling up the DagBag from /home/airflow/.local/lib/python3.12/site-packages/airflow/example_dags/example_skip_dag.py
[2024-07-16T17:18:29.892+0000] {processor.py:840} INFO - DAG(s) 'example_skip_dag' retrieved from /home/airflow/.local/lib/python3.12/site-packages/airflow/example_dags/example_skip_dag.py
[2024-07-16T17:18:29.911+0000] {logging_mixin.py:188} INFO - [2024-07-16T17:18:29.911+0000] {dag.py:3089} INFO - Sync 1 DAGs
[2024-07-16T17:18:29.929+0000] {logging_mixin.py:188} INFO - [2024-07-16T17:18:29.929+0000] {dag.py:3947} INFO - Setting next_dagrun for example_skip_dag to 2024-07-15 00:00:00+00:00, run_after=2024-07-16 00:00:00+00:00
[2024-07-16T17:18:29.950+0000] {processor.py:183} INFO - Processing /home/airflow/.local/lib/python3.12/site-packages/airflow/example_dags/example_skip_dag.py took 0.074 seconds
[2024-07-16T17:19:00.556+0000] {processor.py:161} INFO - Started process (PID=973) to work on /home/airflow/.local/lib/python3.12/site-packages/airflow/example_dags/example_skip_dag.py
[2024-07-16T17:19:00.558+0000] {processor.py:830} INFO - Processing file /home/airflow/.local/lib/python3.12/site-packages/airflow/example_dags/example_skip_dag.py for tasks to queue
[2024-07-16T17:19:00.559+0000] {logging_mixin.py:188} INFO - [2024-07-16T17:19:00.559+0000] {dagbag.py:545} INFO - Filling up the DagBag from /home/airflow/.local/lib/python3.12/site-packages/airflow/example_dags/example_skip_dag.py
[2024-07-16T17:19:00.566+0000] {processor.py:840} INFO - DAG(s) 'example_skip_dag' retrieved from /home/airflow/.local/lib/python3.12/site-packages/airflow/example_dags/example_skip_dag.py
[2024-07-16T17:19:00.587+0000] {logging_mixin.py:188} INFO - [2024-07-16T17:19:00.587+0000] {dag.py:3089} INFO - Sync 1 DAGs
[2024-07-16T17:19:00.610+0000] {logging_mixin.py:188} INFO - [2024-07-16T17:19:00.610+0000] {dag.py:3947} INFO - Setting next_dagrun for example_skip_dag to 2024-07-15 00:00:00+00:00, run_after=2024-07-16 00:00:00+00:00
[2024-07-16T17:19:00.630+0000] {processor.py:183} INFO - Processing /home/airflow/.local/lib/python3.12/site-packages/airflow/example_dags/example_skip_dag.py took 0.085 seconds
[2024-07-16T17:19:30.927+0000] {processor.py:161} INFO - Started process (PID=1235) to work on /home/airflow/.local/lib/python3.12/site-packages/airflow/example_dags/example_skip_dag.py
[2024-07-16T17:19:30.929+0000] {processor.py:830} INFO - Processing file /home/airflow/.local/lib/python3.12/site-packages/airflow/example_dags/example_skip_dag.py for tasks to queue
[2024-07-16T17:19:30.930+0000] {logging_mixin.py:188} INFO - [2024-07-16T17:19:30.930+0000] {dagbag.py:545} INFO - Filling up the DagBag from /home/airflow/.local/lib/python3.12/site-packages/airflow/example_dags/example_skip_dag.py
[2024-07-16T17:19:30.936+0000] {processor.py:840} INFO - DAG(s) 'example_skip_dag' retrieved from /home/airflow/.local/lib/python3.12/site-packages/airflow/example_dags/example_skip_dag.py
[2024-07-16T17:19:30.957+0000] {logging_mixin.py:188} INFO - [2024-07-16T17:19:30.957+0000] {dag.py:3089} INFO - Sync 1 DAGs
[2024-07-16T17:19:30.980+0000] {logging_mixin.py:188} INFO - [2024-07-16T17:19:30.979+0000] {dag.py:3947} INFO - Setting next_dagrun for example_skip_dag to 2024-07-15 00:00:00+00:00, run_after=2024-07-16 00:00:00+00:00
[2024-07-16T17:19:31.007+0000] {processor.py:183} INFO - Processing /home/airflow/.local/lib/python3.12/site-packages/airflow/example_dags/example_skip_dag.py took 0.087 seconds
[2024-07-16T17:20:01.635+0000] {processor.py:161} INFO - Started process (PID=1497) to work on /home/airflow/.local/lib/python3.12/site-packages/airflow/example_dags/example_skip_dag.py
[2024-07-16T17:20:01.637+0000] {processor.py:830} INFO - Processing file /home/airflow/.local/lib/python3.12/site-packages/airflow/example_dags/example_skip_dag.py for tasks to queue
[2024-07-16T17:20:01.639+0000] {logging_mixin.py:188} INFO - [2024-07-16T17:20:01.638+0000] {dagbag.py:545} INFO - Filling up the DagBag from /home/airflow/.local/lib/python3.12/site-packages/airflow/example_dags/example_skip_dag.py
[2024-07-16T17:20:01.644+0000] {processor.py:840} INFO - DAG(s) 'example_skip_dag' retrieved from /home/airflow/.local/lib/python3.12/site-packages/airflow/example_dags/example_skip_dag.py
[2024-07-16T17:20:01.664+0000] {logging_mixin.py:188} INFO - [2024-07-16T17:20:01.663+0000] {dag.py:3089} INFO - Sync 1 DAGs
[2024-07-16T17:20:01.682+0000] {logging_mixin.py:188} INFO - [2024-07-16T17:20:01.682+0000] {dag.py:3947} INFO - Setting next_dagrun for example_skip_dag to 2024-07-15 00:00:00+00:00, run_after=2024-07-16 00:00:00+00:00
[2024-07-16T17:20:01.700+0000] {processor.py:183} INFO - Processing /home/airflow/.local/lib/python3.12/site-packages/airflow/example_dags/example_skip_dag.py took 0.070 seconds
[2024-07-16T17:20:32.218+0000] {processor.py:161} INFO - Started process (PID=1760) to work on /home/airflow/.local/lib/python3.12/site-packages/airflow/example_dags/example_skip_dag.py
[2024-07-16T17:20:32.219+0000] {processor.py:830} INFO - Processing file /home/airflow/.local/lib/python3.12/site-packages/airflow/example_dags/example_skip_dag.py for tasks to queue
[2024-07-16T17:20:32.221+0000] {logging_mixin.py:188} INFO - [2024-07-16T17:20:32.221+0000] {dagbag.py:545} INFO - Filling up the DagBag from /home/airflow/.local/lib/python3.12/site-packages/airflow/example_dags/example_skip_dag.py
[2024-07-16T17:20:32.227+0000] {processor.py:840} INFO - DAG(s) 'example_skip_dag' retrieved from /home/airflow/.local/lib/python3.12/site-packages/airflow/example_dags/example_skip_dag.py
[2024-07-16T17:20:32.247+0000] {logging_mixin.py:188} INFO - [2024-07-16T17:20:32.247+0000] {dag.py:3089} INFO - Sync 1 DAGs
[2024-07-16T17:20:32.268+0000] {logging_mixin.py:188} INFO - [2024-07-16T17:20:32.267+0000] {dag.py:3947} INFO - Setting next_dagrun for example_skip_dag to 2024-07-15 00:00:00+00:00, run_after=2024-07-16 00:00:00+00:00
[2024-07-16T17:20:32.288+0000] {processor.py:183} INFO - Processing /home/airflow/.local/lib/python3.12/site-packages/airflow/example_dags/example_skip_dag.py took 0.075 seconds
[2024-07-16T17:21:02.850+0000] {processor.py:161} INFO - Started process (PID=2022) to work on /home/airflow/.local/lib/python3.12/site-packages/airflow/example_dags/example_skip_dag.py
[2024-07-16T17:21:02.851+0000] {processor.py:830} INFO - Processing file /home/airflow/.local/lib/python3.12/site-packages/airflow/example_dags/example_skip_dag.py for tasks to queue
[2024-07-16T17:21:02.854+0000] {logging_mixin.py:188} INFO - [2024-07-16T17:21:02.853+0000] {dagbag.py:545} INFO - Filling up the DagBag from /home/airflow/.local/lib/python3.12/site-packages/airflow/example_dags/example_skip_dag.py
[2024-07-16T17:21:02.859+0000] {processor.py:840} INFO - DAG(s) 'example_skip_dag' retrieved from /home/airflow/.local/lib/python3.12/site-packages/airflow/example_dags/example_skip_dag.py
[2024-07-16T17:21:02.878+0000] {logging_mixin.py:188} INFO - [2024-07-16T17:21:02.878+0000] {dag.py:3089} INFO - Sync 1 DAGs
[2024-07-16T17:21:02.896+0000] {logging_mixin.py:188} INFO - [2024-07-16T17:21:02.896+0000] {dag.py:3947} INFO - Setting next_dagrun for example_skip_dag to 2024-07-15 00:00:00+00:00, run_after=2024-07-16 00:00:00+00:00
[2024-07-16T17:21:02.914+0000] {processor.py:183} INFO - Processing /home/airflow/.local/lib/python3.12/site-packages/airflow/example_dags/example_skip_dag.py took 0.069 seconds
[2024-07-16T17:21:33.377+0000] {processor.py:161} INFO - Started process (PID=2283) to work on /home/airflow/.local/lib/python3.12/site-packages/airflow/example_dags/example_skip_dag.py
[2024-07-16T17:21:33.379+0000] {processor.py:830} INFO - Processing file /home/airflow/.local/lib/python3.12/site-packages/airflow/example_dags/example_skip_dag.py for tasks to queue
[2024-07-16T17:21:33.381+0000] {logging_mixin.py:188} INFO - [2024-07-16T17:21:33.381+0000] {dagbag.py:545} INFO - Filling up the DagBag from /home/airflow/.local/lib/python3.12/site-packages/airflow/example_dags/example_skip_dag.py
[2024-07-16T17:21:33.388+0000] {processor.py:840} INFO - DAG(s) 'example_skip_dag' retrieved from /home/airflow/.local/lib/python3.12/site-packages/airflow/example_dags/example_skip_dag.py
[2024-07-16T17:21:33.411+0000] {logging_mixin.py:188} INFO - [2024-07-16T17:21:33.410+0000] {dag.py:3089} INFO - Sync 1 DAGs
[2024-07-16T17:21:33.432+0000] {logging_mixin.py:188} INFO - [2024-07-16T17:21:33.431+0000] {dag.py:3947} INFO - Setting next_dagrun for example_skip_dag to 2024-07-15 00:00:00+00:00, run_after=2024-07-16 00:00:00+00:00
[2024-07-16T17:21:33.451+0000] {processor.py:183} INFO - Processing /home/airflow/.local/lib/python3.12/site-packages/airflow/example_dags/example_skip_dag.py took 0.081 seconds
[2024-07-16T17:22:03.911+0000] {processor.py:161} INFO - Started process (PID=2545) to work on /home/airflow/.local/lib/python3.12/site-packages/airflow/example_dags/example_skip_dag.py
[2024-07-16T17:22:03.913+0000] {processor.py:830} INFO - Processing file /home/airflow/.local/lib/python3.12/site-packages/airflow/example_dags/example_skip_dag.py for tasks to queue
[2024-07-16T17:22:03.915+0000] {logging_mixin.py:188} INFO - [2024-07-16T17:22:03.915+0000] {dagbag.py:545} INFO - Filling up the DagBag from /home/airflow/.local/lib/python3.12/site-packages/airflow/example_dags/example_skip_dag.py
[2024-07-16T17:22:03.920+0000] {processor.py:840} INFO - DAG(s) 'example_skip_dag' retrieved from /home/airflow/.local/lib/python3.12/site-packages/airflow/example_dags/example_skip_dag.py
[2024-07-16T17:22:03.941+0000] {logging_mixin.py:188} INFO - [2024-07-16T17:22:03.939+0000] {dag.py:3089} INFO - Sync 1 DAGs
[2024-07-16T17:22:03.962+0000] {logging_mixin.py:188} INFO - [2024-07-16T17:22:03.961+0000] {dag.py:3947} INFO - Setting next_dagrun for example_skip_dag to 2024-07-15 00:00:00+00:00, run_after=2024-07-16 00:00:00+00:00
[2024-07-16T17:22:03.979+0000] {processor.py:183} INFO - Processing /home/airflow/.local/lib/python3.12/site-packages/airflow/example_dags/example_skip_dag.py took 0.073 seconds
[2024-07-16T17:22:34.482+0000] {processor.py:161} INFO - Started process (PID=2807) to work on /home/airflow/.local/lib/python3.12/site-packages/airflow/example_dags/example_skip_dag.py
[2024-07-16T17:22:34.484+0000] {processor.py:830} INFO - Processing file /home/airflow/.local/lib/python3.12/site-packages/airflow/example_dags/example_skip_dag.py for tasks to queue
[2024-07-16T17:22:34.486+0000] {logging_mixin.py:188} INFO - [2024-07-16T17:22:34.485+0000] {dagbag.py:545} INFO - Filling up the DagBag from /home/airflow/.local/lib/python3.12/site-packages/airflow/example_dags/example_skip_dag.py
[2024-07-16T17:22:34.492+0000] {processor.py:840} INFO - DAG(s) 'example_skip_dag' retrieved from /home/airflow/.local/lib/python3.12/site-packages/airflow/example_dags/example_skip_dag.py
[2024-07-16T17:22:34.514+0000] {logging_mixin.py:188} INFO - [2024-07-16T17:22:34.513+0000] {dag.py:3089} INFO - Sync 1 DAGs
[2024-07-16T17:22:34.534+0000] {logging_mixin.py:188} INFO - [2024-07-16T17:22:34.534+0000] {dag.py:3947} INFO - Setting next_dagrun for example_skip_dag to 2024-07-15 00:00:00+00:00, run_after=2024-07-16 00:00:00+00:00
[2024-07-16T17:22:34.555+0000] {processor.py:183} INFO - Processing /home/airflow/.local/lib/python3.12/site-packages/airflow/example_dags/example_skip_dag.py took 0.079 seconds
[2024-07-16T17:23:05.116+0000] {processor.py:161} INFO - Started process (PID=3069) to work on /home/airflow/.local/lib/python3.12/site-packages/airflow/example_dags/example_skip_dag.py
[2024-07-16T17:23:05.118+0000] {processor.py:830} INFO - Processing file /home/airflow/.local/lib/python3.12/site-packages/airflow/example_dags/example_skip_dag.py for tasks to queue
[2024-07-16T17:23:05.119+0000] {logging_mixin.py:188} INFO - [2024-07-16T17:23:05.119+0000] {dagbag.py:545} INFO - Filling up the DagBag from /home/airflow/.local/lib/python3.12/site-packages/airflow/example_dags/example_skip_dag.py
[2024-07-16T17:23:05.125+0000] {processor.py:840} INFO - DAG(s) 'example_skip_dag' retrieved from /home/airflow/.local/lib/python3.12/site-packages/airflow/example_dags/example_skip_dag.py
[2024-07-16T17:23:05.143+0000] {logging_mixin.py:188} INFO - [2024-07-16T17:23:05.143+0000] {dag.py:3089} INFO - Sync 1 DAGs
[2024-07-16T17:23:05.171+0000] {logging_mixin.py:188} INFO - [2024-07-16T17:23:05.171+0000] {dag.py:3947} INFO - Setting next_dagrun for example_skip_dag to 2024-07-15 00:00:00+00:00, run_after=2024-07-16 00:00:00+00:00
[2024-07-16T17:23:05.195+0000] {processor.py:183} INFO - Processing /home/airflow/.local/lib/python3.12/site-packages/airflow/example_dags/example_skip_dag.py took 0.085 seconds
[2024-07-16T17:23:35.315+0000] {processor.py:161} INFO - Started process (PID=3333) to work on /home/airflow/.local/lib/python3.12/site-packages/airflow/example_dags/example_skip_dag.py
[2024-07-16T17:23:35.317+0000] {processor.py:830} INFO - Processing file /home/airflow/.local/lib/python3.12/site-packages/airflow/example_dags/example_skip_dag.py for tasks to queue
[2024-07-16T17:23:35.319+0000] {logging_mixin.py:188} INFO - [2024-07-16T17:23:35.318+0000] {dagbag.py:545} INFO - Filling up the DagBag from /home/airflow/.local/lib/python3.12/site-packages/airflow/example_dags/example_skip_dag.py
[2024-07-16T17:23:35.324+0000] {processor.py:840} INFO - DAG(s) 'example_skip_dag' retrieved from /home/airflow/.local/lib/python3.12/site-packages/airflow/example_dags/example_skip_dag.py
[2024-07-16T17:23:35.342+0000] {logging_mixin.py:188} INFO - [2024-07-16T17:23:35.342+0000] {dag.py:3089} INFO - Sync 1 DAGs
[2024-07-16T17:23:35.360+0000] {logging_mixin.py:188} INFO - [2024-07-16T17:23:35.360+0000] {dag.py:3947} INFO - Setting next_dagrun for example_skip_dag to 2024-07-15 00:00:00+00:00, run_after=2024-07-16 00:00:00+00:00
[2024-07-16T17:23:35.378+0000] {processor.py:183} INFO - Processing /home/airflow/.local/lib/python3.12/site-packages/airflow/example_dags/example_skip_dag.py took 0.068 seconds
[2024-07-16T17:24:05.732+0000] {processor.py:161} INFO - Started process (PID=3593) to work on /home/airflow/.local/lib/python3.12/site-packages/airflow/example_dags/example_skip_dag.py
[2024-07-16T17:24:05.734+0000] {processor.py:830} INFO - Processing file /home/airflow/.local/lib/python3.12/site-packages/airflow/example_dags/example_skip_dag.py for tasks to queue
[2024-07-16T17:24:05.735+0000] {logging_mixin.py:188} INFO - [2024-07-16T17:24:05.735+0000] {dagbag.py:545} INFO - Filling up the DagBag from /home/airflow/.local/lib/python3.12/site-packages/airflow/example_dags/example_skip_dag.py
[2024-07-16T17:24:05.740+0000] {processor.py:840} INFO - DAG(s) 'example_skip_dag' retrieved from /home/airflow/.local/lib/python3.12/site-packages/airflow/example_dags/example_skip_dag.py
[2024-07-16T17:24:05.760+0000] {logging_mixin.py:188} INFO - [2024-07-16T17:24:05.760+0000] {dag.py:3089} INFO - Sync 1 DAGs
[2024-07-16T17:24:05.781+0000] {logging_mixin.py:188} INFO - [2024-07-16T17:24:05.781+0000] {dag.py:3947} INFO - Setting next_dagrun for example_skip_dag to 2024-07-15 00:00:00+00:00, run_after=2024-07-16 00:00:00+00:00
[2024-07-16T17:24:05.800+0000] {processor.py:183} INFO - Processing /home/airflow/.local/lib/python3.12/site-packages/airflow/example_dags/example_skip_dag.py took 0.073 seconds
[2024-07-16T17:24:35.898+0000] {processor.py:161} INFO - Started process (PID=3854) to work on /home/airflow/.local/lib/python3.12/site-packages/airflow/example_dags/example_skip_dag.py
[2024-07-16T17:24:35.900+0000] {processor.py:830} INFO - Processing file /home/airflow/.local/lib/python3.12/site-packages/airflow/example_dags/example_skip_dag.py for tasks to queue
[2024-07-16T17:24:35.902+0000] {logging_mixin.py:188} INFO - [2024-07-16T17:24:35.902+0000] {dagbag.py:545} INFO - Filling up the DagBag from /home/airflow/.local/lib/python3.12/site-packages/airflow/example_dags/example_skip_dag.py
[2024-07-16T17:24:35.907+0000] {processor.py:840} INFO - DAG(s) 'example_skip_dag' retrieved from /home/airflow/.local/lib/python3.12/site-packages/airflow/example_dags/example_skip_dag.py
[2024-07-16T17:24:35.926+0000] {logging_mixin.py:188} INFO - [2024-07-16T17:24:35.925+0000] {dag.py:3089} INFO - Sync 1 DAGs
[2024-07-16T17:24:35.952+0000] {logging_mixin.py:188} INFO - [2024-07-16T17:24:35.951+0000] {dag.py:3947} INFO - Setting next_dagrun for example_skip_dag to 2024-07-15 00:00:00+00:00, run_after=2024-07-16 00:00:00+00:00
[2024-07-16T17:24:35.982+0000] {processor.py:183} INFO - Processing /home/airflow/.local/lib/python3.12/site-packages/airflow/example_dags/example_skip_dag.py took 0.091 seconds
[2024-07-16T17:25:06.272+0000] {processor.py:161} INFO - Started process (PID=4116) to work on /home/airflow/.local/lib/python3.12/site-packages/airflow/example_dags/example_skip_dag.py
[2024-07-16T17:25:06.278+0000] {processor.py:830} INFO - Processing file /home/airflow/.local/lib/python3.12/site-packages/airflow/example_dags/example_skip_dag.py for tasks to queue
[2024-07-16T17:25:06.280+0000] {logging_mixin.py:188} INFO - [2024-07-16T17:25:06.279+0000] {dagbag.py:545} INFO - Filling up the DagBag from /home/airflow/.local/lib/python3.12/site-packages/airflow/example_dags/example_skip_dag.py
[2024-07-16T17:25:06.287+0000] {processor.py:840} INFO - DAG(s) 'example_skip_dag' retrieved from /home/airflow/.local/lib/python3.12/site-packages/airflow/example_dags/example_skip_dag.py
[2024-07-16T17:25:06.304+0000] {logging_mixin.py:188} INFO - [2024-07-16T17:25:06.304+0000] {dag.py:3089} INFO - Sync 1 DAGs
[2024-07-16T17:25:06.323+0000] {logging_mixin.py:188} INFO - [2024-07-16T17:25:06.323+0000] {dag.py:3947} INFO - Setting next_dagrun for example_skip_dag to 2024-07-15 00:00:00+00:00, run_after=2024-07-16 00:00:00+00:00
[2024-07-16T17:25:06.342+0000] {processor.py:183} INFO - Processing /home/airflow/.local/lib/python3.12/site-packages/airflow/example_dags/example_skip_dag.py took 0.077 seconds
[2024-07-16T17:25:37.070+0000] {processor.py:161} INFO - Started process (PID=4378) to work on /home/airflow/.local/lib/python3.12/site-packages/airflow/example_dags/example_skip_dag.py
[2024-07-16T17:25:37.072+0000] {processor.py:830} INFO - Processing file /home/airflow/.local/lib/python3.12/site-packages/airflow/example_dags/example_skip_dag.py for tasks to queue
[2024-07-16T17:25:37.073+0000] {logging_mixin.py:188} INFO - [2024-07-16T17:25:37.073+0000] {dagbag.py:545} INFO - Filling up the DagBag from /home/airflow/.local/lib/python3.12/site-packages/airflow/example_dags/example_skip_dag.py
[2024-07-16T17:25:37.078+0000] {processor.py:840} INFO - DAG(s) 'example_skip_dag' retrieved from /home/airflow/.local/lib/python3.12/site-packages/airflow/example_dags/example_skip_dag.py
[2024-07-16T17:25:37.098+0000] {logging_mixin.py:188} INFO - [2024-07-16T17:25:37.097+0000] {dag.py:3089} INFO - Sync 1 DAGs
[2024-07-16T17:25:37.118+0000] {logging_mixin.py:188} INFO - [2024-07-16T17:25:37.117+0000] {dag.py:3947} INFO - Setting next_dagrun for example_skip_dag to 2024-07-15 00:00:00+00:00, run_after=2024-07-16 00:00:00+00:00
[2024-07-16T17:25:37.138+0000] {processor.py:183} INFO - Processing /home/airflow/.local/lib/python3.12/site-packages/airflow/example_dags/example_skip_dag.py took 0.074 seconds
[2024-07-16T17:26:07.425+0000] {processor.py:161} INFO - Started process (PID=4640) to work on /home/airflow/.local/lib/python3.12/site-packages/airflow/example_dags/example_skip_dag.py
[2024-07-16T17:26:07.427+0000] {processor.py:830} INFO - Processing file /home/airflow/.local/lib/python3.12/site-packages/airflow/example_dags/example_skip_dag.py for tasks to queue
[2024-07-16T17:26:07.429+0000] {logging_mixin.py:188} INFO - [2024-07-16T17:26:07.428+0000] {dagbag.py:545} INFO - Filling up the DagBag from /home/airflow/.local/lib/python3.12/site-packages/airflow/example_dags/example_skip_dag.py
[2024-07-16T17:26:07.434+0000] {processor.py:840} INFO - DAG(s) 'example_skip_dag' retrieved from /home/airflow/.local/lib/python3.12/site-packages/airflow/example_dags/example_skip_dag.py
[2024-07-16T17:26:07.452+0000] {logging_mixin.py:188} INFO - [2024-07-16T17:26:07.451+0000] {dag.py:3089} INFO - Sync 1 DAGs
[2024-07-16T17:26:07.469+0000] {logging_mixin.py:188} INFO - [2024-07-16T17:26:07.469+0000] {dag.py:3947} INFO - Setting next_dagrun for example_skip_dag to 2024-07-15 00:00:00+00:00, run_after=2024-07-16 00:00:00+00:00
[2024-07-16T17:26:07.489+0000] {processor.py:183} INFO - Processing /home/airflow/.local/lib/python3.12/site-packages/airflow/example_dags/example_skip_dag.py took 0.069 seconds
[2024-07-16T17:26:38.095+0000] {processor.py:161} INFO - Started process (PID=4902) to work on /home/airflow/.local/lib/python3.12/site-packages/airflow/example_dags/example_skip_dag.py
[2024-07-16T17:26:38.097+0000] {processor.py:830} INFO - Processing file /home/airflow/.local/lib/python3.12/site-packages/airflow/example_dags/example_skip_dag.py for tasks to queue
[2024-07-16T17:26:38.098+0000] {logging_mixin.py:188} INFO - [2024-07-16T17:26:38.098+0000] {dagbag.py:545} INFO - Filling up the DagBag from /home/airflow/.local/lib/python3.12/site-packages/airflow/example_dags/example_skip_dag.py
[2024-07-16T17:26:38.105+0000] {processor.py:840} INFO - DAG(s) 'example_skip_dag' retrieved from /home/airflow/.local/lib/python3.12/site-packages/airflow/example_dags/example_skip_dag.py
[2024-07-16T17:26:38.126+0000] {logging_mixin.py:188} INFO - [2024-07-16T17:26:38.126+0000] {dag.py:3089} INFO - Sync 1 DAGs
[2024-07-16T17:26:38.145+0000] {logging_mixin.py:188} INFO - [2024-07-16T17:26:38.144+0000] {dag.py:3947} INFO - Setting next_dagrun for example_skip_dag to 2024-07-15 00:00:00+00:00, run_after=2024-07-16 00:00:00+00:00
[2024-07-16T17:26:38.165+0000] {processor.py:183} INFO - Processing /home/airflow/.local/lib/python3.12/site-packages/airflow/example_dags/example_skip_dag.py took 0.076 seconds
[2024-07-16T17:27:08.337+0000] {processor.py:161} INFO - Started process (PID=5164) to work on /home/airflow/.local/lib/python3.12/site-packages/airflow/example_dags/example_skip_dag.py
[2024-07-16T17:27:08.339+0000] {processor.py:830} INFO - Processing file /home/airflow/.local/lib/python3.12/site-packages/airflow/example_dags/example_skip_dag.py for tasks to queue
[2024-07-16T17:27:08.341+0000] {logging_mixin.py:188} INFO - [2024-07-16T17:27:08.341+0000] {dagbag.py:545} INFO - Filling up the DagBag from /home/airflow/.local/lib/python3.12/site-packages/airflow/example_dags/example_skip_dag.py
[2024-07-16T17:27:08.348+0000] {processor.py:840} INFO - DAG(s) 'example_skip_dag' retrieved from /home/airflow/.local/lib/python3.12/site-packages/airflow/example_dags/example_skip_dag.py
[2024-07-16T17:27:08.366+0000] {logging_mixin.py:188} INFO - [2024-07-16T17:27:08.366+0000] {dag.py:3089} INFO - Sync 1 DAGs
[2024-07-16T17:27:08.385+0000] {logging_mixin.py:188} INFO - [2024-07-16T17:27:08.384+0000] {dag.py:3947} INFO - Setting next_dagrun for example_skip_dag to 2024-07-15 00:00:00+00:00, run_after=2024-07-16 00:00:00+00:00
[2024-07-16T17:27:08.405+0000] {processor.py:183} INFO - Processing /home/airflow/.local/lib/python3.12/site-packages/airflow/example_dags/example_skip_dag.py took 0.073 seconds
[2024-07-16T17:27:39.153+0000] {processor.py:161} INFO - Started process (PID=5426) to work on /home/airflow/.local/lib/python3.12/site-packages/airflow/example_dags/example_skip_dag.py
[2024-07-16T17:27:39.155+0000] {processor.py:830} INFO - Processing file /home/airflow/.local/lib/python3.12/site-packages/airflow/example_dags/example_skip_dag.py for tasks to queue
[2024-07-16T17:27:39.156+0000] {logging_mixin.py:188} INFO - [2024-07-16T17:27:39.156+0000] {dagbag.py:545} INFO - Filling up the DagBag from /home/airflow/.local/lib/python3.12/site-packages/airflow/example_dags/example_skip_dag.py
[2024-07-16T17:27:39.161+0000] {processor.py:840} INFO - DAG(s) 'example_skip_dag' retrieved from /home/airflow/.local/lib/python3.12/site-packages/airflow/example_dags/example_skip_dag.py
[2024-07-16T17:27:39.179+0000] {logging_mixin.py:188} INFO - [2024-07-16T17:27:39.178+0000] {dag.py:3089} INFO - Sync 1 DAGs
[2024-07-16T17:27:39.197+0000] {logging_mixin.py:188} INFO - [2024-07-16T17:27:39.197+0000] {dag.py:3947} INFO - Setting next_dagrun for example_skip_dag to 2024-07-15 00:00:00+00:00, run_after=2024-07-16 00:00:00+00:00
[2024-07-16T17:27:39.214+0000] {processor.py:183} INFO - Processing /home/airflow/.local/lib/python3.12/site-packages/airflow/example_dags/example_skip_dag.py took 0.067 seconds
[2024-07-16T17:28:09.621+0000] {processor.py:161} INFO - Started process (PID=5696) to work on /home/airflow/.local/lib/python3.12/site-packages/airflow/example_dags/example_skip_dag.py
[2024-07-16T17:28:09.623+0000] {processor.py:830} INFO - Processing file /home/airflow/.local/lib/python3.12/site-packages/airflow/example_dags/example_skip_dag.py for tasks to queue
[2024-07-16T17:28:09.625+0000] {logging_mixin.py:188} INFO - [2024-07-16T17:28:09.625+0000] {dagbag.py:545} INFO - Filling up the DagBag from /home/airflow/.local/lib/python3.12/site-packages/airflow/example_dags/example_skip_dag.py
[2024-07-16T17:28:09.632+0000] {processor.py:840} INFO - DAG(s) 'example_skip_dag' retrieved from /home/airflow/.local/lib/python3.12/site-packages/airflow/example_dags/example_skip_dag.py
[2024-07-16T17:28:09.653+0000] {logging_mixin.py:188} INFO - [2024-07-16T17:28:09.653+0000] {dag.py:3089} INFO - Sync 1 DAGs
[2024-07-16T17:28:09.676+0000] {logging_mixin.py:188} INFO - [2024-07-16T17:28:09.676+0000] {dag.py:3947} INFO - Setting next_dagrun for example_skip_dag to 2024-07-15 00:00:00+00:00, run_after=2024-07-16 00:00:00+00:00
[2024-07-16T17:28:09.700+0000] {processor.py:183} INFO - Processing /home/airflow/.local/lib/python3.12/site-packages/airflow/example_dags/example_skip_dag.py took 0.085 seconds
[2024-07-16T17:28:39.916+0000] {processor.py:161} INFO - Started process (PID=5958) to work on /home/airflow/.local/lib/python3.12/site-packages/airflow/example_dags/example_skip_dag.py
[2024-07-16T17:28:39.918+0000] {processor.py:830} INFO - Processing file /home/airflow/.local/lib/python3.12/site-packages/airflow/example_dags/example_skip_dag.py for tasks to queue
[2024-07-16T17:28:39.920+0000] {logging_mixin.py:188} INFO - [2024-07-16T17:28:39.919+0000] {dagbag.py:545} INFO - Filling up the DagBag from /home/airflow/.local/lib/python3.12/site-packages/airflow/example_dags/example_skip_dag.py
[2024-07-16T17:28:39.925+0000] {processor.py:840} INFO - DAG(s) 'example_skip_dag' retrieved from /home/airflow/.local/lib/python3.12/site-packages/airflow/example_dags/example_skip_dag.py
[2024-07-16T17:28:39.946+0000] {logging_mixin.py:188} INFO - [2024-07-16T17:28:39.946+0000] {dag.py:3089} INFO - Sync 1 DAGs
[2024-07-16T17:28:39.968+0000] {logging_mixin.py:188} INFO - [2024-07-16T17:28:39.968+0000] {dag.py:3947} INFO - Setting next_dagrun for example_skip_dag to 2024-07-15 00:00:00+00:00, run_after=2024-07-16 00:00:00+00:00
[2024-07-16T17:28:39.988+0000] {processor.py:183} INFO - Processing /home/airflow/.local/lib/python3.12/site-packages/airflow/example_dags/example_skip_dag.py took 0.077 seconds
[2024-07-16T17:29:10.238+0000] {processor.py:161} INFO - Started process (PID=6220) to work on /home/airflow/.local/lib/python3.12/site-packages/airflow/example_dags/example_skip_dag.py
[2024-07-16T17:29:10.240+0000] {processor.py:830} INFO - Processing file /home/airflow/.local/lib/python3.12/site-packages/airflow/example_dags/example_skip_dag.py for tasks to queue
[2024-07-16T17:29:10.242+0000] {logging_mixin.py:188} INFO - [2024-07-16T17:29:10.241+0000] {dagbag.py:545} INFO - Filling up the DagBag from /home/airflow/.local/lib/python3.12/site-packages/airflow/example_dags/example_skip_dag.py
[2024-07-16T17:29:10.247+0000] {processor.py:840} INFO - DAG(s) 'example_skip_dag' retrieved from /home/airflow/.local/lib/python3.12/site-packages/airflow/example_dags/example_skip_dag.py
[2024-07-16T17:29:10.265+0000] {logging_mixin.py:188} INFO - [2024-07-16T17:29:10.265+0000] {dag.py:3089} INFO - Sync 1 DAGs
[2024-07-16T17:29:10.284+0000] {logging_mixin.py:188} INFO - [2024-07-16T17:29:10.284+0000] {dag.py:3947} INFO - Setting next_dagrun for example_skip_dag to 2024-07-15 00:00:00+00:00, run_after=2024-07-16 00:00:00+00:00
[2024-07-16T17:29:10.302+0000] {processor.py:183} INFO - Processing /home/airflow/.local/lib/python3.12/site-packages/airflow/example_dags/example_skip_dag.py took 0.069 seconds
[2024-07-16T17:29:40.822+0000] {processor.py:161} INFO - Started process (PID=6482) to work on /home/airflow/.local/lib/python3.12/site-packages/airflow/example_dags/example_skip_dag.py
[2024-07-16T17:29:40.824+0000] {processor.py:830} INFO - Processing file /home/airflow/.local/lib/python3.12/site-packages/airflow/example_dags/example_skip_dag.py for tasks to queue
[2024-07-16T17:29:40.826+0000] {logging_mixin.py:188} INFO - [2024-07-16T17:29:40.825+0000] {dagbag.py:545} INFO - Filling up the DagBag from /home/airflow/.local/lib/python3.12/site-packages/airflow/example_dags/example_skip_dag.py
[2024-07-16T17:29:40.832+0000] {processor.py:840} INFO - DAG(s) 'example_skip_dag' retrieved from /home/airflow/.local/lib/python3.12/site-packages/airflow/example_dags/example_skip_dag.py
[2024-07-16T17:29:40.854+0000] {logging_mixin.py:188} INFO - [2024-07-16T17:29:40.853+0000] {dag.py:3089} INFO - Sync 1 DAGs
[2024-07-16T17:29:40.874+0000] {logging_mixin.py:188} INFO - [2024-07-16T17:29:40.874+0000] {dag.py:3947} INFO - Setting next_dagrun for example_skip_dag to 2024-07-15 00:00:00+00:00, run_after=2024-07-16 00:00:00+00:00
[2024-07-16T17:29:40.896+0000] {processor.py:183} INFO - Processing /home/airflow/.local/lib/python3.12/site-packages/airflow/example_dags/example_skip_dag.py took 0.080 seconds
[2024-07-16T17:30:11.041+0000] {processor.py:161} INFO - Started process (PID=6747) to work on /home/airflow/.local/lib/python3.12/site-packages/airflow/example_dags/example_skip_dag.py
[2024-07-16T17:30:11.043+0000] {processor.py:830} INFO - Processing file /home/airflow/.local/lib/python3.12/site-packages/airflow/example_dags/example_skip_dag.py for tasks to queue
[2024-07-16T17:30:11.044+0000] {logging_mixin.py:188} INFO - [2024-07-16T17:30:11.044+0000] {dagbag.py:545} INFO - Filling up the DagBag from /home/airflow/.local/lib/python3.12/site-packages/airflow/example_dags/example_skip_dag.py
[2024-07-16T17:30:11.049+0000] {processor.py:840} INFO - DAG(s) 'example_skip_dag' retrieved from /home/airflow/.local/lib/python3.12/site-packages/airflow/example_dags/example_skip_dag.py
[2024-07-16T17:30:11.068+0000] {logging_mixin.py:188} INFO - [2024-07-16T17:30:11.068+0000] {dag.py:3089} INFO - Sync 1 DAGs
[2024-07-16T17:30:11.087+0000] {logging_mixin.py:188} INFO - [2024-07-16T17:30:11.087+0000] {dag.py:3947} INFO - Setting next_dagrun for example_skip_dag to 2024-07-15 00:00:00+00:00, run_after=2024-07-16 00:00:00+00:00
[2024-07-16T17:30:11.106+0000] {processor.py:183} INFO - Processing /home/airflow/.local/lib/python3.12/site-packages/airflow/example_dags/example_skip_dag.py took 0.070 seconds
[2024-07-16T17:30:41.517+0000] {processor.py:161} INFO - Started process (PID=7007) to work on /home/airflow/.local/lib/python3.12/site-packages/airflow/example_dags/example_skip_dag.py
[2024-07-16T17:30:41.519+0000] {processor.py:830} INFO - Processing file /home/airflow/.local/lib/python3.12/site-packages/airflow/example_dags/example_skip_dag.py for tasks to queue
[2024-07-16T17:30:41.522+0000] {logging_mixin.py:188} INFO - [2024-07-16T17:30:41.521+0000] {dagbag.py:545} INFO - Filling up the DagBag from /home/airflow/.local/lib/python3.12/site-packages/airflow/example_dags/example_skip_dag.py
[2024-07-16T17:30:41.530+0000] {processor.py:840} INFO - DAG(s) 'example_skip_dag' retrieved from /home/airflow/.local/lib/python3.12/site-packages/airflow/example_dags/example_skip_dag.py
[2024-07-16T17:30:41.563+0000] {logging_mixin.py:188} INFO - [2024-07-16T17:30:41.563+0000] {dag.py:3089} INFO - Sync 1 DAGs
[2024-07-16T17:30:41.597+0000] {logging_mixin.py:188} INFO - [2024-07-16T17:30:41.597+0000] {dag.py:3947} INFO - Setting next_dagrun for example_skip_dag to 2024-07-15 00:00:00+00:00, run_after=2024-07-16 00:00:00+00:00
[2024-07-16T17:30:41.630+0000] {processor.py:183} INFO - Processing /home/airflow/.local/lib/python3.12/site-packages/airflow/example_dags/example_skip_dag.py took 0.122 seconds
[2024-07-16T17:31:11.692+0000] {processor.py:161} INFO - Started process (PID=7269) to work on /home/airflow/.local/lib/python3.12/site-packages/airflow/example_dags/example_skip_dag.py
[2024-07-16T17:31:11.694+0000] {processor.py:830} INFO - Processing file /home/airflow/.local/lib/python3.12/site-packages/airflow/example_dags/example_skip_dag.py for tasks to queue
[2024-07-16T17:31:11.696+0000] {logging_mixin.py:188} INFO - [2024-07-16T17:31:11.695+0000] {dagbag.py:545} INFO - Filling up the DagBag from /home/airflow/.local/lib/python3.12/site-packages/airflow/example_dags/example_skip_dag.py
[2024-07-16T17:31:11.702+0000] {processor.py:840} INFO - DAG(s) 'example_skip_dag' retrieved from /home/airflow/.local/lib/python3.12/site-packages/airflow/example_dags/example_skip_dag.py
[2024-07-16T17:31:11.723+0000] {logging_mixin.py:188} INFO - [2024-07-16T17:31:11.723+0000] {dag.py:3089} INFO - Sync 1 DAGs
[2024-07-16T17:31:11.745+0000] {logging_mixin.py:188} INFO - [2024-07-16T17:31:11.745+0000] {dag.py:3947} INFO - Setting next_dagrun for example_skip_dag to 2024-07-15 00:00:00+00:00, run_after=2024-07-16 00:00:00+00:00
[2024-07-16T17:31:11.766+0000] {processor.py:183} INFO - Processing /home/airflow/.local/lib/python3.12/site-packages/airflow/example_dags/example_skip_dag.py took 0.081 seconds
[2024-07-16T17:31:41.954+0000] {processor.py:161} INFO - Started process (PID=7531) to work on /home/airflow/.local/lib/python3.12/site-packages/airflow/example_dags/example_skip_dag.py
[2024-07-16T17:31:41.956+0000] {processor.py:830} INFO - Processing file /home/airflow/.local/lib/python3.12/site-packages/airflow/example_dags/example_skip_dag.py for tasks to queue
[2024-07-16T17:31:41.959+0000] {logging_mixin.py:188} INFO - [2024-07-16T17:31:41.958+0000] {dagbag.py:545} INFO - Filling up the DagBag from /home/airflow/.local/lib/python3.12/site-packages/airflow/example_dags/example_skip_dag.py
[2024-07-16T17:31:41.969+0000] {processor.py:840} INFO - DAG(s) 'example_skip_dag' retrieved from /home/airflow/.local/lib/python3.12/site-packages/airflow/example_dags/example_skip_dag.py
[2024-07-16T17:31:41.996+0000] {logging_mixin.py:188} INFO - [2024-07-16T17:31:41.996+0000] {dag.py:3089} INFO - Sync 1 DAGs
[2024-07-16T17:31:42.024+0000] {logging_mixin.py:188} INFO - [2024-07-16T17:31:42.024+0000] {dag.py:3947} INFO - Setting next_dagrun for example_skip_dag to 2024-07-15 00:00:00+00:00, run_after=2024-07-16 00:00:00+00:00
[2024-07-16T17:31:42.057+0000] {processor.py:183} INFO - Processing /home/airflow/.local/lib/python3.12/site-packages/airflow/example_dags/example_skip_dag.py took 0.111 seconds
