[2024-07-16T17:17:27.909+0000] {processor.py:161} INFO - Started process (PID=197) to work on /home/airflow/.local/lib/python3.12/site-packages/airflow/example_dags/example_python_operator.py
[2024-07-16T17:17:27.910+0000] {processor.py:830} INFO - Processing file /home/airflow/.local/lib/python3.12/site-packages/airflow/example_dags/example_python_operator.py for tasks to queue
[2024-07-16T17:17:27.911+0000] {logging_mixin.py:188} INFO - [2024-07-16T17:17:27.911+0000] {dagbag.py:545} INFO - Filling up the DagBag from /home/airflow/.local/lib/python3.12/site-packages/airflow/example_dags/example_python_operator.py
[2024-07-16T17:17:27.925+0000] {processor.py:840} INFO - DAG(s) 'example_python_operator' retrieved from /home/airflow/.local/lib/python3.12/site-packages/airflow/example_dags/example_python_operator.py
[2024-07-16T17:17:27.936+0000] {logging_mixin.py:188} INFO - [2024-07-16T17:17:27.936+0000] {dag.py:3089} INFO - Sync 1 DAGs
[2024-07-16T17:17:27.952+0000] {logging_mixin.py:188} INFO - [2024-07-16T17:17:27.951+0000] {dag.py:3947} INFO - Setting next_dagrun for example_python_operator to None, run_after=None
[2024-07-16T17:17:27.973+0000] {processor.py:183} INFO - Processing /home/airflow/.local/lib/python3.12/site-packages/airflow/example_dags/example_python_operator.py took 0.070 seconds
[2024-07-16T17:17:59.364+0000] {processor.py:161} INFO - Started process (PID=461) to work on /home/airflow/.local/lib/python3.12/site-packages/airflow/example_dags/example_python_operator.py
[2024-07-16T17:17:59.367+0000] {processor.py:830} INFO - Processing file /home/airflow/.local/lib/python3.12/site-packages/airflow/example_dags/example_python_operator.py for tasks to queue
[2024-07-16T17:17:59.368+0000] {logging_mixin.py:188} INFO - [2024-07-16T17:17:59.368+0000] {dagbag.py:545} INFO - Filling up the DagBag from /home/airflow/.local/lib/python3.12/site-packages/airflow/example_dags/example_python_operator.py
[2024-07-16T17:17:59.376+0000] {processor.py:840} INFO - DAG(s) 'example_python_operator' retrieved from /home/airflow/.local/lib/python3.12/site-packages/airflow/example_dags/example_python_operator.py
[2024-07-16T17:17:59.450+0000] {logging_mixin.py:188} INFO - [2024-07-16T17:17:59.450+0000] {dag.py:3089} INFO - Sync 1 DAGs
[2024-07-16T17:17:59.458+0000] {logging_mixin.py:188} INFO - [2024-07-16T17:17:59.457+0000] {dag.py:3947} INFO - Setting next_dagrun for example_python_operator to None, run_after=None
[2024-07-16T17:17:59.475+0000] {processor.py:183} INFO - Processing /home/airflow/.local/lib/python3.12/site-packages/airflow/example_dags/example_python_operator.py took 0.115 seconds
[2024-07-16T17:18:29.977+0000] {processor.py:161} INFO - Started process (PID=721) to work on /home/airflow/.local/lib/python3.12/site-packages/airflow/example_dags/example_python_operator.py
[2024-07-16T17:18:29.980+0000] {processor.py:830} INFO - Processing file /home/airflow/.local/lib/python3.12/site-packages/airflow/example_dags/example_python_operator.py for tasks to queue
[2024-07-16T17:18:29.981+0000] {logging_mixin.py:188} INFO - [2024-07-16T17:18:29.981+0000] {dagbag.py:545} INFO - Filling up the DagBag from /home/airflow/.local/lib/python3.12/site-packages/airflow/example_dags/example_python_operator.py
[2024-07-16T17:18:29.990+0000] {processor.py:840} INFO - DAG(s) 'example_python_operator' retrieved from /home/airflow/.local/lib/python3.12/site-packages/airflow/example_dags/example_python_operator.py
[2024-07-16T17:18:30.010+0000] {logging_mixin.py:188} INFO - [2024-07-16T17:18:30.010+0000] {dag.py:3089} INFO - Sync 1 DAGs
[2024-07-16T17:18:30.021+0000] {logging_mixin.py:188} INFO - [2024-07-16T17:18:30.021+0000] {dag.py:3947} INFO - Setting next_dagrun for example_python_operator to None, run_after=None
[2024-07-16T17:18:30.039+0000] {processor.py:183} INFO - Processing /home/airflow/.local/lib/python3.12/site-packages/airflow/example_dags/example_python_operator.py took 0.067 seconds
[2024-07-16T17:19:00.657+0000] {processor.py:161} INFO - Started process (PID=983) to work on /home/airflow/.local/lib/python3.12/site-packages/airflow/example_dags/example_python_operator.py
[2024-07-16T17:19:00.659+0000] {processor.py:830} INFO - Processing file /home/airflow/.local/lib/python3.12/site-packages/airflow/example_dags/example_python_operator.py for tasks to queue
[2024-07-16T17:19:00.661+0000] {logging_mixin.py:188} INFO - [2024-07-16T17:19:00.660+0000] {dagbag.py:545} INFO - Filling up the DagBag from /home/airflow/.local/lib/python3.12/site-packages/airflow/example_dags/example_python_operator.py
[2024-07-16T17:19:00.670+0000] {processor.py:840} INFO - DAG(s) 'example_python_operator' retrieved from /home/airflow/.local/lib/python3.12/site-packages/airflow/example_dags/example_python_operator.py
[2024-07-16T17:19:00.692+0000] {logging_mixin.py:188} INFO - [2024-07-16T17:19:00.692+0000] {dag.py:3089} INFO - Sync 1 DAGs
[2024-07-16T17:19:00.707+0000] {logging_mixin.py:188} INFO - [2024-07-16T17:19:00.707+0000] {dag.py:3947} INFO - Setting next_dagrun for example_python_operator to None, run_after=None
[2024-07-16T17:19:00.754+0000] {processor.py:183} INFO - Processing /home/airflow/.local/lib/python3.12/site-packages/airflow/example_dags/example_python_operator.py took 0.103 seconds
[2024-07-16T17:19:31.033+0000] {processor.py:161} INFO - Started process (PID=1245) to work on /home/airflow/.local/lib/python3.12/site-packages/airflow/example_dags/example_python_operator.py
[2024-07-16T17:19:31.035+0000] {processor.py:830} INFO - Processing file /home/airflow/.local/lib/python3.12/site-packages/airflow/example_dags/example_python_operator.py for tasks to queue
[2024-07-16T17:19:31.037+0000] {logging_mixin.py:188} INFO - [2024-07-16T17:19:31.037+0000] {dagbag.py:545} INFO - Filling up the DagBag from /home/airflow/.local/lib/python3.12/site-packages/airflow/example_dags/example_python_operator.py
[2024-07-16T17:19:31.046+0000] {processor.py:840} INFO - DAG(s) 'example_python_operator' retrieved from /home/airflow/.local/lib/python3.12/site-packages/airflow/example_dags/example_python_operator.py
[2024-07-16T17:19:31.066+0000] {logging_mixin.py:188} INFO - [2024-07-16T17:19:31.066+0000] {dag.py:3089} INFO - Sync 1 DAGs
[2024-07-16T17:19:31.079+0000] {logging_mixin.py:188} INFO - [2024-07-16T17:19:31.079+0000] {dag.py:3947} INFO - Setting next_dagrun for example_python_operator to None, run_after=None
[2024-07-16T17:19:31.100+0000] {processor.py:183} INFO - Processing /home/airflow/.local/lib/python3.12/site-packages/airflow/example_dags/example_python_operator.py took 0.072 seconds
[2024-07-16T17:20:01.726+0000] {processor.py:161} INFO - Started process (PID=1507) to work on /home/airflow/.local/lib/python3.12/site-packages/airflow/example_dags/example_python_operator.py
[2024-07-16T17:20:01.727+0000] {processor.py:830} INFO - Processing file /home/airflow/.local/lib/python3.12/site-packages/airflow/example_dags/example_python_operator.py for tasks to queue
[2024-07-16T17:20:01.728+0000] {logging_mixin.py:188} INFO - [2024-07-16T17:20:01.728+0000] {dagbag.py:545} INFO - Filling up the DagBag from /home/airflow/.local/lib/python3.12/site-packages/airflow/example_dags/example_python_operator.py
[2024-07-16T17:20:01.737+0000] {processor.py:840} INFO - DAG(s) 'example_python_operator' retrieved from /home/airflow/.local/lib/python3.12/site-packages/airflow/example_dags/example_python_operator.py
[2024-07-16T17:20:01.756+0000] {logging_mixin.py:188} INFO - [2024-07-16T17:20:01.755+0000] {dag.py:3089} INFO - Sync 1 DAGs
[2024-07-16T17:20:01.766+0000] {logging_mixin.py:188} INFO - [2024-07-16T17:20:01.766+0000] {dag.py:3947} INFO - Setting next_dagrun for example_python_operator to None, run_after=None
[2024-07-16T17:20:01.783+0000] {processor.py:183} INFO - Processing /home/airflow/.local/lib/python3.12/site-packages/airflow/example_dags/example_python_operator.py took 0.062 seconds
[2024-07-16T17:20:32.314+0000] {processor.py:161} INFO - Started process (PID=1770) to work on /home/airflow/.local/lib/python3.12/site-packages/airflow/example_dags/example_python_operator.py
[2024-07-16T17:20:32.315+0000] {processor.py:830} INFO - Processing file /home/airflow/.local/lib/python3.12/site-packages/airflow/example_dags/example_python_operator.py for tasks to queue
[2024-07-16T17:20:32.317+0000] {logging_mixin.py:188} INFO - [2024-07-16T17:20:32.317+0000] {dagbag.py:545} INFO - Filling up the DagBag from /home/airflow/.local/lib/python3.12/site-packages/airflow/example_dags/example_python_operator.py
[2024-07-16T17:20:32.326+0000] {processor.py:840} INFO - DAG(s) 'example_python_operator' retrieved from /home/airflow/.local/lib/python3.12/site-packages/airflow/example_dags/example_python_operator.py
[2024-07-16T17:20:32.346+0000] {logging_mixin.py:188} INFO - [2024-07-16T17:20:32.346+0000] {dag.py:3089} INFO - Sync 1 DAGs
[2024-07-16T17:20:32.357+0000] {logging_mixin.py:188} INFO - [2024-07-16T17:20:32.356+0000] {dag.py:3947} INFO - Setting next_dagrun for example_python_operator to None, run_after=None
[2024-07-16T17:20:32.375+0000] {processor.py:183} INFO - Processing /home/airflow/.local/lib/python3.12/site-packages/airflow/example_dags/example_python_operator.py took 0.066 seconds
[2024-07-16T17:21:02.938+0000] {processor.py:161} INFO - Started process (PID=2032) to work on /home/airflow/.local/lib/python3.12/site-packages/airflow/example_dags/example_python_operator.py
[2024-07-16T17:21:02.939+0000] {processor.py:830} INFO - Processing file /home/airflow/.local/lib/python3.12/site-packages/airflow/example_dags/example_python_operator.py for tasks to queue
[2024-07-16T17:21:02.940+0000] {logging_mixin.py:188} INFO - [2024-07-16T17:21:02.940+0000] {dagbag.py:545} INFO - Filling up the DagBag from /home/airflow/.local/lib/python3.12/site-packages/airflow/example_dags/example_python_operator.py
[2024-07-16T17:21:02.950+0000] {processor.py:840} INFO - DAG(s) 'example_python_operator' retrieved from /home/airflow/.local/lib/python3.12/site-packages/airflow/example_dags/example_python_operator.py
[2024-07-16T17:21:02.968+0000] {logging_mixin.py:188} INFO - [2024-07-16T17:21:02.968+0000] {dag.py:3089} INFO - Sync 1 DAGs
[2024-07-16T17:21:02.979+0000] {logging_mixin.py:188} INFO - [2024-07-16T17:21:02.979+0000] {dag.py:3947} INFO - Setting next_dagrun for example_python_operator to None, run_after=None
[2024-07-16T17:21:02.999+0000] {processor.py:183} INFO - Processing /home/airflow/.local/lib/python3.12/site-packages/airflow/example_dags/example_python_operator.py took 0.066 seconds
[2024-07-16T17:21:33.479+0000] {processor.py:161} INFO - Started process (PID=2293) to work on /home/airflow/.local/lib/python3.12/site-packages/airflow/example_dags/example_python_operator.py
[2024-07-16T17:21:33.480+0000] {processor.py:830} INFO - Processing file /home/airflow/.local/lib/python3.12/site-packages/airflow/example_dags/example_python_operator.py for tasks to queue
[2024-07-16T17:21:33.481+0000] {logging_mixin.py:188} INFO - [2024-07-16T17:21:33.481+0000] {dagbag.py:545} INFO - Filling up the DagBag from /home/airflow/.local/lib/python3.12/site-packages/airflow/example_dags/example_python_operator.py
[2024-07-16T17:21:33.490+0000] {processor.py:840} INFO - DAG(s) 'example_python_operator' retrieved from /home/airflow/.local/lib/python3.12/site-packages/airflow/example_dags/example_python_operator.py
[2024-07-16T17:21:33.512+0000] {logging_mixin.py:188} INFO - [2024-07-16T17:21:33.511+0000] {dag.py:3089} INFO - Sync 1 DAGs
[2024-07-16T17:21:33.524+0000] {logging_mixin.py:188} INFO - [2024-07-16T17:21:33.524+0000] {dag.py:3947} INFO - Setting next_dagrun for example_python_operator to None, run_after=None
[2024-07-16T17:21:33.542+0000] {processor.py:183} INFO - Processing /home/airflow/.local/lib/python3.12/site-packages/airflow/example_dags/example_python_operator.py took 0.069 seconds
[2024-07-16T17:22:04.002+0000] {processor.py:161} INFO - Started process (PID=2555) to work on /home/airflow/.local/lib/python3.12/site-packages/airflow/example_dags/example_python_operator.py
[2024-07-16T17:22:04.003+0000] {processor.py:830} INFO - Processing file /home/airflow/.local/lib/python3.12/site-packages/airflow/example_dags/example_python_operator.py for tasks to queue
[2024-07-16T17:22:04.005+0000] {logging_mixin.py:188} INFO - [2024-07-16T17:22:04.005+0000] {dagbag.py:545} INFO - Filling up the DagBag from /home/airflow/.local/lib/python3.12/site-packages/airflow/example_dags/example_python_operator.py
[2024-07-16T17:22:04.014+0000] {processor.py:840} INFO - DAG(s) 'example_python_operator' retrieved from /home/airflow/.local/lib/python3.12/site-packages/airflow/example_dags/example_python_operator.py
[2024-07-16T17:22:04.033+0000] {logging_mixin.py:188} INFO - [2024-07-16T17:22:04.033+0000] {dag.py:3089} INFO - Sync 1 DAGs
[2024-07-16T17:22:04.044+0000] {logging_mixin.py:188} INFO - [2024-07-16T17:22:04.044+0000] {dag.py:3947} INFO - Setting next_dagrun for example_python_operator to None, run_after=None
[2024-07-16T17:22:04.061+0000] {processor.py:183} INFO - Processing /home/airflow/.local/lib/python3.12/site-packages/airflow/example_dags/example_python_operator.py took 0.065 seconds
[2024-07-16T17:22:34.581+0000] {processor.py:161} INFO - Started process (PID=2817) to work on /home/airflow/.local/lib/python3.12/site-packages/airflow/example_dags/example_python_operator.py
[2024-07-16T17:22:34.583+0000] {processor.py:830} INFO - Processing file /home/airflow/.local/lib/python3.12/site-packages/airflow/example_dags/example_python_operator.py for tasks to queue
[2024-07-16T17:22:34.585+0000] {logging_mixin.py:188} INFO - [2024-07-16T17:22:34.585+0000] {dagbag.py:545} INFO - Filling up the DagBag from /home/airflow/.local/lib/python3.12/site-packages/airflow/example_dags/example_python_operator.py
[2024-07-16T17:22:34.595+0000] {processor.py:840} INFO - DAG(s) 'example_python_operator' retrieved from /home/airflow/.local/lib/python3.12/site-packages/airflow/example_dags/example_python_operator.py
[2024-07-16T17:22:34.620+0000] {logging_mixin.py:188} INFO - [2024-07-16T17:22:34.619+0000] {dag.py:3089} INFO - Sync 1 DAGs
[2024-07-16T17:22:34.633+0000] {logging_mixin.py:188} INFO - [2024-07-16T17:22:34.633+0000] {dag.py:3947} INFO - Setting next_dagrun for example_python_operator to None, run_after=None
[2024-07-16T17:22:34.653+0000] {processor.py:183} INFO - Processing /home/airflow/.local/lib/python3.12/site-packages/airflow/example_dags/example_python_operator.py took 0.078 seconds
[2024-07-16T17:23:05.223+0000] {processor.py:161} INFO - Started process (PID=3079) to work on /home/airflow/.local/lib/python3.12/site-packages/airflow/example_dags/example_python_operator.py
[2024-07-16T17:23:05.225+0000] {processor.py:830} INFO - Processing file /home/airflow/.local/lib/python3.12/site-packages/airflow/example_dags/example_python_operator.py for tasks to queue
[2024-07-16T17:23:05.227+0000] {logging_mixin.py:188} INFO - [2024-07-16T17:23:05.227+0000] {dagbag.py:545} INFO - Filling up the DagBag from /home/airflow/.local/lib/python3.12/site-packages/airflow/example_dags/example_python_operator.py
[2024-07-16T17:23:05.238+0000] {processor.py:840} INFO - DAG(s) 'example_python_operator' retrieved from /home/airflow/.local/lib/python3.12/site-packages/airflow/example_dags/example_python_operator.py
[2024-07-16T17:23:05.262+0000] {logging_mixin.py:188} INFO - [2024-07-16T17:23:05.262+0000] {dag.py:3089} INFO - Sync 1 DAGs
[2024-07-16T17:23:05.275+0000] {logging_mixin.py:188} INFO - [2024-07-16T17:23:05.275+0000] {dag.py:3947} INFO - Setting next_dagrun for example_python_operator to None, run_after=None
[2024-07-16T17:23:05.296+0000] {processor.py:183} INFO - Processing /home/airflow/.local/lib/python3.12/site-packages/airflow/example_dags/example_python_operator.py took 0.078 seconds
[2024-07-16T17:23:35.402+0000] {processor.py:161} INFO - Started process (PID=3343) to work on /home/airflow/.local/lib/python3.12/site-packages/airflow/example_dags/example_python_operator.py
[2024-07-16T17:23:35.403+0000] {processor.py:830} INFO - Processing file /home/airflow/.local/lib/python3.12/site-packages/airflow/example_dags/example_python_operator.py for tasks to queue
[2024-07-16T17:23:35.405+0000] {logging_mixin.py:188} INFO - [2024-07-16T17:23:35.405+0000] {dagbag.py:545} INFO - Filling up the DagBag from /home/airflow/.local/lib/python3.12/site-packages/airflow/example_dags/example_python_operator.py
[2024-07-16T17:23:35.414+0000] {processor.py:840} INFO - DAG(s) 'example_python_operator' retrieved from /home/airflow/.local/lib/python3.12/site-packages/airflow/example_dags/example_python_operator.py
[2024-07-16T17:23:35.433+0000] {logging_mixin.py:188} INFO - [2024-07-16T17:23:35.433+0000] {dag.py:3089} INFO - Sync 1 DAGs
[2024-07-16T17:23:35.444+0000] {logging_mixin.py:188} INFO - [2024-07-16T17:23:35.443+0000] {dag.py:3947} INFO - Setting next_dagrun for example_python_operator to None, run_after=None
[2024-07-16T17:23:35.461+0000] {processor.py:183} INFO - Processing /home/airflow/.local/lib/python3.12/site-packages/airflow/example_dags/example_python_operator.py took 0.064 seconds
[2024-07-16T17:24:05.825+0000] {processor.py:161} INFO - Started process (PID=3603) to work on /home/airflow/.local/lib/python3.12/site-packages/airflow/example_dags/example_python_operator.py
[2024-07-16T17:24:05.827+0000] {processor.py:830} INFO - Processing file /home/airflow/.local/lib/python3.12/site-packages/airflow/example_dags/example_python_operator.py for tasks to queue
[2024-07-16T17:24:05.828+0000] {logging_mixin.py:188} INFO - [2024-07-16T17:24:05.828+0000] {dagbag.py:545} INFO - Filling up the DagBag from /home/airflow/.local/lib/python3.12/site-packages/airflow/example_dags/example_python_operator.py
[2024-07-16T17:24:05.837+0000] {processor.py:840} INFO - DAG(s) 'example_python_operator' retrieved from /home/airflow/.local/lib/python3.12/site-packages/airflow/example_dags/example_python_operator.py
[2024-07-16T17:24:05.858+0000] {logging_mixin.py:188} INFO - [2024-07-16T17:24:05.858+0000] {dag.py:3089} INFO - Sync 1 DAGs
[2024-07-16T17:24:05.870+0000] {logging_mixin.py:188} INFO - [2024-07-16T17:24:05.870+0000] {dag.py:3947} INFO - Setting next_dagrun for example_python_operator to None, run_after=None
[2024-07-16T17:24:05.887+0000] {processor.py:183} INFO - Processing /home/airflow/.local/lib/python3.12/site-packages/airflow/example_dags/example_python_operator.py took 0.067 seconds
[2024-07-16T17:24:36.008+0000] {processor.py:161} INFO - Started process (PID=3864) to work on /home/airflow/.local/lib/python3.12/site-packages/airflow/example_dags/example_python_operator.py
[2024-07-16T17:24:36.010+0000] {processor.py:830} INFO - Processing file /home/airflow/.local/lib/python3.12/site-packages/airflow/example_dags/example_python_operator.py for tasks to queue
[2024-07-16T17:24:36.012+0000] {logging_mixin.py:188} INFO - [2024-07-16T17:24:36.011+0000] {dagbag.py:545} INFO - Filling up the DagBag from /home/airflow/.local/lib/python3.12/site-packages/airflow/example_dags/example_python_operator.py
[2024-07-16T17:24:36.021+0000] {processor.py:840} INFO - DAG(s) 'example_python_operator' retrieved from /home/airflow/.local/lib/python3.12/site-packages/airflow/example_dags/example_python_operator.py
[2024-07-16T17:24:36.042+0000] {logging_mixin.py:188} INFO - [2024-07-16T17:24:36.042+0000] {dag.py:3089} INFO - Sync 1 DAGs
[2024-07-16T17:24:36.053+0000] {logging_mixin.py:188} INFO - [2024-07-16T17:24:36.053+0000] {dag.py:3947} INFO - Setting next_dagrun for example_python_operator to None, run_after=None
[2024-07-16T17:24:36.074+0000] {processor.py:183} INFO - Processing /home/airflow/.local/lib/python3.12/site-packages/airflow/example_dags/example_python_operator.py took 0.071 seconds
[2024-07-16T17:25:06.366+0000] {processor.py:161} INFO - Started process (PID=4126) to work on /home/airflow/.local/lib/python3.12/site-packages/airflow/example_dags/example_python_operator.py
[2024-07-16T17:25:06.368+0000] {processor.py:830} INFO - Processing file /home/airflow/.local/lib/python3.12/site-packages/airflow/example_dags/example_python_operator.py for tasks to queue
[2024-07-16T17:25:06.370+0000] {logging_mixin.py:188} INFO - [2024-07-16T17:25:06.370+0000] {dagbag.py:545} INFO - Filling up the DagBag from /home/airflow/.local/lib/python3.12/site-packages/airflow/example_dags/example_python_operator.py
[2024-07-16T17:25:06.378+0000] {processor.py:840} INFO - DAG(s) 'example_python_operator' retrieved from /home/airflow/.local/lib/python3.12/site-packages/airflow/example_dags/example_python_operator.py
[2024-07-16T17:25:06.397+0000] {logging_mixin.py:188} INFO - [2024-07-16T17:25:06.397+0000] {dag.py:3089} INFO - Sync 1 DAGs
[2024-07-16T17:25:06.409+0000] {logging_mixin.py:188} INFO - [2024-07-16T17:25:06.409+0000] {dag.py:3947} INFO - Setting next_dagrun for example_python_operator to None, run_after=None
[2024-07-16T17:25:06.427+0000] {processor.py:183} INFO - Processing /home/airflow/.local/lib/python3.12/site-packages/airflow/example_dags/example_python_operator.py took 0.066 seconds
[2024-07-16T17:25:37.163+0000] {processor.py:161} INFO - Started process (PID=4388) to work on /home/airflow/.local/lib/python3.12/site-packages/airflow/example_dags/example_python_operator.py
[2024-07-16T17:25:37.165+0000] {processor.py:830} INFO - Processing file /home/airflow/.local/lib/python3.12/site-packages/airflow/example_dags/example_python_operator.py for tasks to queue
[2024-07-16T17:25:37.167+0000] {logging_mixin.py:188} INFO - [2024-07-16T17:25:37.166+0000] {dagbag.py:545} INFO - Filling up the DagBag from /home/airflow/.local/lib/python3.12/site-packages/airflow/example_dags/example_python_operator.py
[2024-07-16T17:25:37.175+0000] {processor.py:840} INFO - DAG(s) 'example_python_operator' retrieved from /home/airflow/.local/lib/python3.12/site-packages/airflow/example_dags/example_python_operator.py
[2024-07-16T17:25:37.196+0000] {logging_mixin.py:188} INFO - [2024-07-16T17:25:37.196+0000] {dag.py:3089} INFO - Sync 1 DAGs
[2024-07-16T17:25:37.208+0000] {logging_mixin.py:188} INFO - [2024-07-16T17:25:37.208+0000] {dag.py:3947} INFO - Setting next_dagrun for example_python_operator to None, run_after=None
[2024-07-16T17:25:37.228+0000] {processor.py:183} INFO - Processing /home/airflow/.local/lib/python3.12/site-packages/airflow/example_dags/example_python_operator.py took 0.070 seconds
[2024-07-16T17:26:07.514+0000] {processor.py:161} INFO - Started process (PID=4650) to work on /home/airflow/.local/lib/python3.12/site-packages/airflow/example_dags/example_python_operator.py
[2024-07-16T17:26:07.516+0000] {processor.py:830} INFO - Processing file /home/airflow/.local/lib/python3.12/site-packages/airflow/example_dags/example_python_operator.py for tasks to queue
[2024-07-16T17:26:07.518+0000] {logging_mixin.py:188} INFO - [2024-07-16T17:26:07.517+0000] {dagbag.py:545} INFO - Filling up the DagBag from /home/airflow/.local/lib/python3.12/site-packages/airflow/example_dags/example_python_operator.py
[2024-07-16T17:26:07.527+0000] {processor.py:840} INFO - DAG(s) 'example_python_operator' retrieved from /home/airflow/.local/lib/python3.12/site-packages/airflow/example_dags/example_python_operator.py
[2024-07-16T17:26:07.546+0000] {logging_mixin.py:188} INFO - [2024-07-16T17:26:07.546+0000] {dag.py:3089} INFO - Sync 1 DAGs
[2024-07-16T17:26:07.557+0000] {logging_mixin.py:188} INFO - [2024-07-16T17:26:07.557+0000] {dag.py:3947} INFO - Setting next_dagrun for example_python_operator to None, run_after=None
[2024-07-16T17:26:07.577+0000] {processor.py:183} INFO - Processing /home/airflow/.local/lib/python3.12/site-packages/airflow/example_dags/example_python_operator.py took 0.068 seconds
[2024-07-16T17:26:38.190+0000] {processor.py:161} INFO - Started process (PID=4912) to work on /home/airflow/.local/lib/python3.12/site-packages/airflow/example_dags/example_python_operator.py
[2024-07-16T17:26:38.192+0000] {processor.py:830} INFO - Processing file /home/airflow/.local/lib/python3.12/site-packages/airflow/example_dags/example_python_operator.py for tasks to queue
[2024-07-16T17:26:38.194+0000] {logging_mixin.py:188} INFO - [2024-07-16T17:26:38.194+0000] {dagbag.py:545} INFO - Filling up the DagBag from /home/airflow/.local/lib/python3.12/site-packages/airflow/example_dags/example_python_operator.py
[2024-07-16T17:26:38.203+0000] {processor.py:840} INFO - DAG(s) 'example_python_operator' retrieved from /home/airflow/.local/lib/python3.12/site-packages/airflow/example_dags/example_python_operator.py
[2024-07-16T17:26:38.223+0000] {logging_mixin.py:188} INFO - [2024-07-16T17:26:38.223+0000] {dag.py:3089} INFO - Sync 1 DAGs
[2024-07-16T17:26:38.233+0000] {logging_mixin.py:188} INFO - [2024-07-16T17:26:38.233+0000] {dag.py:3947} INFO - Setting next_dagrun for example_python_operator to None, run_after=None
[2024-07-16T17:26:38.251+0000] {processor.py:183} INFO - Processing /home/airflow/.local/lib/python3.12/site-packages/airflow/example_dags/example_python_operator.py took 0.066 seconds
[2024-07-16T17:27:08.442+0000] {processor.py:161} INFO - Started process (PID=5174) to work on /home/airflow/.local/lib/python3.12/site-packages/airflow/example_dags/example_python_operator.py
[2024-07-16T17:27:08.444+0000] {processor.py:830} INFO - Processing file /home/airflow/.local/lib/python3.12/site-packages/airflow/example_dags/example_python_operator.py for tasks to queue
[2024-07-16T17:27:08.446+0000] {logging_mixin.py:188} INFO - [2024-07-16T17:27:08.446+0000] {dagbag.py:545} INFO - Filling up the DagBag from /home/airflow/.local/lib/python3.12/site-packages/airflow/example_dags/example_python_operator.py
[2024-07-16T17:27:08.457+0000] {processor.py:840} INFO - DAG(s) 'example_python_operator' retrieved from /home/airflow/.local/lib/python3.12/site-packages/airflow/example_dags/example_python_operator.py
[2024-07-16T17:27:08.480+0000] {logging_mixin.py:188} INFO - [2024-07-16T17:27:08.480+0000] {dag.py:3089} INFO - Sync 1 DAGs
[2024-07-16T17:27:08.492+0000] {logging_mixin.py:188} INFO - [2024-07-16T17:27:08.492+0000] {dag.py:3947} INFO - Setting next_dagrun for example_python_operator to None, run_after=None
[2024-07-16T17:27:08.511+0000] {processor.py:183} INFO - Processing /home/airflow/.local/lib/python3.12/site-packages/airflow/example_dags/example_python_operator.py took 0.075 seconds
[2024-07-16T17:27:39.237+0000] {processor.py:161} INFO - Started process (PID=5436) to work on /home/airflow/.local/lib/python3.12/site-packages/airflow/example_dags/example_python_operator.py
[2024-07-16T17:27:39.239+0000] {processor.py:830} INFO - Processing file /home/airflow/.local/lib/python3.12/site-packages/airflow/example_dags/example_python_operator.py for tasks to queue
[2024-07-16T17:27:39.241+0000] {logging_mixin.py:188} INFO - [2024-07-16T17:27:39.240+0000] {dagbag.py:545} INFO - Filling up the DagBag from /home/airflow/.local/lib/python3.12/site-packages/airflow/example_dags/example_python_operator.py
[2024-07-16T17:27:39.249+0000] {processor.py:840} INFO - DAG(s) 'example_python_operator' retrieved from /home/airflow/.local/lib/python3.12/site-packages/airflow/example_dags/example_python_operator.py
[2024-07-16T17:27:39.268+0000] {logging_mixin.py:188} INFO - [2024-07-16T17:27:39.268+0000] {dag.py:3089} INFO - Sync 1 DAGs
[2024-07-16T17:27:39.280+0000] {logging_mixin.py:188} INFO - [2024-07-16T17:27:39.280+0000] {dag.py:3947} INFO - Setting next_dagrun for example_python_operator to None, run_after=None
[2024-07-16T17:27:39.297+0000] {processor.py:183} INFO - Processing /home/airflow/.local/lib/python3.12/site-packages/airflow/example_dags/example_python_operator.py took 0.065 seconds
[2024-07-16T17:28:09.730+0000] {processor.py:161} INFO - Started process (PID=5706) to work on /home/airflow/.local/lib/python3.12/site-packages/airflow/example_dags/example_python_operator.py
[2024-07-16T17:28:09.733+0000] {processor.py:830} INFO - Processing file /home/airflow/.local/lib/python3.12/site-packages/airflow/example_dags/example_python_operator.py for tasks to queue
[2024-07-16T17:28:09.735+0000] {logging_mixin.py:188} INFO - [2024-07-16T17:28:09.734+0000] {dagbag.py:545} INFO - Filling up the DagBag from /home/airflow/.local/lib/python3.12/site-packages/airflow/example_dags/example_python_operator.py
[2024-07-16T17:28:09.748+0000] {processor.py:840} INFO - DAG(s) 'example_python_operator' retrieved from /home/airflow/.local/lib/python3.12/site-packages/airflow/example_dags/example_python_operator.py
[2024-07-16T17:28:09.773+0000] {logging_mixin.py:188} INFO - [2024-07-16T17:28:09.773+0000] {dag.py:3089} INFO - Sync 1 DAGs
[2024-07-16T17:28:09.788+0000] {logging_mixin.py:188} INFO - [2024-07-16T17:28:09.787+0000] {dag.py:3947} INFO - Setting next_dagrun for example_python_operator to None, run_after=None
[2024-07-16T17:28:09.810+0000] {processor.py:183} INFO - Processing /home/airflow/.local/lib/python3.12/site-packages/airflow/example_dags/example_python_operator.py took 0.087 seconds
[2024-07-16T17:28:40.015+0000] {processor.py:161} INFO - Started process (PID=5968) to work on /home/airflow/.local/lib/python3.12/site-packages/airflow/example_dags/example_python_operator.py
[2024-07-16T17:28:40.017+0000] {processor.py:830} INFO - Processing file /home/airflow/.local/lib/python3.12/site-packages/airflow/example_dags/example_python_operator.py for tasks to queue
[2024-07-16T17:28:40.018+0000] {logging_mixin.py:188} INFO - [2024-07-16T17:28:40.018+0000] {dagbag.py:545} INFO - Filling up the DagBag from /home/airflow/.local/lib/python3.12/site-packages/airflow/example_dags/example_python_operator.py
[2024-07-16T17:28:40.027+0000] {processor.py:840} INFO - DAG(s) 'example_python_operator' retrieved from /home/airflow/.local/lib/python3.12/site-packages/airflow/example_dags/example_python_operator.py
[2024-07-16T17:28:40.047+0000] {logging_mixin.py:188} INFO - [2024-07-16T17:28:40.047+0000] {dag.py:3089} INFO - Sync 1 DAGs
[2024-07-16T17:28:40.060+0000] {logging_mixin.py:188} INFO - [2024-07-16T17:28:40.059+0000] {dag.py:3947} INFO - Setting next_dagrun for example_python_operator to None, run_after=None
[2024-07-16T17:28:40.078+0000] {processor.py:183} INFO - Processing /home/airflow/.local/lib/python3.12/site-packages/airflow/example_dags/example_python_operator.py took 0.068 seconds
[2024-07-16T17:29:10.330+0000] {processor.py:161} INFO - Started process (PID=6230) to work on /home/airflow/.local/lib/python3.12/site-packages/airflow/example_dags/example_python_operator.py
[2024-07-16T17:29:10.332+0000] {processor.py:830} INFO - Processing file /home/airflow/.local/lib/python3.12/site-packages/airflow/example_dags/example_python_operator.py for tasks to queue
[2024-07-16T17:29:10.333+0000] {logging_mixin.py:188} INFO - [2024-07-16T17:29:10.333+0000] {dagbag.py:545} INFO - Filling up the DagBag from /home/airflow/.local/lib/python3.12/site-packages/airflow/example_dags/example_python_operator.py
[2024-07-16T17:29:10.343+0000] {processor.py:840} INFO - DAG(s) 'example_python_operator' retrieved from /home/airflow/.local/lib/python3.12/site-packages/airflow/example_dags/example_python_operator.py
[2024-07-16T17:29:10.390+0000] {logging_mixin.py:188} INFO - [2024-07-16T17:29:10.390+0000] {dag.py:3089} INFO - Sync 1 DAGs
[2024-07-16T17:29:10.410+0000] {logging_mixin.py:188} INFO - [2024-07-16T17:29:10.410+0000] {dag.py:3947} INFO - Setting next_dagrun for example_python_operator to None, run_after=None
[2024-07-16T17:29:10.436+0000] {processor.py:183} INFO - Processing /home/airflow/.local/lib/python3.12/site-packages/airflow/example_dags/example_python_operator.py took 0.115 seconds
[2024-07-16T17:29:40.924+0000] {processor.py:161} INFO - Started process (PID=6492) to work on /home/airflow/.local/lib/python3.12/site-packages/airflow/example_dags/example_python_operator.py
[2024-07-16T17:29:40.926+0000] {processor.py:830} INFO - Processing file /home/airflow/.local/lib/python3.12/site-packages/airflow/example_dags/example_python_operator.py for tasks to queue
[2024-07-16T17:29:40.928+0000] {logging_mixin.py:188} INFO - [2024-07-16T17:29:40.928+0000] {dagbag.py:545} INFO - Filling up the DagBag from /home/airflow/.local/lib/python3.12/site-packages/airflow/example_dags/example_python_operator.py
[2024-07-16T17:29:40.937+0000] {processor.py:840} INFO - DAG(s) 'example_python_operator' retrieved from /home/airflow/.local/lib/python3.12/site-packages/airflow/example_dags/example_python_operator.py
[2024-07-16T17:29:40.959+0000] {logging_mixin.py:188} INFO - [2024-07-16T17:29:40.959+0000] {dag.py:3089} INFO - Sync 1 DAGs
[2024-07-16T17:29:40.972+0000] {logging_mixin.py:188} INFO - [2024-07-16T17:29:40.972+0000] {dag.py:3947} INFO - Setting next_dagrun for example_python_operator to None, run_after=None
[2024-07-16T17:29:40.995+0000] {processor.py:183} INFO - Processing /home/airflow/.local/lib/python3.12/site-packages/airflow/example_dags/example_python_operator.py took 0.076 seconds
[2024-07-16T17:30:11.137+0000] {processor.py:161} INFO - Started process (PID=6755) to work on /home/airflow/.local/lib/python3.12/site-packages/airflow/example_dags/example_python_operator.py
[2024-07-16T17:30:11.141+0000] {processor.py:830} INFO - Processing file /home/airflow/.local/lib/python3.12/site-packages/airflow/example_dags/example_python_operator.py for tasks to queue
[2024-07-16T17:30:11.143+0000] {logging_mixin.py:188} INFO - [2024-07-16T17:30:11.143+0000] {dagbag.py:545} INFO - Filling up the DagBag from /home/airflow/.local/lib/python3.12/site-packages/airflow/example_dags/example_python_operator.py
[2024-07-16T17:30:11.162+0000] {processor.py:840} INFO - DAG(s) 'example_python_operator' retrieved from /home/airflow/.local/lib/python3.12/site-packages/airflow/example_dags/example_python_operator.py
[2024-07-16T17:30:11.186+0000] {logging_mixin.py:188} INFO - [2024-07-16T17:30:11.186+0000] {dag.py:3089} INFO - Sync 1 DAGs
[2024-07-16T17:30:11.197+0000] {logging_mixin.py:188} INFO - [2024-07-16T17:30:11.197+0000] {dag.py:3947} INFO - Setting next_dagrun for example_python_operator to None, run_after=None
[2024-07-16T17:30:11.214+0000] {processor.py:183} INFO - Processing /home/airflow/.local/lib/python3.12/site-packages/airflow/example_dags/example_python_operator.py took 0.084 seconds
[2024-07-16T17:30:41.675+0000] {processor.py:161} INFO - Started process (PID=7017) to work on /home/airflow/.local/lib/python3.12/site-packages/airflow/example_dags/example_python_operator.py
[2024-07-16T17:30:41.677+0000] {processor.py:830} INFO - Processing file /home/airflow/.local/lib/python3.12/site-packages/airflow/example_dags/example_python_operator.py for tasks to queue
[2024-07-16T17:30:41.679+0000] {logging_mixin.py:188} INFO - [2024-07-16T17:30:41.678+0000] {dagbag.py:545} INFO - Filling up the DagBag from /home/airflow/.local/lib/python3.12/site-packages/airflow/example_dags/example_python_operator.py
[2024-07-16T17:30:41.693+0000] {processor.py:840} INFO - DAG(s) 'example_python_operator' retrieved from /home/airflow/.local/lib/python3.12/site-packages/airflow/example_dags/example_python_operator.py
[2024-07-16T17:30:41.725+0000] {logging_mixin.py:188} INFO - [2024-07-16T17:30:41.725+0000] {dag.py:3089} INFO - Sync 1 DAGs
[2024-07-16T17:30:41.740+0000] {logging_mixin.py:188} INFO - [2024-07-16T17:30:41.740+0000] {dag.py:3947} INFO - Setting next_dagrun for example_python_operator to None, run_after=None
[2024-07-16T17:30:41.766+0000] {processor.py:183} INFO - Processing /home/airflow/.local/lib/python3.12/site-packages/airflow/example_dags/example_python_operator.py took 0.100 seconds
[2024-07-16T17:31:11.794+0000] {processor.py:161} INFO - Started process (PID=7279) to work on /home/airflow/.local/lib/python3.12/site-packages/airflow/example_dags/example_python_operator.py
[2024-07-16T17:31:11.797+0000] {processor.py:830} INFO - Processing file /home/airflow/.local/lib/python3.12/site-packages/airflow/example_dags/example_python_operator.py for tasks to queue
[2024-07-16T17:31:11.799+0000] {logging_mixin.py:188} INFO - [2024-07-16T17:31:11.799+0000] {dagbag.py:545} INFO - Filling up the DagBag from /home/airflow/.local/lib/python3.12/site-packages/airflow/example_dags/example_python_operator.py
[2024-07-16T17:31:11.809+0000] {processor.py:840} INFO - DAG(s) 'example_python_operator' retrieved from /home/airflow/.local/lib/python3.12/site-packages/airflow/example_dags/example_python_operator.py
[2024-07-16T17:31:11.833+0000] {logging_mixin.py:188} INFO - [2024-07-16T17:31:11.833+0000] {dag.py:3089} INFO - Sync 1 DAGs
[2024-07-16T17:31:11.845+0000] {logging_mixin.py:188} INFO - [2024-07-16T17:31:11.845+0000] {dag.py:3947} INFO - Setting next_dagrun for example_python_operator to None, run_after=None
[2024-07-16T17:31:11.862+0000] {processor.py:183} INFO - Processing /home/airflow/.local/lib/python3.12/site-packages/airflow/example_dags/example_python_operator.py took 0.074 seconds
[2024-07-16T17:31:42.104+0000] {processor.py:161} INFO - Started process (PID=7541) to work on /home/airflow/.local/lib/python3.12/site-packages/airflow/example_dags/example_python_operator.py
[2024-07-16T17:31:42.107+0000] {processor.py:830} INFO - Processing file /home/airflow/.local/lib/python3.12/site-packages/airflow/example_dags/example_python_operator.py for tasks to queue
[2024-07-16T17:31:42.110+0000] {logging_mixin.py:188} INFO - [2024-07-16T17:31:42.109+0000] {dagbag.py:545} INFO - Filling up the DagBag from /home/airflow/.local/lib/python3.12/site-packages/airflow/example_dags/example_python_operator.py
[2024-07-16T17:31:42.126+0000] {processor.py:840} INFO - DAG(s) 'example_python_operator' retrieved from /home/airflow/.local/lib/python3.12/site-packages/airflow/example_dags/example_python_operator.py
[2024-07-16T17:31:42.168+0000] {logging_mixin.py:188} INFO - [2024-07-16T17:31:42.168+0000] {dag.py:3089} INFO - Sync 1 DAGs
[2024-07-16T17:31:42.198+0000] {logging_mixin.py:188} INFO - [2024-07-16T17:31:42.198+0000] {dag.py:3947} INFO - Setting next_dagrun for example_python_operator to None, run_after=None
[2024-07-16T17:31:42.230+0000] {processor.py:183} INFO - Processing /home/airflow/.local/lib/python3.12/site-packages/airflow/example_dags/example_python_operator.py took 0.138 seconds
