[2024-07-16T17:17:29.366+0000] {processor.py:161} INFO - Started process (PID=307) to work on /home/airflow/.local/lib/python3.12/site-packages/airflow/example_dags/example_branch_labels.py
[2024-07-16T17:17:29.367+0000] {processor.py:830} INFO - Processing file /home/airflow/.local/lib/python3.12/site-packages/airflow/example_dags/example_branch_labels.py for tasks to queue
[2024-07-16T17:17:29.368+0000] {logging_mixin.py:188} INFO - [2024-07-16T17:17:29.368+0000] {dagbag.py:545} INFO - Filling up the DagBag from /home/airflow/.local/lib/python3.12/site-packages/airflow/example_dags/example_branch_labels.py
[2024-07-16T17:17:29.377+0000] {processor.py:840} INFO - DAG(s) 'example_branch_labels' retrieved from /home/airflow/.local/lib/python3.12/site-packages/airflow/example_dags/example_branch_labels.py
[2024-07-16T17:17:29.391+0000] {logging_mixin.py:188} INFO - [2024-07-16T17:17:29.391+0000] {dag.py:3089} INFO - Sync 1 DAGs
[2024-07-16T17:17:29.418+0000] {logging_mixin.py:188} INFO - [2024-07-16T17:17:29.417+0000] {dag.py:3947} INFO - Setting next_dagrun for example_branch_labels to 2024-07-15 00:00:00+00:00, run_after=2024-07-16 00:00:00+00:00
[2024-07-16T17:17:29.441+0000] {processor.py:183} INFO - Processing /home/airflow/.local/lib/python3.12/site-packages/airflow/example_dags/example_branch_labels.py took 0.084 seconds
[2024-07-16T17:18:01.332+0000] {processor.py:161} INFO - Started process (PID=569) to work on /home/airflow/.local/lib/python3.12/site-packages/airflow/example_dags/example_branch_labels.py
[2024-07-16T17:18:01.334+0000] {processor.py:830} INFO - Processing file /home/airflow/.local/lib/python3.12/site-packages/airflow/example_dags/example_branch_labels.py for tasks to queue
[2024-07-16T17:18:01.335+0000] {logging_mixin.py:188} INFO - [2024-07-16T17:18:01.335+0000] {dagbag.py:545} INFO - Filling up the DagBag from /home/airflow/.local/lib/python3.12/site-packages/airflow/example_dags/example_branch_labels.py
[2024-07-16T17:18:01.344+0000] {processor.py:840} INFO - DAG(s) 'example_branch_labels' retrieved from /home/airflow/.local/lib/python3.12/site-packages/airflow/example_dags/example_branch_labels.py
[2024-07-16T17:18:01.435+0000] {logging_mixin.py:188} INFO - [2024-07-16T17:18:01.435+0000] {dag.py:3089} INFO - Sync 1 DAGs
[2024-07-16T17:18:01.452+0000] {logging_mixin.py:188} INFO - [2024-07-16T17:18:01.452+0000] {dag.py:3947} INFO - Setting next_dagrun for example_branch_labels to 2024-07-15 00:00:00+00:00, run_after=2024-07-16 00:00:00+00:00
[2024-07-16T17:18:01.469+0000] {processor.py:183} INFO - Processing /home/airflow/.local/lib/python3.12/site-packages/airflow/example_dags/example_branch_labels.py took 0.141 seconds
[2024-07-16T17:18:32.222+0000] {processor.py:161} INFO - Started process (PID=831) to work on /home/airflow/.local/lib/python3.12/site-packages/airflow/example_dags/example_branch_labels.py
[2024-07-16T17:18:32.224+0000] {processor.py:830} INFO - Processing file /home/airflow/.local/lib/python3.12/site-packages/airflow/example_dags/example_branch_labels.py for tasks to queue
[2024-07-16T17:18:32.225+0000] {logging_mixin.py:188} INFO - [2024-07-16T17:18:32.225+0000] {dagbag.py:545} INFO - Filling up the DagBag from /home/airflow/.local/lib/python3.12/site-packages/airflow/example_dags/example_branch_labels.py
[2024-07-16T17:18:32.231+0000] {processor.py:840} INFO - DAG(s) 'example_branch_labels' retrieved from /home/airflow/.local/lib/python3.12/site-packages/airflow/example_dags/example_branch_labels.py
[2024-07-16T17:18:32.250+0000] {logging_mixin.py:188} INFO - [2024-07-16T17:18:32.249+0000] {dag.py:3089} INFO - Sync 1 DAGs
[2024-07-16T17:18:32.269+0000] {logging_mixin.py:188} INFO - [2024-07-16T17:18:32.269+0000] {dag.py:3947} INFO - Setting next_dagrun for example_branch_labels to 2024-07-15 00:00:00+00:00, run_after=2024-07-16 00:00:00+00:00
[2024-07-16T17:18:32.287+0000] {processor.py:183} INFO - Processing /home/airflow/.local/lib/python3.12/site-packages/airflow/example_dags/example_branch_labels.py took 0.071 seconds
[2024-07-16T17:19:03.172+0000] {processor.py:161} INFO - Started process (PID=1093) to work on /home/airflow/.local/lib/python3.12/site-packages/airflow/example_dags/example_branch_labels.py
[2024-07-16T17:19:03.174+0000] {processor.py:830} INFO - Processing file /home/airflow/.local/lib/python3.12/site-packages/airflow/example_dags/example_branch_labels.py for tasks to queue
[2024-07-16T17:19:03.175+0000] {logging_mixin.py:188} INFO - [2024-07-16T17:19:03.175+0000] {dagbag.py:545} INFO - Filling up the DagBag from /home/airflow/.local/lib/python3.12/site-packages/airflow/example_dags/example_branch_labels.py
[2024-07-16T17:19:03.182+0000] {processor.py:840} INFO - DAG(s) 'example_branch_labels' retrieved from /home/airflow/.local/lib/python3.12/site-packages/airflow/example_dags/example_branch_labels.py
[2024-07-16T17:19:03.203+0000] {logging_mixin.py:188} INFO - [2024-07-16T17:19:03.202+0000] {dag.py:3089} INFO - Sync 1 DAGs
[2024-07-16T17:19:03.225+0000] {logging_mixin.py:188} INFO - [2024-07-16T17:19:03.225+0000] {dag.py:3947} INFO - Setting next_dagrun for example_branch_labels to 2024-07-15 00:00:00+00:00, run_after=2024-07-16 00:00:00+00:00
[2024-07-16T17:19:03.245+0000] {processor.py:183} INFO - Processing /home/airflow/.local/lib/python3.12/site-packages/airflow/example_dags/example_branch_labels.py took 0.079 seconds
[2024-07-16T17:19:33.363+0000] {processor.py:161} INFO - Started process (PID=1355) to work on /home/airflow/.local/lib/python3.12/site-packages/airflow/example_dags/example_branch_labels.py
[2024-07-16T17:19:33.364+0000] {processor.py:830} INFO - Processing file /home/airflow/.local/lib/python3.12/site-packages/airflow/example_dags/example_branch_labels.py for tasks to queue
[2024-07-16T17:19:33.365+0000] {logging_mixin.py:188} INFO - [2024-07-16T17:19:33.365+0000] {dagbag.py:545} INFO - Filling up the DagBag from /home/airflow/.local/lib/python3.12/site-packages/airflow/example_dags/example_branch_labels.py
[2024-07-16T17:19:33.372+0000] {processor.py:840} INFO - DAG(s) 'example_branch_labels' retrieved from /home/airflow/.local/lib/python3.12/site-packages/airflow/example_dags/example_branch_labels.py
[2024-07-16T17:19:33.390+0000] {logging_mixin.py:188} INFO - [2024-07-16T17:19:33.390+0000] {dag.py:3089} INFO - Sync 1 DAGs
[2024-07-16T17:19:33.409+0000] {logging_mixin.py:188} INFO - [2024-07-16T17:19:33.409+0000] {dag.py:3947} INFO - Setting next_dagrun for example_branch_labels to 2024-07-15 00:00:00+00:00, run_after=2024-07-16 00:00:00+00:00
[2024-07-16T17:19:33.424+0000] {processor.py:183} INFO - Processing /home/airflow/.local/lib/python3.12/site-packages/airflow/example_dags/example_branch_labels.py took 0.067 seconds
[2024-07-16T17:20:03.851+0000] {processor.py:161} INFO - Started process (PID=1617) to work on /home/airflow/.local/lib/python3.12/site-packages/airflow/example_dags/example_branch_labels.py
[2024-07-16T17:20:03.852+0000] {processor.py:830} INFO - Processing file /home/airflow/.local/lib/python3.12/site-packages/airflow/example_dags/example_branch_labels.py for tasks to queue
[2024-07-16T17:20:03.854+0000] {logging_mixin.py:188} INFO - [2024-07-16T17:20:03.853+0000] {dagbag.py:545} INFO - Filling up the DagBag from /home/airflow/.local/lib/python3.12/site-packages/airflow/example_dags/example_branch_labels.py
[2024-07-16T17:20:03.861+0000] {processor.py:840} INFO - DAG(s) 'example_branch_labels' retrieved from /home/airflow/.local/lib/python3.12/site-packages/airflow/example_dags/example_branch_labels.py
[2024-07-16T17:20:03.879+0000] {logging_mixin.py:188} INFO - [2024-07-16T17:20:03.879+0000] {dag.py:3089} INFO - Sync 1 DAGs
[2024-07-16T17:20:03.899+0000] {logging_mixin.py:188} INFO - [2024-07-16T17:20:03.899+0000] {dag.py:3947} INFO - Setting next_dagrun for example_branch_labels to 2024-07-15 00:00:00+00:00, run_after=2024-07-16 00:00:00+00:00
[2024-07-16T17:20:03.917+0000] {processor.py:183} INFO - Processing /home/airflow/.local/lib/python3.12/site-packages/airflow/example_dags/example_branch_labels.py took 0.072 seconds
[2024-07-16T17:20:34.526+0000] {processor.py:161} INFO - Started process (PID=1880) to work on /home/airflow/.local/lib/python3.12/site-packages/airflow/example_dags/example_branch_labels.py
[2024-07-16T17:20:34.528+0000] {processor.py:830} INFO - Processing file /home/airflow/.local/lib/python3.12/site-packages/airflow/example_dags/example_branch_labels.py for tasks to queue
[2024-07-16T17:20:34.529+0000] {logging_mixin.py:188} INFO - [2024-07-16T17:20:34.529+0000] {dagbag.py:545} INFO - Filling up the DagBag from /home/airflow/.local/lib/python3.12/site-packages/airflow/example_dags/example_branch_labels.py
[2024-07-16T17:20:34.536+0000] {processor.py:840} INFO - DAG(s) 'example_branch_labels' retrieved from /home/airflow/.local/lib/python3.12/site-packages/airflow/example_dags/example_branch_labels.py
[2024-07-16T17:20:34.555+0000] {logging_mixin.py:188} INFO - [2024-07-16T17:20:34.555+0000] {dag.py:3089} INFO - Sync 1 DAGs
[2024-07-16T17:20:34.574+0000] {logging_mixin.py:188} INFO - [2024-07-16T17:20:34.574+0000] {dag.py:3947} INFO - Setting next_dagrun for example_branch_labels to 2024-07-15 00:00:00+00:00, run_after=2024-07-16 00:00:00+00:00
[2024-07-16T17:20:34.591+0000] {processor.py:183} INFO - Processing /home/airflow/.local/lib/python3.12/site-packages/airflow/example_dags/example_branch_labels.py took 0.070 seconds
[2024-07-16T17:21:05.085+0000] {processor.py:161} INFO - Started process (PID=2142) to work on /home/airflow/.local/lib/python3.12/site-packages/airflow/example_dags/example_branch_labels.py
[2024-07-16T17:21:05.086+0000] {processor.py:830} INFO - Processing file /home/airflow/.local/lib/python3.12/site-packages/airflow/example_dags/example_branch_labels.py for tasks to queue
[2024-07-16T17:21:05.088+0000] {logging_mixin.py:188} INFO - [2024-07-16T17:21:05.087+0000] {dagbag.py:545} INFO - Filling up the DagBag from /home/airflow/.local/lib/python3.12/site-packages/airflow/example_dags/example_branch_labels.py
[2024-07-16T17:21:05.095+0000] {processor.py:840} INFO - DAG(s) 'example_branch_labels' retrieved from /home/airflow/.local/lib/python3.12/site-packages/airflow/example_dags/example_branch_labels.py
[2024-07-16T17:21:05.114+0000] {logging_mixin.py:188} INFO - [2024-07-16T17:21:05.114+0000] {dag.py:3089} INFO - Sync 1 DAGs
[2024-07-16T17:21:05.133+0000] {logging_mixin.py:188} INFO - [2024-07-16T17:21:05.133+0000] {dag.py:3947} INFO - Setting next_dagrun for example_branch_labels to 2024-07-15 00:00:00+00:00, run_after=2024-07-16 00:00:00+00:00
[2024-07-16T17:21:05.149+0000] {processor.py:183} INFO - Processing /home/airflow/.local/lib/python3.12/site-packages/airflow/example_dags/example_branch_labels.py took 0.071 seconds
[2024-07-16T17:21:35.615+0000] {processor.py:161} INFO - Started process (PID=2403) to work on /home/airflow/.local/lib/python3.12/site-packages/airflow/example_dags/example_branch_labels.py
[2024-07-16T17:21:35.616+0000] {processor.py:830} INFO - Processing file /home/airflow/.local/lib/python3.12/site-packages/airflow/example_dags/example_branch_labels.py for tasks to queue
[2024-07-16T17:21:35.618+0000] {logging_mixin.py:188} INFO - [2024-07-16T17:21:35.617+0000] {dagbag.py:545} INFO - Filling up the DagBag from /home/airflow/.local/lib/python3.12/site-packages/airflow/example_dags/example_branch_labels.py
[2024-07-16T17:21:35.625+0000] {processor.py:840} INFO - DAG(s) 'example_branch_labels' retrieved from /home/airflow/.local/lib/python3.12/site-packages/airflow/example_dags/example_branch_labels.py
[2024-07-16T17:21:35.642+0000] {logging_mixin.py:188} INFO - [2024-07-16T17:21:35.642+0000] {dag.py:3089} INFO - Sync 1 DAGs
[2024-07-16T17:21:35.663+0000] {logging_mixin.py:188} INFO - [2024-07-16T17:21:35.663+0000] {dag.py:3947} INFO - Setting next_dagrun for example_branch_labels to 2024-07-15 00:00:00+00:00, run_after=2024-07-16 00:00:00+00:00
[2024-07-16T17:21:35.681+0000] {processor.py:183} INFO - Processing /home/airflow/.local/lib/python3.12/site-packages/airflow/example_dags/example_branch_labels.py took 0.072 seconds
[2024-07-16T17:22:06.090+0000] {processor.py:161} INFO - Started process (PID=2665) to work on /home/airflow/.local/lib/python3.12/site-packages/airflow/example_dags/example_branch_labels.py
[2024-07-16T17:22:06.092+0000] {processor.py:830} INFO - Processing file /home/airflow/.local/lib/python3.12/site-packages/airflow/example_dags/example_branch_labels.py for tasks to queue
[2024-07-16T17:22:06.093+0000] {logging_mixin.py:188} INFO - [2024-07-16T17:22:06.093+0000] {dagbag.py:545} INFO - Filling up the DagBag from /home/airflow/.local/lib/python3.12/site-packages/airflow/example_dags/example_branch_labels.py
[2024-07-16T17:22:06.100+0000] {processor.py:840} INFO - DAG(s) 'example_branch_labels' retrieved from /home/airflow/.local/lib/python3.12/site-packages/airflow/example_dags/example_branch_labels.py
[2024-07-16T17:22:06.119+0000] {logging_mixin.py:188} INFO - [2024-07-16T17:22:06.119+0000] {dag.py:3089} INFO - Sync 1 DAGs
[2024-07-16T17:22:06.139+0000] {logging_mixin.py:188} INFO - [2024-07-16T17:22:06.139+0000] {dag.py:3947} INFO - Setting next_dagrun for example_branch_labels to 2024-07-15 00:00:00+00:00, run_after=2024-07-16 00:00:00+00:00
[2024-07-16T17:22:06.155+0000] {processor.py:183} INFO - Processing /home/airflow/.local/lib/python3.12/site-packages/airflow/example_dags/example_branch_labels.py took 0.070 seconds
[2024-07-16T17:22:36.797+0000] {processor.py:161} INFO - Started process (PID=2927) to work on /home/airflow/.local/lib/python3.12/site-packages/airflow/example_dags/example_branch_labels.py
[2024-07-16T17:22:36.798+0000] {processor.py:830} INFO - Processing file /home/airflow/.local/lib/python3.12/site-packages/airflow/example_dags/example_branch_labels.py for tasks to queue
[2024-07-16T17:22:36.800+0000] {logging_mixin.py:188} INFO - [2024-07-16T17:22:36.799+0000] {dagbag.py:545} INFO - Filling up the DagBag from /home/airflow/.local/lib/python3.12/site-packages/airflow/example_dags/example_branch_labels.py
[2024-07-16T17:22:36.806+0000] {processor.py:840} INFO - DAG(s) 'example_branch_labels' retrieved from /home/airflow/.local/lib/python3.12/site-packages/airflow/example_dags/example_branch_labels.py
[2024-07-16T17:22:36.824+0000] {logging_mixin.py:188} INFO - [2024-07-16T17:22:36.824+0000] {dag.py:3089} INFO - Sync 1 DAGs
[2024-07-16T17:22:36.843+0000] {logging_mixin.py:188} INFO - [2024-07-16T17:22:36.843+0000] {dag.py:3947} INFO - Setting next_dagrun for example_branch_labels to 2024-07-15 00:00:00+00:00, run_after=2024-07-16 00:00:00+00:00
[2024-07-16T17:22:36.860+0000] {processor.py:183} INFO - Processing /home/airflow/.local/lib/python3.12/site-packages/airflow/example_dags/example_branch_labels.py took 0.070 seconds
[2024-07-16T17:23:07.600+0000] {processor.py:161} INFO - Started process (PID=3191) to work on /home/airflow/.local/lib/python3.12/site-packages/airflow/example_dags/example_branch_labels.py
[2024-07-16T17:23:07.602+0000] {processor.py:830} INFO - Processing file /home/airflow/.local/lib/python3.12/site-packages/airflow/example_dags/example_branch_labels.py for tasks to queue
[2024-07-16T17:23:07.604+0000] {logging_mixin.py:188} INFO - [2024-07-16T17:23:07.603+0000] {dagbag.py:545} INFO - Filling up the DagBag from /home/airflow/.local/lib/python3.12/site-packages/airflow/example_dags/example_branch_labels.py
[2024-07-16T17:23:07.611+0000] {processor.py:840} INFO - DAG(s) 'example_branch_labels' retrieved from /home/airflow/.local/lib/python3.12/site-packages/airflow/example_dags/example_branch_labels.py
[2024-07-16T17:23:07.632+0000] {logging_mixin.py:188} INFO - [2024-07-16T17:23:07.631+0000] {dag.py:3089} INFO - Sync 1 DAGs
[2024-07-16T17:23:07.655+0000] {logging_mixin.py:188} INFO - [2024-07-16T17:23:07.654+0000] {dag.py:3947} INFO - Setting next_dagrun for example_branch_labels to 2024-07-15 00:00:00+00:00, run_after=2024-07-16 00:00:00+00:00
[2024-07-16T17:23:07.674+0000] {processor.py:183} INFO - Processing /home/airflow/.local/lib/python3.12/site-packages/airflow/example_dags/example_branch_labels.py took 0.079 seconds
[2024-07-16T17:23:38.790+0000] {processor.py:161} INFO - Started process (PID=3453) to work on /home/airflow/.local/lib/python3.12/site-packages/airflow/example_dags/example_branch_labels.py
[2024-07-16T17:23:38.791+0000] {processor.py:830} INFO - Processing file /home/airflow/.local/lib/python3.12/site-packages/airflow/example_dags/example_branch_labels.py for tasks to queue
[2024-07-16T17:23:38.793+0000] {logging_mixin.py:188} INFO - [2024-07-16T17:23:38.793+0000] {dagbag.py:545} INFO - Filling up the DagBag from /home/airflow/.local/lib/python3.12/site-packages/airflow/example_dags/example_branch_labels.py
[2024-07-16T17:23:38.803+0000] {processor.py:840} INFO - DAG(s) 'example_branch_labels' retrieved from /home/airflow/.local/lib/python3.12/site-packages/airflow/example_dags/example_branch_labels.py
[2024-07-16T17:23:38.832+0000] {logging_mixin.py:188} INFO - [2024-07-16T17:23:38.831+0000] {dag.py:3089} INFO - Sync 1 DAGs
[2024-07-16T17:23:38.859+0000] {logging_mixin.py:188} INFO - [2024-07-16T17:23:38.858+0000] {dag.py:3947} INFO - Setting next_dagrun for example_branch_labels to 2024-07-15 00:00:00+00:00, run_after=2024-07-16 00:00:00+00:00
[2024-07-16T17:23:38.878+0000] {processor.py:183} INFO - Processing /home/airflow/.local/lib/python3.12/site-packages/airflow/example_dags/example_branch_labels.py took 0.095 seconds
[2024-07-16T17:24:09.108+0000] {processor.py:161} INFO - Started process (PID=3715) to work on /home/airflow/.local/lib/python3.12/site-packages/airflow/example_dags/example_branch_labels.py
[2024-07-16T17:24:09.110+0000] {processor.py:830} INFO - Processing file /home/airflow/.local/lib/python3.12/site-packages/airflow/example_dags/example_branch_labels.py for tasks to queue
[2024-07-16T17:24:09.111+0000] {logging_mixin.py:188} INFO - [2024-07-16T17:24:09.111+0000] {dagbag.py:545} INFO - Filling up the DagBag from /home/airflow/.local/lib/python3.12/site-packages/airflow/example_dags/example_branch_labels.py
[2024-07-16T17:24:09.117+0000] {processor.py:840} INFO - DAG(s) 'example_branch_labels' retrieved from /home/airflow/.local/lib/python3.12/site-packages/airflow/example_dags/example_branch_labels.py
[2024-07-16T17:24:09.135+0000] {logging_mixin.py:188} INFO - [2024-07-16T17:24:09.135+0000] {dag.py:3089} INFO - Sync 1 DAGs
[2024-07-16T17:24:09.152+0000] {logging_mixin.py:188} INFO - [2024-07-16T17:24:09.152+0000] {dag.py:3947} INFO - Setting next_dagrun for example_branch_labels to 2024-07-15 00:00:00+00:00, run_after=2024-07-16 00:00:00+00:00
[2024-07-16T17:24:09.172+0000] {processor.py:183} INFO - Processing /home/airflow/.local/lib/python3.12/site-packages/airflow/example_dags/example_branch_labels.py took 0.068 seconds
[2024-07-16T17:24:39.256+0000] {processor.py:161} INFO - Started process (PID=3974) to work on /home/airflow/.local/lib/python3.12/site-packages/airflow/example_dags/example_branch_labels.py
[2024-07-16T17:24:39.258+0000] {processor.py:830} INFO - Processing file /home/airflow/.local/lib/python3.12/site-packages/airflow/example_dags/example_branch_labels.py for tasks to queue
[2024-07-16T17:24:39.260+0000] {logging_mixin.py:188} INFO - [2024-07-16T17:24:39.260+0000] {dagbag.py:545} INFO - Filling up the DagBag from /home/airflow/.local/lib/python3.12/site-packages/airflow/example_dags/example_branch_labels.py
[2024-07-16T17:24:39.267+0000] {processor.py:840} INFO - DAG(s) 'example_branch_labels' retrieved from /home/airflow/.local/lib/python3.12/site-packages/airflow/example_dags/example_branch_labels.py
[2024-07-16T17:24:39.286+0000] {logging_mixin.py:188} INFO - [2024-07-16T17:24:39.286+0000] {dag.py:3089} INFO - Sync 1 DAGs
[2024-07-16T17:24:39.305+0000] {logging_mixin.py:188} INFO - [2024-07-16T17:24:39.305+0000] {dag.py:3947} INFO - Setting next_dagrun for example_branch_labels to 2024-07-15 00:00:00+00:00, run_after=2024-07-16 00:00:00+00:00
[2024-07-16T17:24:39.321+0000] {processor.py:183} INFO - Processing /home/airflow/.local/lib/python3.12/site-packages/airflow/example_dags/example_branch_labels.py took 0.070 seconds
[2024-07-16T17:25:09.440+0000] {processor.py:161} INFO - Started process (PID=4236) to work on /home/airflow/.local/lib/python3.12/site-packages/airflow/example_dags/example_branch_labels.py
[2024-07-16T17:25:09.441+0000] {processor.py:830} INFO - Processing file /home/airflow/.local/lib/python3.12/site-packages/airflow/example_dags/example_branch_labels.py for tasks to queue
[2024-07-16T17:25:09.442+0000] {logging_mixin.py:188} INFO - [2024-07-16T17:25:09.442+0000] {dagbag.py:545} INFO - Filling up the DagBag from /home/airflow/.local/lib/python3.12/site-packages/airflow/example_dags/example_branch_labels.py
[2024-07-16T17:25:09.449+0000] {processor.py:840} INFO - DAG(s) 'example_branch_labels' retrieved from /home/airflow/.local/lib/python3.12/site-packages/airflow/example_dags/example_branch_labels.py
[2024-07-16T17:25:09.468+0000] {logging_mixin.py:188} INFO - [2024-07-16T17:25:09.467+0000] {dag.py:3089} INFO - Sync 1 DAGs
[2024-07-16T17:25:09.486+0000] {logging_mixin.py:188} INFO - [2024-07-16T17:25:09.486+0000] {dag.py:3947} INFO - Setting next_dagrun for example_branch_labels to 2024-07-15 00:00:00+00:00, run_after=2024-07-16 00:00:00+00:00
[2024-07-16T17:25:09.504+0000] {processor.py:183} INFO - Processing /home/airflow/.local/lib/python3.12/site-packages/airflow/example_dags/example_branch_labels.py took 0.069 seconds
[2024-07-16T17:25:40.406+0000] {processor.py:161} INFO - Started process (PID=4500) to work on /home/airflow/.local/lib/python3.12/site-packages/airflow/example_dags/example_branch_labels.py
[2024-07-16T17:25:40.409+0000] {processor.py:830} INFO - Processing file /home/airflow/.local/lib/python3.12/site-packages/airflow/example_dags/example_branch_labels.py for tasks to queue
[2024-07-16T17:25:40.411+0000] {logging_mixin.py:188} INFO - [2024-07-16T17:25:40.410+0000] {dagbag.py:545} INFO - Filling up the DagBag from /home/airflow/.local/lib/python3.12/site-packages/airflow/example_dags/example_branch_labels.py
[2024-07-16T17:25:40.418+0000] {processor.py:840} INFO - DAG(s) 'example_branch_labels' retrieved from /home/airflow/.local/lib/python3.12/site-packages/airflow/example_dags/example_branch_labels.py
[2024-07-16T17:25:40.438+0000] {logging_mixin.py:188} INFO - [2024-07-16T17:25:40.438+0000] {dag.py:3089} INFO - Sync 1 DAGs
[2024-07-16T17:25:40.459+0000] {logging_mixin.py:188} INFO - [2024-07-16T17:25:40.459+0000] {dag.py:3947} INFO - Setting next_dagrun for example_branch_labels to 2024-07-15 00:00:00+00:00, run_after=2024-07-16 00:00:00+00:00
[2024-07-16T17:25:40.477+0000] {processor.py:183} INFO - Processing /home/airflow/.local/lib/python3.12/site-packages/airflow/example_dags/example_branch_labels.py took 0.076 seconds
[2024-07-16T17:26:10.709+0000] {processor.py:161} INFO - Started process (PID=4762) to work on /home/airflow/.local/lib/python3.12/site-packages/airflow/example_dags/example_branch_labels.py
[2024-07-16T17:26:10.711+0000] {processor.py:830} INFO - Processing file /home/airflow/.local/lib/python3.12/site-packages/airflow/example_dags/example_branch_labels.py for tasks to queue
[2024-07-16T17:26:10.713+0000] {logging_mixin.py:188} INFO - [2024-07-16T17:26:10.712+0000] {dagbag.py:545} INFO - Filling up the DagBag from /home/airflow/.local/lib/python3.12/site-packages/airflow/example_dags/example_branch_labels.py
[2024-07-16T17:26:10.718+0000] {processor.py:840} INFO - DAG(s) 'example_branch_labels' retrieved from /home/airflow/.local/lib/python3.12/site-packages/airflow/example_dags/example_branch_labels.py
[2024-07-16T17:26:10.734+0000] {logging_mixin.py:188} INFO - [2024-07-16T17:26:10.734+0000] {dag.py:3089} INFO - Sync 1 DAGs
[2024-07-16T17:26:10.751+0000] {logging_mixin.py:188} INFO - [2024-07-16T17:26:10.750+0000] {dag.py:3947} INFO - Setting next_dagrun for example_branch_labels to 2024-07-15 00:00:00+00:00, run_after=2024-07-16 00:00:00+00:00
[2024-07-16T17:26:10.767+0000] {processor.py:183} INFO - Processing /home/airflow/.local/lib/python3.12/site-packages/airflow/example_dags/example_branch_labels.py took 0.063 seconds
[2024-07-16T17:26:41.491+0000] {processor.py:161} INFO - Started process (PID=5022) to work on /home/airflow/.local/lib/python3.12/site-packages/airflow/example_dags/example_branch_labels.py
[2024-07-16T17:26:41.494+0000] {processor.py:830} INFO - Processing file /home/airflow/.local/lib/python3.12/site-packages/airflow/example_dags/example_branch_labels.py for tasks to queue
[2024-07-16T17:26:41.495+0000] {logging_mixin.py:188} INFO - [2024-07-16T17:26:41.495+0000] {dagbag.py:545} INFO - Filling up the DagBag from /home/airflow/.local/lib/python3.12/site-packages/airflow/example_dags/example_branch_labels.py
[2024-07-16T17:26:41.502+0000] {processor.py:840} INFO - DAG(s) 'example_branch_labels' retrieved from /home/airflow/.local/lib/python3.12/site-packages/airflow/example_dags/example_branch_labels.py
[2024-07-16T17:26:41.522+0000] {logging_mixin.py:188} INFO - [2024-07-16T17:26:41.522+0000] {dag.py:3089} INFO - Sync 1 DAGs
[2024-07-16T17:26:41.543+0000] {logging_mixin.py:188} INFO - [2024-07-16T17:26:41.542+0000] {dag.py:3947} INFO - Setting next_dagrun for example_branch_labels to 2024-07-15 00:00:00+00:00, run_after=2024-07-16 00:00:00+00:00
[2024-07-16T17:26:41.562+0000] {processor.py:183} INFO - Processing /home/airflow/.local/lib/python3.12/site-packages/airflow/example_dags/example_branch_labels.py took 0.076 seconds
[2024-07-16T17:27:11.593+0000] {processor.py:161} INFO - Started process (PID=5284) to work on /home/airflow/.local/lib/python3.12/site-packages/airflow/example_dags/example_branch_labels.py
[2024-07-16T17:27:11.595+0000] {processor.py:830} INFO - Processing file /home/airflow/.local/lib/python3.12/site-packages/airflow/example_dags/example_branch_labels.py for tasks to queue
[2024-07-16T17:27:11.597+0000] {logging_mixin.py:188} INFO - [2024-07-16T17:27:11.597+0000] {dagbag.py:545} INFO - Filling up the DagBag from /home/airflow/.local/lib/python3.12/site-packages/airflow/example_dags/example_branch_labels.py
[2024-07-16T17:27:11.604+0000] {processor.py:840} INFO - DAG(s) 'example_branch_labels' retrieved from /home/airflow/.local/lib/python3.12/site-packages/airflow/example_dags/example_branch_labels.py
[2024-07-16T17:27:11.621+0000] {logging_mixin.py:188} INFO - [2024-07-16T17:27:11.621+0000] {dag.py:3089} INFO - Sync 1 DAGs
[2024-07-16T17:27:11.639+0000] {logging_mixin.py:188} INFO - [2024-07-16T17:27:11.639+0000] {dag.py:3947} INFO - Setting next_dagrun for example_branch_labels to 2024-07-15 00:00:00+00:00, run_after=2024-07-16 00:00:00+00:00
[2024-07-16T17:27:11.657+0000] {processor.py:183} INFO - Processing /home/airflow/.local/lib/python3.12/site-packages/airflow/example_dags/example_branch_labels.py took 0.068 seconds
[2024-07-16T17:27:42.438+0000] {processor.py:161} INFO - Started process (PID=5546) to work on /home/airflow/.local/lib/python3.12/site-packages/airflow/example_dags/example_branch_labels.py
[2024-07-16T17:27:42.440+0000] {processor.py:830} INFO - Processing file /home/airflow/.local/lib/python3.12/site-packages/airflow/example_dags/example_branch_labels.py for tasks to queue
[2024-07-16T17:27:42.441+0000] {logging_mixin.py:188} INFO - [2024-07-16T17:27:42.441+0000] {dagbag.py:545} INFO - Filling up the DagBag from /home/airflow/.local/lib/python3.12/site-packages/airflow/example_dags/example_branch_labels.py
[2024-07-16T17:27:42.448+0000] {processor.py:840} INFO - DAG(s) 'example_branch_labels' retrieved from /home/airflow/.local/lib/python3.12/site-packages/airflow/example_dags/example_branch_labels.py
[2024-07-16T17:27:42.467+0000] {logging_mixin.py:188} INFO - [2024-07-16T17:27:42.466+0000] {dag.py:3089} INFO - Sync 1 DAGs
[2024-07-16T17:27:42.485+0000] {logging_mixin.py:188} INFO - [2024-07-16T17:27:42.485+0000] {dag.py:3947} INFO - Setting next_dagrun for example_branch_labels to 2024-07-15 00:00:00+00:00, run_after=2024-07-16 00:00:00+00:00
[2024-07-16T17:27:42.502+0000] {processor.py:183} INFO - Processing /home/airflow/.local/lib/python3.12/site-packages/airflow/example_dags/example_branch_labels.py took 0.070 seconds
[2024-07-16T17:28:12.969+0000] {processor.py:161} INFO - Started process (PID=5816) to work on /home/airflow/.local/lib/python3.12/site-packages/airflow/example_dags/example_branch_labels.py
[2024-07-16T17:28:12.971+0000] {processor.py:830} INFO - Processing file /home/airflow/.local/lib/python3.12/site-packages/airflow/example_dags/example_branch_labels.py for tasks to queue
[2024-07-16T17:28:12.973+0000] {logging_mixin.py:188} INFO - [2024-07-16T17:28:12.973+0000] {dagbag.py:545} INFO - Filling up the DagBag from /home/airflow/.local/lib/python3.12/site-packages/airflow/example_dags/example_branch_labels.py
[2024-07-16T17:28:12.979+0000] {processor.py:840} INFO - DAG(s) 'example_branch_labels' retrieved from /home/airflow/.local/lib/python3.12/site-packages/airflow/example_dags/example_branch_labels.py
[2024-07-16T17:28:12.998+0000] {logging_mixin.py:188} INFO - [2024-07-16T17:28:12.998+0000] {dag.py:3089} INFO - Sync 1 DAGs
[2024-07-16T17:28:13.017+0000] {logging_mixin.py:188} INFO - [2024-07-16T17:28:13.017+0000] {dag.py:3947} INFO - Setting next_dagrun for example_branch_labels to 2024-07-15 00:00:00+00:00, run_after=2024-07-16 00:00:00+00:00
[2024-07-16T17:28:13.034+0000] {processor.py:183} INFO - Processing /home/airflow/.local/lib/python3.12/site-packages/airflow/example_dags/example_branch_labels.py took 0.070 seconds
[2024-07-16T17:28:43.116+0000] {processor.py:161} INFO - Started process (PID=6078) to work on /home/airflow/.local/lib/python3.12/site-packages/airflow/example_dags/example_branch_labels.py
[2024-07-16T17:28:43.117+0000] {processor.py:830} INFO - Processing file /home/airflow/.local/lib/python3.12/site-packages/airflow/example_dags/example_branch_labels.py for tasks to queue
[2024-07-16T17:28:43.119+0000] {logging_mixin.py:188} INFO - [2024-07-16T17:28:43.119+0000] {dagbag.py:545} INFO - Filling up the DagBag from /home/airflow/.local/lib/python3.12/site-packages/airflow/example_dags/example_branch_labels.py
[2024-07-16T17:28:43.125+0000] {processor.py:840} INFO - DAG(s) 'example_branch_labels' retrieved from /home/airflow/.local/lib/python3.12/site-packages/airflow/example_dags/example_branch_labels.py
[2024-07-16T17:28:43.150+0000] {logging_mixin.py:188} INFO - [2024-07-16T17:28:43.150+0000] {dag.py:3089} INFO - Sync 1 DAGs
[2024-07-16T17:28:43.169+0000] {logging_mixin.py:188} INFO - [2024-07-16T17:28:43.169+0000] {dag.py:3947} INFO - Setting next_dagrun for example_branch_labels to 2024-07-15 00:00:00+00:00, run_after=2024-07-16 00:00:00+00:00
[2024-07-16T17:28:43.187+0000] {processor.py:183} INFO - Processing /home/airflow/.local/lib/python3.12/site-packages/airflow/example_dags/example_branch_labels.py took 0.075 seconds
[2024-07-16T17:29:13.804+0000] {processor.py:161} INFO - Started process (PID=6342) to work on /home/airflow/.local/lib/python3.12/site-packages/airflow/example_dags/example_branch_labels.py
[2024-07-16T17:29:13.806+0000] {processor.py:830} INFO - Processing file /home/airflow/.local/lib/python3.12/site-packages/airflow/example_dags/example_branch_labels.py for tasks to queue
[2024-07-16T17:29:13.808+0000] {logging_mixin.py:188} INFO - [2024-07-16T17:29:13.808+0000] {dagbag.py:545} INFO - Filling up the DagBag from /home/airflow/.local/lib/python3.12/site-packages/airflow/example_dags/example_branch_labels.py
[2024-07-16T17:29:13.818+0000] {processor.py:840} INFO - DAG(s) 'example_branch_labels' retrieved from /home/airflow/.local/lib/python3.12/site-packages/airflow/example_dags/example_branch_labels.py
[2024-07-16T17:29:13.840+0000] {logging_mixin.py:188} INFO - [2024-07-16T17:29:13.839+0000] {dag.py:3089} INFO - Sync 1 DAGs
[2024-07-16T17:29:13.859+0000] {logging_mixin.py:188} INFO - [2024-07-16T17:29:13.859+0000] {dag.py:3947} INFO - Setting next_dagrun for example_branch_labels to 2024-07-15 00:00:00+00:00, run_after=2024-07-16 00:00:00+00:00
[2024-07-16T17:29:13.875+0000] {processor.py:183} INFO - Processing /home/airflow/.local/lib/python3.12/site-packages/airflow/example_dags/example_branch_labels.py took 0.078 seconds
[2024-07-16T17:29:44.422+0000] {processor.py:161} INFO - Started process (PID=6602) to work on /home/airflow/.local/lib/python3.12/site-packages/airflow/example_dags/example_branch_labels.py
[2024-07-16T17:29:44.424+0000] {processor.py:830} INFO - Processing file /home/airflow/.local/lib/python3.12/site-packages/airflow/example_dags/example_branch_labels.py for tasks to queue
[2024-07-16T17:29:44.425+0000] {logging_mixin.py:188} INFO - [2024-07-16T17:29:44.425+0000] {dagbag.py:545} INFO - Filling up the DagBag from /home/airflow/.local/lib/python3.12/site-packages/airflow/example_dags/example_branch_labels.py
[2024-07-16T17:29:44.433+0000] {processor.py:840} INFO - DAG(s) 'example_branch_labels' retrieved from /home/airflow/.local/lib/python3.12/site-packages/airflow/example_dags/example_branch_labels.py
[2024-07-16T17:29:44.453+0000] {logging_mixin.py:188} INFO - [2024-07-16T17:29:44.453+0000] {dag.py:3089} INFO - Sync 1 DAGs
[2024-07-16T17:29:44.474+0000] {logging_mixin.py:188} INFO - [2024-07-16T17:29:44.474+0000] {dag.py:3947} INFO - Setting next_dagrun for example_branch_labels to 2024-07-15 00:00:00+00:00, run_after=2024-07-16 00:00:00+00:00
[2024-07-16T17:29:44.490+0000] {processor.py:183} INFO - Processing /home/airflow/.local/lib/python3.12/site-packages/airflow/example_dags/example_branch_labels.py took 0.074 seconds
[2024-07-16T17:30:14.913+0000] {processor.py:161} INFO - Started process (PID=6867) to work on /home/airflow/.local/lib/python3.12/site-packages/airflow/example_dags/example_branch_labels.py
[2024-07-16T17:30:14.915+0000] {processor.py:830} INFO - Processing file /home/airflow/.local/lib/python3.12/site-packages/airflow/example_dags/example_branch_labels.py for tasks to queue
[2024-07-16T17:30:14.917+0000] {logging_mixin.py:188} INFO - [2024-07-16T17:30:14.916+0000] {dagbag.py:545} INFO - Filling up the DagBag from /home/airflow/.local/lib/python3.12/site-packages/airflow/example_dags/example_branch_labels.py
[2024-07-16T17:30:14.926+0000] {processor.py:840} INFO - DAG(s) 'example_branch_labels' retrieved from /home/airflow/.local/lib/python3.12/site-packages/airflow/example_dags/example_branch_labels.py
[2024-07-16T17:30:14.956+0000] {logging_mixin.py:188} INFO - [2024-07-16T17:30:14.956+0000] {dag.py:3089} INFO - Sync 1 DAGs
[2024-07-16T17:30:15.002+0000] {logging_mixin.py:188} INFO - [2024-07-16T17:30:15.001+0000] {dag.py:3947} INFO - Setting next_dagrun for example_branch_labels to 2024-07-15 00:00:00+00:00, run_after=2024-07-16 00:00:00+00:00
[2024-07-16T17:30:15.021+0000] {processor.py:183} INFO - Processing /home/airflow/.local/lib/python3.12/site-packages/airflow/example_dags/example_branch_labels.py took 0.113 seconds
[2024-07-16T17:30:45.835+0000] {processor.py:161} INFO - Started process (PID=7127) to work on /home/airflow/.local/lib/python3.12/site-packages/airflow/example_dags/example_branch_labels.py
[2024-07-16T17:30:45.837+0000] {processor.py:830} INFO - Processing file /home/airflow/.local/lib/python3.12/site-packages/airflow/example_dags/example_branch_labels.py for tasks to queue
[2024-07-16T17:30:45.839+0000] {logging_mixin.py:188} INFO - [2024-07-16T17:30:45.838+0000] {dagbag.py:545} INFO - Filling up the DagBag from /home/airflow/.local/lib/python3.12/site-packages/airflow/example_dags/example_branch_labels.py
[2024-07-16T17:30:45.845+0000] {processor.py:840} INFO - DAG(s) 'example_branch_labels' retrieved from /home/airflow/.local/lib/python3.12/site-packages/airflow/example_dags/example_branch_labels.py
[2024-07-16T17:30:45.868+0000] {logging_mixin.py:188} INFO - [2024-07-16T17:30:45.868+0000] {dag.py:3089} INFO - Sync 1 DAGs
[2024-07-16T17:30:45.890+0000] {logging_mixin.py:188} INFO - [2024-07-16T17:30:45.889+0000] {dag.py:3947} INFO - Setting next_dagrun for example_branch_labels to 2024-07-15 00:00:00+00:00, run_after=2024-07-16 00:00:00+00:00
[2024-07-16T17:30:45.918+0000] {processor.py:183} INFO - Processing /home/airflow/.local/lib/python3.12/site-packages/airflow/example_dags/example_branch_labels.py took 0.089 seconds
[2024-07-16T17:31:16.020+0000] {processor.py:161} INFO - Started process (PID=7386) to work on /home/airflow/.local/lib/python3.12/site-packages/airflow/example_dags/example_branch_labels.py
[2024-07-16T17:31:16.049+0000] {processor.py:830} INFO - Processing file /home/airflow/.local/lib/python3.12/site-packages/airflow/example_dags/example_branch_labels.py for tasks to queue
[2024-07-16T17:31:16.053+0000] {logging_mixin.py:188} INFO - [2024-07-16T17:31:16.053+0000] {dagbag.py:545} INFO - Filling up the DagBag from /home/airflow/.local/lib/python3.12/site-packages/airflow/example_dags/example_branch_labels.py
[2024-07-16T17:31:16.062+0000] {processor.py:840} INFO - DAG(s) 'example_branch_labels' retrieved from /home/airflow/.local/lib/python3.12/site-packages/airflow/example_dags/example_branch_labels.py
[2024-07-16T17:31:16.081+0000] {logging_mixin.py:188} INFO - [2024-07-16T17:31:16.081+0000] {dag.py:3089} INFO - Sync 1 DAGs
[2024-07-16T17:31:16.102+0000] {logging_mixin.py:188} INFO - [2024-07-16T17:31:16.101+0000] {dag.py:3947} INFO - Setting next_dagrun for example_branch_labels to 2024-07-15 00:00:00+00:00, run_after=2024-07-16 00:00:00+00:00
[2024-07-16T17:31:16.119+0000] {processor.py:183} INFO - Processing /home/airflow/.local/lib/python3.12/site-packages/airflow/example_dags/example_branch_labels.py took 0.104 seconds
[2024-07-16T17:31:46.577+0000] {processor.py:161} INFO - Started process (PID=7648) to work on /home/airflow/.local/lib/python3.12/site-packages/airflow/example_dags/example_branch_labels.py
[2024-07-16T17:31:46.580+0000] {processor.py:830} INFO - Processing file /home/airflow/.local/lib/python3.12/site-packages/airflow/example_dags/example_branch_labels.py for tasks to queue
[2024-07-16T17:31:46.581+0000] {logging_mixin.py:188} INFO - [2024-07-16T17:31:46.581+0000] {dagbag.py:545} INFO - Filling up the DagBag from /home/airflow/.local/lib/python3.12/site-packages/airflow/example_dags/example_branch_labels.py
[2024-07-16T17:31:46.589+0000] {processor.py:840} INFO - DAG(s) 'example_branch_labels' retrieved from /home/airflow/.local/lib/python3.12/site-packages/airflow/example_dags/example_branch_labels.py
[2024-07-16T17:31:46.609+0000] {logging_mixin.py:188} INFO - [2024-07-16T17:31:46.609+0000] {dag.py:3089} INFO - Sync 1 DAGs
[2024-07-16T17:31:46.631+0000] {logging_mixin.py:188} INFO - [2024-07-16T17:31:46.631+0000] {dag.py:3947} INFO - Setting next_dagrun for example_branch_labels to 2024-07-15 00:00:00+00:00, run_after=2024-07-16 00:00:00+00:00
[2024-07-16T17:31:46.652+0000] {processor.py:183} INFO - Processing /home/airflow/.local/lib/python3.12/site-packages/airflow/example_dags/example_branch_labels.py took 0.081 seconds
