[2024-07-16T17:17:27.801+0000] {processor.py:161} INFO - Started process (PID=184) to work on /home/airflow/.local/lib/python3.12/site-packages/airflow/example_dags/example_latest_only_with_trigger.py
[2024-07-16T17:17:27.802+0000] {processor.py:830} INFO - Processing file /home/airflow/.local/lib/python3.12/site-packages/airflow/example_dags/example_latest_only_with_trigger.py for tasks to queue
[2024-07-16T17:17:27.804+0000] {logging_mixin.py:188} INFO - [2024-07-16T17:17:27.803+0000] {dagbag.py:545} INFO - Filling up the DagBag from /home/airflow/.local/lib/python3.12/site-packages/airflow/example_dags/example_latest_only_with_trigger.py
[2024-07-16T17:17:27.812+0000] {processor.py:840} INFO - DAG(s) 'latest_only_with_trigger' retrieved from /home/airflow/.local/lib/python3.12/site-packages/airflow/example_dags/example_latest_only_with_trigger.py
[2024-07-16T17:17:27.823+0000] {logging_mixin.py:188} INFO - [2024-07-16T17:17:27.823+0000] {dag.py:3089} INFO - Sync 1 DAGs
[2024-07-16T17:17:27.846+0000] {logging_mixin.py:188} INFO - [2024-07-16T17:17:27.846+0000] {dag.py:3947} INFO - Setting next_dagrun for latest_only_with_trigger to 2024-07-16 12:00:00+00:00, run_after=2024-07-16 16:00:00+00:00
[2024-07-16T17:17:27.867+0000] {processor.py:183} INFO - Processing /home/airflow/.local/lib/python3.12/site-packages/airflow/example_dags/example_latest_only_with_trigger.py took 0.071 seconds
[2024-07-16T17:17:59.012+0000] {processor.py:161} INFO - Started process (PID=446) to work on /home/airflow/.local/lib/python3.12/site-packages/airflow/example_dags/example_latest_only_with_trigger.py
[2024-07-16T17:17:59.014+0000] {processor.py:830} INFO - Processing file /home/airflow/.local/lib/python3.12/site-packages/airflow/example_dags/example_latest_only_with_trigger.py for tasks to queue
[2024-07-16T17:17:59.016+0000] {logging_mixin.py:188} INFO - [2024-07-16T17:17:59.016+0000] {dagbag.py:545} INFO - Filling up the DagBag from /home/airflow/.local/lib/python3.12/site-packages/airflow/example_dags/example_latest_only_with_trigger.py
[2024-07-16T17:17:59.020+0000] {processor.py:840} INFO - DAG(s) 'latest_only_with_trigger' retrieved from /home/airflow/.local/lib/python3.12/site-packages/airflow/example_dags/example_latest_only_with_trigger.py
[2024-07-16T17:17:59.105+0000] {logging_mixin.py:188} INFO - [2024-07-16T17:17:59.105+0000] {dag.py:3089} INFO - Sync 1 DAGs
[2024-07-16T17:17:59.123+0000] {logging_mixin.py:188} INFO - [2024-07-16T17:17:59.122+0000] {dag.py:3947} INFO - Setting next_dagrun for latest_only_with_trigger to 2024-07-16 12:00:00+00:00, run_after=2024-07-16 16:00:00+00:00
[2024-07-16T17:17:59.143+0000] {processor.py:183} INFO - Processing /home/airflow/.local/lib/python3.12/site-packages/airflow/example_dags/example_latest_only_with_trigger.py took 0.136 seconds
[2024-07-16T17:18:29.865+0000] {processor.py:161} INFO - Started process (PID=707) to work on /home/airflow/.local/lib/python3.12/site-packages/airflow/example_dags/example_latest_only_with_trigger.py
[2024-07-16T17:18:29.868+0000] {processor.py:830} INFO - Processing file /home/airflow/.local/lib/python3.12/site-packages/airflow/example_dags/example_latest_only_with_trigger.py for tasks to queue
[2024-07-16T17:18:29.869+0000] {logging_mixin.py:188} INFO - [2024-07-16T17:18:29.869+0000] {dagbag.py:545} INFO - Filling up the DagBag from /home/airflow/.local/lib/python3.12/site-packages/airflow/example_dags/example_latest_only_with_trigger.py
[2024-07-16T17:18:29.874+0000] {processor.py:840} INFO - DAG(s) 'latest_only_with_trigger' retrieved from /home/airflow/.local/lib/python3.12/site-packages/airflow/example_dags/example_latest_only_with_trigger.py
[2024-07-16T17:18:29.894+0000] {logging_mixin.py:188} INFO - [2024-07-16T17:18:29.894+0000] {dag.py:3089} INFO - Sync 1 DAGs
[2024-07-16T17:18:29.913+0000] {logging_mixin.py:188} INFO - [2024-07-16T17:18:29.913+0000] {dag.py:3947} INFO - Setting next_dagrun for latest_only_with_trigger to 2024-07-16 12:00:00+00:00, run_after=2024-07-16 16:00:00+00:00
[2024-07-16T17:18:29.933+0000] {processor.py:183} INFO - Processing /home/airflow/.local/lib/python3.12/site-packages/airflow/example_dags/example_latest_only_with_trigger.py took 0.073 seconds
[2024-07-16T17:19:00.526+0000] {processor.py:161} INFO - Started process (PID=968) to work on /home/airflow/.local/lib/python3.12/site-packages/airflow/example_dags/example_latest_only_with_trigger.py
[2024-07-16T17:19:00.528+0000] {processor.py:830} INFO - Processing file /home/airflow/.local/lib/python3.12/site-packages/airflow/example_dags/example_latest_only_with_trigger.py for tasks to queue
[2024-07-16T17:19:00.530+0000] {logging_mixin.py:188} INFO - [2024-07-16T17:19:00.529+0000] {dagbag.py:545} INFO - Filling up the DagBag from /home/airflow/.local/lib/python3.12/site-packages/airflow/example_dags/example_latest_only_with_trigger.py
[2024-07-16T17:19:00.537+0000] {processor.py:840} INFO - DAG(s) 'latest_only_with_trigger' retrieved from /home/airflow/.local/lib/python3.12/site-packages/airflow/example_dags/example_latest_only_with_trigger.py
[2024-07-16T17:19:00.560+0000] {logging_mixin.py:188} INFO - [2024-07-16T17:19:00.559+0000] {dag.py:3089} INFO - Sync 1 DAGs
[2024-07-16T17:19:00.583+0000] {logging_mixin.py:188} INFO - [2024-07-16T17:19:00.583+0000] {dag.py:3947} INFO - Setting next_dagrun for latest_only_with_trigger to 2024-07-16 12:00:00+00:00, run_after=2024-07-16 16:00:00+00:00
[2024-07-16T17:19:00.603+0000] {processor.py:183} INFO - Processing /home/airflow/.local/lib/python3.12/site-packages/airflow/example_dags/example_latest_only_with_trigger.py took 0.083 seconds
[2024-07-16T17:19:30.909+0000] {processor.py:161} INFO - Started process (PID=1230) to work on /home/airflow/.local/lib/python3.12/site-packages/airflow/example_dags/example_latest_only_with_trigger.py
[2024-07-16T17:19:30.911+0000] {processor.py:830} INFO - Processing file /home/airflow/.local/lib/python3.12/site-packages/airflow/example_dags/example_latest_only_with_trigger.py for tasks to queue
[2024-07-16T17:19:30.913+0000] {logging_mixin.py:188} INFO - [2024-07-16T17:19:30.913+0000] {dagbag.py:545} INFO - Filling up the DagBag from /home/airflow/.local/lib/python3.12/site-packages/airflow/example_dags/example_latest_only_with_trigger.py
[2024-07-16T17:19:30.917+0000] {processor.py:840} INFO - DAG(s) 'latest_only_with_trigger' retrieved from /home/airflow/.local/lib/python3.12/site-packages/airflow/example_dags/example_latest_only_with_trigger.py
[2024-07-16T17:19:30.934+0000] {logging_mixin.py:188} INFO - [2024-07-16T17:19:30.934+0000] {dag.py:3089} INFO - Sync 1 DAGs
[2024-07-16T17:19:30.955+0000] {logging_mixin.py:188} INFO - [2024-07-16T17:19:30.954+0000] {dag.py:3947} INFO - Setting next_dagrun for latest_only_with_trigger to 2024-07-16 12:00:00+00:00, run_after=2024-07-16 16:00:00+00:00
[2024-07-16T17:19:30.974+0000] {processor.py:183} INFO - Processing /home/airflow/.local/lib/python3.12/site-packages/airflow/example_dags/example_latest_only_with_trigger.py took 0.071 seconds
[2024-07-16T17:20:01.618+0000] {processor.py:161} INFO - Started process (PID=1492) to work on /home/airflow/.local/lib/python3.12/site-packages/airflow/example_dags/example_latest_only_with_trigger.py
[2024-07-16T17:20:01.620+0000] {processor.py:830} INFO - Processing file /home/airflow/.local/lib/python3.12/site-packages/airflow/example_dags/example_latest_only_with_trigger.py for tasks to queue
[2024-07-16T17:20:01.622+0000] {logging_mixin.py:188} INFO - [2024-07-16T17:20:01.622+0000] {dagbag.py:545} INFO - Filling up the DagBag from /home/airflow/.local/lib/python3.12/site-packages/airflow/example_dags/example_latest_only_with_trigger.py
[2024-07-16T17:20:01.627+0000] {processor.py:840} INFO - DAG(s) 'latest_only_with_trigger' retrieved from /home/airflow/.local/lib/python3.12/site-packages/airflow/example_dags/example_latest_only_with_trigger.py
[2024-07-16T17:20:01.647+0000] {logging_mixin.py:188} INFO - [2024-07-16T17:20:01.647+0000] {dag.py:3089} INFO - Sync 1 DAGs
[2024-07-16T17:20:01.665+0000] {logging_mixin.py:188} INFO - [2024-07-16T17:20:01.665+0000] {dag.py:3947} INFO - Setting next_dagrun for latest_only_with_trigger to 2024-07-16 12:00:00+00:00, run_after=2024-07-16 16:00:00+00:00
[2024-07-16T17:20:01.688+0000] {processor.py:183} INFO - Processing /home/airflow/.local/lib/python3.12/site-packages/airflow/example_dags/example_latest_only_with_trigger.py took 0.075 seconds
[2024-07-16T17:20:32.205+0000] {processor.py:161} INFO - Started process (PID=1755) to work on /home/airflow/.local/lib/python3.12/site-packages/airflow/example_dags/example_latest_only_with_trigger.py
[2024-07-16T17:20:32.207+0000] {processor.py:830} INFO - Processing file /home/airflow/.local/lib/python3.12/site-packages/airflow/example_dags/example_latest_only_with_trigger.py for tasks to queue
[2024-07-16T17:20:32.209+0000] {logging_mixin.py:188} INFO - [2024-07-16T17:20:32.209+0000] {dagbag.py:545} INFO - Filling up the DagBag from /home/airflow/.local/lib/python3.12/site-packages/airflow/example_dags/example_latest_only_with_trigger.py
[2024-07-16T17:20:32.214+0000] {processor.py:840} INFO - DAG(s) 'latest_only_with_trigger' retrieved from /home/airflow/.local/lib/python3.12/site-packages/airflow/example_dags/example_latest_only_with_trigger.py
[2024-07-16T17:20:32.233+0000] {logging_mixin.py:188} INFO - [2024-07-16T17:20:32.233+0000] {dag.py:3089} INFO - Sync 1 DAGs
[2024-07-16T17:20:32.254+0000] {logging_mixin.py:188} INFO - [2024-07-16T17:20:32.254+0000] {dag.py:3947} INFO - Setting next_dagrun for latest_only_with_trigger to 2024-07-16 12:00:00+00:00, run_after=2024-07-16 16:00:00+00:00
[2024-07-16T17:20:32.276+0000] {processor.py:183} INFO - Processing /home/airflow/.local/lib/python3.12/site-packages/airflow/example_dags/example_latest_only_with_trigger.py took 0.077 seconds
[2024-07-16T17:21:02.840+0000] {processor.py:161} INFO - Started process (PID=2019) to work on /home/airflow/.local/lib/python3.12/site-packages/airflow/example_dags/example_latest_only_with_trigger.py
[2024-07-16T17:21:02.842+0000] {processor.py:830} INFO - Processing file /home/airflow/.local/lib/python3.12/site-packages/airflow/example_dags/example_latest_only_with_trigger.py for tasks to queue
[2024-07-16T17:21:02.843+0000] {logging_mixin.py:188} INFO - [2024-07-16T17:21:02.843+0000] {dagbag.py:545} INFO - Filling up the DagBag from /home/airflow/.local/lib/python3.12/site-packages/airflow/example_dags/example_latest_only_with_trigger.py
[2024-07-16T17:21:02.847+0000] {processor.py:840} INFO - DAG(s) 'latest_only_with_trigger' retrieved from /home/airflow/.local/lib/python3.12/site-packages/airflow/example_dags/example_latest_only_with_trigger.py
[2024-07-16T17:21:02.867+0000] {logging_mixin.py:188} INFO - [2024-07-16T17:21:02.866+0000] {dag.py:3089} INFO - Sync 1 DAGs
[2024-07-16T17:21:02.886+0000] {logging_mixin.py:188} INFO - [2024-07-16T17:21:02.886+0000] {dag.py:3947} INFO - Setting next_dagrun for latest_only_with_trigger to 2024-07-16 12:00:00+00:00, run_after=2024-07-16 16:00:00+00:00
[2024-07-16T17:21:02.904+0000] {processor.py:183} INFO - Processing /home/airflow/.local/lib/python3.12/site-packages/airflow/example_dags/example_latest_only_with_trigger.py took 0.070 seconds
[2024-07-16T17:21:33.358+0000] {processor.py:161} INFO - Started process (PID=2278) to work on /home/airflow/.local/lib/python3.12/site-packages/airflow/example_dags/example_latest_only_with_trigger.py
[2024-07-16T17:21:33.360+0000] {processor.py:830} INFO - Processing file /home/airflow/.local/lib/python3.12/site-packages/airflow/example_dags/example_latest_only_with_trigger.py for tasks to queue
[2024-07-16T17:21:33.362+0000] {logging_mixin.py:188} INFO - [2024-07-16T17:21:33.361+0000] {dagbag.py:545} INFO - Filling up the DagBag from /home/airflow/.local/lib/python3.12/site-packages/airflow/example_dags/example_latest_only_with_trigger.py
[2024-07-16T17:21:33.366+0000] {processor.py:840} INFO - DAG(s) 'latest_only_with_trigger' retrieved from /home/airflow/.local/lib/python3.12/site-packages/airflow/example_dags/example_latest_only_with_trigger.py
[2024-07-16T17:21:33.389+0000] {logging_mixin.py:188} INFO - [2024-07-16T17:21:33.388+0000] {dag.py:3089} INFO - Sync 1 DAGs
[2024-07-16T17:21:33.412+0000] {logging_mixin.py:188} INFO - [2024-07-16T17:21:33.411+0000] {dag.py:3947} INFO - Setting next_dagrun for latest_only_with_trigger to 2024-07-16 12:00:00+00:00, run_after=2024-07-16 16:00:00+00:00
[2024-07-16T17:21:33.430+0000] {processor.py:183} INFO - Processing /home/airflow/.local/lib/python3.12/site-packages/airflow/example_dags/example_latest_only_with_trigger.py took 0.079 seconds
[2024-07-16T17:22:03.893+0000] {processor.py:161} INFO - Started process (PID=2540) to work on /home/airflow/.local/lib/python3.12/site-packages/airflow/example_dags/example_latest_only_with_trigger.py
[2024-07-16T17:22:03.895+0000] {processor.py:830} INFO - Processing file /home/airflow/.local/lib/python3.12/site-packages/airflow/example_dags/example_latest_only_with_trigger.py for tasks to queue
[2024-07-16T17:22:03.896+0000] {logging_mixin.py:188} INFO - [2024-07-16T17:22:03.896+0000] {dagbag.py:545} INFO - Filling up the DagBag from /home/airflow/.local/lib/python3.12/site-packages/airflow/example_dags/example_latest_only_with_trigger.py
[2024-07-16T17:22:03.900+0000] {processor.py:840} INFO - DAG(s) 'latest_only_with_trigger' retrieved from /home/airflow/.local/lib/python3.12/site-packages/airflow/example_dags/example_latest_only_with_trigger.py
[2024-07-16T17:22:03.919+0000] {logging_mixin.py:188} INFO - [2024-07-16T17:22:03.918+0000] {dag.py:3089} INFO - Sync 1 DAGs
[2024-07-16T17:22:03.937+0000] {logging_mixin.py:188} INFO - [2024-07-16T17:22:03.937+0000] {dag.py:3947} INFO - Setting next_dagrun for latest_only_with_trigger to 2024-07-16 12:00:00+00:00, run_after=2024-07-16 16:00:00+00:00
[2024-07-16T17:22:03.953+0000] {processor.py:183} INFO - Processing /home/airflow/.local/lib/python3.12/site-packages/airflow/example_dags/example_latest_only_with_trigger.py took 0.066 seconds
[2024-07-16T17:22:34.464+0000] {processor.py:161} INFO - Started process (PID=2802) to work on /home/airflow/.local/lib/python3.12/site-packages/airflow/example_dags/example_latest_only_with_trigger.py
[2024-07-16T17:22:34.466+0000] {processor.py:830} INFO - Processing file /home/airflow/.local/lib/python3.12/site-packages/airflow/example_dags/example_latest_only_with_trigger.py for tasks to queue
[2024-07-16T17:22:34.468+0000] {logging_mixin.py:188} INFO - [2024-07-16T17:22:34.468+0000] {dagbag.py:545} INFO - Filling up the DagBag from /home/airflow/.local/lib/python3.12/site-packages/airflow/example_dags/example_latest_only_with_trigger.py
[2024-07-16T17:22:34.473+0000] {processor.py:840} INFO - DAG(s) 'latest_only_with_trigger' retrieved from /home/airflow/.local/lib/python3.12/site-packages/airflow/example_dags/example_latest_only_with_trigger.py
[2024-07-16T17:22:34.494+0000] {logging_mixin.py:188} INFO - [2024-07-16T17:22:34.494+0000] {dag.py:3089} INFO - Sync 1 DAGs
[2024-07-16T17:22:34.516+0000] {logging_mixin.py:188} INFO - [2024-07-16T17:22:34.515+0000] {dag.py:3947} INFO - Setting next_dagrun for latest_only_with_trigger to 2024-07-16 12:00:00+00:00, run_after=2024-07-16 16:00:00+00:00
[2024-07-16T17:22:34.536+0000] {processor.py:183} INFO - Processing /home/airflow/.local/lib/python3.12/site-packages/airflow/example_dags/example_latest_only_with_trigger.py took 0.078 seconds
[2024-07-16T17:23:05.091+0000] {processor.py:161} INFO - Started process (PID=3064) to work on /home/airflow/.local/lib/python3.12/site-packages/airflow/example_dags/example_latest_only_with_trigger.py
[2024-07-16T17:23:05.092+0000] {processor.py:830} INFO - Processing file /home/airflow/.local/lib/python3.12/site-packages/airflow/example_dags/example_latest_only_with_trigger.py for tasks to queue
[2024-07-16T17:23:05.094+0000] {logging_mixin.py:188} INFO - [2024-07-16T17:23:05.094+0000] {dagbag.py:545} INFO - Filling up the DagBag from /home/airflow/.local/lib/python3.12/site-packages/airflow/example_dags/example_latest_only_with_trigger.py
[2024-07-16T17:23:05.098+0000] {processor.py:840} INFO - DAG(s) 'latest_only_with_trigger' retrieved from /home/airflow/.local/lib/python3.12/site-packages/airflow/example_dags/example_latest_only_with_trigger.py
[2024-07-16T17:23:05.117+0000] {logging_mixin.py:188} INFO - [2024-07-16T17:23:05.117+0000] {dag.py:3089} INFO - Sync 1 DAGs
[2024-07-16T17:23:05.136+0000] {logging_mixin.py:188} INFO - [2024-07-16T17:23:05.136+0000] {dag.py:3947} INFO - Setting next_dagrun for latest_only_with_trigger to 2024-07-16 12:00:00+00:00, run_after=2024-07-16 16:00:00+00:00
[2024-07-16T17:23:05.156+0000] {processor.py:183} INFO - Processing /home/airflow/.local/lib/python3.12/site-packages/airflow/example_dags/example_latest_only_with_trigger.py took 0.071 seconds
[2024-07-16T17:23:35.228+0000] {processor.py:161} INFO - Started process (PID=3326) to work on /home/airflow/.local/lib/python3.12/site-packages/airflow/example_dags/example_latest_only_with_trigger.py
[2024-07-16T17:23:35.229+0000] {processor.py:830} INFO - Processing file /home/airflow/.local/lib/python3.12/site-packages/airflow/example_dags/example_latest_only_with_trigger.py for tasks to queue
[2024-07-16T17:23:35.231+0000] {logging_mixin.py:188} INFO - [2024-07-16T17:23:35.230+0000] {dagbag.py:545} INFO - Filling up the DagBag from /home/airflow/.local/lib/python3.12/site-packages/airflow/example_dags/example_latest_only_with_trigger.py
[2024-07-16T17:23:35.236+0000] {processor.py:840} INFO - DAG(s) 'latest_only_with_trigger' retrieved from /home/airflow/.local/lib/python3.12/site-packages/airflow/example_dags/example_latest_only_with_trigger.py
[2024-07-16T17:23:35.254+0000] {logging_mixin.py:188} INFO - [2024-07-16T17:23:35.253+0000] {dag.py:3089} INFO - Sync 1 DAGs
[2024-07-16T17:23:35.273+0000] {logging_mixin.py:188} INFO - [2024-07-16T17:23:35.273+0000] {dag.py:3947} INFO - Setting next_dagrun for latest_only_with_trigger to 2024-07-16 12:00:00+00:00, run_after=2024-07-16 16:00:00+00:00
[2024-07-16T17:23:35.292+0000] {processor.py:183} INFO - Processing /home/airflow/.local/lib/python3.12/site-packages/airflow/example_dags/example_latest_only_with_trigger.py took 0.069 seconds
[2024-07-16T17:24:05.713+0000] {processor.py:161} INFO - Started process (PID=3588) to work on /home/airflow/.local/lib/python3.12/site-packages/airflow/example_dags/example_latest_only_with_trigger.py
[2024-07-16T17:24:05.715+0000] {processor.py:830} INFO - Processing file /home/airflow/.local/lib/python3.12/site-packages/airflow/example_dags/example_latest_only_with_trigger.py for tasks to queue
[2024-07-16T17:24:05.717+0000] {logging_mixin.py:188} INFO - [2024-07-16T17:24:05.717+0000] {dagbag.py:545} INFO - Filling up the DagBag from /home/airflow/.local/lib/python3.12/site-packages/airflow/example_dags/example_latest_only_with_trigger.py
[2024-07-16T17:24:05.721+0000] {processor.py:840} INFO - DAG(s) 'latest_only_with_trigger' retrieved from /home/airflow/.local/lib/python3.12/site-packages/airflow/example_dags/example_latest_only_with_trigger.py
[2024-07-16T17:24:05.740+0000] {logging_mixin.py:188} INFO - [2024-07-16T17:24:05.739+0000] {dag.py:3089} INFO - Sync 1 DAGs
[2024-07-16T17:24:05.759+0000] {logging_mixin.py:188} INFO - [2024-07-16T17:24:05.759+0000] {dag.py:3947} INFO - Setting next_dagrun for latest_only_with_trigger to 2024-07-16 12:00:00+00:00, run_after=2024-07-16 16:00:00+00:00
[2024-07-16T17:24:05.780+0000] {processor.py:183} INFO - Processing /home/airflow/.local/lib/python3.12/site-packages/airflow/example_dags/example_latest_only_with_trigger.py took 0.073 seconds
[2024-07-16T17:24:35.880+0000] {processor.py:161} INFO - Started process (PID=3849) to work on /home/airflow/.local/lib/python3.12/site-packages/airflow/example_dags/example_latest_only_with_trigger.py
[2024-07-16T17:24:35.882+0000] {processor.py:830} INFO - Processing file /home/airflow/.local/lib/python3.12/site-packages/airflow/example_dags/example_latest_only_with_trigger.py for tasks to queue
[2024-07-16T17:24:35.883+0000] {logging_mixin.py:188} INFO - [2024-07-16T17:24:35.883+0000] {dagbag.py:545} INFO - Filling up the DagBag from /home/airflow/.local/lib/python3.12/site-packages/airflow/example_dags/example_latest_only_with_trigger.py
[2024-07-16T17:24:35.887+0000] {processor.py:840} INFO - DAG(s) 'latest_only_with_trigger' retrieved from /home/airflow/.local/lib/python3.12/site-packages/airflow/example_dags/example_latest_only_with_trigger.py
[2024-07-16T17:24:35.907+0000] {logging_mixin.py:188} INFO - [2024-07-16T17:24:35.907+0000] {dag.py:3089} INFO - Sync 1 DAGs
[2024-07-16T17:24:35.926+0000] {logging_mixin.py:188} INFO - [2024-07-16T17:24:35.926+0000] {dag.py:3947} INFO - Setting next_dagrun for latest_only_with_trigger to 2024-07-16 12:00:00+00:00, run_after=2024-07-16 16:00:00+00:00
[2024-07-16T17:24:35.953+0000] {processor.py:183} INFO - Processing /home/airflow/.local/lib/python3.12/site-packages/airflow/example_dags/example_latest_only_with_trigger.py took 0.079 seconds
[2024-07-16T17:25:06.251+0000] {processor.py:161} INFO - Started process (PID=4111) to work on /home/airflow/.local/lib/python3.12/site-packages/airflow/example_dags/example_latest_only_with_trigger.py
[2024-07-16T17:25:06.253+0000] {processor.py:830} INFO - Processing file /home/airflow/.local/lib/python3.12/site-packages/airflow/example_dags/example_latest_only_with_trigger.py for tasks to queue
[2024-07-16T17:25:06.255+0000] {logging_mixin.py:188} INFO - [2024-07-16T17:25:06.255+0000] {dagbag.py:545} INFO - Filling up the DagBag from /home/airflow/.local/lib/python3.12/site-packages/airflow/example_dags/example_latest_only_with_trigger.py
[2024-07-16T17:25:06.260+0000] {processor.py:840} INFO - DAG(s) 'latest_only_with_trigger' retrieved from /home/airflow/.local/lib/python3.12/site-packages/airflow/example_dags/example_latest_only_with_trigger.py
[2024-07-16T17:25:06.281+0000] {logging_mixin.py:188} INFO - [2024-07-16T17:25:06.281+0000] {dag.py:3089} INFO - Sync 1 DAGs
[2024-07-16T17:25:06.302+0000] {logging_mixin.py:188} INFO - [2024-07-16T17:25:06.301+0000] {dag.py:3947} INFO - Setting next_dagrun for latest_only_with_trigger to 2024-07-16 12:00:00+00:00, run_after=2024-07-16 16:00:00+00:00
[2024-07-16T17:25:06.320+0000] {processor.py:183} INFO - Processing /home/airflow/.local/lib/python3.12/site-packages/airflow/example_dags/example_latest_only_with_trigger.py took 0.078 seconds
[2024-07-16T17:25:37.035+0000] {processor.py:161} INFO - Started process (PID=4373) to work on /home/airflow/.local/lib/python3.12/site-packages/airflow/example_dags/example_latest_only_with_trigger.py
[2024-07-16T17:25:37.036+0000] {processor.py:830} INFO - Processing file /home/airflow/.local/lib/python3.12/site-packages/airflow/example_dags/example_latest_only_with_trigger.py for tasks to queue
[2024-07-16T17:25:37.038+0000] {logging_mixin.py:188} INFO - [2024-07-16T17:25:37.038+0000] {dagbag.py:545} INFO - Filling up the DagBag from /home/airflow/.local/lib/python3.12/site-packages/airflow/example_dags/example_latest_only_with_trigger.py
[2024-07-16T17:25:37.043+0000] {processor.py:840} INFO - DAG(s) 'latest_only_with_trigger' retrieved from /home/airflow/.local/lib/python3.12/site-packages/airflow/example_dags/example_latest_only_with_trigger.py
[2024-07-16T17:25:37.064+0000] {logging_mixin.py:188} INFO - [2024-07-16T17:25:37.064+0000] {dag.py:3089} INFO - Sync 1 DAGs
[2024-07-16T17:25:37.084+0000] {logging_mixin.py:188} INFO - [2024-07-16T17:25:37.084+0000] {dag.py:3947} INFO - Setting next_dagrun for latest_only_with_trigger to 2024-07-16 12:00:00+00:00, run_after=2024-07-16 16:00:00+00:00
[2024-07-16T17:25:37.105+0000] {processor.py:183} INFO - Processing /home/airflow/.local/lib/python3.12/site-packages/airflow/example_dags/example_latest_only_with_trigger.py took 0.076 seconds
[2024-07-16T17:26:07.409+0000] {processor.py:161} INFO - Started process (PID=4635) to work on /home/airflow/.local/lib/python3.12/site-packages/airflow/example_dags/example_latest_only_with_trigger.py
[2024-07-16T17:26:07.411+0000] {processor.py:830} INFO - Processing file /home/airflow/.local/lib/python3.12/site-packages/airflow/example_dags/example_latest_only_with_trigger.py for tasks to queue
[2024-07-16T17:26:07.413+0000] {logging_mixin.py:188} INFO - [2024-07-16T17:26:07.413+0000] {dagbag.py:545} INFO - Filling up the DagBag from /home/airflow/.local/lib/python3.12/site-packages/airflow/example_dags/example_latest_only_with_trigger.py
[2024-07-16T17:26:07.418+0000] {processor.py:840} INFO - DAG(s) 'latest_only_with_trigger' retrieved from /home/airflow/.local/lib/python3.12/site-packages/airflow/example_dags/example_latest_only_with_trigger.py
[2024-07-16T17:26:07.436+0000] {logging_mixin.py:188} INFO - [2024-07-16T17:26:07.435+0000] {dag.py:3089} INFO - Sync 1 DAGs
[2024-07-16T17:26:07.454+0000] {logging_mixin.py:188} INFO - [2024-07-16T17:26:07.454+0000] {dag.py:3947} INFO - Setting next_dagrun for latest_only_with_trigger to 2024-07-16 12:00:00+00:00, run_after=2024-07-16 16:00:00+00:00
[2024-07-16T17:26:07.475+0000] {processor.py:183} INFO - Processing /home/airflow/.local/lib/python3.12/site-packages/airflow/example_dags/example_latest_only_with_trigger.py took 0.072 seconds
[2024-07-16T17:26:38.080+0000] {processor.py:161} INFO - Started process (PID=4897) to work on /home/airflow/.local/lib/python3.12/site-packages/airflow/example_dags/example_latest_only_with_trigger.py
[2024-07-16T17:26:38.082+0000] {processor.py:830} INFO - Processing file /home/airflow/.local/lib/python3.12/site-packages/airflow/example_dags/example_latest_only_with_trigger.py for tasks to queue
[2024-07-16T17:26:38.084+0000] {logging_mixin.py:188} INFO - [2024-07-16T17:26:38.083+0000] {dagbag.py:545} INFO - Filling up the DagBag from /home/airflow/.local/lib/python3.12/site-packages/airflow/example_dags/example_latest_only_with_trigger.py
[2024-07-16T17:26:38.088+0000] {processor.py:840} INFO - DAG(s) 'latest_only_with_trigger' retrieved from /home/airflow/.local/lib/python3.12/site-packages/airflow/example_dags/example_latest_only_with_trigger.py
[2024-07-16T17:26:38.109+0000] {logging_mixin.py:188} INFO - [2024-07-16T17:26:38.109+0000] {dag.py:3089} INFO - Sync 1 DAGs
[2024-07-16T17:26:38.129+0000] {logging_mixin.py:188} INFO - [2024-07-16T17:26:38.129+0000] {dag.py:3947} INFO - Setting next_dagrun for latest_only_with_trigger to 2024-07-16 12:00:00+00:00, run_after=2024-07-16 16:00:00+00:00
[2024-07-16T17:26:38.149+0000] {processor.py:183} INFO - Processing /home/airflow/.local/lib/python3.12/site-packages/airflow/example_dags/example_latest_only_with_trigger.py took 0.075 seconds
[2024-07-16T17:27:08.319+0000] {processor.py:161} INFO - Started process (PID=5159) to work on /home/airflow/.local/lib/python3.12/site-packages/airflow/example_dags/example_latest_only_with_trigger.py
[2024-07-16T17:27:08.320+0000] {processor.py:830} INFO - Processing file /home/airflow/.local/lib/python3.12/site-packages/airflow/example_dags/example_latest_only_with_trigger.py for tasks to queue
[2024-07-16T17:27:08.322+0000] {logging_mixin.py:188} INFO - [2024-07-16T17:27:08.322+0000] {dagbag.py:545} INFO - Filling up the DagBag from /home/airflow/.local/lib/python3.12/site-packages/airflow/example_dags/example_latest_only_with_trigger.py
[2024-07-16T17:27:08.327+0000] {processor.py:840} INFO - DAG(s) 'latest_only_with_trigger' retrieved from /home/airflow/.local/lib/python3.12/site-packages/airflow/example_dags/example_latest_only_with_trigger.py
[2024-07-16T17:27:08.347+0000] {logging_mixin.py:188} INFO - [2024-07-16T17:27:08.346+0000] {dag.py:3089} INFO - Sync 1 DAGs
[2024-07-16T17:27:08.366+0000] {logging_mixin.py:188} INFO - [2024-07-16T17:27:08.366+0000] {dag.py:3947} INFO - Setting next_dagrun for latest_only_with_trigger to 2024-07-16 12:00:00+00:00, run_after=2024-07-16 16:00:00+00:00
[2024-07-16T17:27:08.385+0000] {processor.py:183} INFO - Processing /home/airflow/.local/lib/python3.12/site-packages/airflow/example_dags/example_latest_only_with_trigger.py took 0.072 seconds
[2024-07-16T17:27:39.129+0000] {processor.py:161} INFO - Started process (PID=5421) to work on /home/airflow/.local/lib/python3.12/site-packages/airflow/example_dags/example_latest_only_with_trigger.py
[2024-07-16T17:27:39.132+0000] {processor.py:830} INFO - Processing file /home/airflow/.local/lib/python3.12/site-packages/airflow/example_dags/example_latest_only_with_trigger.py for tasks to queue
[2024-07-16T17:27:39.134+0000] {logging_mixin.py:188} INFO - [2024-07-16T17:27:39.133+0000] {dagbag.py:545} INFO - Filling up the DagBag from /home/airflow/.local/lib/python3.12/site-packages/airflow/example_dags/example_latest_only_with_trigger.py
[2024-07-16T17:27:39.139+0000] {processor.py:840} INFO - DAG(s) 'latest_only_with_trigger' retrieved from /home/airflow/.local/lib/python3.12/site-packages/airflow/example_dags/example_latest_only_with_trigger.py
[2024-07-16T17:27:39.158+0000] {logging_mixin.py:188} INFO - [2024-07-16T17:27:39.158+0000] {dag.py:3089} INFO - Sync 1 DAGs
[2024-07-16T17:27:39.176+0000] {logging_mixin.py:188} INFO - [2024-07-16T17:27:39.176+0000] {dag.py:3947} INFO - Setting next_dagrun for latest_only_with_trigger to 2024-07-16 12:00:00+00:00, run_after=2024-07-16 16:00:00+00:00
[2024-07-16T17:27:39.194+0000] {processor.py:183} INFO - Processing /home/airflow/.local/lib/python3.12/site-packages/airflow/example_dags/example_latest_only_with_trigger.py took 0.070 seconds
[2024-07-16T17:28:09.605+0000] {processor.py:161} INFO - Started process (PID=5691) to work on /home/airflow/.local/lib/python3.12/site-packages/airflow/example_dags/example_latest_only_with_trigger.py
[2024-07-16T17:28:09.607+0000] {processor.py:830} INFO - Processing file /home/airflow/.local/lib/python3.12/site-packages/airflow/example_dags/example_latest_only_with_trigger.py for tasks to queue
[2024-07-16T17:28:09.610+0000] {logging_mixin.py:188} INFO - [2024-07-16T17:28:09.609+0000] {dagbag.py:545} INFO - Filling up the DagBag from /home/airflow/.local/lib/python3.12/site-packages/airflow/example_dags/example_latest_only_with_trigger.py
[2024-07-16T17:28:09.616+0000] {processor.py:840} INFO - DAG(s) 'latest_only_with_trigger' retrieved from /home/airflow/.local/lib/python3.12/site-packages/airflow/example_dags/example_latest_only_with_trigger.py
[2024-07-16T17:28:09.636+0000] {logging_mixin.py:188} INFO - [2024-07-16T17:28:09.636+0000] {dag.py:3089} INFO - Sync 1 DAGs
[2024-07-16T17:28:09.657+0000] {logging_mixin.py:188} INFO - [2024-07-16T17:28:09.657+0000] {dag.py:3947} INFO - Setting next_dagrun for latest_only_with_trigger to 2024-07-16 12:00:00+00:00, run_after=2024-07-16 16:00:00+00:00
[2024-07-16T17:28:09.676+0000] {processor.py:183} INFO - Processing /home/airflow/.local/lib/python3.12/site-packages/airflow/example_dags/example_latest_only_with_trigger.py took 0.077 seconds
[2024-07-16T17:28:39.898+0000] {processor.py:161} INFO - Started process (PID=5953) to work on /home/airflow/.local/lib/python3.12/site-packages/airflow/example_dags/example_latest_only_with_trigger.py
[2024-07-16T17:28:39.900+0000] {processor.py:830} INFO - Processing file /home/airflow/.local/lib/python3.12/site-packages/airflow/example_dags/example_latest_only_with_trigger.py for tasks to queue
[2024-07-16T17:28:39.901+0000] {logging_mixin.py:188} INFO - [2024-07-16T17:28:39.901+0000] {dagbag.py:545} INFO - Filling up the DagBag from /home/airflow/.local/lib/python3.12/site-packages/airflow/example_dags/example_latest_only_with_trigger.py
[2024-07-16T17:28:39.906+0000] {processor.py:840} INFO - DAG(s) 'latest_only_with_trigger' retrieved from /home/airflow/.local/lib/python3.12/site-packages/airflow/example_dags/example_latest_only_with_trigger.py
[2024-07-16T17:28:39.925+0000] {logging_mixin.py:188} INFO - [2024-07-16T17:28:39.924+0000] {dag.py:3089} INFO - Sync 1 DAGs
[2024-07-16T17:28:39.945+0000] {logging_mixin.py:188} INFO - [2024-07-16T17:28:39.944+0000] {dag.py:3947} INFO - Setting next_dagrun for latest_only_with_trigger to 2024-07-16 12:00:00+00:00, run_after=2024-07-16 16:00:00+00:00
[2024-07-16T17:28:39.964+0000] {processor.py:183} INFO - Processing /home/airflow/.local/lib/python3.12/site-packages/airflow/example_dags/example_latest_only_with_trigger.py took 0.071 seconds
[2024-07-16T17:29:10.221+0000] {processor.py:161} INFO - Started process (PID=6215) to work on /home/airflow/.local/lib/python3.12/site-packages/airflow/example_dags/example_latest_only_with_trigger.py
[2024-07-16T17:29:10.224+0000] {processor.py:830} INFO - Processing file /home/airflow/.local/lib/python3.12/site-packages/airflow/example_dags/example_latest_only_with_trigger.py for tasks to queue
[2024-07-16T17:29:10.226+0000] {logging_mixin.py:188} INFO - [2024-07-16T17:29:10.226+0000] {dagbag.py:545} INFO - Filling up the DagBag from /home/airflow/.local/lib/python3.12/site-packages/airflow/example_dags/example_latest_only_with_trigger.py
[2024-07-16T17:29:10.231+0000] {processor.py:840} INFO - DAG(s) 'latest_only_with_trigger' retrieved from /home/airflow/.local/lib/python3.12/site-packages/airflow/example_dags/example_latest_only_with_trigger.py
[2024-07-16T17:29:10.248+0000] {logging_mixin.py:188} INFO - [2024-07-16T17:29:10.247+0000] {dag.py:3089} INFO - Sync 1 DAGs
[2024-07-16T17:29:10.266+0000] {logging_mixin.py:188} INFO - [2024-07-16T17:29:10.266+0000] {dag.py:3947} INFO - Setting next_dagrun for latest_only_with_trigger to 2024-07-16 12:00:00+00:00, run_after=2024-07-16 16:00:00+00:00
[2024-07-16T17:29:10.285+0000] {processor.py:183} INFO - Processing /home/airflow/.local/lib/python3.12/site-packages/airflow/example_dags/example_latest_only_with_trigger.py took 0.070 seconds
[2024-07-16T17:29:40.798+0000] {processor.py:161} INFO - Started process (PID=6477) to work on /home/airflow/.local/lib/python3.12/site-packages/airflow/example_dags/example_latest_only_with_trigger.py
[2024-07-16T17:29:40.801+0000] {processor.py:830} INFO - Processing file /home/airflow/.local/lib/python3.12/site-packages/airflow/example_dags/example_latest_only_with_trigger.py for tasks to queue
[2024-07-16T17:29:40.802+0000] {logging_mixin.py:188} INFO - [2024-07-16T17:29:40.802+0000] {dagbag.py:545} INFO - Filling up the DagBag from /home/airflow/.local/lib/python3.12/site-packages/airflow/example_dags/example_latest_only_with_trigger.py
[2024-07-16T17:29:40.807+0000] {processor.py:840} INFO - DAG(s) 'latest_only_with_trigger' retrieved from /home/airflow/.local/lib/python3.12/site-packages/airflow/example_dags/example_latest_only_with_trigger.py
[2024-07-16T17:29:40.830+0000] {logging_mixin.py:188} INFO - [2024-07-16T17:29:40.830+0000] {dag.py:3089} INFO - Sync 1 DAGs
[2024-07-16T17:29:40.851+0000] {logging_mixin.py:188} INFO - [2024-07-16T17:29:40.851+0000] {dag.py:3947} INFO - Setting next_dagrun for latest_only_with_trigger to 2024-07-16 12:00:00+00:00, run_after=2024-07-16 16:00:00+00:00
[2024-07-16T17:29:40.874+0000] {processor.py:183} INFO - Processing /home/airflow/.local/lib/python3.12/site-packages/airflow/example_dags/example_latest_only_with_trigger.py took 0.083 seconds
[2024-07-16T17:30:10.929+0000] {processor.py:161} INFO - Started process (PID=6740) to work on /home/airflow/.local/lib/python3.12/site-packages/airflow/example_dags/example_latest_only_with_trigger.py
[2024-07-16T17:30:10.931+0000] {processor.py:830} INFO - Processing file /home/airflow/.local/lib/python3.12/site-packages/airflow/example_dags/example_latest_only_with_trigger.py for tasks to queue
[2024-07-16T17:30:10.933+0000] {logging_mixin.py:188} INFO - [2024-07-16T17:30:10.933+0000] {dagbag.py:545} INFO - Filling up the DagBag from /home/airflow/.local/lib/python3.12/site-packages/airflow/example_dags/example_latest_only_with_trigger.py
[2024-07-16T17:30:10.937+0000] {processor.py:840} INFO - DAG(s) 'latest_only_with_trigger' retrieved from /home/airflow/.local/lib/python3.12/site-packages/airflow/example_dags/example_latest_only_with_trigger.py
[2024-07-16T17:30:10.969+0000] {logging_mixin.py:188} INFO - [2024-07-16T17:30:10.969+0000] {dag.py:3089} INFO - Sync 1 DAGs
[2024-07-16T17:30:10.994+0000] {logging_mixin.py:188} INFO - [2024-07-16T17:30:10.994+0000] {dag.py:3947} INFO - Setting next_dagrun for latest_only_with_trigger to 2024-07-16 12:00:00+00:00, run_after=2024-07-16 16:00:00+00:00
[2024-07-16T17:30:11.016+0000] {processor.py:183} INFO - Processing /home/airflow/.local/lib/python3.12/site-packages/airflow/example_dags/example_latest_only_with_trigger.py took 0.097 seconds
[2024-07-16T17:30:41.483+0000] {processor.py:161} INFO - Started process (PID=7002) to work on /home/airflow/.local/lib/python3.12/site-packages/airflow/example_dags/example_latest_only_with_trigger.py
[2024-07-16T17:30:41.485+0000] {processor.py:830} INFO - Processing file /home/airflow/.local/lib/python3.12/site-packages/airflow/example_dags/example_latest_only_with_trigger.py for tasks to queue
[2024-07-16T17:30:41.488+0000] {logging_mixin.py:188} INFO - [2024-07-16T17:30:41.487+0000] {dagbag.py:545} INFO - Filling up the DagBag from /home/airflow/.local/lib/python3.12/site-packages/airflow/example_dags/example_latest_only_with_trigger.py
[2024-07-16T17:30:41.495+0000] {processor.py:840} INFO - DAG(s) 'latest_only_with_trigger' retrieved from /home/airflow/.local/lib/python3.12/site-packages/airflow/example_dags/example_latest_only_with_trigger.py
[2024-07-16T17:30:41.523+0000] {logging_mixin.py:188} INFO - [2024-07-16T17:30:41.522+0000] {dag.py:3089} INFO - Sync 1 DAGs
[2024-07-16T17:30:41.556+0000] {logging_mixin.py:188} INFO - [2024-07-16T17:30:41.556+0000] {dag.py:3947} INFO - Setting next_dagrun for latest_only_with_trigger to 2024-07-16 12:00:00+00:00, run_after=2024-07-16 16:00:00+00:00
[2024-07-16T17:30:41.589+0000] {processor.py:183} INFO - Processing /home/airflow/.local/lib/python3.12/site-packages/airflow/example_dags/example_latest_only_with_trigger.py took 0.114 seconds
[2024-07-16T17:31:11.663+0000] {processor.py:161} INFO - Started process (PID=7264) to work on /home/airflow/.local/lib/python3.12/site-packages/airflow/example_dags/example_latest_only_with_trigger.py
[2024-07-16T17:31:11.664+0000] {processor.py:830} INFO - Processing file /home/airflow/.local/lib/python3.12/site-packages/airflow/example_dags/example_latest_only_with_trigger.py for tasks to queue
[2024-07-16T17:31:11.666+0000] {logging_mixin.py:188} INFO - [2024-07-16T17:31:11.665+0000] {dagbag.py:545} INFO - Filling up the DagBag from /home/airflow/.local/lib/python3.12/site-packages/airflow/example_dags/example_latest_only_with_trigger.py
[2024-07-16T17:31:11.671+0000] {processor.py:840} INFO - DAG(s) 'latest_only_with_trigger' retrieved from /home/airflow/.local/lib/python3.12/site-packages/airflow/example_dags/example_latest_only_with_trigger.py
[2024-07-16T17:31:11.693+0000] {logging_mixin.py:188} INFO - [2024-07-16T17:31:11.692+0000] {dag.py:3089} INFO - Sync 1 DAGs
[2024-07-16T17:31:11.714+0000] {logging_mixin.py:188} INFO - [2024-07-16T17:31:11.713+0000] {dag.py:3947} INFO - Setting next_dagrun for latest_only_with_trigger to 2024-07-16 12:00:00+00:00, run_after=2024-07-16 16:00:00+00:00
[2024-07-16T17:31:11.734+0000] {processor.py:183} INFO - Processing /home/airflow/.local/lib/python3.12/site-packages/airflow/example_dags/example_latest_only_with_trigger.py took 0.078 seconds
[2024-07-16T17:31:41.934+0000] {processor.py:161} INFO - Started process (PID=7527) to work on /home/airflow/.local/lib/python3.12/site-packages/airflow/example_dags/example_latest_only_with_trigger.py
[2024-07-16T17:31:41.938+0000] {processor.py:830} INFO - Processing file /home/airflow/.local/lib/python3.12/site-packages/airflow/example_dags/example_latest_only_with_trigger.py for tasks to queue
[2024-07-16T17:31:41.940+0000] {logging_mixin.py:188} INFO - [2024-07-16T17:31:41.940+0000] {dagbag.py:545} INFO - Filling up the DagBag from /home/airflow/.local/lib/python3.12/site-packages/airflow/example_dags/example_latest_only_with_trigger.py
[2024-07-16T17:31:41.947+0000] {processor.py:840} INFO - DAG(s) 'latest_only_with_trigger' retrieved from /home/airflow/.local/lib/python3.12/site-packages/airflow/example_dags/example_latest_only_with_trigger.py
[2024-07-16T17:31:41.977+0000] {logging_mixin.py:188} INFO - [2024-07-16T17:31:41.976+0000] {dag.py:3089} INFO - Sync 1 DAGs
[2024-07-16T17:31:42.006+0000] {logging_mixin.py:188} INFO - [2024-07-16T17:31:42.006+0000] {dag.py:3947} INFO - Setting next_dagrun for latest_only_with_trigger to 2024-07-16 12:00:00+00:00, run_after=2024-07-16 16:00:00+00:00
[2024-07-16T17:31:42.031+0000] {processor.py:183} INFO - Processing /home/airflow/.local/lib/python3.12/site-packages/airflow/example_dags/example_latest_only_with_trigger.py took 0.104 seconds
