[2024-07-16T17:17:29.534+0000] {processor.py:161} INFO - Started process (PID=322) to work on /home/airflow/.local/lib/python3.12/site-packages/airflow/example_dags/example_branch_day_of_week_operator.py
[2024-07-16T17:17:29.535+0000] {processor.py:830} INFO - Processing file /home/airflow/.local/lib/python3.12/site-packages/airflow/example_dags/example_branch_day_of_week_operator.py for tasks to queue
[2024-07-16T17:17:29.537+0000] {logging_mixin.py:188} INFO - [2024-07-16T17:17:29.536+0000] {dagbag.py:545} INFO - Filling up the DagBag from /home/airflow/.local/lib/python3.12/site-packages/airflow/example_dags/example_branch_day_of_week_operator.py
[2024-07-16T17:17:29.547+0000] {processor.py:840} INFO - DAG(s) 'example_weekday_branch_operator' retrieved from /home/airflow/.local/lib/python3.12/site-packages/airflow/example_dags/example_branch_day_of_week_operator.py
[2024-07-16T17:17:29.558+0000] {logging_mixin.py:188} INFO - [2024-07-16T17:17:29.558+0000] {dag.py:3089} INFO - Sync 1 DAGs
[2024-07-16T17:17:29.583+0000] {logging_mixin.py:188} INFO - [2024-07-16T17:17:29.583+0000] {dag.py:3947} INFO - Setting next_dagrun for example_weekday_branch_operator to 2024-07-15 00:00:00+00:00, run_after=2024-07-16 00:00:00+00:00
[2024-07-16T17:17:29.607+0000] {processor.py:183} INFO - Processing /home/airflow/.local/lib/python3.12/site-packages/airflow/example_dags/example_branch_day_of_week_operator.py took 0.079 seconds
[2024-07-16T17:18:01.520+0000] {processor.py:161} INFO - Started process (PID=584) to work on /home/airflow/.local/lib/python3.12/site-packages/airflow/example_dags/example_branch_day_of_week_operator.py
[2024-07-16T17:18:01.522+0000] {processor.py:830} INFO - Processing file /home/airflow/.local/lib/python3.12/site-packages/airflow/example_dags/example_branch_day_of_week_operator.py for tasks to queue
[2024-07-16T17:18:01.523+0000] {logging_mixin.py:188} INFO - [2024-07-16T17:18:01.523+0000] {dagbag.py:545} INFO - Filling up the DagBag from /home/airflow/.local/lib/python3.12/site-packages/airflow/example_dags/example_branch_day_of_week_operator.py
[2024-07-16T17:18:01.530+0000] {processor.py:840} INFO - DAG(s) 'example_weekday_branch_operator' retrieved from /home/airflow/.local/lib/python3.12/site-packages/airflow/example_dags/example_branch_day_of_week_operator.py
[2024-07-16T17:18:01.615+0000] {logging_mixin.py:188} INFO - [2024-07-16T17:18:01.615+0000] {dag.py:3089} INFO - Sync 1 DAGs
[2024-07-16T17:18:01.632+0000] {logging_mixin.py:188} INFO - [2024-07-16T17:18:01.632+0000] {dag.py:3947} INFO - Setting next_dagrun for example_weekday_branch_operator to 2024-07-15 00:00:00+00:00, run_after=2024-07-16 00:00:00+00:00
[2024-07-16T17:18:01.649+0000] {processor.py:183} INFO - Processing /home/airflow/.local/lib/python3.12/site-packages/airflow/example_dags/example_branch_day_of_week_operator.py took 0.134 seconds
[2024-07-16T17:18:32.376+0000] {processor.py:161} INFO - Started process (PID=846) to work on /home/airflow/.local/lib/python3.12/site-packages/airflow/example_dags/example_branch_day_of_week_operator.py
[2024-07-16T17:18:32.377+0000] {processor.py:830} INFO - Processing file /home/airflow/.local/lib/python3.12/site-packages/airflow/example_dags/example_branch_day_of_week_operator.py for tasks to queue
[2024-07-16T17:18:32.378+0000] {logging_mixin.py:188} INFO - [2024-07-16T17:18:32.378+0000] {dagbag.py:545} INFO - Filling up the DagBag from /home/airflow/.local/lib/python3.12/site-packages/airflow/example_dags/example_branch_day_of_week_operator.py
[2024-07-16T17:18:32.385+0000] {processor.py:840} INFO - DAG(s) 'example_weekday_branch_operator' retrieved from /home/airflow/.local/lib/python3.12/site-packages/airflow/example_dags/example_branch_day_of_week_operator.py
[2024-07-16T17:18:32.403+0000] {logging_mixin.py:188} INFO - [2024-07-16T17:18:32.403+0000] {dag.py:3089} INFO - Sync 1 DAGs
[2024-07-16T17:18:32.423+0000] {logging_mixin.py:188} INFO - [2024-07-16T17:18:32.423+0000] {dag.py:3947} INFO - Setting next_dagrun for example_weekday_branch_operator to 2024-07-15 00:00:00+00:00, run_after=2024-07-16 00:00:00+00:00
[2024-07-16T17:18:32.443+0000] {processor.py:183} INFO - Processing /home/airflow/.local/lib/python3.12/site-packages/airflow/example_dags/example_branch_day_of_week_operator.py took 0.073 seconds
[2024-07-16T17:19:03.297+0000] {processor.py:161} INFO - Started process (PID=1108) to work on /home/airflow/.local/lib/python3.12/site-packages/airflow/example_dags/example_branch_day_of_week_operator.py
[2024-07-16T17:19:03.299+0000] {processor.py:830} INFO - Processing file /home/airflow/.local/lib/python3.12/site-packages/airflow/example_dags/example_branch_day_of_week_operator.py for tasks to queue
[2024-07-16T17:19:03.301+0000] {logging_mixin.py:188} INFO - [2024-07-16T17:19:03.300+0000] {dagbag.py:545} INFO - Filling up the DagBag from /home/airflow/.local/lib/python3.12/site-packages/airflow/example_dags/example_branch_day_of_week_operator.py
[2024-07-16T17:19:03.308+0000] {processor.py:840} INFO - DAG(s) 'example_weekday_branch_operator' retrieved from /home/airflow/.local/lib/python3.12/site-packages/airflow/example_dags/example_branch_day_of_week_operator.py
[2024-07-16T17:19:03.327+0000] {logging_mixin.py:188} INFO - [2024-07-16T17:19:03.327+0000] {dag.py:3089} INFO - Sync 1 DAGs
[2024-07-16T17:19:03.350+0000] {logging_mixin.py:188} INFO - [2024-07-16T17:19:03.349+0000] {dag.py:3947} INFO - Setting next_dagrun for example_weekday_branch_operator to 2024-07-15 00:00:00+00:00, run_after=2024-07-16 00:00:00+00:00
[2024-07-16T17:19:03.369+0000] {processor.py:183} INFO - Processing /home/airflow/.local/lib/python3.12/site-packages/airflow/example_dags/example_branch_day_of_week_operator.py took 0.078 seconds
[2024-07-16T17:19:33.474+0000] {processor.py:161} INFO - Started process (PID=1370) to work on /home/airflow/.local/lib/python3.12/site-packages/airflow/example_dags/example_branch_day_of_week_operator.py
[2024-07-16T17:19:33.476+0000] {processor.py:830} INFO - Processing file /home/airflow/.local/lib/python3.12/site-packages/airflow/example_dags/example_branch_day_of_week_operator.py for tasks to queue
[2024-07-16T17:19:33.478+0000] {logging_mixin.py:188} INFO - [2024-07-16T17:19:33.477+0000] {dagbag.py:545} INFO - Filling up the DagBag from /home/airflow/.local/lib/python3.12/site-packages/airflow/example_dags/example_branch_day_of_week_operator.py
[2024-07-16T17:19:33.484+0000] {processor.py:840} INFO - DAG(s) 'example_weekday_branch_operator' retrieved from /home/airflow/.local/lib/python3.12/site-packages/airflow/example_dags/example_branch_day_of_week_operator.py
[2024-07-16T17:19:33.502+0000] {logging_mixin.py:188} INFO - [2024-07-16T17:19:33.502+0000] {dag.py:3089} INFO - Sync 1 DAGs
[2024-07-16T17:19:33.522+0000] {logging_mixin.py:188} INFO - [2024-07-16T17:19:33.522+0000] {dag.py:3947} INFO - Setting next_dagrun for example_weekday_branch_operator to 2024-07-15 00:00:00+00:00, run_after=2024-07-16 00:00:00+00:00
[2024-07-16T17:19:33.538+0000] {processor.py:183} INFO - Processing /home/airflow/.local/lib/python3.12/site-packages/airflow/example_dags/example_branch_day_of_week_operator.py took 0.069 seconds
[2024-07-16T17:20:03.976+0000] {processor.py:161} INFO - Started process (PID=1632) to work on /home/airflow/.local/lib/python3.12/site-packages/airflow/example_dags/example_branch_day_of_week_operator.py
[2024-07-16T17:20:03.979+0000] {processor.py:830} INFO - Processing file /home/airflow/.local/lib/python3.12/site-packages/airflow/example_dags/example_branch_day_of_week_operator.py for tasks to queue
[2024-07-16T17:20:03.981+0000] {logging_mixin.py:188} INFO - [2024-07-16T17:20:03.980+0000] {dagbag.py:545} INFO - Filling up the DagBag from /home/airflow/.local/lib/python3.12/site-packages/airflow/example_dags/example_branch_day_of_week_operator.py
[2024-07-16T17:20:03.988+0000] {processor.py:840} INFO - DAG(s) 'example_weekday_branch_operator' retrieved from /home/airflow/.local/lib/python3.12/site-packages/airflow/example_dags/example_branch_day_of_week_operator.py
[2024-07-16T17:20:04.008+0000] {logging_mixin.py:188} INFO - [2024-07-16T17:20:04.008+0000] {dag.py:3089} INFO - Sync 1 DAGs
[2024-07-16T17:20:04.029+0000] {logging_mixin.py:188} INFO - [2024-07-16T17:20:04.028+0000] {dag.py:3947} INFO - Setting next_dagrun for example_weekday_branch_operator to 2024-07-15 00:00:00+00:00, run_after=2024-07-16 00:00:00+00:00
[2024-07-16T17:20:04.046+0000] {processor.py:183} INFO - Processing /home/airflow/.local/lib/python3.12/site-packages/airflow/example_dags/example_branch_day_of_week_operator.py took 0.075 seconds
[2024-07-16T17:20:34.647+0000] {processor.py:161} INFO - Started process (PID=1895) to work on /home/airflow/.local/lib/python3.12/site-packages/airflow/example_dags/example_branch_day_of_week_operator.py
[2024-07-16T17:20:34.648+0000] {processor.py:830} INFO - Processing file /home/airflow/.local/lib/python3.12/site-packages/airflow/example_dags/example_branch_day_of_week_operator.py for tasks to queue
[2024-07-16T17:20:34.650+0000] {logging_mixin.py:188} INFO - [2024-07-16T17:20:34.650+0000] {dagbag.py:545} INFO - Filling up the DagBag from /home/airflow/.local/lib/python3.12/site-packages/airflow/example_dags/example_branch_day_of_week_operator.py
[2024-07-16T17:20:34.657+0000] {processor.py:840} INFO - DAG(s) 'example_weekday_branch_operator' retrieved from /home/airflow/.local/lib/python3.12/site-packages/airflow/example_dags/example_branch_day_of_week_operator.py
[2024-07-16T17:20:34.674+0000] {logging_mixin.py:188} INFO - [2024-07-16T17:20:34.674+0000] {dag.py:3089} INFO - Sync 1 DAGs
[2024-07-16T17:20:34.693+0000] {logging_mixin.py:188} INFO - [2024-07-16T17:20:34.693+0000] {dag.py:3947} INFO - Setting next_dagrun for example_weekday_branch_operator to 2024-07-15 00:00:00+00:00, run_after=2024-07-16 00:00:00+00:00
[2024-07-16T17:20:34.711+0000] {processor.py:183} INFO - Processing /home/airflow/.local/lib/python3.12/site-packages/airflow/example_dags/example_branch_day_of_week_operator.py took 0.069 seconds
[2024-07-16T17:21:05.197+0000] {processor.py:161} INFO - Started process (PID=2157) to work on /home/airflow/.local/lib/python3.12/site-packages/airflow/example_dags/example_branch_day_of_week_operator.py
[2024-07-16T17:21:05.199+0000] {processor.py:830} INFO - Processing file /home/airflow/.local/lib/python3.12/site-packages/airflow/example_dags/example_branch_day_of_week_operator.py for tasks to queue
[2024-07-16T17:21:05.200+0000] {logging_mixin.py:188} INFO - [2024-07-16T17:21:05.200+0000] {dagbag.py:545} INFO - Filling up the DagBag from /home/airflow/.local/lib/python3.12/site-packages/airflow/example_dags/example_branch_day_of_week_operator.py
[2024-07-16T17:21:05.207+0000] {processor.py:840} INFO - DAG(s) 'example_weekday_branch_operator' retrieved from /home/airflow/.local/lib/python3.12/site-packages/airflow/example_dags/example_branch_day_of_week_operator.py
[2024-07-16T17:21:05.224+0000] {logging_mixin.py:188} INFO - [2024-07-16T17:21:05.224+0000] {dag.py:3089} INFO - Sync 1 DAGs
[2024-07-16T17:21:05.244+0000] {logging_mixin.py:188} INFO - [2024-07-16T17:21:05.243+0000] {dag.py:3947} INFO - Setting next_dagrun for example_weekday_branch_operator to 2024-07-15 00:00:00+00:00, run_after=2024-07-16 00:00:00+00:00
[2024-07-16T17:21:05.261+0000] {processor.py:183} INFO - Processing /home/airflow/.local/lib/python3.12/site-packages/airflow/example_dags/example_branch_day_of_week_operator.py took 0.070 seconds
[2024-07-16T17:21:35.729+0000] {processor.py:161} INFO - Started process (PID=2418) to work on /home/airflow/.local/lib/python3.12/site-packages/airflow/example_dags/example_branch_day_of_week_operator.py
[2024-07-16T17:21:35.731+0000] {processor.py:830} INFO - Processing file /home/airflow/.local/lib/python3.12/site-packages/airflow/example_dags/example_branch_day_of_week_operator.py for tasks to queue
[2024-07-16T17:21:35.733+0000] {logging_mixin.py:188} INFO - [2024-07-16T17:21:35.733+0000] {dagbag.py:545} INFO - Filling up the DagBag from /home/airflow/.local/lib/python3.12/site-packages/airflow/example_dags/example_branch_day_of_week_operator.py
[2024-07-16T17:21:35.740+0000] {processor.py:840} INFO - DAG(s) 'example_weekday_branch_operator' retrieved from /home/airflow/.local/lib/python3.12/site-packages/airflow/example_dags/example_branch_day_of_week_operator.py
[2024-07-16T17:21:35.757+0000] {logging_mixin.py:188} INFO - [2024-07-16T17:21:35.757+0000] {dag.py:3089} INFO - Sync 1 DAGs
[2024-07-16T17:21:35.777+0000] {logging_mixin.py:188} INFO - [2024-07-16T17:21:35.777+0000] {dag.py:3947} INFO - Setting next_dagrun for example_weekday_branch_operator to 2024-07-15 00:00:00+00:00, run_after=2024-07-16 00:00:00+00:00
[2024-07-16T17:21:35.797+0000] {processor.py:183} INFO - Processing /home/airflow/.local/lib/python3.12/site-packages/airflow/example_dags/example_branch_day_of_week_operator.py took 0.073 seconds
[2024-07-16T17:22:06.217+0000] {processor.py:161} INFO - Started process (PID=2680) to work on /home/airflow/.local/lib/python3.12/site-packages/airflow/example_dags/example_branch_day_of_week_operator.py
[2024-07-16T17:22:06.218+0000] {processor.py:830} INFO - Processing file /home/airflow/.local/lib/python3.12/site-packages/airflow/example_dags/example_branch_day_of_week_operator.py for tasks to queue
[2024-07-16T17:22:06.220+0000] {logging_mixin.py:188} INFO - [2024-07-16T17:22:06.220+0000] {dagbag.py:545} INFO - Filling up the DagBag from /home/airflow/.local/lib/python3.12/site-packages/airflow/example_dags/example_branch_day_of_week_operator.py
[2024-07-16T17:22:06.227+0000] {processor.py:840} INFO - DAG(s) 'example_weekday_branch_operator' retrieved from /home/airflow/.local/lib/python3.12/site-packages/airflow/example_dags/example_branch_day_of_week_operator.py
[2024-07-16T17:22:06.244+0000] {logging_mixin.py:188} INFO - [2024-07-16T17:22:06.244+0000] {dag.py:3089} INFO - Sync 1 DAGs
[2024-07-16T17:22:06.264+0000] {logging_mixin.py:188} INFO - [2024-07-16T17:22:06.263+0000] {dag.py:3947} INFO - Setting next_dagrun for example_weekday_branch_operator to 2024-07-15 00:00:00+00:00, run_after=2024-07-16 00:00:00+00:00
[2024-07-16T17:22:06.280+0000] {processor.py:183} INFO - Processing /home/airflow/.local/lib/python3.12/site-packages/airflow/example_dags/example_branch_day_of_week_operator.py took 0.068 seconds
[2024-07-16T17:22:36.906+0000] {processor.py:161} INFO - Started process (PID=2942) to work on /home/airflow/.local/lib/python3.12/site-packages/airflow/example_dags/example_branch_day_of_week_operator.py
[2024-07-16T17:22:36.908+0000] {processor.py:830} INFO - Processing file /home/airflow/.local/lib/python3.12/site-packages/airflow/example_dags/example_branch_day_of_week_operator.py for tasks to queue
[2024-07-16T17:22:36.910+0000] {logging_mixin.py:188} INFO - [2024-07-16T17:22:36.909+0000] {dagbag.py:545} INFO - Filling up the DagBag from /home/airflow/.local/lib/python3.12/site-packages/airflow/example_dags/example_branch_day_of_week_operator.py
[2024-07-16T17:22:36.916+0000] {processor.py:840} INFO - DAG(s) 'example_weekday_branch_operator' retrieved from /home/airflow/.local/lib/python3.12/site-packages/airflow/example_dags/example_branch_day_of_week_operator.py
[2024-07-16T17:22:36.933+0000] {logging_mixin.py:188} INFO - [2024-07-16T17:22:36.933+0000] {dag.py:3089} INFO - Sync 1 DAGs
[2024-07-16T17:22:36.954+0000] {logging_mixin.py:188} INFO - [2024-07-16T17:22:36.953+0000] {dag.py:3947} INFO - Setting next_dagrun for example_weekday_branch_operator to 2024-07-15 00:00:00+00:00, run_after=2024-07-16 00:00:00+00:00
[2024-07-16T17:22:36.971+0000] {processor.py:183} INFO - Processing /home/airflow/.local/lib/python3.12/site-packages/airflow/example_dags/example_branch_day_of_week_operator.py took 0.070 seconds
[2024-07-16T17:23:07.718+0000] {processor.py:161} INFO - Started process (PID=3204) to work on /home/airflow/.local/lib/python3.12/site-packages/airflow/example_dags/example_branch_day_of_week_operator.py
[2024-07-16T17:23:07.720+0000] {processor.py:830} INFO - Processing file /home/airflow/.local/lib/python3.12/site-packages/airflow/example_dags/example_branch_day_of_week_operator.py for tasks to queue
[2024-07-16T17:23:07.722+0000] {logging_mixin.py:188} INFO - [2024-07-16T17:23:07.721+0000] {dagbag.py:545} INFO - Filling up the DagBag from /home/airflow/.local/lib/python3.12/site-packages/airflow/example_dags/example_branch_day_of_week_operator.py
[2024-07-16T17:23:07.730+0000] {processor.py:840} INFO - DAG(s) 'example_weekday_branch_operator' retrieved from /home/airflow/.local/lib/python3.12/site-packages/airflow/example_dags/example_branch_day_of_week_operator.py
[2024-07-16T17:23:07.753+0000] {logging_mixin.py:188} INFO - [2024-07-16T17:23:07.752+0000] {dag.py:3089} INFO - Sync 1 DAGs
[2024-07-16T17:23:07.777+0000] {logging_mixin.py:188} INFO - [2024-07-16T17:23:07.777+0000] {dag.py:3947} INFO - Setting next_dagrun for example_weekday_branch_operator to 2024-07-15 00:00:00+00:00, run_after=2024-07-16 00:00:00+00:00
[2024-07-16T17:23:07.798+0000] {processor.py:183} INFO - Processing /home/airflow/.local/lib/python3.12/site-packages/airflow/example_dags/example_branch_day_of_week_operator.py took 0.087 seconds
[2024-07-16T17:23:38.962+0000] {processor.py:161} INFO - Started process (PID=3466) to work on /home/airflow/.local/lib/python3.12/site-packages/airflow/example_dags/example_branch_day_of_week_operator.py
[2024-07-16T17:23:38.964+0000] {processor.py:830} INFO - Processing file /home/airflow/.local/lib/python3.12/site-packages/airflow/example_dags/example_branch_day_of_week_operator.py for tasks to queue
[2024-07-16T17:23:38.967+0000] {logging_mixin.py:188} INFO - [2024-07-16T17:23:38.966+0000] {dagbag.py:545} INFO - Filling up the DagBag from /home/airflow/.local/lib/python3.12/site-packages/airflow/example_dags/example_branch_day_of_week_operator.py
[2024-07-16T17:23:38.975+0000] {processor.py:840} INFO - DAG(s) 'example_weekday_branch_operator' retrieved from /home/airflow/.local/lib/python3.12/site-packages/airflow/example_dags/example_branch_day_of_week_operator.py
[2024-07-16T17:23:39.000+0000] {logging_mixin.py:188} INFO - [2024-07-16T17:23:39.000+0000] {dag.py:3089} INFO - Sync 1 DAGs
[2024-07-16T17:23:39.024+0000] {logging_mixin.py:188} INFO - [2024-07-16T17:23:39.024+0000] {dag.py:3947} INFO - Setting next_dagrun for example_weekday_branch_operator to 2024-07-15 00:00:00+00:00, run_after=2024-07-16 00:00:00+00:00
[2024-07-16T17:23:39.048+0000] {processor.py:183} INFO - Processing /home/airflow/.local/lib/python3.12/site-packages/airflow/example_dags/example_branch_day_of_week_operator.py took 0.095 seconds
[2024-07-16T17:24:09.277+0000] {processor.py:161} INFO - Started process (PID=3730) to work on /home/airflow/.local/lib/python3.12/site-packages/airflow/example_dags/example_branch_day_of_week_operator.py
[2024-07-16T17:24:09.279+0000] {processor.py:830} INFO - Processing file /home/airflow/.local/lib/python3.12/site-packages/airflow/example_dags/example_branch_day_of_week_operator.py for tasks to queue
[2024-07-16T17:24:09.281+0000] {logging_mixin.py:188} INFO - [2024-07-16T17:24:09.280+0000] {dagbag.py:545} INFO - Filling up the DagBag from /home/airflow/.local/lib/python3.12/site-packages/airflow/example_dags/example_branch_day_of_week_operator.py
[2024-07-16T17:24:09.287+0000] {processor.py:840} INFO - DAG(s) 'example_weekday_branch_operator' retrieved from /home/airflow/.local/lib/python3.12/site-packages/airflow/example_dags/example_branch_day_of_week_operator.py
[2024-07-16T17:24:09.304+0000] {logging_mixin.py:188} INFO - [2024-07-16T17:24:09.303+0000] {dag.py:3089} INFO - Sync 1 DAGs
[2024-07-16T17:24:09.320+0000] {logging_mixin.py:188} INFO - [2024-07-16T17:24:09.320+0000] {dag.py:3947} INFO - Setting next_dagrun for example_weekday_branch_operator to 2024-07-15 00:00:00+00:00, run_after=2024-07-16 00:00:00+00:00
[2024-07-16T17:24:09.337+0000] {processor.py:183} INFO - Processing /home/airflow/.local/lib/python3.12/site-packages/airflow/example_dags/example_branch_day_of_week_operator.py took 0.064 seconds
[2024-07-16T17:24:39.433+0000] {processor.py:161} INFO - Started process (PID=3989) to work on /home/airflow/.local/lib/python3.12/site-packages/airflow/example_dags/example_branch_day_of_week_operator.py
[2024-07-16T17:24:39.435+0000] {processor.py:830} INFO - Processing file /home/airflow/.local/lib/python3.12/site-packages/airflow/example_dags/example_branch_day_of_week_operator.py for tasks to queue
[2024-07-16T17:24:39.437+0000] {logging_mixin.py:188} INFO - [2024-07-16T17:24:39.437+0000] {dagbag.py:545} INFO - Filling up the DagBag from /home/airflow/.local/lib/python3.12/site-packages/airflow/example_dags/example_branch_day_of_week_operator.py
[2024-07-16T17:24:39.444+0000] {processor.py:840} INFO - DAG(s) 'example_weekday_branch_operator' retrieved from /home/airflow/.local/lib/python3.12/site-packages/airflow/example_dags/example_branch_day_of_week_operator.py
[2024-07-16T17:24:39.463+0000] {logging_mixin.py:188} INFO - [2024-07-16T17:24:39.462+0000] {dag.py:3089} INFO - Sync 1 DAGs
[2024-07-16T17:24:39.482+0000] {logging_mixin.py:188} INFO - [2024-07-16T17:24:39.482+0000] {dag.py:3947} INFO - Setting next_dagrun for example_weekday_branch_operator to 2024-07-15 00:00:00+00:00, run_after=2024-07-16 00:00:00+00:00
[2024-07-16T17:24:39.500+0000] {processor.py:183} INFO - Processing /home/airflow/.local/lib/python3.12/site-packages/airflow/example_dags/example_branch_day_of_week_operator.py took 0.072 seconds
[2024-07-16T17:25:09.655+0000] {processor.py:161} INFO - Started process (PID=4251) to work on /home/airflow/.local/lib/python3.12/site-packages/airflow/example_dags/example_branch_day_of_week_operator.py
[2024-07-16T17:25:09.657+0000] {processor.py:830} INFO - Processing file /home/airflow/.local/lib/python3.12/site-packages/airflow/example_dags/example_branch_day_of_week_operator.py for tasks to queue
[2024-07-16T17:25:09.659+0000] {logging_mixin.py:188} INFO - [2024-07-16T17:25:09.658+0000] {dagbag.py:545} INFO - Filling up the DagBag from /home/airflow/.local/lib/python3.12/site-packages/airflow/example_dags/example_branch_day_of_week_operator.py
[2024-07-16T17:25:09.666+0000] {processor.py:840} INFO - DAG(s) 'example_weekday_branch_operator' retrieved from /home/airflow/.local/lib/python3.12/site-packages/airflow/example_dags/example_branch_day_of_week_operator.py
[2024-07-16T17:25:09.684+0000] {logging_mixin.py:188} INFO - [2024-07-16T17:25:09.683+0000] {dag.py:3089} INFO - Sync 1 DAGs
[2024-07-16T17:25:09.703+0000] {logging_mixin.py:188} INFO - [2024-07-16T17:25:09.703+0000] {dag.py:3947} INFO - Setting next_dagrun for example_weekday_branch_operator to 2024-07-15 00:00:00+00:00, run_after=2024-07-16 00:00:00+00:00
[2024-07-16T17:25:09.719+0000] {processor.py:183} INFO - Processing /home/airflow/.local/lib/python3.12/site-packages/airflow/example_dags/example_branch_day_of_week_operator.py took 0.069 seconds
[2024-07-16T17:25:40.536+0000] {processor.py:161} INFO - Started process (PID=4513) to work on /home/airflow/.local/lib/python3.12/site-packages/airflow/example_dags/example_branch_day_of_week_operator.py
[2024-07-16T17:25:40.538+0000] {processor.py:830} INFO - Processing file /home/airflow/.local/lib/python3.12/site-packages/airflow/example_dags/example_branch_day_of_week_operator.py for tasks to queue
[2024-07-16T17:25:40.542+0000] {logging_mixin.py:188} INFO - [2024-07-16T17:25:40.541+0000] {dagbag.py:545} INFO - Filling up the DagBag from /home/airflow/.local/lib/python3.12/site-packages/airflow/example_dags/example_branch_day_of_week_operator.py
[2024-07-16T17:25:40.550+0000] {processor.py:840} INFO - DAG(s) 'example_weekday_branch_operator' retrieved from /home/airflow/.local/lib/python3.12/site-packages/airflow/example_dags/example_branch_day_of_week_operator.py
[2024-07-16T17:25:40.569+0000] {logging_mixin.py:188} INFO - [2024-07-16T17:25:40.569+0000] {dag.py:3089} INFO - Sync 1 DAGs
[2024-07-16T17:25:40.590+0000] {logging_mixin.py:188} INFO - [2024-07-16T17:25:40.589+0000] {dag.py:3947} INFO - Setting next_dagrun for example_weekday_branch_operator to 2024-07-15 00:00:00+00:00, run_after=2024-07-16 00:00:00+00:00
[2024-07-16T17:25:40.608+0000] {processor.py:183} INFO - Processing /home/airflow/.local/lib/python3.12/site-packages/airflow/example_dags/example_branch_day_of_week_operator.py took 0.081 seconds
[2024-07-16T17:26:10.873+0000] {processor.py:161} INFO - Started process (PID=4777) to work on /home/airflow/.local/lib/python3.12/site-packages/airflow/example_dags/example_branch_day_of_week_operator.py
[2024-07-16T17:26:10.875+0000] {processor.py:830} INFO - Processing file /home/airflow/.local/lib/python3.12/site-packages/airflow/example_dags/example_branch_day_of_week_operator.py for tasks to queue
[2024-07-16T17:26:10.877+0000] {logging_mixin.py:188} INFO - [2024-07-16T17:26:10.876+0000] {dagbag.py:545} INFO - Filling up the DagBag from /home/airflow/.local/lib/python3.12/site-packages/airflow/example_dags/example_branch_day_of_week_operator.py
[2024-07-16T17:26:10.883+0000] {processor.py:840} INFO - DAG(s) 'example_weekday_branch_operator' retrieved from /home/airflow/.local/lib/python3.12/site-packages/airflow/example_dags/example_branch_day_of_week_operator.py
[2024-07-16T17:26:10.901+0000] {logging_mixin.py:188} INFO - [2024-07-16T17:26:10.901+0000] {dag.py:3089} INFO - Sync 1 DAGs
[2024-07-16T17:26:10.918+0000] {logging_mixin.py:188} INFO - [2024-07-16T17:26:10.917+0000] {dag.py:3947} INFO - Setting next_dagrun for example_weekday_branch_operator to 2024-07-15 00:00:00+00:00, run_after=2024-07-16 00:00:00+00:00
[2024-07-16T17:26:10.932+0000] {processor.py:183} INFO - Processing /home/airflow/.local/lib/python3.12/site-packages/airflow/example_dags/example_branch_day_of_week_operator.py took 0.063 seconds
[2024-07-16T17:26:41.607+0000] {processor.py:161} INFO - Started process (PID=5037) to work on /home/airflow/.local/lib/python3.12/site-packages/airflow/example_dags/example_branch_day_of_week_operator.py
[2024-07-16T17:26:41.610+0000] {processor.py:830} INFO - Processing file /home/airflow/.local/lib/python3.12/site-packages/airflow/example_dags/example_branch_day_of_week_operator.py for tasks to queue
[2024-07-16T17:26:41.611+0000] {logging_mixin.py:188} INFO - [2024-07-16T17:26:41.611+0000] {dagbag.py:545} INFO - Filling up the DagBag from /home/airflow/.local/lib/python3.12/site-packages/airflow/example_dags/example_branch_day_of_week_operator.py
[2024-07-16T17:26:41.618+0000] {processor.py:840} INFO - DAG(s) 'example_weekday_branch_operator' retrieved from /home/airflow/.local/lib/python3.12/site-packages/airflow/example_dags/example_branch_day_of_week_operator.py
[2024-07-16T17:26:41.637+0000] {logging_mixin.py:188} INFO - [2024-07-16T17:26:41.637+0000] {dag.py:3089} INFO - Sync 1 DAGs
[2024-07-16T17:26:41.657+0000] {logging_mixin.py:188} INFO - [2024-07-16T17:26:41.657+0000] {dag.py:3947} INFO - Setting next_dagrun for example_weekday_branch_operator to 2024-07-15 00:00:00+00:00, run_after=2024-07-16 00:00:00+00:00
[2024-07-16T17:26:41.675+0000] {processor.py:183} INFO - Processing /home/airflow/.local/lib/python3.12/site-packages/airflow/example_dags/example_branch_day_of_week_operator.py took 0.072 seconds
[2024-07-16T17:27:11.773+0000] {processor.py:161} INFO - Started process (PID=5299) to work on /home/airflow/.local/lib/python3.12/site-packages/airflow/example_dags/example_branch_day_of_week_operator.py
[2024-07-16T17:27:11.776+0000] {processor.py:830} INFO - Processing file /home/airflow/.local/lib/python3.12/site-packages/airflow/example_dags/example_branch_day_of_week_operator.py for tasks to queue
[2024-07-16T17:27:11.777+0000] {logging_mixin.py:188} INFO - [2024-07-16T17:27:11.777+0000] {dagbag.py:545} INFO - Filling up the DagBag from /home/airflow/.local/lib/python3.12/site-packages/airflow/example_dags/example_branch_day_of_week_operator.py
[2024-07-16T17:27:11.784+0000] {processor.py:840} INFO - DAG(s) 'example_weekday_branch_operator' retrieved from /home/airflow/.local/lib/python3.12/site-packages/airflow/example_dags/example_branch_day_of_week_operator.py
[2024-07-16T17:27:11.803+0000] {logging_mixin.py:188} INFO - [2024-07-16T17:27:11.803+0000] {dag.py:3089} INFO - Sync 1 DAGs
[2024-07-16T17:27:11.823+0000] {logging_mixin.py:188} INFO - [2024-07-16T17:27:11.823+0000] {dag.py:3947} INFO - Setting next_dagrun for example_weekday_branch_operator to 2024-07-15 00:00:00+00:00, run_after=2024-07-16 00:00:00+00:00
[2024-07-16T17:27:11.840+0000] {processor.py:183} INFO - Processing /home/airflow/.local/lib/python3.12/site-packages/airflow/example_dags/example_branch_day_of_week_operator.py took 0.073 seconds
[2024-07-16T17:27:42.621+0000] {processor.py:161} INFO - Started process (PID=5561) to work on /home/airflow/.local/lib/python3.12/site-packages/airflow/example_dags/example_branch_day_of_week_operator.py
[2024-07-16T17:27:42.622+0000] {processor.py:830} INFO - Processing file /home/airflow/.local/lib/python3.12/site-packages/airflow/example_dags/example_branch_day_of_week_operator.py for tasks to queue
[2024-07-16T17:27:42.624+0000] {logging_mixin.py:188} INFO - [2024-07-16T17:27:42.623+0000] {dagbag.py:545} INFO - Filling up the DagBag from /home/airflow/.local/lib/python3.12/site-packages/airflow/example_dags/example_branch_day_of_week_operator.py
[2024-07-16T17:27:42.632+0000] {processor.py:840} INFO - DAG(s) 'example_weekday_branch_operator' retrieved from /home/airflow/.local/lib/python3.12/site-packages/airflow/example_dags/example_branch_day_of_week_operator.py
[2024-07-16T17:27:42.650+0000] {logging_mixin.py:188} INFO - [2024-07-16T17:27:42.650+0000] {dag.py:3089} INFO - Sync 1 DAGs
[2024-07-16T17:27:42.669+0000] {logging_mixin.py:188} INFO - [2024-07-16T17:27:42.669+0000] {dag.py:3947} INFO - Setting next_dagrun for example_weekday_branch_operator to 2024-07-15 00:00:00+00:00, run_after=2024-07-16 00:00:00+00:00
[2024-07-16T17:27:42.687+0000] {processor.py:183} INFO - Processing /home/airflow/.local/lib/python3.12/site-packages/airflow/example_dags/example_branch_day_of_week_operator.py took 0.072 seconds
[2024-07-16T17:28:13.147+0000] {processor.py:161} INFO - Started process (PID=5831) to work on /home/airflow/.local/lib/python3.12/site-packages/airflow/example_dags/example_branch_day_of_week_operator.py
[2024-07-16T17:28:13.149+0000] {processor.py:830} INFO - Processing file /home/airflow/.local/lib/python3.12/site-packages/airflow/example_dags/example_branch_day_of_week_operator.py for tasks to queue
[2024-07-16T17:28:13.151+0000] {logging_mixin.py:188} INFO - [2024-07-16T17:28:13.150+0000] {dagbag.py:545} INFO - Filling up the DagBag from /home/airflow/.local/lib/python3.12/site-packages/airflow/example_dags/example_branch_day_of_week_operator.py
[2024-07-16T17:28:13.158+0000] {processor.py:840} INFO - DAG(s) 'example_weekday_branch_operator' retrieved from /home/airflow/.local/lib/python3.12/site-packages/airflow/example_dags/example_branch_day_of_week_operator.py
[2024-07-16T17:28:13.175+0000] {logging_mixin.py:188} INFO - [2024-07-16T17:28:13.175+0000] {dag.py:3089} INFO - Sync 1 DAGs
[2024-07-16T17:28:13.194+0000] {logging_mixin.py:188} INFO - [2024-07-16T17:28:13.194+0000] {dag.py:3947} INFO - Setting next_dagrun for example_weekday_branch_operator to 2024-07-15 00:00:00+00:00, run_after=2024-07-16 00:00:00+00:00
[2024-07-16T17:28:13.210+0000] {processor.py:183} INFO - Processing /home/airflow/.local/lib/python3.12/site-packages/airflow/example_dags/example_branch_day_of_week_operator.py took 0.070 seconds
[2024-07-16T17:28:43.399+0000] {processor.py:161} INFO - Started process (PID=6093) to work on /home/airflow/.local/lib/python3.12/site-packages/airflow/example_dags/example_branch_day_of_week_operator.py
[2024-07-16T17:28:43.401+0000] {processor.py:830} INFO - Processing file /home/airflow/.local/lib/python3.12/site-packages/airflow/example_dags/example_branch_day_of_week_operator.py for tasks to queue
[2024-07-16T17:28:43.403+0000] {logging_mixin.py:188} INFO - [2024-07-16T17:28:43.402+0000] {dagbag.py:545} INFO - Filling up the DagBag from /home/airflow/.local/lib/python3.12/site-packages/airflow/example_dags/example_branch_day_of_week_operator.py
[2024-07-16T17:28:43.409+0000] {processor.py:840} INFO - DAG(s) 'example_weekday_branch_operator' retrieved from /home/airflow/.local/lib/python3.12/site-packages/airflow/example_dags/example_branch_day_of_week_operator.py
[2024-07-16T17:28:43.427+0000] {logging_mixin.py:188} INFO - [2024-07-16T17:28:43.427+0000] {dag.py:3089} INFO - Sync 1 DAGs
[2024-07-16T17:28:43.446+0000] {logging_mixin.py:188} INFO - [2024-07-16T17:28:43.446+0000] {dag.py:3947} INFO - Setting next_dagrun for example_weekday_branch_operator to 2024-07-15 00:00:00+00:00, run_after=2024-07-16 00:00:00+00:00
[2024-07-16T17:28:43.466+0000] {processor.py:183} INFO - Processing /home/airflow/.local/lib/python3.12/site-packages/airflow/example_dags/example_branch_day_of_week_operator.py took 0.072 seconds
[2024-07-16T17:29:14.026+0000] {processor.py:161} INFO - Started process (PID=6357) to work on /home/airflow/.local/lib/python3.12/site-packages/airflow/example_dags/example_branch_day_of_week_operator.py
[2024-07-16T17:29:14.028+0000] {processor.py:830} INFO - Processing file /home/airflow/.local/lib/python3.12/site-packages/airflow/example_dags/example_branch_day_of_week_operator.py for tasks to queue
[2024-07-16T17:29:14.030+0000] {logging_mixin.py:188} INFO - [2024-07-16T17:29:14.029+0000] {dagbag.py:545} INFO - Filling up the DagBag from /home/airflow/.local/lib/python3.12/site-packages/airflow/example_dags/example_branch_day_of_week_operator.py
[2024-07-16T17:29:14.038+0000] {processor.py:840} INFO - DAG(s) 'example_weekday_branch_operator' retrieved from /home/airflow/.local/lib/python3.12/site-packages/airflow/example_dags/example_branch_day_of_week_operator.py
[2024-07-16T17:29:14.061+0000] {logging_mixin.py:188} INFO - [2024-07-16T17:29:14.061+0000] {dag.py:3089} INFO - Sync 1 DAGs
[2024-07-16T17:29:14.083+0000] {logging_mixin.py:188} INFO - [2024-07-16T17:29:14.083+0000] {dag.py:3947} INFO - Setting next_dagrun for example_weekday_branch_operator to 2024-07-15 00:00:00+00:00, run_after=2024-07-16 00:00:00+00:00
[2024-07-16T17:29:14.117+0000] {processor.py:183} INFO - Processing /home/airflow/.local/lib/python3.12/site-packages/airflow/example_dags/example_branch_day_of_week_operator.py took 0.098 seconds
[2024-07-16T17:29:44.675+0000] {processor.py:161} INFO - Started process (PID=6619) to work on /home/airflow/.local/lib/python3.12/site-packages/airflow/example_dags/example_branch_day_of_week_operator.py
[2024-07-16T17:29:44.677+0000] {processor.py:830} INFO - Processing file /home/airflow/.local/lib/python3.12/site-packages/airflow/example_dags/example_branch_day_of_week_operator.py for tasks to queue
[2024-07-16T17:29:44.679+0000] {logging_mixin.py:188} INFO - [2024-07-16T17:29:44.678+0000] {dagbag.py:545} INFO - Filling up the DagBag from /home/airflow/.local/lib/python3.12/site-packages/airflow/example_dags/example_branch_day_of_week_operator.py
[2024-07-16T17:29:44.686+0000] {processor.py:840} INFO - DAG(s) 'example_weekday_branch_operator' retrieved from /home/airflow/.local/lib/python3.12/site-packages/airflow/example_dags/example_branch_day_of_week_operator.py
[2024-07-16T17:29:44.711+0000] {logging_mixin.py:188} INFO - [2024-07-16T17:29:44.711+0000] {dag.py:3089} INFO - Sync 1 DAGs
[2024-07-16T17:29:44.732+0000] {logging_mixin.py:188} INFO - [2024-07-16T17:29:44.731+0000] {dag.py:3947} INFO - Setting next_dagrun for example_weekday_branch_operator to 2024-07-15 00:00:00+00:00, run_after=2024-07-16 00:00:00+00:00
[2024-07-16T17:29:44.752+0000] {processor.py:183} INFO - Processing /home/airflow/.local/lib/python3.12/site-packages/airflow/example_dags/example_branch_day_of_week_operator.py took 0.082 seconds
[2024-07-16T17:30:15.153+0000] {processor.py:161} INFO - Started process (PID=6882) to work on /home/airflow/.local/lib/python3.12/site-packages/airflow/example_dags/example_branch_day_of_week_operator.py
[2024-07-16T17:30:15.155+0000] {processor.py:830} INFO - Processing file /home/airflow/.local/lib/python3.12/site-packages/airflow/example_dags/example_branch_day_of_week_operator.py for tasks to queue
[2024-07-16T17:30:15.156+0000] {logging_mixin.py:188} INFO - [2024-07-16T17:30:15.156+0000] {dagbag.py:545} INFO - Filling up the DagBag from /home/airflow/.local/lib/python3.12/site-packages/airflow/example_dags/example_branch_day_of_week_operator.py
[2024-07-16T17:30:15.163+0000] {processor.py:840} INFO - DAG(s) 'example_weekday_branch_operator' retrieved from /home/airflow/.local/lib/python3.12/site-packages/airflow/example_dags/example_branch_day_of_week_operator.py
[2024-07-16T17:30:15.181+0000] {logging_mixin.py:188} INFO - [2024-07-16T17:30:15.181+0000] {dag.py:3089} INFO - Sync 1 DAGs
[2024-07-16T17:30:15.200+0000] {logging_mixin.py:188} INFO - [2024-07-16T17:30:15.200+0000] {dag.py:3947} INFO - Setting next_dagrun for example_weekday_branch_operator to 2024-07-15 00:00:00+00:00, run_after=2024-07-16 00:00:00+00:00
[2024-07-16T17:30:15.218+0000] {processor.py:183} INFO - Processing /home/airflow/.local/lib/python3.12/site-packages/airflow/example_dags/example_branch_day_of_week_operator.py took 0.070 seconds
[2024-07-16T17:30:46.184+0000] {processor.py:161} INFO - Started process (PID=7142) to work on /home/airflow/.local/lib/python3.12/site-packages/airflow/example_dags/example_branch_day_of_week_operator.py
[2024-07-16T17:30:46.186+0000] {processor.py:830} INFO - Processing file /home/airflow/.local/lib/python3.12/site-packages/airflow/example_dags/example_branch_day_of_week_operator.py for tasks to queue
[2024-07-16T17:30:46.188+0000] {logging_mixin.py:188} INFO - [2024-07-16T17:30:46.187+0000] {dagbag.py:545} INFO - Filling up the DagBag from /home/airflow/.local/lib/python3.12/site-packages/airflow/example_dags/example_branch_day_of_week_operator.py
[2024-07-16T17:30:46.197+0000] {processor.py:840} INFO - DAG(s) 'example_weekday_branch_operator' retrieved from /home/airflow/.local/lib/python3.12/site-packages/airflow/example_dags/example_branch_day_of_week_operator.py
[2024-07-16T17:30:46.232+0000] {logging_mixin.py:188} INFO - [2024-07-16T17:30:46.231+0000] {dag.py:3089} INFO - Sync 1 DAGs
[2024-07-16T17:30:46.254+0000] {logging_mixin.py:188} INFO - [2024-07-16T17:30:46.254+0000] {dag.py:3947} INFO - Setting next_dagrun for example_weekday_branch_operator to 2024-07-15 00:00:00+00:00, run_after=2024-07-16 00:00:00+00:00
[2024-07-16T17:30:46.281+0000] {processor.py:183} INFO - Processing /home/airflow/.local/lib/python3.12/site-packages/airflow/example_dags/example_branch_day_of_week_operator.py took 0.103 seconds
[2024-07-16T17:31:17.206+0000] {processor.py:161} INFO - Started process (PID=7410) to work on /home/airflow/.local/lib/python3.12/site-packages/airflow/example_dags/example_branch_day_of_week_operator.py
[2024-07-16T17:31:17.207+0000] {processor.py:830} INFO - Processing file /home/airflow/.local/lib/python3.12/site-packages/airflow/example_dags/example_branch_day_of_week_operator.py for tasks to queue
[2024-07-16T17:31:17.208+0000] {logging_mixin.py:188} INFO - [2024-07-16T17:31:17.208+0000] {dagbag.py:545} INFO - Filling up the DagBag from /home/airflow/.local/lib/python3.12/site-packages/airflow/example_dags/example_branch_day_of_week_operator.py
[2024-07-16T17:31:17.216+0000] {processor.py:840} INFO - DAG(s) 'example_weekday_branch_operator' retrieved from /home/airflow/.local/lib/python3.12/site-packages/airflow/example_dags/example_branch_day_of_week_operator.py
[2024-07-16T17:31:17.235+0000] {logging_mixin.py:188} INFO - [2024-07-16T17:31:17.235+0000] {dag.py:3089} INFO - Sync 1 DAGs
[2024-07-16T17:31:17.253+0000] {logging_mixin.py:188} INFO - [2024-07-16T17:31:17.253+0000] {dag.py:3947} INFO - Setting next_dagrun for example_weekday_branch_operator to 2024-07-15 00:00:00+00:00, run_after=2024-07-16 00:00:00+00:00
[2024-07-16T17:31:17.273+0000] {processor.py:183} INFO - Processing /home/airflow/.local/lib/python3.12/site-packages/airflow/example_dags/example_branch_day_of_week_operator.py took 0.072 seconds
[2024-07-16T17:31:47.703+0000] {processor.py:161} INFO - Started process (PID=7672) to work on /home/airflow/.local/lib/python3.12/site-packages/airflow/example_dags/example_branch_day_of_week_operator.py
[2024-07-16T17:31:47.722+0000] {processor.py:830} INFO - Processing file /home/airflow/.local/lib/python3.12/site-packages/airflow/example_dags/example_branch_day_of_week_operator.py for tasks to queue
[2024-07-16T17:31:47.727+0000] {logging_mixin.py:188} INFO - [2024-07-16T17:31:47.727+0000] {dagbag.py:545} INFO - Filling up the DagBag from /home/airflow/.local/lib/python3.12/site-packages/airflow/example_dags/example_branch_day_of_week_operator.py
[2024-07-16T17:31:47.733+0000] {processor.py:840} INFO - DAG(s) 'example_weekday_branch_operator' retrieved from /home/airflow/.local/lib/python3.12/site-packages/airflow/example_dags/example_branch_day_of_week_operator.py
[2024-07-16T17:31:47.761+0000] {logging_mixin.py:188} INFO - [2024-07-16T17:31:47.761+0000] {dag.py:3089} INFO - Sync 1 DAGs
[2024-07-16T17:31:47.785+0000] {logging_mixin.py:188} INFO - [2024-07-16T17:31:47.785+0000] {dag.py:3947} INFO - Setting next_dagrun for example_weekday_branch_operator to 2024-07-15 00:00:00+00:00, run_after=2024-07-16 00:00:00+00:00
[2024-07-16T17:31:47.806+0000] {processor.py:183} INFO - Processing /home/airflow/.local/lib/python3.12/site-packages/airflow/example_dags/example_branch_day_of_week_operator.py took 0.107 seconds
