[2024-07-16T17:17:28.761+0000] {processor.py:161} INFO - Started process (PID=257) to work on /home/airflow/.local/lib/python3.12/site-packages/airflow/example_dags/example_external_task_marker_dag.py
[2024-07-16T17:17:28.762+0000] {processor.py:830} INFO - Processing file /home/airflow/.local/lib/python3.12/site-packages/airflow/example_dags/example_external_task_marker_dag.py for tasks to queue
[2024-07-16T17:17:28.763+0000] {logging_mixin.py:188} INFO - [2024-07-16T17:17:28.763+0000] {dagbag.py:545} INFO - Filling up the DagBag from /home/airflow/.local/lib/python3.12/site-packages/airflow/example_dags/example_external_task_marker_dag.py
[2024-07-16T17:17:28.770+0000] {processor.py:840} INFO - DAG(s) 'example_external_task_marker_child', 'example_external_task_marker_parent' retrieved from /home/airflow/.local/lib/python3.12/site-packages/airflow/example_dags/example_external_task_marker_dag.py
[2024-07-16T17:17:28.782+0000] {logging_mixin.py:188} INFO - [2024-07-16T17:17:28.781+0000] {dag.py:3089} INFO - Sync 2 DAGs
[2024-07-16T17:17:28.796+0000] {logging_mixin.py:188} INFO - [2024-07-16T17:17:28.795+0000] {dag.py:3947} INFO - Setting next_dagrun for example_external_task_marker_child to None, run_after=None
[2024-07-16T17:17:28.800+0000] {logging_mixin.py:188} INFO - [2024-07-16T17:17:28.800+0000] {dag.py:3947} INFO - Setting next_dagrun for example_external_task_marker_parent to None, run_after=None
[2024-07-16T17:17:28.817+0000] {processor.py:183} INFO - Processing /home/airflow/.local/lib/python3.12/site-packages/airflow/example_dags/example_external_task_marker_dag.py took 0.061 seconds
[2024-07-16T17:18:00.536+0000] {processor.py:161} INFO - Started process (PID=519) to work on /home/airflow/.local/lib/python3.12/site-packages/airflow/example_dags/example_external_task_marker_dag.py
[2024-07-16T17:18:00.537+0000] {processor.py:830} INFO - Processing file /home/airflow/.local/lib/python3.12/site-packages/airflow/example_dags/example_external_task_marker_dag.py for tasks to queue
[2024-07-16T17:18:00.539+0000] {logging_mixin.py:188} INFO - [2024-07-16T17:18:00.539+0000] {dagbag.py:545} INFO - Filling up the DagBag from /home/airflow/.local/lib/python3.12/site-packages/airflow/example_dags/example_external_task_marker_dag.py
[2024-07-16T17:18:00.544+0000] {processor.py:840} INFO - DAG(s) 'example_external_task_marker_parent', 'example_external_task_marker_child' retrieved from /home/airflow/.local/lib/python3.12/site-packages/airflow/example_dags/example_external_task_marker_dag.py
[2024-07-16T17:18:00.639+0000] {logging_mixin.py:188} INFO - [2024-07-16T17:18:00.639+0000] {dag.py:3089} INFO - Sync 2 DAGs
[2024-07-16T17:18:00.648+0000] {logging_mixin.py:188} INFO - [2024-07-16T17:18:00.648+0000] {dag.py:3947} INFO - Setting next_dagrun for example_external_task_marker_child to None, run_after=None
[2024-07-16T17:18:00.651+0000] {logging_mixin.py:188} INFO - [2024-07-16T17:18:00.651+0000] {dag.py:3947} INFO - Setting next_dagrun for example_external_task_marker_parent to None, run_after=None
[2024-07-16T17:18:00.667+0000] {processor.py:183} INFO - Processing /home/airflow/.local/lib/python3.12/site-packages/airflow/example_dags/example_external_task_marker_dag.py took 0.136 seconds
[2024-07-16T17:18:30.701+0000] {processor.py:161} INFO - Started process (PID=783) to work on /home/airflow/.local/lib/python3.12/site-packages/airflow/example_dags/example_external_task_marker_dag.py
[2024-07-16T17:18:30.703+0000] {processor.py:830} INFO - Processing file /home/airflow/.local/lib/python3.12/site-packages/airflow/example_dags/example_external_task_marker_dag.py for tasks to queue
[2024-07-16T17:18:30.704+0000] {logging_mixin.py:188} INFO - [2024-07-16T17:18:30.704+0000] {dagbag.py:545} INFO - Filling up the DagBag from /home/airflow/.local/lib/python3.12/site-packages/airflow/example_dags/example_external_task_marker_dag.py
[2024-07-16T17:18:30.708+0000] {processor.py:840} INFO - DAG(s) 'example_external_task_marker_child', 'example_external_task_marker_parent' retrieved from /home/airflow/.local/lib/python3.12/site-packages/airflow/example_dags/example_external_task_marker_dag.py
[2024-07-16T17:18:30.725+0000] {logging_mixin.py:188} INFO - [2024-07-16T17:18:30.725+0000] {dag.py:3089} INFO - Sync 2 DAGs
[2024-07-16T17:18:30.735+0000] {logging_mixin.py:188} INFO - [2024-07-16T17:18:30.734+0000] {dag.py:3947} INFO - Setting next_dagrun for example_external_task_marker_child to None, run_after=None
[2024-07-16T17:18:30.737+0000] {logging_mixin.py:188} INFO - [2024-07-16T17:18:30.737+0000] {dag.py:3947} INFO - Setting next_dagrun for example_external_task_marker_parent to None, run_after=None
[2024-07-16T17:18:30.750+0000] {processor.py:183} INFO - Processing /home/airflow/.local/lib/python3.12/site-packages/airflow/example_dags/example_external_task_marker_dag.py took 0.053 seconds
[2024-07-16T17:19:01.473+0000] {processor.py:161} INFO - Started process (PID=1043) to work on /home/airflow/.local/lib/python3.12/site-packages/airflow/example_dags/example_external_task_marker_dag.py
[2024-07-16T17:19:01.475+0000] {processor.py:830} INFO - Processing file /home/airflow/.local/lib/python3.12/site-packages/airflow/example_dags/example_external_task_marker_dag.py for tasks to queue
[2024-07-16T17:19:01.477+0000] {logging_mixin.py:188} INFO - [2024-07-16T17:19:01.477+0000] {dagbag.py:545} INFO - Filling up the DagBag from /home/airflow/.local/lib/python3.12/site-packages/airflow/example_dags/example_external_task_marker_dag.py
[2024-07-16T17:19:01.482+0000] {processor.py:840} INFO - DAG(s) 'example_external_task_marker_child', 'example_external_task_marker_parent' retrieved from /home/airflow/.local/lib/python3.12/site-packages/airflow/example_dags/example_external_task_marker_dag.py
[2024-07-16T17:19:01.505+0000] {logging_mixin.py:188} INFO - [2024-07-16T17:19:01.505+0000] {dag.py:3089} INFO - Sync 2 DAGs
[2024-07-16T17:19:01.517+0000] {logging_mixin.py:188} INFO - [2024-07-16T17:19:01.516+0000] {dag.py:3947} INFO - Setting next_dagrun for example_external_task_marker_child to None, run_after=None
[2024-07-16T17:19:01.521+0000] {logging_mixin.py:188} INFO - [2024-07-16T17:19:01.521+0000] {dag.py:3947} INFO - Setting next_dagrun for example_external_task_marker_parent to None, run_after=None
[2024-07-16T17:19:01.540+0000] {processor.py:183} INFO - Processing /home/airflow/.local/lib/python3.12/site-packages/airflow/example_dags/example_external_task_marker_dag.py took 0.072 seconds
[2024-07-16T17:19:31.676+0000] {processor.py:161} INFO - Started process (PID=1305) to work on /home/airflow/.local/lib/python3.12/site-packages/airflow/example_dags/example_external_task_marker_dag.py
[2024-07-16T17:19:31.677+0000] {processor.py:830} INFO - Processing file /home/airflow/.local/lib/python3.12/site-packages/airflow/example_dags/example_external_task_marker_dag.py for tasks to queue
[2024-07-16T17:19:31.679+0000] {logging_mixin.py:188} INFO - [2024-07-16T17:19:31.678+0000] {dagbag.py:545} INFO - Filling up the DagBag from /home/airflow/.local/lib/python3.12/site-packages/airflow/example_dags/example_external_task_marker_dag.py
[2024-07-16T17:19:31.684+0000] {processor.py:840} INFO - DAG(s) 'example_external_task_marker_child', 'example_external_task_marker_parent' retrieved from /home/airflow/.local/lib/python3.12/site-packages/airflow/example_dags/example_external_task_marker_dag.py
[2024-07-16T17:19:31.703+0000] {logging_mixin.py:188} INFO - [2024-07-16T17:19:31.703+0000] {dag.py:3089} INFO - Sync 2 DAGs
[2024-07-16T17:19:31.714+0000] {logging_mixin.py:188} INFO - [2024-07-16T17:19:31.714+0000] {dag.py:3947} INFO - Setting next_dagrun for example_external_task_marker_child to None, run_after=None
[2024-07-16T17:19:31.717+0000] {logging_mixin.py:188} INFO - [2024-07-16T17:19:31.717+0000] {dag.py:3947} INFO - Setting next_dagrun for example_external_task_marker_parent to None, run_after=None
[2024-07-16T17:19:31.733+0000] {processor.py:183} INFO - Processing /home/airflow/.local/lib/python3.12/site-packages/airflow/example_dags/example_external_task_marker_dag.py took 0.062 seconds
[2024-07-16T17:20:02.319+0000] {processor.py:161} INFO - Started process (PID=1567) to work on /home/airflow/.local/lib/python3.12/site-packages/airflow/example_dags/example_external_task_marker_dag.py
[2024-07-16T17:20:02.321+0000] {processor.py:830} INFO - Processing file /home/airflow/.local/lib/python3.12/site-packages/airflow/example_dags/example_external_task_marker_dag.py for tasks to queue
[2024-07-16T17:20:02.323+0000] {logging_mixin.py:188} INFO - [2024-07-16T17:20:02.322+0000] {dagbag.py:545} INFO - Filling up the DagBag from /home/airflow/.local/lib/python3.12/site-packages/airflow/example_dags/example_external_task_marker_dag.py
[2024-07-16T17:20:02.328+0000] {processor.py:840} INFO - DAG(s) 'example_external_task_marker_child', 'example_external_task_marker_parent' retrieved from /home/airflow/.local/lib/python3.12/site-packages/airflow/example_dags/example_external_task_marker_dag.py
[2024-07-16T17:20:02.348+0000] {logging_mixin.py:188} INFO - [2024-07-16T17:20:02.348+0000] {dag.py:3089} INFO - Sync 2 DAGs
[2024-07-16T17:20:02.359+0000] {logging_mixin.py:188} INFO - [2024-07-16T17:20:02.359+0000] {dag.py:3947} INFO - Setting next_dagrun for example_external_task_marker_child to None, run_after=None
[2024-07-16T17:20:02.363+0000] {logging_mixin.py:188} INFO - [2024-07-16T17:20:02.362+0000] {dag.py:3947} INFO - Setting next_dagrun for example_external_task_marker_parent to None, run_after=None
[2024-07-16T17:20:02.377+0000] {processor.py:183} INFO - Processing /home/airflow/.local/lib/python3.12/site-packages/airflow/example_dags/example_external_task_marker_dag.py took 0.063 seconds
[2024-07-16T17:20:33.022+0000] {processor.py:161} INFO - Started process (PID=1832) to work on /home/airflow/.local/lib/python3.12/site-packages/airflow/example_dags/example_external_task_marker_dag.py
[2024-07-16T17:20:33.024+0000] {processor.py:830} INFO - Processing file /home/airflow/.local/lib/python3.12/site-packages/airflow/example_dags/example_external_task_marker_dag.py for tasks to queue
[2024-07-16T17:20:33.026+0000] {logging_mixin.py:188} INFO - [2024-07-16T17:20:33.025+0000] {dagbag.py:545} INFO - Filling up the DagBag from /home/airflow/.local/lib/python3.12/site-packages/airflow/example_dags/example_external_task_marker_dag.py
[2024-07-16T17:20:33.031+0000] {processor.py:840} INFO - DAG(s) 'example_external_task_marker_child', 'example_external_task_marker_parent' retrieved from /home/airflow/.local/lib/python3.12/site-packages/airflow/example_dags/example_external_task_marker_dag.py
[2024-07-16T17:20:33.050+0000] {logging_mixin.py:188} INFO - [2024-07-16T17:20:33.050+0000] {dag.py:3089} INFO - Sync 2 DAGs
[2024-07-16T17:20:33.061+0000] {logging_mixin.py:188} INFO - [2024-07-16T17:20:33.061+0000] {dag.py:3947} INFO - Setting next_dagrun for example_external_task_marker_child to None, run_after=None
[2024-07-16T17:20:33.064+0000] {logging_mixin.py:188} INFO - [2024-07-16T17:20:33.064+0000] {dag.py:3947} INFO - Setting next_dagrun for example_external_task_marker_parent to None, run_after=None
[2024-07-16T17:20:33.079+0000] {processor.py:183} INFO - Processing /home/airflow/.local/lib/python3.12/site-packages/airflow/example_dags/example_external_task_marker_dag.py took 0.062 seconds
[2024-07-16T17:21:03.571+0000] {processor.py:161} INFO - Started process (PID=2092) to work on /home/airflow/.local/lib/python3.12/site-packages/airflow/example_dags/example_external_task_marker_dag.py
[2024-07-16T17:21:03.573+0000] {processor.py:830} INFO - Processing file /home/airflow/.local/lib/python3.12/site-packages/airflow/example_dags/example_external_task_marker_dag.py for tasks to queue
[2024-07-16T17:21:03.574+0000] {logging_mixin.py:188} INFO - [2024-07-16T17:21:03.574+0000] {dagbag.py:545} INFO - Filling up the DagBag from /home/airflow/.local/lib/python3.12/site-packages/airflow/example_dags/example_external_task_marker_dag.py
[2024-07-16T17:21:03.580+0000] {processor.py:840} INFO - DAG(s) 'example_external_task_marker_child', 'example_external_task_marker_parent' retrieved from /home/airflow/.local/lib/python3.12/site-packages/airflow/example_dags/example_external_task_marker_dag.py
[2024-07-16T17:21:03.599+0000] {logging_mixin.py:188} INFO - [2024-07-16T17:21:03.599+0000] {dag.py:3089} INFO - Sync 2 DAGs
[2024-07-16T17:21:03.611+0000] {logging_mixin.py:188} INFO - [2024-07-16T17:21:03.611+0000] {dag.py:3947} INFO - Setting next_dagrun for example_external_task_marker_child to None, run_after=None
[2024-07-16T17:21:03.614+0000] {logging_mixin.py:188} INFO - [2024-07-16T17:21:03.614+0000] {dag.py:3947} INFO - Setting next_dagrun for example_external_task_marker_parent to None, run_after=None
[2024-07-16T17:21:03.629+0000] {processor.py:183} INFO - Processing /home/airflow/.local/lib/python3.12/site-packages/airflow/example_dags/example_external_task_marker_dag.py took 0.063 seconds
[2024-07-16T17:21:34.086+0000] {processor.py:161} INFO - Started process (PID=2353) to work on /home/airflow/.local/lib/python3.12/site-packages/airflow/example_dags/example_external_task_marker_dag.py
[2024-07-16T17:21:34.087+0000] {processor.py:830} INFO - Processing file /home/airflow/.local/lib/python3.12/site-packages/airflow/example_dags/example_external_task_marker_dag.py for tasks to queue
[2024-07-16T17:21:34.088+0000] {logging_mixin.py:188} INFO - [2024-07-16T17:21:34.088+0000] {dagbag.py:545} INFO - Filling up the DagBag from /home/airflow/.local/lib/python3.12/site-packages/airflow/example_dags/example_external_task_marker_dag.py
[2024-07-16T17:21:34.094+0000] {processor.py:840} INFO - DAG(s) 'example_external_task_marker_child', 'example_external_task_marker_parent' retrieved from /home/airflow/.local/lib/python3.12/site-packages/airflow/example_dags/example_external_task_marker_dag.py
[2024-07-16T17:21:34.115+0000] {logging_mixin.py:188} INFO - [2024-07-16T17:21:34.115+0000] {dag.py:3089} INFO - Sync 2 DAGs
[2024-07-16T17:21:34.126+0000] {logging_mixin.py:188} INFO - [2024-07-16T17:21:34.126+0000] {dag.py:3947} INFO - Setting next_dagrun for example_external_task_marker_child to None, run_after=None
[2024-07-16T17:21:34.129+0000] {logging_mixin.py:188} INFO - [2024-07-16T17:21:34.129+0000] {dag.py:3947} INFO - Setting next_dagrun for example_external_task_marker_parent to None, run_after=None
[2024-07-16T17:21:34.145+0000] {processor.py:183} INFO - Processing /home/airflow/.local/lib/python3.12/site-packages/airflow/example_dags/example_external_task_marker_dag.py took 0.064 seconds
[2024-07-16T17:22:04.611+0000] {processor.py:161} INFO - Started process (PID=2615) to work on /home/airflow/.local/lib/python3.12/site-packages/airflow/example_dags/example_external_task_marker_dag.py
[2024-07-16T17:22:04.612+0000] {processor.py:830} INFO - Processing file /home/airflow/.local/lib/python3.12/site-packages/airflow/example_dags/example_external_task_marker_dag.py for tasks to queue
[2024-07-16T17:22:04.614+0000] {logging_mixin.py:188} INFO - [2024-07-16T17:22:04.614+0000] {dagbag.py:545} INFO - Filling up the DagBag from /home/airflow/.local/lib/python3.12/site-packages/airflow/example_dags/example_external_task_marker_dag.py
[2024-07-16T17:22:04.619+0000] {processor.py:840} INFO - DAG(s) 'example_external_task_marker_parent', 'example_external_task_marker_child' retrieved from /home/airflow/.local/lib/python3.12/site-packages/airflow/example_dags/example_external_task_marker_dag.py
[2024-07-16T17:22:04.642+0000] {logging_mixin.py:188} INFO - [2024-07-16T17:22:04.642+0000] {dag.py:3089} INFO - Sync 2 DAGs
[2024-07-16T17:22:04.656+0000] {logging_mixin.py:188} INFO - [2024-07-16T17:22:04.656+0000] {dag.py:3947} INFO - Setting next_dagrun for example_external_task_marker_child to None, run_after=None
[2024-07-16T17:22:04.660+0000] {logging_mixin.py:188} INFO - [2024-07-16T17:22:04.660+0000] {dag.py:3947} INFO - Setting next_dagrun for example_external_task_marker_parent to None, run_after=None
[2024-07-16T17:22:04.678+0000] {processor.py:183} INFO - Processing /home/airflow/.local/lib/python3.12/site-packages/airflow/example_dags/example_external_task_marker_dag.py took 0.073 seconds
[2024-07-16T17:22:35.271+0000] {processor.py:161} INFO - Started process (PID=2879) to work on /home/airflow/.local/lib/python3.12/site-packages/airflow/example_dags/example_external_task_marker_dag.py
[2024-07-16T17:22:35.273+0000] {processor.py:830} INFO - Processing file /home/airflow/.local/lib/python3.12/site-packages/airflow/example_dags/example_external_task_marker_dag.py for tasks to queue
[2024-07-16T17:22:35.274+0000] {logging_mixin.py:188} INFO - [2024-07-16T17:22:35.274+0000] {dagbag.py:545} INFO - Filling up the DagBag from /home/airflow/.local/lib/python3.12/site-packages/airflow/example_dags/example_external_task_marker_dag.py
[2024-07-16T17:22:35.278+0000] {processor.py:840} INFO - DAG(s) 'example_external_task_marker_parent', 'example_external_task_marker_child' retrieved from /home/airflow/.local/lib/python3.12/site-packages/airflow/example_dags/example_external_task_marker_dag.py
[2024-07-16T17:22:35.296+0000] {logging_mixin.py:188} INFO - [2024-07-16T17:22:35.296+0000] {dag.py:3089} INFO - Sync 2 DAGs
[2024-07-16T17:22:35.306+0000] {logging_mixin.py:188} INFO - [2024-07-16T17:22:35.306+0000] {dag.py:3947} INFO - Setting next_dagrun for example_external_task_marker_child to None, run_after=None
[2024-07-16T17:22:35.309+0000] {logging_mixin.py:188} INFO - [2024-07-16T17:22:35.309+0000] {dag.py:3947} INFO - Setting next_dagrun for example_external_task_marker_parent to None, run_after=None
[2024-07-16T17:22:35.323+0000] {processor.py:183} INFO - Processing /home/airflow/.local/lib/python3.12/site-packages/airflow/example_dags/example_external_task_marker_dag.py took 0.056 seconds
[2024-07-16T17:23:05.919+0000] {processor.py:161} INFO - Started process (PID=3139) to work on /home/airflow/.local/lib/python3.12/site-packages/airflow/example_dags/example_external_task_marker_dag.py
[2024-07-16T17:23:05.921+0000] {processor.py:830} INFO - Processing file /home/airflow/.local/lib/python3.12/site-packages/airflow/example_dags/example_external_task_marker_dag.py for tasks to queue
[2024-07-16T17:23:05.923+0000] {logging_mixin.py:188} INFO - [2024-07-16T17:23:05.922+0000] {dagbag.py:545} INFO - Filling up the DagBag from /home/airflow/.local/lib/python3.12/site-packages/airflow/example_dags/example_external_task_marker_dag.py
[2024-07-16T17:23:05.929+0000] {processor.py:840} INFO - DAG(s) 'example_external_task_marker_parent', 'example_external_task_marker_child' retrieved from /home/airflow/.local/lib/python3.12/site-packages/airflow/example_dags/example_external_task_marker_dag.py
[2024-07-16T17:23:05.952+0000] {logging_mixin.py:188} INFO - [2024-07-16T17:23:05.951+0000] {dag.py:3089} INFO - Sync 2 DAGs
[2024-07-16T17:23:05.965+0000] {logging_mixin.py:188} INFO - [2024-07-16T17:23:05.965+0000] {dag.py:3947} INFO - Setting next_dagrun for example_external_task_marker_child to None, run_after=None
[2024-07-16T17:23:05.969+0000] {logging_mixin.py:188} INFO - [2024-07-16T17:23:05.968+0000] {dag.py:3947} INFO - Setting next_dagrun for example_external_task_marker_parent to None, run_after=None
[2024-07-16T17:23:05.986+0000] {processor.py:183} INFO - Processing /home/airflow/.local/lib/python3.12/site-packages/airflow/example_dags/example_external_task_marker_dag.py took 0.073 seconds
[2024-07-16T17:23:36.021+0000] {processor.py:161} INFO - Started process (PID=3401) to work on /home/airflow/.local/lib/python3.12/site-packages/airflow/example_dags/example_external_task_marker_dag.py
[2024-07-16T17:23:36.023+0000] {processor.py:830} INFO - Processing file /home/airflow/.local/lib/python3.12/site-packages/airflow/example_dags/example_external_task_marker_dag.py for tasks to queue
[2024-07-16T17:23:36.025+0000] {logging_mixin.py:188} INFO - [2024-07-16T17:23:36.025+0000] {dagbag.py:545} INFO - Filling up the DagBag from /home/airflow/.local/lib/python3.12/site-packages/airflow/example_dags/example_external_task_marker_dag.py
[2024-07-16T17:23:36.031+0000] {processor.py:840} INFO - DAG(s) 'example_external_task_marker_child', 'example_external_task_marker_parent' retrieved from /home/airflow/.local/lib/python3.12/site-packages/airflow/example_dags/example_external_task_marker_dag.py
[2024-07-16T17:23:36.052+0000] {logging_mixin.py:188} INFO - [2024-07-16T17:23:36.052+0000] {dag.py:3089} INFO - Sync 2 DAGs
[2024-07-16T17:23:36.061+0000] {logging_mixin.py:188} INFO - [2024-07-16T17:23:36.061+0000] {dag.py:3947} INFO - Setting next_dagrun for example_external_task_marker_child to None, run_after=None
[2024-07-16T17:23:36.064+0000] {logging_mixin.py:188} INFO - [2024-07-16T17:23:36.064+0000] {dag.py:3947} INFO - Setting next_dagrun for example_external_task_marker_parent to None, run_after=None
[2024-07-16T17:23:36.080+0000] {processor.py:183} INFO - Processing /home/airflow/.local/lib/python3.12/site-packages/airflow/example_dags/example_external_task_marker_dag.py took 0.063 seconds
[2024-07-16T17:24:06.448+0000] {processor.py:161} INFO - Started process (PID=3663) to work on /home/airflow/.local/lib/python3.12/site-packages/airflow/example_dags/example_external_task_marker_dag.py
[2024-07-16T17:24:06.449+0000] {processor.py:830} INFO - Processing file /home/airflow/.local/lib/python3.12/site-packages/airflow/example_dags/example_external_task_marker_dag.py for tasks to queue
[2024-07-16T17:24:06.450+0000] {logging_mixin.py:188} INFO - [2024-07-16T17:24:06.450+0000] {dagbag.py:545} INFO - Filling up the DagBag from /home/airflow/.local/lib/python3.12/site-packages/airflow/example_dags/example_external_task_marker_dag.py
[2024-07-16T17:24:06.455+0000] {processor.py:840} INFO - DAG(s) 'example_external_task_marker_parent', 'example_external_task_marker_child' retrieved from /home/airflow/.local/lib/python3.12/site-packages/airflow/example_dags/example_external_task_marker_dag.py
[2024-07-16T17:24:06.475+0000] {logging_mixin.py:188} INFO - [2024-07-16T17:24:06.475+0000] {dag.py:3089} INFO - Sync 2 DAGs
[2024-07-16T17:24:06.486+0000] {logging_mixin.py:188} INFO - [2024-07-16T17:24:06.486+0000] {dag.py:3947} INFO - Setting next_dagrun for example_external_task_marker_child to None, run_after=None
[2024-07-16T17:24:06.489+0000] {logging_mixin.py:188} INFO - [2024-07-16T17:24:06.489+0000] {dag.py:3947} INFO - Setting next_dagrun for example_external_task_marker_parent to None, run_after=None
[2024-07-16T17:24:06.505+0000] {processor.py:183} INFO - Processing /home/airflow/.local/lib/python3.12/site-packages/airflow/example_dags/example_external_task_marker_dag.py took 0.062 seconds
[2024-07-16T17:24:36.638+0000] {processor.py:161} INFO - Started process (PID=3924) to work on /home/airflow/.local/lib/python3.12/site-packages/airflow/example_dags/example_external_task_marker_dag.py
[2024-07-16T17:24:36.639+0000] {processor.py:830} INFO - Processing file /home/airflow/.local/lib/python3.12/site-packages/airflow/example_dags/example_external_task_marker_dag.py for tasks to queue
[2024-07-16T17:24:36.641+0000] {logging_mixin.py:188} INFO - [2024-07-16T17:24:36.641+0000] {dagbag.py:545} INFO - Filling up the DagBag from /home/airflow/.local/lib/python3.12/site-packages/airflow/example_dags/example_external_task_marker_dag.py
[2024-07-16T17:24:36.647+0000] {processor.py:840} INFO - DAG(s) 'example_external_task_marker_parent', 'example_external_task_marker_child' retrieved from /home/airflow/.local/lib/python3.12/site-packages/airflow/example_dags/example_external_task_marker_dag.py
[2024-07-16T17:24:36.667+0000] {logging_mixin.py:188} INFO - [2024-07-16T17:24:36.667+0000] {dag.py:3089} INFO - Sync 2 DAGs
[2024-07-16T17:24:36.679+0000] {logging_mixin.py:188} INFO - [2024-07-16T17:24:36.679+0000] {dag.py:3947} INFO - Setting next_dagrun for example_external_task_marker_child to None, run_after=None
[2024-07-16T17:24:36.682+0000] {logging_mixin.py:188} INFO - [2024-07-16T17:24:36.682+0000] {dag.py:3947} INFO - Setting next_dagrun for example_external_task_marker_parent to None, run_after=None
[2024-07-16T17:24:36.697+0000] {processor.py:183} INFO - Processing /home/airflow/.local/lib/python3.12/site-packages/airflow/example_dags/example_external_task_marker_dag.py took 0.067 seconds
[2024-07-16T17:25:06.996+0000] {processor.py:161} INFO - Started process (PID=4188) to work on /home/airflow/.local/lib/python3.12/site-packages/airflow/example_dags/example_external_task_marker_dag.py
[2024-07-16T17:25:06.998+0000] {processor.py:830} INFO - Processing file /home/airflow/.local/lib/python3.12/site-packages/airflow/example_dags/example_external_task_marker_dag.py for tasks to queue
[2024-07-16T17:25:06.999+0000] {logging_mixin.py:188} INFO - [2024-07-16T17:25:06.999+0000] {dagbag.py:545} INFO - Filling up the DagBag from /home/airflow/.local/lib/python3.12/site-packages/airflow/example_dags/example_external_task_marker_dag.py
[2024-07-16T17:25:07.004+0000] {processor.py:840} INFO - DAG(s) 'example_external_task_marker_child', 'example_external_task_marker_parent' retrieved from /home/airflow/.local/lib/python3.12/site-packages/airflow/example_dags/example_external_task_marker_dag.py
[2024-07-16T17:25:07.021+0000] {logging_mixin.py:188} INFO - [2024-07-16T17:25:07.021+0000] {dag.py:3089} INFO - Sync 2 DAGs
[2024-07-16T17:25:07.030+0000] {logging_mixin.py:188} INFO - [2024-07-16T17:25:07.030+0000] {dag.py:3947} INFO - Setting next_dagrun for example_external_task_marker_child to None, run_after=None
[2024-07-16T17:25:07.033+0000] {logging_mixin.py:188} INFO - [2024-07-16T17:25:07.033+0000] {dag.py:3947} INFO - Setting next_dagrun for example_external_task_marker_parent to None, run_after=None
[2024-07-16T17:25:07.048+0000] {processor.py:183} INFO - Processing /home/airflow/.local/lib/python3.12/site-packages/airflow/example_dags/example_external_task_marker_dag.py took 0.057 seconds
[2024-07-16T17:25:37.786+0000] {processor.py:161} INFO - Started process (PID=4450) to work on /home/airflow/.local/lib/python3.12/site-packages/airflow/example_dags/example_external_task_marker_dag.py
[2024-07-16T17:25:37.788+0000] {processor.py:830} INFO - Processing file /home/airflow/.local/lib/python3.12/site-packages/airflow/example_dags/example_external_task_marker_dag.py for tasks to queue
[2024-07-16T17:25:37.789+0000] {logging_mixin.py:188} INFO - [2024-07-16T17:25:37.789+0000] {dagbag.py:545} INFO - Filling up the DagBag from /home/airflow/.local/lib/python3.12/site-packages/airflow/example_dags/example_external_task_marker_dag.py
[2024-07-16T17:25:37.794+0000] {processor.py:840} INFO - DAG(s) 'example_external_task_marker_child', 'example_external_task_marker_parent' retrieved from /home/airflow/.local/lib/python3.12/site-packages/airflow/example_dags/example_external_task_marker_dag.py
[2024-07-16T17:25:37.813+0000] {logging_mixin.py:188} INFO - [2024-07-16T17:25:37.813+0000] {dag.py:3089} INFO - Sync 2 DAGs
[2024-07-16T17:25:37.822+0000] {logging_mixin.py:188} INFO - [2024-07-16T17:25:37.822+0000] {dag.py:3947} INFO - Setting next_dagrun for example_external_task_marker_child to None, run_after=None
[2024-07-16T17:25:37.825+0000] {logging_mixin.py:188} INFO - [2024-07-16T17:25:37.825+0000] {dag.py:3947} INFO - Setting next_dagrun for example_external_task_marker_parent to None, run_after=None
[2024-07-16T17:25:37.838+0000] {processor.py:183} INFO - Processing /home/airflow/.local/lib/python3.12/site-packages/airflow/example_dags/example_external_task_marker_dag.py took 0.057 seconds
[2024-07-16T17:26:08.194+0000] {processor.py:161} INFO - Started process (PID=4710) to work on /home/airflow/.local/lib/python3.12/site-packages/airflow/example_dags/example_external_task_marker_dag.py
[2024-07-16T17:26:08.195+0000] {processor.py:830} INFO - Processing file /home/airflow/.local/lib/python3.12/site-packages/airflow/example_dags/example_external_task_marker_dag.py for tasks to queue
[2024-07-16T17:26:08.196+0000] {logging_mixin.py:188} INFO - [2024-07-16T17:26:08.196+0000] {dagbag.py:545} INFO - Filling up the DagBag from /home/airflow/.local/lib/python3.12/site-packages/airflow/example_dags/example_external_task_marker_dag.py
[2024-07-16T17:26:08.202+0000] {processor.py:840} INFO - DAG(s) 'example_external_task_marker_child', 'example_external_task_marker_parent' retrieved from /home/airflow/.local/lib/python3.12/site-packages/airflow/example_dags/example_external_task_marker_dag.py
[2024-07-16T17:26:08.224+0000] {logging_mixin.py:188} INFO - [2024-07-16T17:26:08.224+0000] {dag.py:3089} INFO - Sync 2 DAGs
[2024-07-16T17:26:08.238+0000] {logging_mixin.py:188} INFO - [2024-07-16T17:26:08.238+0000] {dag.py:3947} INFO - Setting next_dagrun for example_external_task_marker_child to None, run_after=None
[2024-07-16T17:26:08.241+0000] {logging_mixin.py:188} INFO - [2024-07-16T17:26:08.241+0000] {dag.py:3947} INFO - Setting next_dagrun for example_external_task_marker_parent to None, run_after=None
[2024-07-16T17:26:08.259+0000] {processor.py:183} INFO - Processing /home/airflow/.local/lib/python3.12/site-packages/airflow/example_dags/example_external_task_marker_dag.py took 0.071 seconds
[2024-07-16T17:26:38.890+0000] {processor.py:161} INFO - Started process (PID=4972) to work on /home/airflow/.local/lib/python3.12/site-packages/airflow/example_dags/example_external_task_marker_dag.py
[2024-07-16T17:26:38.892+0000] {processor.py:830} INFO - Processing file /home/airflow/.local/lib/python3.12/site-packages/airflow/example_dags/example_external_task_marker_dag.py for tasks to queue
[2024-07-16T17:26:38.894+0000] {logging_mixin.py:188} INFO - [2024-07-16T17:26:38.893+0000] {dagbag.py:545} INFO - Filling up the DagBag from /home/airflow/.local/lib/python3.12/site-packages/airflow/example_dags/example_external_task_marker_dag.py
[2024-07-16T17:26:38.901+0000] {processor.py:840} INFO - DAG(s) 'example_external_task_marker_parent', 'example_external_task_marker_child' retrieved from /home/airflow/.local/lib/python3.12/site-packages/airflow/example_dags/example_external_task_marker_dag.py
[2024-07-16T17:26:38.924+0000] {logging_mixin.py:188} INFO - [2024-07-16T17:26:38.924+0000] {dag.py:3089} INFO - Sync 2 DAGs
[2024-07-16T17:26:38.936+0000] {logging_mixin.py:188} INFO - [2024-07-16T17:26:38.936+0000] {dag.py:3947} INFO - Setting next_dagrun for example_external_task_marker_child to None, run_after=None
[2024-07-16T17:26:38.939+0000] {logging_mixin.py:188} INFO - [2024-07-16T17:26:38.939+0000] {dag.py:3947} INFO - Setting next_dagrun for example_external_task_marker_parent to None, run_after=None
[2024-07-16T17:26:38.966+0000] {processor.py:183} INFO - Processing /home/airflow/.local/lib/python3.12/site-packages/airflow/example_dags/example_external_task_marker_dag.py took 0.082 seconds
[2024-07-16T17:27:09.101+0000] {processor.py:161} INFO - Started process (PID=5234) to work on /home/airflow/.local/lib/python3.12/site-packages/airflow/example_dags/example_external_task_marker_dag.py
[2024-07-16T17:27:09.103+0000] {processor.py:830} INFO - Processing file /home/airflow/.local/lib/python3.12/site-packages/airflow/example_dags/example_external_task_marker_dag.py for tasks to queue
[2024-07-16T17:27:09.105+0000] {logging_mixin.py:188} INFO - [2024-07-16T17:27:09.104+0000] {dagbag.py:545} INFO - Filling up the DagBag from /home/airflow/.local/lib/python3.12/site-packages/airflow/example_dags/example_external_task_marker_dag.py
[2024-07-16T17:27:09.110+0000] {processor.py:840} INFO - DAG(s) 'example_external_task_marker_child', 'example_external_task_marker_parent' retrieved from /home/airflow/.local/lib/python3.12/site-packages/airflow/example_dags/example_external_task_marker_dag.py
[2024-07-16T17:27:09.131+0000] {logging_mixin.py:188} INFO - [2024-07-16T17:27:09.131+0000] {dag.py:3089} INFO - Sync 2 DAGs
[2024-07-16T17:27:09.144+0000] {logging_mixin.py:188} INFO - [2024-07-16T17:27:09.143+0000] {dag.py:3947} INFO - Setting next_dagrun for example_external_task_marker_child to None, run_after=None
[2024-07-16T17:27:09.147+0000] {logging_mixin.py:188} INFO - [2024-07-16T17:27:09.147+0000] {dag.py:3947} INFO - Setting next_dagrun for example_external_task_marker_parent to None, run_after=None
[2024-07-16T17:27:09.164+0000] {processor.py:183} INFO - Processing /home/airflow/.local/lib/python3.12/site-packages/airflow/example_dags/example_external_task_marker_dag.py took 0.068 seconds
[2024-07-16T17:27:39.889+0000] {processor.py:161} INFO - Started process (PID=5498) to work on /home/airflow/.local/lib/python3.12/site-packages/airflow/example_dags/example_external_task_marker_dag.py
[2024-07-16T17:27:39.892+0000] {processor.py:830} INFO - Processing file /home/airflow/.local/lib/python3.12/site-packages/airflow/example_dags/example_external_task_marker_dag.py for tasks to queue
[2024-07-16T17:27:39.894+0000] {logging_mixin.py:188} INFO - [2024-07-16T17:27:39.894+0000] {dagbag.py:545} INFO - Filling up the DagBag from /home/airflow/.local/lib/python3.12/site-packages/airflow/example_dags/example_external_task_marker_dag.py
[2024-07-16T17:27:39.901+0000] {processor.py:840} INFO - DAG(s) 'example_external_task_marker_parent', 'example_external_task_marker_child' retrieved from /home/airflow/.local/lib/python3.12/site-packages/airflow/example_dags/example_external_task_marker_dag.py
[2024-07-16T17:27:39.921+0000] {logging_mixin.py:188} INFO - [2024-07-16T17:27:39.921+0000] {dag.py:3089} INFO - Sync 2 DAGs
[2024-07-16T17:27:39.931+0000] {logging_mixin.py:188} INFO - [2024-07-16T17:27:39.931+0000] {dag.py:3947} INFO - Setting next_dagrun for example_external_task_marker_child to None, run_after=None
[2024-07-16T17:27:39.935+0000] {logging_mixin.py:188} INFO - [2024-07-16T17:27:39.935+0000] {dag.py:3947} INFO - Setting next_dagrun for example_external_task_marker_parent to None, run_after=None
[2024-07-16T17:27:39.953+0000] {processor.py:183} INFO - Processing /home/airflow/.local/lib/python3.12/site-packages/airflow/example_dags/example_external_task_marker_dag.py took 0.074 seconds
[2024-07-16T17:28:10.422+0000] {processor.py:161} INFO - Started process (PID=5766) to work on /home/airflow/.local/lib/python3.12/site-packages/airflow/example_dags/example_external_task_marker_dag.py
[2024-07-16T17:28:10.424+0000] {processor.py:830} INFO - Processing file /home/airflow/.local/lib/python3.12/site-packages/airflow/example_dags/example_external_task_marker_dag.py for tasks to queue
[2024-07-16T17:28:10.426+0000] {logging_mixin.py:188} INFO - [2024-07-16T17:28:10.425+0000] {dagbag.py:545} INFO - Filling up the DagBag from /home/airflow/.local/lib/python3.12/site-packages/airflow/example_dags/example_external_task_marker_dag.py
[2024-07-16T17:28:10.431+0000] {processor.py:840} INFO - DAG(s) 'example_external_task_marker_parent', 'example_external_task_marker_child' retrieved from /home/airflow/.local/lib/python3.12/site-packages/airflow/example_dags/example_external_task_marker_dag.py
[2024-07-16T17:28:10.452+0000] {logging_mixin.py:188} INFO - [2024-07-16T17:28:10.452+0000] {dag.py:3089} INFO - Sync 2 DAGs
[2024-07-16T17:28:10.463+0000] {logging_mixin.py:188} INFO - [2024-07-16T17:28:10.463+0000] {dag.py:3947} INFO - Setting next_dagrun for example_external_task_marker_child to None, run_after=None
[2024-07-16T17:28:10.466+0000] {logging_mixin.py:188} INFO - [2024-07-16T17:28:10.466+0000] {dag.py:3947} INFO - Setting next_dagrun for example_external_task_marker_parent to None, run_after=None
[2024-07-16T17:28:10.482+0000] {processor.py:183} INFO - Processing /home/airflow/.local/lib/python3.12/site-packages/airflow/example_dags/example_external_task_marker_dag.py took 0.066 seconds
[2024-07-16T17:28:40.671+0000] {processor.py:161} INFO - Started process (PID=6028) to work on /home/airflow/.local/lib/python3.12/site-packages/airflow/example_dags/example_external_task_marker_dag.py
[2024-07-16T17:28:40.672+0000] {processor.py:830} INFO - Processing file /home/airflow/.local/lib/python3.12/site-packages/airflow/example_dags/example_external_task_marker_dag.py for tasks to queue
[2024-07-16T17:28:40.674+0000] {logging_mixin.py:188} INFO - [2024-07-16T17:28:40.673+0000] {dagbag.py:545} INFO - Filling up the DagBag from /home/airflow/.local/lib/python3.12/site-packages/airflow/example_dags/example_external_task_marker_dag.py
[2024-07-16T17:28:40.679+0000] {processor.py:840} INFO - DAG(s) 'example_external_task_marker_child', 'example_external_task_marker_parent' retrieved from /home/airflow/.local/lib/python3.12/site-packages/airflow/example_dags/example_external_task_marker_dag.py
[2024-07-16T17:28:40.701+0000] {logging_mixin.py:188} INFO - [2024-07-16T17:28:40.701+0000] {dag.py:3089} INFO - Sync 2 DAGs
[2024-07-16T17:28:40.713+0000] {logging_mixin.py:188} INFO - [2024-07-16T17:28:40.713+0000] {dag.py:3947} INFO - Setting next_dagrun for example_external_task_marker_child to None, run_after=None
[2024-07-16T17:28:40.717+0000] {logging_mixin.py:188} INFO - [2024-07-16T17:28:40.717+0000] {dag.py:3947} INFO - Setting next_dagrun for example_external_task_marker_parent to None, run_after=None
[2024-07-16T17:28:40.733+0000] {processor.py:183} INFO - Processing /home/airflow/.local/lib/python3.12/site-packages/airflow/example_dags/example_external_task_marker_dag.py took 0.069 seconds
[2024-07-16T17:29:11.168+0000] {processor.py:161} INFO - Started process (PID=6290) to work on /home/airflow/.local/lib/python3.12/site-packages/airflow/example_dags/example_external_task_marker_dag.py
[2024-07-16T17:29:11.170+0000] {processor.py:830} INFO - Processing file /home/airflow/.local/lib/python3.12/site-packages/airflow/example_dags/example_external_task_marker_dag.py for tasks to queue
[2024-07-16T17:29:11.172+0000] {logging_mixin.py:188} INFO - [2024-07-16T17:29:11.171+0000] {dagbag.py:545} INFO - Filling up the DagBag from /home/airflow/.local/lib/python3.12/site-packages/airflow/example_dags/example_external_task_marker_dag.py
[2024-07-16T17:29:11.177+0000] {processor.py:840} INFO - DAG(s) 'example_external_task_marker_child', 'example_external_task_marker_parent' retrieved from /home/airflow/.local/lib/python3.12/site-packages/airflow/example_dags/example_external_task_marker_dag.py
[2024-07-16T17:29:11.199+0000] {logging_mixin.py:188} INFO - [2024-07-16T17:29:11.199+0000] {dag.py:3089} INFO - Sync 2 DAGs
[2024-07-16T17:29:11.212+0000] {logging_mixin.py:188} INFO - [2024-07-16T17:29:11.212+0000] {dag.py:3947} INFO - Setting next_dagrun for example_external_task_marker_child to None, run_after=None
[2024-07-16T17:29:11.215+0000] {logging_mixin.py:188} INFO - [2024-07-16T17:29:11.215+0000] {dag.py:3947} INFO - Setting next_dagrun for example_external_task_marker_parent to None, run_after=None
[2024-07-16T17:29:11.233+0000] {processor.py:183} INFO - Processing /home/airflow/.local/lib/python3.12/site-packages/airflow/example_dags/example_external_task_marker_dag.py took 0.070 seconds
[2024-07-16T17:29:41.702+0000] {processor.py:161} INFO - Started process (PID=6552) to work on /home/airflow/.local/lib/python3.12/site-packages/airflow/example_dags/example_external_task_marker_dag.py
[2024-07-16T17:29:41.703+0000] {processor.py:830} INFO - Processing file /home/airflow/.local/lib/python3.12/site-packages/airflow/example_dags/example_external_task_marker_dag.py for tasks to queue
[2024-07-16T17:29:41.704+0000] {logging_mixin.py:188} INFO - [2024-07-16T17:29:41.704+0000] {dagbag.py:545} INFO - Filling up the DagBag from /home/airflow/.local/lib/python3.12/site-packages/airflow/example_dags/example_external_task_marker_dag.py
[2024-07-16T17:29:41.711+0000] {processor.py:840} INFO - DAG(s) 'example_external_task_marker_child', 'example_external_task_marker_parent' retrieved from /home/airflow/.local/lib/python3.12/site-packages/airflow/example_dags/example_external_task_marker_dag.py
[2024-07-16T17:29:41.733+0000] {logging_mixin.py:188} INFO - [2024-07-16T17:29:41.733+0000] {dag.py:3089} INFO - Sync 2 DAGs
[2024-07-16T17:29:41.746+0000] {logging_mixin.py:188} INFO - [2024-07-16T17:29:41.745+0000] {dag.py:3947} INFO - Setting next_dagrun for example_external_task_marker_child to None, run_after=None
[2024-07-16T17:29:41.749+0000] {logging_mixin.py:188} INFO - [2024-07-16T17:29:41.749+0000] {dag.py:3947} INFO - Setting next_dagrun for example_external_task_marker_parent to None, run_after=None
[2024-07-16T17:29:41.767+0000] {processor.py:183} INFO - Processing /home/airflow/.local/lib/python3.12/site-packages/airflow/example_dags/example_external_task_marker_dag.py took 0.072 seconds
[2024-07-16T17:30:11.958+0000] {processor.py:161} INFO - Started process (PID=6815) to work on /home/airflow/.local/lib/python3.12/site-packages/airflow/example_dags/example_external_task_marker_dag.py
[2024-07-16T17:30:11.960+0000] {processor.py:830} INFO - Processing file /home/airflow/.local/lib/python3.12/site-packages/airflow/example_dags/example_external_task_marker_dag.py for tasks to queue
[2024-07-16T17:30:11.961+0000] {logging_mixin.py:188} INFO - [2024-07-16T17:30:11.961+0000] {dagbag.py:545} INFO - Filling up the DagBag from /home/airflow/.local/lib/python3.12/site-packages/airflow/example_dags/example_external_task_marker_dag.py
[2024-07-16T17:30:11.967+0000] {processor.py:840} INFO - DAG(s) 'example_external_task_marker_child', 'example_external_task_marker_parent' retrieved from /home/airflow/.local/lib/python3.12/site-packages/airflow/example_dags/example_external_task_marker_dag.py
[2024-07-16T17:30:11.987+0000] {logging_mixin.py:188} INFO - [2024-07-16T17:30:11.987+0000] {dag.py:3089} INFO - Sync 2 DAGs
[2024-07-16T17:30:11.999+0000] {logging_mixin.py:188} INFO - [2024-07-16T17:30:11.999+0000] {dag.py:3947} INFO - Setting next_dagrun for example_external_task_marker_child to None, run_after=None
[2024-07-16T17:30:12.003+0000] {logging_mixin.py:188} INFO - [2024-07-16T17:30:12.003+0000] {dag.py:3947} INFO - Setting next_dagrun for example_external_task_marker_parent to None, run_after=None
[2024-07-16T17:30:12.018+0000] {processor.py:183} INFO - Processing /home/airflow/.local/lib/python3.12/site-packages/airflow/example_dags/example_external_task_marker_dag.py took 0.065 seconds
[2024-07-16T17:30:42.394+0000] {processor.py:161} INFO - Started process (PID=7077) to work on /home/airflow/.local/lib/python3.12/site-packages/airflow/example_dags/example_external_task_marker_dag.py
[2024-07-16T17:30:42.396+0000] {processor.py:830} INFO - Processing file /home/airflow/.local/lib/python3.12/site-packages/airflow/example_dags/example_external_task_marker_dag.py for tasks to queue
[2024-07-16T17:30:42.398+0000] {logging_mixin.py:188} INFO - [2024-07-16T17:30:42.398+0000] {dagbag.py:545} INFO - Filling up the DagBag from /home/airflow/.local/lib/python3.12/site-packages/airflow/example_dags/example_external_task_marker_dag.py
[2024-07-16T17:30:42.405+0000] {processor.py:840} INFO - DAG(s) 'example_external_task_marker_child', 'example_external_task_marker_parent' retrieved from /home/airflow/.local/lib/python3.12/site-packages/airflow/example_dags/example_external_task_marker_dag.py
[2024-07-16T17:30:42.430+0000] {logging_mixin.py:188} INFO - [2024-07-16T17:30:42.430+0000] {dag.py:3089} INFO - Sync 2 DAGs
[2024-07-16T17:30:42.443+0000] {logging_mixin.py:188} INFO - [2024-07-16T17:30:42.443+0000] {dag.py:3947} INFO - Setting next_dagrun for example_external_task_marker_child to None, run_after=None
[2024-07-16T17:30:42.448+0000] {logging_mixin.py:188} INFO - [2024-07-16T17:30:42.448+0000] {dag.py:3947} INFO - Setting next_dagrun for example_external_task_marker_parent to None, run_after=None
[2024-07-16T17:30:42.465+0000] {processor.py:183} INFO - Processing /home/airflow/.local/lib/python3.12/site-packages/airflow/example_dags/example_external_task_marker_dag.py took 0.077 seconds
[2024-07-16T17:31:13.499+0000] {processor.py:161} INFO - Started process (PID=7339) to work on /home/airflow/.local/lib/python3.12/site-packages/airflow/example_dags/example_external_task_marker_dag.py
[2024-07-16T17:31:13.501+0000] {processor.py:830} INFO - Processing file /home/airflow/.local/lib/python3.12/site-packages/airflow/example_dags/example_external_task_marker_dag.py for tasks to queue
[2024-07-16T17:31:13.503+0000] {logging_mixin.py:188} INFO - [2024-07-16T17:31:13.503+0000] {dagbag.py:545} INFO - Filling up the DagBag from /home/airflow/.local/lib/python3.12/site-packages/airflow/example_dags/example_external_task_marker_dag.py
[2024-07-16T17:31:13.509+0000] {processor.py:840} INFO - DAG(s) 'example_external_task_marker_child', 'example_external_task_marker_parent' retrieved from /home/airflow/.local/lib/python3.12/site-packages/airflow/example_dags/example_external_task_marker_dag.py
[2024-07-16T17:31:13.531+0000] {logging_mixin.py:188} INFO - [2024-07-16T17:31:13.531+0000] {dag.py:3089} INFO - Sync 2 DAGs
[2024-07-16T17:31:13.545+0000] {logging_mixin.py:188} INFO - [2024-07-16T17:31:13.544+0000] {dag.py:3947} INFO - Setting next_dagrun for example_external_task_marker_child to None, run_after=None
[2024-07-16T17:31:13.549+0000] {logging_mixin.py:188} INFO - [2024-07-16T17:31:13.548+0000] {dag.py:3947} INFO - Setting next_dagrun for example_external_task_marker_parent to None, run_after=None
[2024-07-16T17:31:13.567+0000] {processor.py:183} INFO - Processing /home/airflow/.local/lib/python3.12/site-packages/airflow/example_dags/example_external_task_marker_dag.py took 0.074 seconds
[2024-07-16T17:31:43.991+0000] {processor.py:161} INFO - Started process (PID=7601) to work on /home/airflow/.local/lib/python3.12/site-packages/airflow/example_dags/example_external_task_marker_dag.py
[2024-07-16T17:31:43.994+0000] {processor.py:830} INFO - Processing file /home/airflow/.local/lib/python3.12/site-packages/airflow/example_dags/example_external_task_marker_dag.py for tasks to queue
[2024-07-16T17:31:43.996+0000] {logging_mixin.py:188} INFO - [2024-07-16T17:31:43.996+0000] {dagbag.py:545} INFO - Filling up the DagBag from /home/airflow/.local/lib/python3.12/site-packages/airflow/example_dags/example_external_task_marker_dag.py
[2024-07-16T17:31:44.005+0000] {processor.py:840} INFO - DAG(s) 'example_external_task_marker_child', 'example_external_task_marker_parent' retrieved from /home/airflow/.local/lib/python3.12/site-packages/airflow/example_dags/example_external_task_marker_dag.py
[2024-07-16T17:31:44.034+0000] {logging_mixin.py:188} INFO - [2024-07-16T17:31:44.034+0000] {dag.py:3089} INFO - Sync 2 DAGs
[2024-07-16T17:31:44.048+0000] {logging_mixin.py:188} INFO - [2024-07-16T17:31:44.048+0000] {dag.py:3947} INFO - Setting next_dagrun for example_external_task_marker_child to None, run_after=None
[2024-07-16T17:31:44.053+0000] {logging_mixin.py:188} INFO - [2024-07-16T17:31:44.053+0000] {dag.py:3947} INFO - Setting next_dagrun for example_external_task_marker_parent to None, run_after=None
[2024-07-16T17:31:44.070+0000] {processor.py:183} INFO - Processing /home/airflow/.local/lib/python3.12/site-packages/airflow/example_dags/example_external_task_marker_dag.py took 0.088 seconds
