[2024-07-16T17:17:28.906+0000] {processor.py:161} INFO - Started process (PID=272) to work on /home/airflow/.local/lib/python3.12/site-packages/airflow/example_dags/example_task_group_decorator.py
[2024-07-16T17:17:28.907+0000] {processor.py:830} INFO - Processing file /home/airflow/.local/lib/python3.12/site-packages/airflow/example_dags/example_task_group_decorator.py for tasks to queue
[2024-07-16T17:17:28.909+0000] {logging_mixin.py:188} INFO - [2024-07-16T17:17:28.909+0000] {dagbag.py:545} INFO - Filling up the DagBag from /home/airflow/.local/lib/python3.12/site-packages/airflow/example_dags/example_task_group_decorator.py
[2024-07-16T17:17:28.925+0000] {processor.py:840} INFO - DAG(s) 'example_task_group_decorator' retrieved from /home/airflow/.local/lib/python3.12/site-packages/airflow/example_dags/example_task_group_decorator.py
[2024-07-16T17:17:28.936+0000] {logging_mixin.py:188} INFO - [2024-07-16T17:17:28.936+0000] {dag.py:3089} INFO - Sync 1 DAGs
[2024-07-16T17:17:28.963+0000] {logging_mixin.py:188} INFO - [2024-07-16T17:17:28.963+0000] {dag.py:3947} INFO - Setting next_dagrun for example_task_group_decorator to 2024-07-15 00:00:00+00:00, run_after=2024-07-16 00:00:00+00:00
[2024-07-16T17:17:28.984+0000] {processor.py:183} INFO - Processing /home/airflow/.local/lib/python3.12/site-packages/airflow/example_dags/example_task_group_decorator.py took 0.086 seconds
[2024-07-16T17:18:00.724+0000] {processor.py:161} INFO - Started process (PID=534) to work on /home/airflow/.local/lib/python3.12/site-packages/airflow/example_dags/example_task_group_decorator.py
[2024-07-16T17:18:00.726+0000] {processor.py:830} INFO - Processing file /home/airflow/.local/lib/python3.12/site-packages/airflow/example_dags/example_task_group_decorator.py for tasks to queue
[2024-07-16T17:18:00.728+0000] {logging_mixin.py:188} INFO - [2024-07-16T17:18:00.727+0000] {dagbag.py:545} INFO - Filling up the DagBag from /home/airflow/.local/lib/python3.12/site-packages/airflow/example_dags/example_task_group_decorator.py
[2024-07-16T17:18:00.741+0000] {processor.py:840} INFO - DAG(s) 'example_task_group_decorator' retrieved from /home/airflow/.local/lib/python3.12/site-packages/airflow/example_dags/example_task_group_decorator.py
[2024-07-16T17:18:00.832+0000] {logging_mixin.py:188} INFO - [2024-07-16T17:18:00.832+0000] {dag.py:3089} INFO - Sync 1 DAGs
[2024-07-16T17:18:00.848+0000] {logging_mixin.py:188} INFO - [2024-07-16T17:18:00.848+0000] {dag.py:3947} INFO - Setting next_dagrun for example_task_group_decorator to 2024-07-15 00:00:00+00:00, run_after=2024-07-16 00:00:00+00:00
[2024-07-16T17:18:00.865+0000] {processor.py:183} INFO - Processing /home/airflow/.local/lib/python3.12/site-packages/airflow/example_dags/example_task_group_decorator.py took 0.146 seconds
[2024-07-16T17:18:30.928+0000] {processor.py:161} INFO - Started process (PID=798) to work on /home/airflow/.local/lib/python3.12/site-packages/airflow/example_dags/example_task_group_decorator.py
[2024-07-16T17:18:30.929+0000] {processor.py:830} INFO - Processing file /home/airflow/.local/lib/python3.12/site-packages/airflow/example_dags/example_task_group_decorator.py for tasks to queue
[2024-07-16T17:18:30.930+0000] {logging_mixin.py:188} INFO - [2024-07-16T17:18:30.930+0000] {dagbag.py:545} INFO - Filling up the DagBag from /home/airflow/.local/lib/python3.12/site-packages/airflow/example_dags/example_task_group_decorator.py
[2024-07-16T17:18:30.940+0000] {processor.py:840} INFO - DAG(s) 'example_task_group_decorator' retrieved from /home/airflow/.local/lib/python3.12/site-packages/airflow/example_dags/example_task_group_decorator.py
[2024-07-16T17:18:30.962+0000] {logging_mixin.py:188} INFO - [2024-07-16T17:18:30.961+0000] {dag.py:3089} INFO - Sync 1 DAGs
[2024-07-16T17:18:30.977+0000] {logging_mixin.py:188} INFO - [2024-07-16T17:18:30.977+0000] {dag.py:3947} INFO - Setting next_dagrun for example_task_group_decorator to 2024-07-15 00:00:00+00:00, run_after=2024-07-16 00:00:00+00:00
[2024-07-16T17:18:30.990+0000] {processor.py:183} INFO - Processing /home/airflow/.local/lib/python3.12/site-packages/airflow/example_dags/example_task_group_decorator.py took 0.067 seconds
[2024-07-16T17:19:01.699+0000] {processor.py:161} INFO - Started process (PID=1058) to work on /home/airflow/.local/lib/python3.12/site-packages/airflow/example_dags/example_task_group_decorator.py
[2024-07-16T17:19:01.701+0000] {processor.py:830} INFO - Processing file /home/airflow/.local/lib/python3.12/site-packages/airflow/example_dags/example_task_group_decorator.py for tasks to queue
[2024-07-16T17:19:01.702+0000] {logging_mixin.py:188} INFO - [2024-07-16T17:19:01.702+0000] {dagbag.py:545} INFO - Filling up the DagBag from /home/airflow/.local/lib/python3.12/site-packages/airflow/example_dags/example_task_group_decorator.py
[2024-07-16T17:19:01.721+0000] {processor.py:840} INFO - DAG(s) 'example_task_group_decorator' retrieved from /home/airflow/.local/lib/python3.12/site-packages/airflow/example_dags/example_task_group_decorator.py
[2024-07-16T17:19:01.753+0000] {logging_mixin.py:188} INFO - [2024-07-16T17:19:01.752+0000] {dag.py:3089} INFO - Sync 1 DAGs
[2024-07-16T17:19:01.784+0000] {logging_mixin.py:188} INFO - [2024-07-16T17:19:01.783+0000] {dag.py:3947} INFO - Setting next_dagrun for example_task_group_decorator to 2024-07-15 00:00:00+00:00, run_after=2024-07-16 00:00:00+00:00
[2024-07-16T17:19:01.807+0000] {processor.py:183} INFO - Processing /home/airflow/.local/lib/python3.12/site-packages/airflow/example_dags/example_task_group_decorator.py took 0.115 seconds
[2024-07-16T17:19:31.843+0000] {processor.py:161} INFO - Started process (PID=1318) to work on /home/airflow/.local/lib/python3.12/site-packages/airflow/example_dags/example_task_group_decorator.py
[2024-07-16T17:19:31.845+0000] {processor.py:830} INFO - Processing file /home/airflow/.local/lib/python3.12/site-packages/airflow/example_dags/example_task_group_decorator.py for tasks to queue
[2024-07-16T17:19:31.847+0000] {logging_mixin.py:188} INFO - [2024-07-16T17:19:31.846+0000] {dagbag.py:545} INFO - Filling up the DagBag from /home/airflow/.local/lib/python3.12/site-packages/airflow/example_dags/example_task_group_decorator.py
[2024-07-16T17:19:31.858+0000] {processor.py:840} INFO - DAG(s) 'example_task_group_decorator' retrieved from /home/airflow/.local/lib/python3.12/site-packages/airflow/example_dags/example_task_group_decorator.py
[2024-07-16T17:19:31.879+0000] {logging_mixin.py:188} INFO - [2024-07-16T17:19:31.879+0000] {dag.py:3089} INFO - Sync 1 DAGs
[2024-07-16T17:19:31.898+0000] {logging_mixin.py:188} INFO - [2024-07-16T17:19:31.897+0000] {dag.py:3947} INFO - Setting next_dagrun for example_task_group_decorator to 2024-07-15 00:00:00+00:00, run_after=2024-07-16 00:00:00+00:00
[2024-07-16T17:19:31.916+0000] {processor.py:183} INFO - Processing /home/airflow/.local/lib/python3.12/site-packages/airflow/example_dags/example_task_group_decorator.py took 0.078 seconds
[2024-07-16T17:20:02.457+0000] {processor.py:161} INFO - Started process (PID=1582) to work on /home/airflow/.local/lib/python3.12/site-packages/airflow/example_dags/example_task_group_decorator.py
[2024-07-16T17:20:02.458+0000] {processor.py:830} INFO - Processing file /home/airflow/.local/lib/python3.12/site-packages/airflow/example_dags/example_task_group_decorator.py for tasks to queue
[2024-07-16T17:20:02.459+0000] {logging_mixin.py:188} INFO - [2024-07-16T17:20:02.459+0000] {dagbag.py:545} INFO - Filling up the DagBag from /home/airflow/.local/lib/python3.12/site-packages/airflow/example_dags/example_task_group_decorator.py
[2024-07-16T17:20:02.472+0000] {processor.py:840} INFO - DAG(s) 'example_task_group_decorator' retrieved from /home/airflow/.local/lib/python3.12/site-packages/airflow/example_dags/example_task_group_decorator.py
[2024-07-16T17:20:02.492+0000] {logging_mixin.py:188} INFO - [2024-07-16T17:20:02.492+0000] {dag.py:3089} INFO - Sync 1 DAGs
[2024-07-16T17:20:02.507+0000] {logging_mixin.py:188} INFO - [2024-07-16T17:20:02.507+0000] {dag.py:3947} INFO - Setting next_dagrun for example_task_group_decorator to 2024-07-15 00:00:00+00:00, run_after=2024-07-16 00:00:00+00:00
[2024-07-16T17:20:02.524+0000] {processor.py:183} INFO - Processing /home/airflow/.local/lib/python3.12/site-packages/airflow/example_dags/example_task_group_decorator.py took 0.072 seconds
[2024-07-16T17:20:33.126+0000] {processor.py:161} INFO - Started process (PID=1845) to work on /home/airflow/.local/lib/python3.12/site-packages/airflow/example_dags/example_task_group_decorator.py
[2024-07-16T17:20:33.127+0000] {processor.py:830} INFO - Processing file /home/airflow/.local/lib/python3.12/site-packages/airflow/example_dags/example_task_group_decorator.py for tasks to queue
[2024-07-16T17:20:33.129+0000] {logging_mixin.py:188} INFO - [2024-07-16T17:20:33.129+0000] {dagbag.py:545} INFO - Filling up the DagBag from /home/airflow/.local/lib/python3.12/site-packages/airflow/example_dags/example_task_group_decorator.py
[2024-07-16T17:20:33.140+0000] {processor.py:840} INFO - DAG(s) 'example_task_group_decorator' retrieved from /home/airflow/.local/lib/python3.12/site-packages/airflow/example_dags/example_task_group_decorator.py
[2024-07-16T17:20:33.161+0000] {logging_mixin.py:188} INFO - [2024-07-16T17:20:33.161+0000] {dag.py:3089} INFO - Sync 1 DAGs
[2024-07-16T17:20:33.179+0000] {logging_mixin.py:188} INFO - [2024-07-16T17:20:33.179+0000] {dag.py:3947} INFO - Setting next_dagrun for example_task_group_decorator to 2024-07-15 00:00:00+00:00, run_after=2024-07-16 00:00:00+00:00
[2024-07-16T17:20:33.193+0000] {processor.py:183} INFO - Processing /home/airflow/.local/lib/python3.12/site-packages/airflow/example_dags/example_task_group_decorator.py took 0.073 seconds
[2024-07-16T17:21:03.688+0000] {processor.py:161} INFO - Started process (PID=2107) to work on /home/airflow/.local/lib/python3.12/site-packages/airflow/example_dags/example_task_group_decorator.py
[2024-07-16T17:21:03.690+0000] {processor.py:830} INFO - Processing file /home/airflow/.local/lib/python3.12/site-packages/airflow/example_dags/example_task_group_decorator.py for tasks to queue
[2024-07-16T17:21:03.691+0000] {logging_mixin.py:188} INFO - [2024-07-16T17:21:03.691+0000] {dagbag.py:545} INFO - Filling up the DagBag from /home/airflow/.local/lib/python3.12/site-packages/airflow/example_dags/example_task_group_decorator.py
[2024-07-16T17:21:03.702+0000] {processor.py:840} INFO - DAG(s) 'example_task_group_decorator' retrieved from /home/airflow/.local/lib/python3.12/site-packages/airflow/example_dags/example_task_group_decorator.py
[2024-07-16T17:21:03.724+0000] {logging_mixin.py:188} INFO - [2024-07-16T17:21:03.724+0000] {dag.py:3089} INFO - Sync 1 DAGs
[2024-07-16T17:21:03.740+0000] {logging_mixin.py:188} INFO - [2024-07-16T17:21:03.740+0000] {dag.py:3947} INFO - Setting next_dagrun for example_task_group_decorator to 2024-07-15 00:00:00+00:00, run_after=2024-07-16 00:00:00+00:00
[2024-07-16T17:21:03.755+0000] {processor.py:183} INFO - Processing /home/airflow/.local/lib/python3.12/site-packages/airflow/example_dags/example_task_group_decorator.py took 0.072 seconds
[2024-07-16T17:21:34.218+0000] {processor.py:161} INFO - Started process (PID=2368) to work on /home/airflow/.local/lib/python3.12/site-packages/airflow/example_dags/example_task_group_decorator.py
[2024-07-16T17:21:34.221+0000] {processor.py:830} INFO - Processing file /home/airflow/.local/lib/python3.12/site-packages/airflow/example_dags/example_task_group_decorator.py for tasks to queue
[2024-07-16T17:21:34.222+0000] {logging_mixin.py:188} INFO - [2024-07-16T17:21:34.222+0000] {dagbag.py:545} INFO - Filling up the DagBag from /home/airflow/.local/lib/python3.12/site-packages/airflow/example_dags/example_task_group_decorator.py
[2024-07-16T17:21:34.234+0000] {processor.py:840} INFO - DAG(s) 'example_task_group_decorator' retrieved from /home/airflow/.local/lib/python3.12/site-packages/airflow/example_dags/example_task_group_decorator.py
[2024-07-16T17:21:34.253+0000] {logging_mixin.py:188} INFO - [2024-07-16T17:21:34.253+0000] {dag.py:3089} INFO - Sync 1 DAGs
[2024-07-16T17:21:34.269+0000] {logging_mixin.py:188} INFO - [2024-07-16T17:21:34.269+0000] {dag.py:3947} INFO - Setting next_dagrun for example_task_group_decorator to 2024-07-15 00:00:00+00:00, run_after=2024-07-16 00:00:00+00:00
[2024-07-16T17:21:34.284+0000] {processor.py:183} INFO - Processing /home/airflow/.local/lib/python3.12/site-packages/airflow/example_dags/example_task_group_decorator.py took 0.070 seconds
[2024-07-16T17:22:04.761+0000] {processor.py:161} INFO - Started process (PID=2630) to work on /home/airflow/.local/lib/python3.12/site-packages/airflow/example_dags/example_task_group_decorator.py
[2024-07-16T17:22:04.762+0000] {processor.py:830} INFO - Processing file /home/airflow/.local/lib/python3.12/site-packages/airflow/example_dags/example_task_group_decorator.py for tasks to queue
[2024-07-16T17:22:04.763+0000] {logging_mixin.py:188} INFO - [2024-07-16T17:22:04.763+0000] {dagbag.py:545} INFO - Filling up the DagBag from /home/airflow/.local/lib/python3.12/site-packages/airflow/example_dags/example_task_group_decorator.py
[2024-07-16T17:22:04.775+0000] {processor.py:840} INFO - DAG(s) 'example_task_group_decorator' retrieved from /home/airflow/.local/lib/python3.12/site-packages/airflow/example_dags/example_task_group_decorator.py
[2024-07-16T17:22:04.794+0000] {logging_mixin.py:188} INFO - [2024-07-16T17:22:04.793+0000] {dag.py:3089} INFO - Sync 1 DAGs
[2024-07-16T17:22:04.809+0000] {logging_mixin.py:188} INFO - [2024-07-16T17:22:04.809+0000] {dag.py:3947} INFO - Setting next_dagrun for example_task_group_decorator to 2024-07-15 00:00:00+00:00, run_after=2024-07-16 00:00:00+00:00
[2024-07-16T17:22:04.824+0000] {processor.py:183} INFO - Processing /home/airflow/.local/lib/python3.12/site-packages/airflow/example_dags/example_task_group_decorator.py took 0.069 seconds
[2024-07-16T17:22:35.437+0000] {processor.py:161} INFO - Started process (PID=2892) to work on /home/airflow/.local/lib/python3.12/site-packages/airflow/example_dags/example_task_group_decorator.py
[2024-07-16T17:22:35.439+0000] {processor.py:830} INFO - Processing file /home/airflow/.local/lib/python3.12/site-packages/airflow/example_dags/example_task_group_decorator.py for tasks to queue
[2024-07-16T17:22:35.440+0000] {logging_mixin.py:188} INFO - [2024-07-16T17:22:35.440+0000] {dagbag.py:545} INFO - Filling up the DagBag from /home/airflow/.local/lib/python3.12/site-packages/airflow/example_dags/example_task_group_decorator.py
[2024-07-16T17:22:35.450+0000] {processor.py:840} INFO - DAG(s) 'example_task_group_decorator' retrieved from /home/airflow/.local/lib/python3.12/site-packages/airflow/example_dags/example_task_group_decorator.py
[2024-07-16T17:22:35.470+0000] {logging_mixin.py:188} INFO - [2024-07-16T17:22:35.470+0000] {dag.py:3089} INFO - Sync 1 DAGs
[2024-07-16T17:22:35.486+0000] {logging_mixin.py:188} INFO - [2024-07-16T17:22:35.486+0000] {dag.py:3947} INFO - Setting next_dagrun for example_task_group_decorator to 2024-07-15 00:00:00+00:00, run_after=2024-07-16 00:00:00+00:00
[2024-07-16T17:22:35.503+0000] {processor.py:183} INFO - Processing /home/airflow/.local/lib/python3.12/site-packages/airflow/example_dags/example_task_group_decorator.py took 0.071 seconds
[2024-07-16T17:23:06.075+0000] {processor.py:161} INFO - Started process (PID=3154) to work on /home/airflow/.local/lib/python3.12/site-packages/airflow/example_dags/example_task_group_decorator.py
[2024-07-16T17:23:06.077+0000] {processor.py:830} INFO - Processing file /home/airflow/.local/lib/python3.12/site-packages/airflow/example_dags/example_task_group_decorator.py for tasks to queue
[2024-07-16T17:23:06.078+0000] {logging_mixin.py:188} INFO - [2024-07-16T17:23:06.078+0000] {dagbag.py:545} INFO - Filling up the DagBag from /home/airflow/.local/lib/python3.12/site-packages/airflow/example_dags/example_task_group_decorator.py
[2024-07-16T17:23:06.092+0000] {processor.py:840} INFO - DAG(s) 'example_task_group_decorator' retrieved from /home/airflow/.local/lib/python3.12/site-packages/airflow/example_dags/example_task_group_decorator.py
[2024-07-16T17:23:06.114+0000] {logging_mixin.py:188} INFO - [2024-07-16T17:23:06.114+0000] {dag.py:3089} INFO - Sync 1 DAGs
[2024-07-16T17:23:06.133+0000] {logging_mixin.py:188} INFO - [2024-07-16T17:23:06.132+0000] {dag.py:3947} INFO - Setting next_dagrun for example_task_group_decorator to 2024-07-15 00:00:00+00:00, run_after=2024-07-16 00:00:00+00:00
[2024-07-16T17:23:06.149+0000] {processor.py:183} INFO - Processing /home/airflow/.local/lib/python3.12/site-packages/airflow/example_dags/example_task_group_decorator.py took 0.082 seconds
[2024-07-16T17:23:36.199+0000] {processor.py:161} INFO - Started process (PID=3416) to work on /home/airflow/.local/lib/python3.12/site-packages/airflow/example_dags/example_task_group_decorator.py
[2024-07-16T17:23:36.201+0000] {processor.py:830} INFO - Processing file /home/airflow/.local/lib/python3.12/site-packages/airflow/example_dags/example_task_group_decorator.py for tasks to queue
[2024-07-16T17:23:36.203+0000] {logging_mixin.py:188} INFO - [2024-07-16T17:23:36.202+0000] {dagbag.py:545} INFO - Filling up the DagBag from /home/airflow/.local/lib/python3.12/site-packages/airflow/example_dags/example_task_group_decorator.py
[2024-07-16T17:23:36.224+0000] {processor.py:840} INFO - DAG(s) 'example_task_group_decorator' retrieved from /home/airflow/.local/lib/python3.12/site-packages/airflow/example_dags/example_task_group_decorator.py
[2024-07-16T17:23:36.253+0000] {logging_mixin.py:188} INFO - [2024-07-16T17:23:36.253+0000] {dag.py:3089} INFO - Sync 1 DAGs
[2024-07-16T17:23:36.278+0000] {logging_mixin.py:188} INFO - [2024-07-16T17:23:36.278+0000] {dag.py:3947} INFO - Setting next_dagrun for example_task_group_decorator to 2024-07-15 00:00:00+00:00, run_after=2024-07-16 00:00:00+00:00
[2024-07-16T17:23:36.299+0000] {processor.py:183} INFO - Processing /home/airflow/.local/lib/python3.12/site-packages/airflow/example_dags/example_task_group_decorator.py took 0.106 seconds
[2024-07-16T17:24:06.620+0000] {processor.py:161} INFO - Started process (PID=3678) to work on /home/airflow/.local/lib/python3.12/site-packages/airflow/example_dags/example_task_group_decorator.py
[2024-07-16T17:24:06.621+0000] {processor.py:830} INFO - Processing file /home/airflow/.local/lib/python3.12/site-packages/airflow/example_dags/example_task_group_decorator.py for tasks to queue
[2024-07-16T17:24:06.623+0000] {logging_mixin.py:188} INFO - [2024-07-16T17:24:06.622+0000] {dagbag.py:545} INFO - Filling up the DagBag from /home/airflow/.local/lib/python3.12/site-packages/airflow/example_dags/example_task_group_decorator.py
[2024-07-16T17:24:06.633+0000] {processor.py:840} INFO - DAG(s) 'example_task_group_decorator' retrieved from /home/airflow/.local/lib/python3.12/site-packages/airflow/example_dags/example_task_group_decorator.py
[2024-07-16T17:24:06.654+0000] {logging_mixin.py:188} INFO - [2024-07-16T17:24:06.653+0000] {dag.py:3089} INFO - Sync 1 DAGs
[2024-07-16T17:24:06.671+0000] {logging_mixin.py:188} INFO - [2024-07-16T17:24:06.671+0000] {dag.py:3947} INFO - Setting next_dagrun for example_task_group_decorator to 2024-07-15 00:00:00+00:00, run_after=2024-07-16 00:00:00+00:00
[2024-07-16T17:24:06.689+0000] {processor.py:183} INFO - Processing /home/airflow/.local/lib/python3.12/site-packages/airflow/example_dags/example_task_group_decorator.py took 0.075 seconds
[2024-07-16T17:24:36.771+0000] {processor.py:161} INFO - Started process (PID=3939) to work on /home/airflow/.local/lib/python3.12/site-packages/airflow/example_dags/example_task_group_decorator.py
[2024-07-16T17:24:36.773+0000] {processor.py:830} INFO - Processing file /home/airflow/.local/lib/python3.12/site-packages/airflow/example_dags/example_task_group_decorator.py for tasks to queue
[2024-07-16T17:24:36.774+0000] {logging_mixin.py:188} INFO - [2024-07-16T17:24:36.774+0000] {dagbag.py:545} INFO - Filling up the DagBag from /home/airflow/.local/lib/python3.12/site-packages/airflow/example_dags/example_task_group_decorator.py
[2024-07-16T17:24:36.789+0000] {processor.py:840} INFO - DAG(s) 'example_task_group_decorator' retrieved from /home/airflow/.local/lib/python3.12/site-packages/airflow/example_dags/example_task_group_decorator.py
[2024-07-16T17:24:36.808+0000] {logging_mixin.py:188} INFO - [2024-07-16T17:24:36.808+0000] {dag.py:3089} INFO - Sync 1 DAGs
[2024-07-16T17:24:36.824+0000] {logging_mixin.py:188} INFO - [2024-07-16T17:24:36.824+0000] {dag.py:3947} INFO - Setting next_dagrun for example_task_group_decorator to 2024-07-15 00:00:00+00:00, run_after=2024-07-16 00:00:00+00:00
[2024-07-16T17:24:36.839+0000] {processor.py:183} INFO - Processing /home/airflow/.local/lib/python3.12/site-packages/airflow/example_dags/example_task_group_decorator.py took 0.074 seconds
[2024-07-16T17:25:07.161+0000] {processor.py:161} INFO - Started process (PID=4201) to work on /home/airflow/.local/lib/python3.12/site-packages/airflow/example_dags/example_task_group_decorator.py
[2024-07-16T17:25:07.163+0000] {processor.py:830} INFO - Processing file /home/airflow/.local/lib/python3.12/site-packages/airflow/example_dags/example_task_group_decorator.py for tasks to queue
[2024-07-16T17:25:07.165+0000] {logging_mixin.py:188} INFO - [2024-07-16T17:25:07.164+0000] {dagbag.py:545} INFO - Filling up the DagBag from /home/airflow/.local/lib/python3.12/site-packages/airflow/example_dags/example_task_group_decorator.py
[2024-07-16T17:25:07.174+0000] {processor.py:840} INFO - DAG(s) 'example_task_group_decorator' retrieved from /home/airflow/.local/lib/python3.12/site-packages/airflow/example_dags/example_task_group_decorator.py
[2024-07-16T17:25:07.194+0000] {logging_mixin.py:188} INFO - [2024-07-16T17:25:07.194+0000] {dag.py:3089} INFO - Sync 1 DAGs
[2024-07-16T17:25:07.209+0000] {logging_mixin.py:188} INFO - [2024-07-16T17:25:07.209+0000] {dag.py:3947} INFO - Setting next_dagrun for example_task_group_decorator to 2024-07-15 00:00:00+00:00, run_after=2024-07-16 00:00:00+00:00
[2024-07-16T17:25:07.223+0000] {processor.py:183} INFO - Processing /home/airflow/.local/lib/python3.12/site-packages/airflow/example_dags/example_task_group_decorator.py took 0.067 seconds
[2024-07-16T17:25:37.946+0000] {processor.py:161} INFO - Started process (PID=4464) to work on /home/airflow/.local/lib/python3.12/site-packages/airflow/example_dags/example_task_group_decorator.py
[2024-07-16T17:25:37.948+0000] {processor.py:830} INFO - Processing file /home/airflow/.local/lib/python3.12/site-packages/airflow/example_dags/example_task_group_decorator.py for tasks to queue
[2024-07-16T17:25:37.949+0000] {logging_mixin.py:188} INFO - [2024-07-16T17:25:37.949+0000] {dagbag.py:545} INFO - Filling up the DagBag from /home/airflow/.local/lib/python3.12/site-packages/airflow/example_dags/example_task_group_decorator.py
[2024-07-16T17:25:37.959+0000] {processor.py:840} INFO - DAG(s) 'example_task_group_decorator' retrieved from /home/airflow/.local/lib/python3.12/site-packages/airflow/example_dags/example_task_group_decorator.py
[2024-07-16T17:25:37.978+0000] {logging_mixin.py:188} INFO - [2024-07-16T17:25:37.978+0000] {dag.py:3089} INFO - Sync 1 DAGs
[2024-07-16T17:25:37.997+0000] {logging_mixin.py:188} INFO - [2024-07-16T17:25:37.997+0000] {dag.py:3947} INFO - Setting next_dagrun for example_task_group_decorator to 2024-07-15 00:00:00+00:00, run_after=2024-07-16 00:00:00+00:00
[2024-07-16T17:25:38.013+0000] {processor.py:183} INFO - Processing /home/airflow/.local/lib/python3.12/site-packages/airflow/example_dags/example_task_group_decorator.py took 0.071 seconds
[2024-07-16T17:26:08.344+0000] {processor.py:161} INFO - Started process (PID=4725) to work on /home/airflow/.local/lib/python3.12/site-packages/airflow/example_dags/example_task_group_decorator.py
[2024-07-16T17:26:08.346+0000] {processor.py:830} INFO - Processing file /home/airflow/.local/lib/python3.12/site-packages/airflow/example_dags/example_task_group_decorator.py for tasks to queue
[2024-07-16T17:26:08.347+0000] {logging_mixin.py:188} INFO - [2024-07-16T17:26:08.347+0000] {dagbag.py:545} INFO - Filling up the DagBag from /home/airflow/.local/lib/python3.12/site-packages/airflow/example_dags/example_task_group_decorator.py
[2024-07-16T17:26:08.360+0000] {processor.py:840} INFO - DAG(s) 'example_task_group_decorator' retrieved from /home/airflow/.local/lib/python3.12/site-packages/airflow/example_dags/example_task_group_decorator.py
[2024-07-16T17:26:08.383+0000] {logging_mixin.py:188} INFO - [2024-07-16T17:26:08.382+0000] {dag.py:3089} INFO - Sync 1 DAGs
[2024-07-16T17:26:08.401+0000] {logging_mixin.py:188} INFO - [2024-07-16T17:26:08.401+0000] {dag.py:3947} INFO - Setting next_dagrun for example_task_group_decorator to 2024-07-15 00:00:00+00:00, run_after=2024-07-16 00:00:00+00:00
[2024-07-16T17:26:08.417+0000] {processor.py:183} INFO - Processing /home/airflow/.local/lib/python3.12/site-packages/airflow/example_dags/example_task_group_decorator.py took 0.079 seconds
[2024-07-16T17:26:39.052+0000] {processor.py:161} INFO - Started process (PID=4987) to work on /home/airflow/.local/lib/python3.12/site-packages/airflow/example_dags/example_task_group_decorator.py
[2024-07-16T17:26:39.054+0000] {processor.py:830} INFO - Processing file /home/airflow/.local/lib/python3.12/site-packages/airflow/example_dags/example_task_group_decorator.py for tasks to queue
[2024-07-16T17:26:39.055+0000] {logging_mixin.py:188} INFO - [2024-07-16T17:26:39.055+0000] {dagbag.py:545} INFO - Filling up the DagBag from /home/airflow/.local/lib/python3.12/site-packages/airflow/example_dags/example_task_group_decorator.py
[2024-07-16T17:26:39.068+0000] {processor.py:840} INFO - DAG(s) 'example_task_group_decorator' retrieved from /home/airflow/.local/lib/python3.12/site-packages/airflow/example_dags/example_task_group_decorator.py
[2024-07-16T17:26:39.093+0000] {logging_mixin.py:188} INFO - [2024-07-16T17:26:39.092+0000] {dag.py:3089} INFO - Sync 1 DAGs
[2024-07-16T17:26:39.110+0000] {logging_mixin.py:188} INFO - [2024-07-16T17:26:39.110+0000] {dag.py:3947} INFO - Setting next_dagrun for example_task_group_decorator to 2024-07-15 00:00:00+00:00, run_after=2024-07-16 00:00:00+00:00
[2024-07-16T17:26:39.127+0000] {processor.py:183} INFO - Processing /home/airflow/.local/lib/python3.12/site-packages/airflow/example_dags/example_task_group_decorator.py took 0.081 seconds
[2024-07-16T17:27:09.259+0000] {processor.py:161} INFO - Started process (PID=5249) to work on /home/airflow/.local/lib/python3.12/site-packages/airflow/example_dags/example_task_group_decorator.py
[2024-07-16T17:27:09.260+0000] {processor.py:830} INFO - Processing file /home/airflow/.local/lib/python3.12/site-packages/airflow/example_dags/example_task_group_decorator.py for tasks to queue
[2024-07-16T17:27:09.262+0000] {logging_mixin.py:188} INFO - [2024-07-16T17:27:09.262+0000] {dagbag.py:545} INFO - Filling up the DagBag from /home/airflow/.local/lib/python3.12/site-packages/airflow/example_dags/example_task_group_decorator.py
[2024-07-16T17:27:09.273+0000] {processor.py:840} INFO - DAG(s) 'example_task_group_decorator' retrieved from /home/airflow/.local/lib/python3.12/site-packages/airflow/example_dags/example_task_group_decorator.py
[2024-07-16T17:27:09.291+0000] {logging_mixin.py:188} INFO - [2024-07-16T17:27:09.291+0000] {dag.py:3089} INFO - Sync 1 DAGs
[2024-07-16T17:27:09.306+0000] {logging_mixin.py:188} INFO - [2024-07-16T17:27:09.306+0000] {dag.py:3947} INFO - Setting next_dagrun for example_task_group_decorator to 2024-07-15 00:00:00+00:00, run_after=2024-07-16 00:00:00+00:00
[2024-07-16T17:27:09.323+0000] {processor.py:183} INFO - Processing /home/airflow/.local/lib/python3.12/site-packages/airflow/example_dags/example_task_group_decorator.py took 0.071 seconds
[2024-07-16T17:27:40.081+0000] {processor.py:161} INFO - Started process (PID=5512) to work on /home/airflow/.local/lib/python3.12/site-packages/airflow/example_dags/example_task_group_decorator.py
[2024-07-16T17:27:40.082+0000] {processor.py:830} INFO - Processing file /home/airflow/.local/lib/python3.12/site-packages/airflow/example_dags/example_task_group_decorator.py for tasks to queue
[2024-07-16T17:27:40.084+0000] {logging_mixin.py:188} INFO - [2024-07-16T17:27:40.083+0000] {dagbag.py:545} INFO - Filling up the DagBag from /home/airflow/.local/lib/python3.12/site-packages/airflow/example_dags/example_task_group_decorator.py
[2024-07-16T17:27:40.093+0000] {processor.py:840} INFO - DAG(s) 'example_task_group_decorator' retrieved from /home/airflow/.local/lib/python3.12/site-packages/airflow/example_dags/example_task_group_decorator.py
[2024-07-16T17:27:40.112+0000] {logging_mixin.py:188} INFO - [2024-07-16T17:27:40.112+0000] {dag.py:3089} INFO - Sync 1 DAGs
[2024-07-16T17:27:40.135+0000] {logging_mixin.py:188} INFO - [2024-07-16T17:27:40.135+0000] {dag.py:3947} INFO - Setting next_dagrun for example_task_group_decorator to 2024-07-15 00:00:00+00:00, run_after=2024-07-16 00:00:00+00:00
[2024-07-16T17:27:40.154+0000] {processor.py:183} INFO - Processing /home/airflow/.local/lib/python3.12/site-packages/airflow/example_dags/example_task_group_decorator.py took 0.078 seconds
[2024-07-16T17:28:10.599+0000] {processor.py:161} INFO - Started process (PID=5781) to work on /home/airflow/.local/lib/python3.12/site-packages/airflow/example_dags/example_task_group_decorator.py
[2024-07-16T17:28:10.600+0000] {processor.py:830} INFO - Processing file /home/airflow/.local/lib/python3.12/site-packages/airflow/example_dags/example_task_group_decorator.py for tasks to queue
[2024-07-16T17:28:10.601+0000] {logging_mixin.py:188} INFO - [2024-07-16T17:28:10.601+0000] {dagbag.py:545} INFO - Filling up the DagBag from /home/airflow/.local/lib/python3.12/site-packages/airflow/example_dags/example_task_group_decorator.py
[2024-07-16T17:28:10.613+0000] {processor.py:840} INFO - DAG(s) 'example_task_group_decorator' retrieved from /home/airflow/.local/lib/python3.12/site-packages/airflow/example_dags/example_task_group_decorator.py
[2024-07-16T17:28:10.645+0000] {logging_mixin.py:188} INFO - [2024-07-16T17:28:10.645+0000] {dag.py:3089} INFO - Sync 1 DAGs
[2024-07-16T17:28:10.664+0000] {logging_mixin.py:188} INFO - [2024-07-16T17:28:10.664+0000] {dag.py:3947} INFO - Setting next_dagrun for example_task_group_decorator to 2024-07-15 00:00:00+00:00, run_after=2024-07-16 00:00:00+00:00
[2024-07-16T17:28:10.684+0000] {processor.py:183} INFO - Processing /home/airflow/.local/lib/python3.12/site-packages/airflow/example_dags/example_task_group_decorator.py took 0.092 seconds
[2024-07-16T17:28:40.809+0000] {processor.py:161} INFO - Started process (PID=6043) to work on /home/airflow/.local/lib/python3.12/site-packages/airflow/example_dags/example_task_group_decorator.py
[2024-07-16T17:28:40.811+0000] {processor.py:830} INFO - Processing file /home/airflow/.local/lib/python3.12/site-packages/airflow/example_dags/example_task_group_decorator.py for tasks to queue
[2024-07-16T17:28:40.813+0000] {logging_mixin.py:188} INFO - [2024-07-16T17:28:40.812+0000] {dagbag.py:545} INFO - Filling up the DagBag from /home/airflow/.local/lib/python3.12/site-packages/airflow/example_dags/example_task_group_decorator.py
[2024-07-16T17:28:40.825+0000] {processor.py:840} INFO - DAG(s) 'example_task_group_decorator' retrieved from /home/airflow/.local/lib/python3.12/site-packages/airflow/example_dags/example_task_group_decorator.py
[2024-07-16T17:28:40.845+0000] {logging_mixin.py:188} INFO - [2024-07-16T17:28:40.844+0000] {dag.py:3089} INFO - Sync 1 DAGs
[2024-07-16T17:28:40.860+0000] {logging_mixin.py:188} INFO - [2024-07-16T17:28:40.860+0000] {dag.py:3947} INFO - Setting next_dagrun for example_task_group_decorator to 2024-07-15 00:00:00+00:00, run_after=2024-07-16 00:00:00+00:00
[2024-07-16T17:28:40.874+0000] {processor.py:183} INFO - Processing /home/airflow/.local/lib/python3.12/site-packages/airflow/example_dags/example_task_group_decorator.py took 0.071 seconds
[2024-07-16T17:29:11.352+0000] {processor.py:161} INFO - Started process (PID=6305) to work on /home/airflow/.local/lib/python3.12/site-packages/airflow/example_dags/example_task_group_decorator.py
[2024-07-16T17:29:11.354+0000] {processor.py:830} INFO - Processing file /home/airflow/.local/lib/python3.12/site-packages/airflow/example_dags/example_task_group_decorator.py for tasks to queue
[2024-07-16T17:29:11.355+0000] {logging_mixin.py:188} INFO - [2024-07-16T17:29:11.355+0000] {dagbag.py:545} INFO - Filling up the DagBag from /home/airflow/.local/lib/python3.12/site-packages/airflow/example_dags/example_task_group_decorator.py
[2024-07-16T17:29:11.367+0000] {processor.py:840} INFO - DAG(s) 'example_task_group_decorator' retrieved from /home/airflow/.local/lib/python3.12/site-packages/airflow/example_dags/example_task_group_decorator.py
[2024-07-16T17:29:11.390+0000] {logging_mixin.py:188} INFO - [2024-07-16T17:29:11.390+0000] {dag.py:3089} INFO - Sync 1 DAGs
[2024-07-16T17:29:11.408+0000] {logging_mixin.py:188} INFO - [2024-07-16T17:29:11.408+0000] {dag.py:3947} INFO - Setting next_dagrun for example_task_group_decorator to 2024-07-15 00:00:00+00:00, run_after=2024-07-16 00:00:00+00:00
[2024-07-16T17:29:11.425+0000] {processor.py:183} INFO - Processing /home/airflow/.local/lib/python3.12/site-packages/airflow/example_dags/example_task_group_decorator.py took 0.078 seconds
[2024-07-16T17:29:41.908+0000] {processor.py:161} INFO - Started process (PID=6569) to work on /home/airflow/.local/lib/python3.12/site-packages/airflow/example_dags/example_task_group_decorator.py
[2024-07-16T17:29:41.910+0000] {processor.py:830} INFO - Processing file /home/airflow/.local/lib/python3.12/site-packages/airflow/example_dags/example_task_group_decorator.py for tasks to queue
[2024-07-16T17:29:41.912+0000] {logging_mixin.py:188} INFO - [2024-07-16T17:29:41.912+0000] {dagbag.py:545} INFO - Filling up the DagBag from /home/airflow/.local/lib/python3.12/site-packages/airflow/example_dags/example_task_group_decorator.py
[2024-07-16T17:29:41.923+0000] {processor.py:840} INFO - DAG(s) 'example_task_group_decorator' retrieved from /home/airflow/.local/lib/python3.12/site-packages/airflow/example_dags/example_task_group_decorator.py
[2024-07-16T17:29:41.945+0000] {logging_mixin.py:188} INFO - [2024-07-16T17:29:41.945+0000] {dag.py:3089} INFO - Sync 1 DAGs
[2024-07-16T17:29:41.966+0000] {logging_mixin.py:188} INFO - [2024-07-16T17:29:41.965+0000] {dag.py:3947} INFO - Setting next_dagrun for example_task_group_decorator to 2024-07-15 00:00:00+00:00, run_after=2024-07-16 00:00:00+00:00
[2024-07-16T17:29:41.990+0000] {processor.py:183} INFO - Processing /home/airflow/.local/lib/python3.12/site-packages/airflow/example_dags/example_task_group_decorator.py took 0.088 seconds
[2024-07-16T17:30:12.118+0000] {processor.py:161} INFO - Started process (PID=6830) to work on /home/airflow/.local/lib/python3.12/site-packages/airflow/example_dags/example_task_group_decorator.py
[2024-07-16T17:30:12.120+0000] {processor.py:830} INFO - Processing file /home/airflow/.local/lib/python3.12/site-packages/airflow/example_dags/example_task_group_decorator.py for tasks to queue
[2024-07-16T17:30:12.122+0000] {logging_mixin.py:188} INFO - [2024-07-16T17:30:12.122+0000] {dagbag.py:545} INFO - Filling up the DagBag from /home/airflow/.local/lib/python3.12/site-packages/airflow/example_dags/example_task_group_decorator.py
[2024-07-16T17:30:12.135+0000] {processor.py:840} INFO - DAG(s) 'example_task_group_decorator' retrieved from /home/airflow/.local/lib/python3.12/site-packages/airflow/example_dags/example_task_group_decorator.py
[2024-07-16T17:30:12.154+0000] {logging_mixin.py:188} INFO - [2024-07-16T17:30:12.154+0000] {dag.py:3089} INFO - Sync 1 DAGs
[2024-07-16T17:30:12.170+0000] {logging_mixin.py:188} INFO - [2024-07-16T17:30:12.170+0000] {dag.py:3947} INFO - Setting next_dagrun for example_task_group_decorator to 2024-07-15 00:00:00+00:00, run_after=2024-07-16 00:00:00+00:00
[2024-07-16T17:30:12.189+0000] {processor.py:183} INFO - Processing /home/airflow/.local/lib/python3.12/site-packages/airflow/example_dags/example_task_group_decorator.py took 0.079 seconds
[2024-07-16T17:30:42.589+0000] {processor.py:161} INFO - Started process (PID=7094) to work on /home/airflow/.local/lib/python3.12/site-packages/airflow/example_dags/example_task_group_decorator.py
[2024-07-16T17:30:42.592+0000] {processor.py:830} INFO - Processing file /home/airflow/.local/lib/python3.12/site-packages/airflow/example_dags/example_task_group_decorator.py for tasks to queue
[2024-07-16T17:30:42.593+0000] {logging_mixin.py:188} INFO - [2024-07-16T17:30:42.593+0000] {dagbag.py:545} INFO - Filling up the DagBag from /home/airflow/.local/lib/python3.12/site-packages/airflow/example_dags/example_task_group_decorator.py
[2024-07-16T17:30:42.605+0000] {processor.py:840} INFO - DAG(s) 'example_task_group_decorator' retrieved from /home/airflow/.local/lib/python3.12/site-packages/airflow/example_dags/example_task_group_decorator.py
[2024-07-16T17:30:42.629+0000] {logging_mixin.py:188} INFO - [2024-07-16T17:30:42.629+0000] {dag.py:3089} INFO - Sync 1 DAGs
[2024-07-16T17:30:42.648+0000] {logging_mixin.py:188} INFO - [2024-07-16T17:30:42.648+0000] {dag.py:3947} INFO - Setting next_dagrun for example_task_group_decorator to 2024-07-15 00:00:00+00:00, run_after=2024-07-16 00:00:00+00:00
[2024-07-16T17:30:42.667+0000] {processor.py:183} INFO - Processing /home/airflow/.local/lib/python3.12/site-packages/airflow/example_dags/example_task_group_decorator.py took 0.082 seconds
[2024-07-16T17:31:13.688+0000] {processor.py:161} INFO - Started process (PID=7356) to work on /home/airflow/.local/lib/python3.12/site-packages/airflow/example_dags/example_task_group_decorator.py
[2024-07-16T17:31:13.690+0000] {processor.py:830} INFO - Processing file /home/airflow/.local/lib/python3.12/site-packages/airflow/example_dags/example_task_group_decorator.py for tasks to queue
[2024-07-16T17:31:13.691+0000] {logging_mixin.py:188} INFO - [2024-07-16T17:31:13.691+0000] {dagbag.py:545} INFO - Filling up the DagBag from /home/airflow/.local/lib/python3.12/site-packages/airflow/example_dags/example_task_group_decorator.py
[2024-07-16T17:31:13.704+0000] {processor.py:840} INFO - DAG(s) 'example_task_group_decorator' retrieved from /home/airflow/.local/lib/python3.12/site-packages/airflow/example_dags/example_task_group_decorator.py
[2024-07-16T17:31:13.727+0000] {logging_mixin.py:188} INFO - [2024-07-16T17:31:13.726+0000] {dag.py:3089} INFO - Sync 1 DAGs
[2024-07-16T17:31:13.750+0000] {logging_mixin.py:188} INFO - [2024-07-16T17:31:13.750+0000] {dag.py:3947} INFO - Setting next_dagrun for example_task_group_decorator to 2024-07-15 00:00:00+00:00, run_after=2024-07-16 00:00:00+00:00
[2024-07-16T17:31:13.768+0000] {processor.py:183} INFO - Processing /home/airflow/.local/lib/python3.12/site-packages/airflow/example_dags/example_task_group_decorator.py took 0.085 seconds
[2024-07-16T17:31:44.215+0000] {processor.py:161} INFO - Started process (PID=7616) to work on /home/airflow/.local/lib/python3.12/site-packages/airflow/example_dags/example_task_group_decorator.py
[2024-07-16T17:31:44.217+0000] {processor.py:830} INFO - Processing file /home/airflow/.local/lib/python3.12/site-packages/airflow/example_dags/example_task_group_decorator.py for tasks to queue
[2024-07-16T17:31:44.218+0000] {logging_mixin.py:188} INFO - [2024-07-16T17:31:44.218+0000] {dagbag.py:545} INFO - Filling up the DagBag from /home/airflow/.local/lib/python3.12/site-packages/airflow/example_dags/example_task_group_decorator.py
[2024-07-16T17:31:44.235+0000] {processor.py:840} INFO - DAG(s) 'example_task_group_decorator' retrieved from /home/airflow/.local/lib/python3.12/site-packages/airflow/example_dags/example_task_group_decorator.py
[2024-07-16T17:31:44.271+0000] {logging_mixin.py:188} INFO - [2024-07-16T17:31:44.271+0000] {dag.py:3089} INFO - Sync 1 DAGs
[2024-07-16T17:31:44.310+0000] {logging_mixin.py:188} INFO - [2024-07-16T17:31:44.310+0000] {dag.py:3947} INFO - Setting next_dagrun for example_task_group_decorator to 2024-07-15 00:00:00+00:00, run_after=2024-07-16 00:00:00+00:00
[2024-07-16T17:31:44.340+0000] {processor.py:183} INFO - Processing /home/airflow/.local/lib/python3.12/site-packages/airflow/example_dags/example_task_group_decorator.py took 0.132 seconds
