[2024-07-16T17:17:28.806+0000] {processor.py:161} INFO - Started process (PID=262) to work on /home/airflow/.local/lib/python3.12/site-packages/airflow/example_dags/example_branch_operator.py
[2024-07-16T17:17:28.807+0000] {processor.py:830} INFO - Processing file /home/airflow/.local/lib/python3.12/site-packages/airflow/example_dags/example_branch_operator.py for tasks to queue
[2024-07-16T17:17:28.808+0000] {logging_mixin.py:188} INFO - [2024-07-16T17:17:28.808+0000] {dagbag.py:545} INFO - Filling up the DagBag from /home/airflow/.local/lib/python3.12/site-packages/airflow/example_dags/example_branch_operator.py
[2024-07-16T17:17:28.826+0000] {processor.py:840} INFO - DAG(s) 'example_branch_operator' retrieved from /home/airflow/.local/lib/python3.12/site-packages/airflow/example_dags/example_branch_operator.py
[2024-07-16T17:17:28.837+0000] {logging_mixin.py:188} INFO - [2024-07-16T17:17:28.837+0000] {dag.py:3089} INFO - Sync 1 DAGs
[2024-07-16T17:17:28.859+0000] {logging_mixin.py:188} INFO - [2024-07-16T17:17:28.859+0000] {dag.py:3947} INFO - Setting next_dagrun for example_branch_operator to 2024-07-15 00:00:00+00:00, run_after=2024-07-16 00:00:00+00:00
[2024-07-16T17:17:28.878+0000] {processor.py:183} INFO - Processing /home/airflow/.local/lib/python3.12/site-packages/airflow/example_dags/example_branch_operator.py took 0.078 seconds
[2024-07-16T17:18:00.559+0000] {processor.py:161} INFO - Started process (PID=524) to work on /home/airflow/.local/lib/python3.12/site-packages/airflow/example_dags/example_branch_operator.py
[2024-07-16T17:18:00.560+0000] {processor.py:830} INFO - Processing file /home/airflow/.local/lib/python3.12/site-packages/airflow/example_dags/example_branch_operator.py for tasks to queue
[2024-07-16T17:18:00.562+0000] {logging_mixin.py:188} INFO - [2024-07-16T17:18:00.562+0000] {dagbag.py:545} INFO - Filling up the DagBag from /home/airflow/.local/lib/python3.12/site-packages/airflow/example_dags/example_branch_operator.py
[2024-07-16T17:18:00.575+0000] {processor.py:840} INFO - DAG(s) 'example_branch_operator' retrieved from /home/airflow/.local/lib/python3.12/site-packages/airflow/example_dags/example_branch_operator.py
[2024-07-16T17:18:00.665+0000] {logging_mixin.py:188} INFO - [2024-07-16T17:18:00.665+0000] {dag.py:3089} INFO - Sync 1 DAGs
[2024-07-16T17:18:00.682+0000] {logging_mixin.py:188} INFO - [2024-07-16T17:18:00.682+0000] {dag.py:3947} INFO - Setting next_dagrun for example_branch_operator to 2024-07-15 00:00:00+00:00, run_after=2024-07-16 00:00:00+00:00
[2024-07-16T17:18:00.699+0000] {processor.py:183} INFO - Processing /home/airflow/.local/lib/python3.12/site-packages/airflow/example_dags/example_branch_operator.py took 0.146 seconds
[2024-07-16T17:18:30.769+0000] {processor.py:161} INFO - Started process (PID=788) to work on /home/airflow/.local/lib/python3.12/site-packages/airflow/example_dags/example_branch_operator.py
[2024-07-16T17:18:30.770+0000] {processor.py:830} INFO - Processing file /home/airflow/.local/lib/python3.12/site-packages/airflow/example_dags/example_branch_operator.py for tasks to queue
[2024-07-16T17:18:30.772+0000] {logging_mixin.py:188} INFO - [2024-07-16T17:18:30.771+0000] {dagbag.py:545} INFO - Filling up the DagBag from /home/airflow/.local/lib/python3.12/site-packages/airflow/example_dags/example_branch_operator.py
[2024-07-16T17:18:30.784+0000] {processor.py:840} INFO - DAG(s) 'example_branch_operator' retrieved from /home/airflow/.local/lib/python3.12/site-packages/airflow/example_dags/example_branch_operator.py
[2024-07-16T17:18:30.804+0000] {logging_mixin.py:188} INFO - [2024-07-16T17:18:30.804+0000] {dag.py:3089} INFO - Sync 1 DAGs
[2024-07-16T17:18:30.820+0000] {logging_mixin.py:188} INFO - [2024-07-16T17:18:30.820+0000] {dag.py:3947} INFO - Setting next_dagrun for example_branch_operator to 2024-07-15 00:00:00+00:00, run_after=2024-07-16 00:00:00+00:00
[2024-07-16T17:18:30.835+0000] {processor.py:183} INFO - Processing /home/airflow/.local/lib/python3.12/site-packages/airflow/example_dags/example_branch_operator.py took 0.070 seconds
[2024-07-16T17:19:01.559+0000] {processor.py:161} INFO - Started process (PID=1050) to work on /home/airflow/.local/lib/python3.12/site-packages/airflow/example_dags/example_branch_operator.py
[2024-07-16T17:19:01.561+0000] {processor.py:830} INFO - Processing file /home/airflow/.local/lib/python3.12/site-packages/airflow/example_dags/example_branch_operator.py for tasks to queue
[2024-07-16T17:19:01.563+0000] {logging_mixin.py:188} INFO - [2024-07-16T17:19:01.563+0000] {dagbag.py:545} INFO - Filling up the DagBag from /home/airflow/.local/lib/python3.12/site-packages/airflow/example_dags/example_branch_operator.py
[2024-07-16T17:19:01.576+0000] {processor.py:840} INFO - DAG(s) 'example_branch_operator' retrieved from /home/airflow/.local/lib/python3.12/site-packages/airflow/example_dags/example_branch_operator.py
[2024-07-16T17:19:01.609+0000] {logging_mixin.py:188} INFO - [2024-07-16T17:19:01.609+0000] {dag.py:3089} INFO - Sync 1 DAGs
[2024-07-16T17:19:01.637+0000] {logging_mixin.py:188} INFO - [2024-07-16T17:19:01.637+0000] {dag.py:3947} INFO - Setting next_dagrun for example_branch_operator to 2024-07-15 00:00:00+00:00, run_after=2024-07-16 00:00:00+00:00
[2024-07-16T17:19:01.661+0000] {processor.py:183} INFO - Processing /home/airflow/.local/lib/python3.12/site-packages/airflow/example_dags/example_branch_operator.py took 0.106 seconds
[2024-07-16T17:19:31.752+0000] {processor.py:161} INFO - Started process (PID=1312) to work on /home/airflow/.local/lib/python3.12/site-packages/airflow/example_dags/example_branch_operator.py
[2024-07-16T17:19:31.754+0000] {processor.py:830} INFO - Processing file /home/airflow/.local/lib/python3.12/site-packages/airflow/example_dags/example_branch_operator.py for tasks to queue
[2024-07-16T17:19:31.755+0000] {logging_mixin.py:188} INFO - [2024-07-16T17:19:31.755+0000] {dagbag.py:545} INFO - Filling up the DagBag from /home/airflow/.local/lib/python3.12/site-packages/airflow/example_dags/example_branch_operator.py
[2024-07-16T17:19:31.768+0000] {processor.py:840} INFO - DAG(s) 'example_branch_operator' retrieved from /home/airflow/.local/lib/python3.12/site-packages/airflow/example_dags/example_branch_operator.py
[2024-07-16T17:19:31.789+0000] {logging_mixin.py:188} INFO - [2024-07-16T17:19:31.789+0000] {dag.py:3089} INFO - Sync 1 DAGs
[2024-07-16T17:19:31.805+0000] {logging_mixin.py:188} INFO - [2024-07-16T17:19:31.805+0000] {dag.py:3947} INFO - Setting next_dagrun for example_branch_operator to 2024-07-15 00:00:00+00:00, run_after=2024-07-16 00:00:00+00:00
[2024-07-16T17:19:31.819+0000] {processor.py:183} INFO - Processing /home/airflow/.local/lib/python3.12/site-packages/airflow/example_dags/example_branch_operator.py took 0.071 seconds
[2024-07-16T17:20:02.355+0000] {processor.py:161} INFO - Started process (PID=1572) to work on /home/airflow/.local/lib/python3.12/site-packages/airflow/example_dags/example_branch_operator.py
[2024-07-16T17:20:02.357+0000] {processor.py:830} INFO - Processing file /home/airflow/.local/lib/python3.12/site-packages/airflow/example_dags/example_branch_operator.py for tasks to queue
[2024-07-16T17:20:02.358+0000] {logging_mixin.py:188} INFO - [2024-07-16T17:20:02.358+0000] {dagbag.py:545} INFO - Filling up the DagBag from /home/airflow/.local/lib/python3.12/site-packages/airflow/example_dags/example_branch_operator.py
[2024-07-16T17:20:02.372+0000] {processor.py:840} INFO - DAG(s) 'example_branch_operator' retrieved from /home/airflow/.local/lib/python3.12/site-packages/airflow/example_dags/example_branch_operator.py
[2024-07-16T17:20:02.398+0000] {logging_mixin.py:188} INFO - [2024-07-16T17:20:02.397+0000] {dag.py:3089} INFO - Sync 1 DAGs
[2024-07-16T17:20:02.416+0000] {logging_mixin.py:188} INFO - [2024-07-16T17:20:02.416+0000] {dag.py:3947} INFO - Setting next_dagrun for example_branch_operator to 2024-07-15 00:00:00+00:00, run_after=2024-07-16 00:00:00+00:00
[2024-07-16T17:20:02.435+0000] {processor.py:183} INFO - Processing /home/airflow/.local/lib/python3.12/site-packages/airflow/example_dags/example_branch_operator.py took 0.085 seconds
[2024-07-16T17:20:33.027+0000] {processor.py:161} INFO - Started process (PID=1835) to work on /home/airflow/.local/lib/python3.12/site-packages/airflow/example_dags/example_branch_operator.py
[2024-07-16T17:20:33.028+0000] {processor.py:830} INFO - Processing file /home/airflow/.local/lib/python3.12/site-packages/airflow/example_dags/example_branch_operator.py for tasks to queue
[2024-07-16T17:20:33.029+0000] {logging_mixin.py:188} INFO - [2024-07-16T17:20:33.029+0000] {dagbag.py:545} INFO - Filling up the DagBag from /home/airflow/.local/lib/python3.12/site-packages/airflow/example_dags/example_branch_operator.py
[2024-07-16T17:20:33.043+0000] {processor.py:840} INFO - DAG(s) 'example_branch_operator' retrieved from /home/airflow/.local/lib/python3.12/site-packages/airflow/example_dags/example_branch_operator.py
[2024-07-16T17:20:33.067+0000] {logging_mixin.py:188} INFO - [2024-07-16T17:20:33.067+0000] {dag.py:3089} INFO - Sync 1 DAGs
[2024-07-16T17:20:33.086+0000] {logging_mixin.py:188} INFO - [2024-07-16T17:20:33.086+0000] {dag.py:3947} INFO - Setting next_dagrun for example_branch_operator to 2024-07-15 00:00:00+00:00, run_after=2024-07-16 00:00:00+00:00
[2024-07-16T17:20:33.103+0000] {processor.py:183} INFO - Processing /home/airflow/.local/lib/python3.12/site-packages/airflow/example_dags/example_branch_operator.py took 0.082 seconds
[2024-07-16T17:21:03.583+0000] {processor.py:161} INFO - Started process (PID=2097) to work on /home/airflow/.local/lib/python3.12/site-packages/airflow/example_dags/example_branch_operator.py
[2024-07-16T17:21:03.585+0000] {processor.py:830} INFO - Processing file /home/airflow/.local/lib/python3.12/site-packages/airflow/example_dags/example_branch_operator.py for tasks to queue
[2024-07-16T17:21:03.586+0000] {logging_mixin.py:188} INFO - [2024-07-16T17:21:03.586+0000] {dagbag.py:545} INFO - Filling up the DagBag from /home/airflow/.local/lib/python3.12/site-packages/airflow/example_dags/example_branch_operator.py
[2024-07-16T17:21:03.600+0000] {processor.py:840} INFO - DAG(s) 'example_branch_operator' retrieved from /home/airflow/.local/lib/python3.12/site-packages/airflow/example_dags/example_branch_operator.py
[2024-07-16T17:21:03.628+0000] {logging_mixin.py:188} INFO - [2024-07-16T17:21:03.628+0000] {dag.py:3089} INFO - Sync 1 DAGs
[2024-07-16T17:21:03.649+0000] {logging_mixin.py:188} INFO - [2024-07-16T17:21:03.649+0000] {dag.py:3947} INFO - Setting next_dagrun for example_branch_operator to 2024-07-15 00:00:00+00:00, run_after=2024-07-16 00:00:00+00:00
[2024-07-16T17:21:03.665+0000] {processor.py:183} INFO - Processing /home/airflow/.local/lib/python3.12/site-packages/airflow/example_dags/example_branch_operator.py took 0.087 seconds
[2024-07-16T17:21:34.117+0000] {processor.py:161} INFO - Started process (PID=2358) to work on /home/airflow/.local/lib/python3.12/site-packages/airflow/example_dags/example_branch_operator.py
[2024-07-16T17:21:34.119+0000] {processor.py:830} INFO - Processing file /home/airflow/.local/lib/python3.12/site-packages/airflow/example_dags/example_branch_operator.py for tasks to queue
[2024-07-16T17:21:34.120+0000] {logging_mixin.py:188} INFO - [2024-07-16T17:21:34.120+0000] {dagbag.py:545} INFO - Filling up the DagBag from /home/airflow/.local/lib/python3.12/site-packages/airflow/example_dags/example_branch_operator.py
[2024-07-16T17:21:34.134+0000] {processor.py:840} INFO - DAG(s) 'example_branch_operator' retrieved from /home/airflow/.local/lib/python3.12/site-packages/airflow/example_dags/example_branch_operator.py
[2024-07-16T17:21:34.159+0000] {logging_mixin.py:188} INFO - [2024-07-16T17:21:34.159+0000] {dag.py:3089} INFO - Sync 1 DAGs
[2024-07-16T17:21:34.179+0000] {logging_mixin.py:188} INFO - [2024-07-16T17:21:34.179+0000] {dag.py:3947} INFO - Setting next_dagrun for example_branch_operator to 2024-07-15 00:00:00+00:00, run_after=2024-07-16 00:00:00+00:00
[2024-07-16T17:21:34.196+0000] {processor.py:183} INFO - Processing /home/airflow/.local/lib/python3.12/site-packages/airflow/example_dags/example_branch_operator.py took 0.084 seconds
[2024-07-16T17:22:04.649+0000] {processor.py:161} INFO - Started process (PID=2620) to work on /home/airflow/.local/lib/python3.12/site-packages/airflow/example_dags/example_branch_operator.py
[2024-07-16T17:22:04.652+0000] {processor.py:830} INFO - Processing file /home/airflow/.local/lib/python3.12/site-packages/airflow/example_dags/example_branch_operator.py for tasks to queue
[2024-07-16T17:22:04.654+0000] {logging_mixin.py:188} INFO - [2024-07-16T17:22:04.653+0000] {dagbag.py:545} INFO - Filling up the DagBag from /home/airflow/.local/lib/python3.12/site-packages/airflow/example_dags/example_branch_operator.py
[2024-07-16T17:22:04.672+0000] {processor.py:840} INFO - DAG(s) 'example_branch_operator' retrieved from /home/airflow/.local/lib/python3.12/site-packages/airflow/example_dags/example_branch_operator.py
[2024-07-16T17:22:04.701+0000] {logging_mixin.py:188} INFO - [2024-07-16T17:22:04.700+0000] {dag.py:3089} INFO - Sync 1 DAGs
[2024-07-16T17:22:04.720+0000] {logging_mixin.py:188} INFO - [2024-07-16T17:22:04.720+0000] {dag.py:3947} INFO - Setting next_dagrun for example_branch_operator to 2024-07-15 00:00:00+00:00, run_after=2024-07-16 00:00:00+00:00
[2024-07-16T17:22:04.738+0000] {processor.py:183} INFO - Processing /home/airflow/.local/lib/python3.12/site-packages/airflow/example_dags/example_branch_operator.py took 0.096 seconds
[2024-07-16T17:22:35.346+0000] {processor.py:161} INFO - Started process (PID=2884) to work on /home/airflow/.local/lib/python3.12/site-packages/airflow/example_dags/example_branch_operator.py
[2024-07-16T17:22:35.348+0000] {processor.py:830} INFO - Processing file /home/airflow/.local/lib/python3.12/site-packages/airflow/example_dags/example_branch_operator.py for tasks to queue
[2024-07-16T17:22:35.350+0000] {logging_mixin.py:188} INFO - [2024-07-16T17:22:35.350+0000] {dagbag.py:545} INFO - Filling up the DagBag from /home/airflow/.local/lib/python3.12/site-packages/airflow/example_dags/example_branch_operator.py
[2024-07-16T17:22:35.366+0000] {processor.py:840} INFO - DAG(s) 'example_branch_operator' retrieved from /home/airflow/.local/lib/python3.12/site-packages/airflow/example_dags/example_branch_operator.py
[2024-07-16T17:22:35.391+0000] {logging_mixin.py:188} INFO - [2024-07-16T17:22:35.391+0000] {dag.py:3089} INFO - Sync 1 DAGs
[2024-07-16T17:22:35.410+0000] {logging_mixin.py:188} INFO - [2024-07-16T17:22:35.410+0000] {dag.py:3947} INFO - Setting next_dagrun for example_branch_operator to 2024-07-15 00:00:00+00:00, run_after=2024-07-16 00:00:00+00:00
[2024-07-16T17:22:35.427+0000] {processor.py:183} INFO - Processing /home/airflow/.local/lib/python3.12/site-packages/airflow/example_dags/example_branch_operator.py took 0.086 seconds
[2024-07-16T17:23:05.955+0000] {processor.py:161} INFO - Started process (PID=3144) to work on /home/airflow/.local/lib/python3.12/site-packages/airflow/example_dags/example_branch_operator.py
[2024-07-16T17:23:05.957+0000] {processor.py:830} INFO - Processing file /home/airflow/.local/lib/python3.12/site-packages/airflow/example_dags/example_branch_operator.py for tasks to queue
[2024-07-16T17:23:05.959+0000] {logging_mixin.py:188} INFO - [2024-07-16T17:23:05.959+0000] {dagbag.py:545} INFO - Filling up the DagBag from /home/airflow/.local/lib/python3.12/site-packages/airflow/example_dags/example_branch_operator.py
[2024-07-16T17:23:05.976+0000] {processor.py:840} INFO - DAG(s) 'example_branch_operator' retrieved from /home/airflow/.local/lib/python3.12/site-packages/airflow/example_dags/example_branch_operator.py
[2024-07-16T17:23:06.005+0000] {logging_mixin.py:188} INFO - [2024-07-16T17:23:06.005+0000] {dag.py:3089} INFO - Sync 1 DAGs
[2024-07-16T17:23:06.027+0000] {logging_mixin.py:188} INFO - [2024-07-16T17:23:06.026+0000] {dag.py:3947} INFO - Setting next_dagrun for example_branch_operator to 2024-07-15 00:00:00+00:00, run_after=2024-07-16 00:00:00+00:00
[2024-07-16T17:23:06.047+0000] {processor.py:183} INFO - Processing /home/airflow/.local/lib/python3.12/site-packages/airflow/example_dags/example_branch_operator.py took 0.097 seconds
[2024-07-16T17:23:36.101+0000] {processor.py:161} INFO - Started process (PID=3408) to work on /home/airflow/.local/lib/python3.12/site-packages/airflow/example_dags/example_branch_operator.py
[2024-07-16T17:23:36.102+0000] {processor.py:830} INFO - Processing file /home/airflow/.local/lib/python3.12/site-packages/airflow/example_dags/example_branch_operator.py for tasks to queue
[2024-07-16T17:23:36.104+0000] {logging_mixin.py:188} INFO - [2024-07-16T17:23:36.103+0000] {dagbag.py:545} INFO - Filling up the DagBag from /home/airflow/.local/lib/python3.12/site-packages/airflow/example_dags/example_branch_operator.py
[2024-07-16T17:23:36.116+0000] {processor.py:840} INFO - DAG(s) 'example_branch_operator' retrieved from /home/airflow/.local/lib/python3.12/site-packages/airflow/example_dags/example_branch_operator.py
[2024-07-16T17:23:36.138+0000] {logging_mixin.py:188} INFO - [2024-07-16T17:23:36.138+0000] {dag.py:3089} INFO - Sync 1 DAGs
[2024-07-16T17:23:36.155+0000] {logging_mixin.py:188} INFO - [2024-07-16T17:23:36.155+0000] {dag.py:3947} INFO - Setting next_dagrun for example_branch_operator to 2024-07-15 00:00:00+00:00, run_after=2024-07-16 00:00:00+00:00
[2024-07-16T17:23:36.172+0000] {processor.py:183} INFO - Processing /home/airflow/.local/lib/python3.12/site-packages/airflow/example_dags/example_branch_operator.py took 0.076 seconds
[2024-07-16T17:24:06.527+0000] {processor.py:161} INFO - Started process (PID=3670) to work on /home/airflow/.local/lib/python3.12/site-packages/airflow/example_dags/example_branch_operator.py
[2024-07-16T17:24:06.529+0000] {processor.py:830} INFO - Processing file /home/airflow/.local/lib/python3.12/site-packages/airflow/example_dags/example_branch_operator.py for tasks to queue
[2024-07-16T17:24:06.530+0000] {logging_mixin.py:188} INFO - [2024-07-16T17:24:06.530+0000] {dagbag.py:545} INFO - Filling up the DagBag from /home/airflow/.local/lib/python3.12/site-packages/airflow/example_dags/example_branch_operator.py
[2024-07-16T17:24:06.542+0000] {processor.py:840} INFO - DAG(s) 'example_branch_operator' retrieved from /home/airflow/.local/lib/python3.12/site-packages/airflow/example_dags/example_branch_operator.py
[2024-07-16T17:24:06.564+0000] {logging_mixin.py:188} INFO - [2024-07-16T17:24:06.564+0000] {dag.py:3089} INFO - Sync 1 DAGs
[2024-07-16T17:24:06.580+0000] {logging_mixin.py:188} INFO - [2024-07-16T17:24:06.580+0000] {dag.py:3947} INFO - Setting next_dagrun for example_branch_operator to 2024-07-15 00:00:00+00:00, run_after=2024-07-16 00:00:00+00:00
[2024-07-16T17:24:06.595+0000] {processor.py:183} INFO - Processing /home/airflow/.local/lib/python3.12/site-packages/airflow/example_dags/example_branch_operator.py took 0.073 seconds
[2024-07-16T17:24:36.668+0000] {processor.py:161} INFO - Started process (PID=3929) to work on /home/airflow/.local/lib/python3.12/site-packages/airflow/example_dags/example_branch_operator.py
[2024-07-16T17:24:36.670+0000] {processor.py:830} INFO - Processing file /home/airflow/.local/lib/python3.12/site-packages/airflow/example_dags/example_branch_operator.py for tasks to queue
[2024-07-16T17:24:36.672+0000] {logging_mixin.py:188} INFO - [2024-07-16T17:24:36.671+0000] {dagbag.py:545} INFO - Filling up the DagBag from /home/airflow/.local/lib/python3.12/site-packages/airflow/example_dags/example_branch_operator.py
[2024-07-16T17:24:36.685+0000] {processor.py:840} INFO - DAG(s) 'example_branch_operator' retrieved from /home/airflow/.local/lib/python3.12/site-packages/airflow/example_dags/example_branch_operator.py
[2024-07-16T17:24:36.711+0000] {logging_mixin.py:188} INFO - [2024-07-16T17:24:36.711+0000] {dag.py:3089} INFO - Sync 1 DAGs
[2024-07-16T17:24:36.730+0000] {logging_mixin.py:188} INFO - [2024-07-16T17:24:36.730+0000] {dag.py:3947} INFO - Setting next_dagrun for example_branch_operator to 2024-07-15 00:00:00+00:00, run_after=2024-07-16 00:00:00+00:00
[2024-07-16T17:24:36.748+0000] {processor.py:183} INFO - Processing /home/airflow/.local/lib/python3.12/site-packages/airflow/example_dags/example_branch_operator.py took 0.085 seconds
[2024-07-16T17:25:07.071+0000] {processor.py:161} INFO - Started process (PID=4193) to work on /home/airflow/.local/lib/python3.12/site-packages/airflow/example_dags/example_branch_operator.py
[2024-07-16T17:25:07.073+0000] {processor.py:830} INFO - Processing file /home/airflow/.local/lib/python3.12/site-packages/airflow/example_dags/example_branch_operator.py for tasks to queue
[2024-07-16T17:25:07.074+0000] {logging_mixin.py:188} INFO - [2024-07-16T17:25:07.074+0000] {dagbag.py:545} INFO - Filling up the DagBag from /home/airflow/.local/lib/python3.12/site-packages/airflow/example_dags/example_branch_operator.py
[2024-07-16T17:25:07.089+0000] {processor.py:840} INFO - DAG(s) 'example_branch_operator' retrieved from /home/airflow/.local/lib/python3.12/site-packages/airflow/example_dags/example_branch_operator.py
[2024-07-16T17:25:07.113+0000] {logging_mixin.py:188} INFO - [2024-07-16T17:25:07.113+0000] {dag.py:3089} INFO - Sync 1 DAGs
[2024-07-16T17:25:07.132+0000] {logging_mixin.py:188} INFO - [2024-07-16T17:25:07.131+0000] {dag.py:3947} INFO - Setting next_dagrun for example_branch_operator to 2024-07-15 00:00:00+00:00, run_after=2024-07-16 00:00:00+00:00
[2024-07-16T17:25:07.150+0000] {processor.py:183} INFO - Processing /home/airflow/.local/lib/python3.12/site-packages/airflow/example_dags/example_branch_operator.py took 0.083 seconds
[2024-07-16T17:25:37.857+0000] {processor.py:161} INFO - Started process (PID=4455) to work on /home/airflow/.local/lib/python3.12/site-packages/airflow/example_dags/example_branch_operator.py
[2024-07-16T17:25:37.860+0000] {processor.py:830} INFO - Processing file /home/airflow/.local/lib/python3.12/site-packages/airflow/example_dags/example_branch_operator.py for tasks to queue
[2024-07-16T17:25:37.861+0000] {logging_mixin.py:188} INFO - [2024-07-16T17:25:37.861+0000] {dagbag.py:545} INFO - Filling up the DagBag from /home/airflow/.local/lib/python3.12/site-packages/airflow/example_dags/example_branch_operator.py
[2024-07-16T17:25:37.874+0000] {processor.py:840} INFO - DAG(s) 'example_branch_operator' retrieved from /home/airflow/.local/lib/python3.12/site-packages/airflow/example_dags/example_branch_operator.py
[2024-07-16T17:25:37.899+0000] {logging_mixin.py:188} INFO - [2024-07-16T17:25:37.899+0000] {dag.py:3089} INFO - Sync 1 DAGs
[2024-07-16T17:25:37.917+0000] {logging_mixin.py:188} INFO - [2024-07-16T17:25:37.917+0000] {dag.py:3947} INFO - Setting next_dagrun for example_branch_operator to 2024-07-15 00:00:00+00:00, run_after=2024-07-16 00:00:00+00:00
[2024-07-16T17:25:37.934+0000] {processor.py:183} INFO - Processing /home/airflow/.local/lib/python3.12/site-packages/airflow/example_dags/example_branch_operator.py took 0.082 seconds
[2024-07-16T17:26:08.228+0000] {processor.py:161} INFO - Started process (PID=4715) to work on /home/airflow/.local/lib/python3.12/site-packages/airflow/example_dags/example_branch_operator.py
[2024-07-16T17:26:08.230+0000] {processor.py:830} INFO - Processing file /home/airflow/.local/lib/python3.12/site-packages/airflow/example_dags/example_branch_operator.py for tasks to queue
[2024-07-16T17:26:08.232+0000] {logging_mixin.py:188} INFO - [2024-07-16T17:26:08.232+0000] {dagbag.py:545} INFO - Filling up the DagBag from /home/airflow/.local/lib/python3.12/site-packages/airflow/example_dags/example_branch_operator.py
[2024-07-16T17:26:08.249+0000] {processor.py:840} INFO - DAG(s) 'example_branch_operator' retrieved from /home/airflow/.local/lib/python3.12/site-packages/airflow/example_dags/example_branch_operator.py
[2024-07-16T17:26:08.279+0000] {logging_mixin.py:188} INFO - [2024-07-16T17:26:08.279+0000] {dag.py:3089} INFO - Sync 1 DAGs
[2024-07-16T17:26:08.300+0000] {logging_mixin.py:188} INFO - [2024-07-16T17:26:08.300+0000] {dag.py:3947} INFO - Setting next_dagrun for example_branch_operator to 2024-07-15 00:00:00+00:00, run_after=2024-07-16 00:00:00+00:00
[2024-07-16T17:26:08.318+0000] {processor.py:183} INFO - Processing /home/airflow/.local/lib/python3.12/site-packages/airflow/example_dags/example_branch_operator.py took 0.095 seconds
[2024-07-16T17:26:38.921+0000] {processor.py:161} INFO - Started process (PID=4977) to work on /home/airflow/.local/lib/python3.12/site-packages/airflow/example_dags/example_branch_operator.py
[2024-07-16T17:26:38.923+0000] {processor.py:830} INFO - Processing file /home/airflow/.local/lib/python3.12/site-packages/airflow/example_dags/example_branch_operator.py for tasks to queue
[2024-07-16T17:26:38.925+0000] {logging_mixin.py:188} INFO - [2024-07-16T17:26:38.924+0000] {dagbag.py:545} INFO - Filling up the DagBag from /home/airflow/.local/lib/python3.12/site-packages/airflow/example_dags/example_branch_operator.py
[2024-07-16T17:26:38.940+0000] {processor.py:840} INFO - DAG(s) 'example_branch_operator' retrieved from /home/airflow/.local/lib/python3.12/site-packages/airflow/example_dags/example_branch_operator.py
[2024-07-16T17:26:38.977+0000] {logging_mixin.py:188} INFO - [2024-07-16T17:26:38.977+0000] {dag.py:3089} INFO - Sync 1 DAGs
[2024-07-16T17:26:39.007+0000] {logging_mixin.py:188} INFO - [2024-07-16T17:26:39.007+0000] {dag.py:3947} INFO - Setting next_dagrun for example_branch_operator to 2024-07-15 00:00:00+00:00, run_after=2024-07-16 00:00:00+00:00
[2024-07-16T17:26:39.026+0000] {processor.py:183} INFO - Processing /home/airflow/.local/lib/python3.12/site-packages/airflow/example_dags/example_branch_operator.py took 0.111 seconds
[2024-07-16T17:27:09.146+0000] {processor.py:161} INFO - Started process (PID=5239) to work on /home/airflow/.local/lib/python3.12/site-packages/airflow/example_dags/example_branch_operator.py
[2024-07-16T17:27:09.148+0000] {processor.py:830} INFO - Processing file /home/airflow/.local/lib/python3.12/site-packages/airflow/example_dags/example_branch_operator.py for tasks to queue
[2024-07-16T17:27:09.150+0000] {logging_mixin.py:188} INFO - [2024-07-16T17:27:09.150+0000] {dagbag.py:545} INFO - Filling up the DagBag from /home/airflow/.local/lib/python3.12/site-packages/airflow/example_dags/example_branch_operator.py
[2024-07-16T17:27:09.167+0000] {processor.py:840} INFO - DAG(s) 'example_branch_operator' retrieved from /home/airflow/.local/lib/python3.12/site-packages/airflow/example_dags/example_branch_operator.py
[2024-07-16T17:27:09.194+0000] {logging_mixin.py:188} INFO - [2024-07-16T17:27:09.194+0000] {dag.py:3089} INFO - Sync 1 DAGs
[2024-07-16T17:27:09.214+0000] {logging_mixin.py:188} INFO - [2024-07-16T17:27:09.214+0000] {dag.py:3947} INFO - Setting next_dagrun for example_branch_operator to 2024-07-15 00:00:00+00:00, run_after=2024-07-16 00:00:00+00:00
[2024-07-16T17:27:09.233+0000] {processor.py:183} INFO - Processing /home/airflow/.local/lib/python3.12/site-packages/airflow/example_dags/example_branch_operator.py took 0.093 seconds
[2024-07-16T17:27:39.976+0000] {processor.py:161} INFO - Started process (PID=5503) to work on /home/airflow/.local/lib/python3.12/site-packages/airflow/example_dags/example_branch_operator.py
[2024-07-16T17:27:39.978+0000] {processor.py:830} INFO - Processing file /home/airflow/.local/lib/python3.12/site-packages/airflow/example_dags/example_branch_operator.py for tasks to queue
[2024-07-16T17:27:39.979+0000] {logging_mixin.py:188} INFO - [2024-07-16T17:27:39.979+0000] {dagbag.py:545} INFO - Filling up the DagBag from /home/airflow/.local/lib/python3.12/site-packages/airflow/example_dags/example_branch_operator.py
[2024-07-16T17:27:39.993+0000] {processor.py:840} INFO - DAG(s) 'example_branch_operator' retrieved from /home/airflow/.local/lib/python3.12/site-packages/airflow/example_dags/example_branch_operator.py
[2024-07-16T17:27:40.018+0000] {logging_mixin.py:188} INFO - [2024-07-16T17:27:40.018+0000] {dag.py:3089} INFO - Sync 1 DAGs
[2024-07-16T17:27:40.048+0000] {logging_mixin.py:188} INFO - [2024-07-16T17:27:40.047+0000] {dag.py:3947} INFO - Setting next_dagrun for example_branch_operator to 2024-07-15 00:00:00+00:00, run_after=2024-07-16 00:00:00+00:00
[2024-07-16T17:27:40.068+0000] {processor.py:183} INFO - Processing /home/airflow/.local/lib/python3.12/site-packages/airflow/example_dags/example_branch_operator.py took 0.098 seconds
[2024-07-16T17:28:10.499+0000] {processor.py:161} INFO - Started process (PID=5773) to work on /home/airflow/.local/lib/python3.12/site-packages/airflow/example_dags/example_branch_operator.py
[2024-07-16T17:28:10.501+0000] {processor.py:830} INFO - Processing file /home/airflow/.local/lib/python3.12/site-packages/airflow/example_dags/example_branch_operator.py for tasks to queue
[2024-07-16T17:28:10.503+0000] {logging_mixin.py:188} INFO - [2024-07-16T17:28:10.503+0000] {dagbag.py:545} INFO - Filling up the DagBag from /home/airflow/.local/lib/python3.12/site-packages/airflow/example_dags/example_branch_operator.py
[2024-07-16T17:28:10.516+0000] {processor.py:840} INFO - DAG(s) 'example_branch_operator' retrieved from /home/airflow/.local/lib/python3.12/site-packages/airflow/example_dags/example_branch_operator.py
[2024-07-16T17:28:10.538+0000] {logging_mixin.py:188} INFO - [2024-07-16T17:28:10.538+0000] {dag.py:3089} INFO - Sync 1 DAGs
[2024-07-16T17:28:10.555+0000] {logging_mixin.py:188} INFO - [2024-07-16T17:28:10.555+0000] {dag.py:3947} INFO - Setting next_dagrun for example_branch_operator to 2024-07-15 00:00:00+00:00, run_after=2024-07-16 00:00:00+00:00
[2024-07-16T17:28:10.572+0000] {processor.py:183} INFO - Processing /home/airflow/.local/lib/python3.12/site-packages/airflow/example_dags/example_branch_operator.py took 0.077 seconds
[2024-07-16T17:28:40.708+0000] {processor.py:161} INFO - Started process (PID=6033) to work on /home/airflow/.local/lib/python3.12/site-packages/airflow/example_dags/example_branch_operator.py
[2024-07-16T17:28:40.709+0000] {processor.py:830} INFO - Processing file /home/airflow/.local/lib/python3.12/site-packages/airflow/example_dags/example_branch_operator.py for tasks to queue
[2024-07-16T17:28:40.711+0000] {logging_mixin.py:188} INFO - [2024-07-16T17:28:40.710+0000] {dagbag.py:545} INFO - Filling up the DagBag from /home/airflow/.local/lib/python3.12/site-packages/airflow/example_dags/example_branch_operator.py
[2024-07-16T17:28:40.725+0000] {processor.py:840} INFO - DAG(s) 'example_branch_operator' retrieved from /home/airflow/.local/lib/python3.12/site-packages/airflow/example_dags/example_branch_operator.py
[2024-07-16T17:28:40.751+0000] {logging_mixin.py:188} INFO - [2024-07-16T17:28:40.751+0000] {dag.py:3089} INFO - Sync 1 DAGs
[2024-07-16T17:28:40.770+0000] {logging_mixin.py:188} INFO - [2024-07-16T17:28:40.770+0000] {dag.py:3947} INFO - Setting next_dagrun for example_branch_operator to 2024-07-15 00:00:00+00:00, run_after=2024-07-16 00:00:00+00:00
[2024-07-16T17:28:40.787+0000] {processor.py:183} INFO - Processing /home/airflow/.local/lib/python3.12/site-packages/airflow/example_dags/example_branch_operator.py took 0.084 seconds
[2024-07-16T17:29:11.252+0000] {processor.py:161} INFO - Started process (PID=6297) to work on /home/airflow/.local/lib/python3.12/site-packages/airflow/example_dags/example_branch_operator.py
[2024-07-16T17:29:11.253+0000] {processor.py:830} INFO - Processing file /home/airflow/.local/lib/python3.12/site-packages/airflow/example_dags/example_branch_operator.py for tasks to queue
[2024-07-16T17:29:11.255+0000] {logging_mixin.py:188} INFO - [2024-07-16T17:29:11.255+0000] {dagbag.py:545} INFO - Filling up the DagBag from /home/airflow/.local/lib/python3.12/site-packages/airflow/example_dags/example_branch_operator.py
[2024-07-16T17:29:11.267+0000] {processor.py:840} INFO - DAG(s) 'example_branch_operator' retrieved from /home/airflow/.local/lib/python3.12/site-packages/airflow/example_dags/example_branch_operator.py
[2024-07-16T17:29:11.289+0000] {logging_mixin.py:188} INFO - [2024-07-16T17:29:11.288+0000] {dag.py:3089} INFO - Sync 1 DAGs
[2024-07-16T17:29:11.305+0000] {logging_mixin.py:188} INFO - [2024-07-16T17:29:11.305+0000] {dag.py:3947} INFO - Setting next_dagrun for example_branch_operator to 2024-07-15 00:00:00+00:00, run_after=2024-07-16 00:00:00+00:00
[2024-07-16T17:29:11.319+0000] {processor.py:183} INFO - Processing /home/airflow/.local/lib/python3.12/site-packages/airflow/example_dags/example_branch_operator.py took 0.073 seconds
[2024-07-16T17:29:41.783+0000] {processor.py:161} INFO - Started process (PID=6559) to work on /home/airflow/.local/lib/python3.12/site-packages/airflow/example_dags/example_branch_operator.py
[2024-07-16T17:29:41.785+0000] {processor.py:830} INFO - Processing file /home/airflow/.local/lib/python3.12/site-packages/airflow/example_dags/example_branch_operator.py for tasks to queue
[2024-07-16T17:29:41.787+0000] {logging_mixin.py:188} INFO - [2024-07-16T17:29:41.786+0000] {dagbag.py:545} INFO - Filling up the DagBag from /home/airflow/.local/lib/python3.12/site-packages/airflow/example_dags/example_branch_operator.py
[2024-07-16T17:29:41.805+0000] {processor.py:840} INFO - DAG(s) 'example_branch_operator' retrieved from /home/airflow/.local/lib/python3.12/site-packages/airflow/example_dags/example_branch_operator.py
[2024-07-16T17:29:41.839+0000] {logging_mixin.py:188} INFO - [2024-07-16T17:29:41.839+0000] {dag.py:3089} INFO - Sync 1 DAGs
[2024-07-16T17:29:41.867+0000] {logging_mixin.py:188} INFO - [2024-07-16T17:29:41.867+0000] {dag.py:3947} INFO - Setting next_dagrun for example_branch_operator to 2024-07-15 00:00:00+00:00, run_after=2024-07-16 00:00:00+00:00
[2024-07-16T17:29:41.892+0000] {processor.py:183} INFO - Processing /home/airflow/.local/lib/python3.12/site-packages/airflow/example_dags/example_branch_operator.py took 0.115 seconds
[2024-07-16T17:30:11.994+0000] {processor.py:161} INFO - Started process (PID=6820) to work on /home/airflow/.local/lib/python3.12/site-packages/airflow/example_dags/example_branch_operator.py
[2024-07-16T17:30:11.996+0000] {processor.py:830} INFO - Processing file /home/airflow/.local/lib/python3.12/site-packages/airflow/example_dags/example_branch_operator.py for tasks to queue
[2024-07-16T17:30:11.998+0000] {logging_mixin.py:188} INFO - [2024-07-16T17:30:11.997+0000] {dagbag.py:545} INFO - Filling up the DagBag from /home/airflow/.local/lib/python3.12/site-packages/airflow/example_dags/example_branch_operator.py
[2024-07-16T17:30:12.012+0000] {processor.py:840} INFO - DAG(s) 'example_branch_operator' retrieved from /home/airflow/.local/lib/python3.12/site-packages/airflow/example_dags/example_branch_operator.py
[2024-07-16T17:30:12.038+0000] {logging_mixin.py:188} INFO - [2024-07-16T17:30:12.038+0000] {dag.py:3089} INFO - Sync 1 DAGs
[2024-07-16T17:30:12.059+0000] {logging_mixin.py:188} INFO - [2024-07-16T17:30:12.059+0000] {dag.py:3947} INFO - Setting next_dagrun for example_branch_operator to 2024-07-15 00:00:00+00:00, run_after=2024-07-16 00:00:00+00:00
[2024-07-16T17:30:12.085+0000] {processor.py:183} INFO - Processing /home/airflow/.local/lib/python3.12/site-packages/airflow/example_dags/example_branch_operator.py took 0.097 seconds
[2024-07-16T17:30:42.482+0000] {processor.py:161} INFO - Started process (PID=7084) to work on /home/airflow/.local/lib/python3.12/site-packages/airflow/example_dags/example_branch_operator.py
[2024-07-16T17:30:42.484+0000] {processor.py:830} INFO - Processing file /home/airflow/.local/lib/python3.12/site-packages/airflow/example_dags/example_branch_operator.py for tasks to queue
[2024-07-16T17:30:42.486+0000] {logging_mixin.py:188} INFO - [2024-07-16T17:30:42.485+0000] {dagbag.py:545} INFO - Filling up the DagBag from /home/airflow/.local/lib/python3.12/site-packages/airflow/example_dags/example_branch_operator.py
[2024-07-16T17:30:42.502+0000] {processor.py:840} INFO - DAG(s) 'example_branch_operator' retrieved from /home/airflow/.local/lib/python3.12/site-packages/airflow/example_dags/example_branch_operator.py
[2024-07-16T17:30:42.531+0000] {logging_mixin.py:188} INFO - [2024-07-16T17:30:42.530+0000] {dag.py:3089} INFO - Sync 1 DAGs
[2024-07-16T17:30:42.553+0000] {logging_mixin.py:188} INFO - [2024-07-16T17:30:42.553+0000] {dag.py:3947} INFO - Setting next_dagrun for example_branch_operator to 2024-07-15 00:00:00+00:00, run_after=2024-07-16 00:00:00+00:00
[2024-07-16T17:30:42.573+0000] {processor.py:183} INFO - Processing /home/airflow/.local/lib/python3.12/site-packages/airflow/example_dags/example_branch_operator.py took 0.097 seconds
[2024-07-16T17:31:13.571+0000] {processor.py:161} INFO - Started process (PID=7344) to work on /home/airflow/.local/lib/python3.12/site-packages/airflow/example_dags/example_branch_operator.py
[2024-07-16T17:31:13.573+0000] {processor.py:830} INFO - Processing file /home/airflow/.local/lib/python3.12/site-packages/airflow/example_dags/example_branch_operator.py for tasks to queue
[2024-07-16T17:31:13.575+0000] {logging_mixin.py:188} INFO - [2024-07-16T17:31:13.574+0000] {dagbag.py:545} INFO - Filling up the DagBag from /home/airflow/.local/lib/python3.12/site-packages/airflow/example_dags/example_branch_operator.py
[2024-07-16T17:31:13.591+0000] {processor.py:840} INFO - DAG(s) 'example_branch_operator' retrieved from /home/airflow/.local/lib/python3.12/site-packages/airflow/example_dags/example_branch_operator.py
[2024-07-16T17:31:13.619+0000] {logging_mixin.py:188} INFO - [2024-07-16T17:31:13.618+0000] {dag.py:3089} INFO - Sync 1 DAGs
[2024-07-16T17:31:13.643+0000] {logging_mixin.py:188} INFO - [2024-07-16T17:31:13.643+0000] {dag.py:3947} INFO - Setting next_dagrun for example_branch_operator to 2024-07-15 00:00:00+00:00, run_after=2024-07-16 00:00:00+00:00
[2024-07-16T17:31:13.664+0000] {processor.py:183} INFO - Processing /home/airflow/.local/lib/python3.12/site-packages/airflow/example_dags/example_branch_operator.py took 0.100 seconds
[2024-07-16T17:31:44.095+0000] {processor.py:161} INFO - Started process (PID=7608) to work on /home/airflow/.local/lib/python3.12/site-packages/airflow/example_dags/example_branch_operator.py
[2024-07-16T17:31:44.097+0000] {processor.py:830} INFO - Processing file /home/airflow/.local/lib/python3.12/site-packages/airflow/example_dags/example_branch_operator.py for tasks to queue
[2024-07-16T17:31:44.098+0000] {logging_mixin.py:188} INFO - [2024-07-16T17:31:44.098+0000] {dagbag.py:545} INFO - Filling up the DagBag from /home/airflow/.local/lib/python3.12/site-packages/airflow/example_dags/example_branch_operator.py
[2024-07-16T17:31:44.113+0000] {processor.py:840} INFO - DAG(s) 'example_branch_operator' retrieved from /home/airflow/.local/lib/python3.12/site-packages/airflow/example_dags/example_branch_operator.py
[2024-07-16T17:31:44.139+0000] {logging_mixin.py:188} INFO - [2024-07-16T17:31:44.139+0000] {dag.py:3089} INFO - Sync 1 DAGs
[2024-07-16T17:31:44.160+0000] {logging_mixin.py:188} INFO - [2024-07-16T17:31:44.160+0000] {dag.py:3947} INFO - Setting next_dagrun for example_branch_operator to 2024-07-15 00:00:00+00:00, run_after=2024-07-16 00:00:00+00:00
[2024-07-16T17:31:44.182+0000] {processor.py:183} INFO - Processing /home/airflow/.local/lib/python3.12/site-packages/airflow/example_dags/example_branch_operator.py took 0.093 seconds
