[2024-07-16T17:17:29.436+0000] {processor.py:161} INFO - Started process (PID=312) to work on /home/airflow/.local/lib/python3.12/site-packages/airflow/example_dags/example_branch_python_dop_operator_3.py
[2024-07-16T17:17:29.437+0000] {processor.py:830} INFO - Processing file /home/airflow/.local/lib/python3.12/site-packages/airflow/example_dags/example_branch_python_dop_operator_3.py for tasks to queue
[2024-07-16T17:17:29.440+0000] {logging_mixin.py:188} INFO - [2024-07-16T17:17:29.439+0000] {dagbag.py:545} INFO - Filling up the DagBag from /home/airflow/.local/lib/python3.12/site-packages/airflow/example_dags/example_branch_python_dop_operator_3.py
[2024-07-16T17:17:29.448+0000] {processor.py:840} INFO - DAG(s) 'example_branch_dop_operator_v3' retrieved from /home/airflow/.local/lib/python3.12/site-packages/airflow/example_dags/example_branch_python_dop_operator_3.py
[2024-07-16T17:17:29.460+0000] {logging_mixin.py:188} INFO - [2024-07-16T17:17:29.460+0000] {dag.py:3089} INFO - Sync 1 DAGs
[2024-07-16T17:17:29.486+0000] {logging_mixin.py:188} INFO - [2024-07-16T17:17:29.486+0000] {dag.py:3947} INFO - Setting next_dagrun for example_branch_dop_operator_v3 to 2024-07-16 17:16:00+00:00, run_after=2024-07-16 17:17:00+00:00
[2024-07-16T17:17:29.506+0000] {processor.py:183} INFO - Processing /home/airflow/.local/lib/python3.12/site-packages/airflow/example_dags/example_branch_python_dop_operator_3.py took 0.076 seconds
[2024-07-16T17:18:01.366+0000] {processor.py:161} INFO - Started process (PID=574) to work on /home/airflow/.local/lib/python3.12/site-packages/airflow/example_dags/example_branch_python_dop_operator_3.py
[2024-07-16T17:18:01.368+0000] {processor.py:830} INFO - Processing file /home/airflow/.local/lib/python3.12/site-packages/airflow/example_dags/example_branch_python_dop_operator_3.py for tasks to queue
[2024-07-16T17:18:01.370+0000] {logging_mixin.py:188} INFO - [2024-07-16T17:18:01.369+0000] {dagbag.py:545} INFO - Filling up the DagBag from /home/airflow/.local/lib/python3.12/site-packages/airflow/example_dags/example_branch_python_dop_operator_3.py
[2024-07-16T17:18:01.377+0000] {processor.py:840} INFO - DAG(s) 'example_branch_dop_operator_v3' retrieved from /home/airflow/.local/lib/python3.12/site-packages/airflow/example_dags/example_branch_python_dop_operator_3.py
[2024-07-16T17:18:01.459+0000] {logging_mixin.py:188} INFO - [2024-07-16T17:18:01.459+0000] {dag.py:3089} INFO - Sync 1 DAGs
[2024-07-16T17:18:01.480+0000] {logging_mixin.py:188} INFO - [2024-07-16T17:18:01.479+0000] {dag.py:3947} INFO - Setting next_dagrun for example_branch_dop_operator_v3 to 2024-07-16 17:17:00+00:00, run_after=2024-07-16 17:18:00+00:00
[2024-07-16T17:18:01.497+0000] {processor.py:183} INFO - Processing /home/airflow/.local/lib/python3.12/site-packages/airflow/example_dags/example_branch_python_dop_operator_3.py took 0.136 seconds
[2024-07-16T17:18:32.281+0000] {processor.py:161} INFO - Started process (PID=836) to work on /home/airflow/.local/lib/python3.12/site-packages/airflow/example_dags/example_branch_python_dop_operator_3.py
[2024-07-16T17:18:32.282+0000] {processor.py:830} INFO - Processing file /home/airflow/.local/lib/python3.12/site-packages/airflow/example_dags/example_branch_python_dop_operator_3.py for tasks to queue
[2024-07-16T17:18:32.283+0000] {logging_mixin.py:188} INFO - [2024-07-16T17:18:32.283+0000] {dagbag.py:545} INFO - Filling up the DagBag from /home/airflow/.local/lib/python3.12/site-packages/airflow/example_dags/example_branch_python_dop_operator_3.py
[2024-07-16T17:18:32.291+0000] {processor.py:840} INFO - DAG(s) 'example_branch_dop_operator_v3' retrieved from /home/airflow/.local/lib/python3.12/site-packages/airflow/example_dags/example_branch_python_dop_operator_3.py
[2024-07-16T17:18:32.311+0000] {logging_mixin.py:188} INFO - [2024-07-16T17:18:32.311+0000] {dag.py:3089} INFO - Sync 1 DAGs
[2024-07-16T17:18:32.333+0000] {logging_mixin.py:188} INFO - [2024-07-16T17:18:32.333+0000] {dag.py:3947} INFO - Setting next_dagrun for example_branch_dop_operator_v3 to 2024-07-16 17:17:00+00:00, run_after=2024-07-16 17:18:00+00:00
[2024-07-16T17:18:32.352+0000] {processor.py:183} INFO - Processing /home/airflow/.local/lib/python3.12/site-packages/airflow/example_dags/example_branch_python_dop_operator_3.py took 0.077 seconds
[2024-07-16T17:19:03.200+0000] {processor.py:161} INFO - Started process (PID=1098) to work on /home/airflow/.local/lib/python3.12/site-packages/airflow/example_dags/example_branch_python_dop_operator_3.py
[2024-07-16T17:19:03.202+0000] {processor.py:830} INFO - Processing file /home/airflow/.local/lib/python3.12/site-packages/airflow/example_dags/example_branch_python_dop_operator_3.py for tasks to queue
[2024-07-16T17:19:03.204+0000] {logging_mixin.py:188} INFO - [2024-07-16T17:19:03.203+0000] {dagbag.py:545} INFO - Filling up the DagBag from /home/airflow/.local/lib/python3.12/site-packages/airflow/example_dags/example_branch_python_dop_operator_3.py
[2024-07-16T17:19:03.211+0000] {processor.py:840} INFO - DAG(s) 'example_branch_dop_operator_v3' retrieved from /home/airflow/.local/lib/python3.12/site-packages/airflow/example_dags/example_branch_python_dop_operator_3.py
[2024-07-16T17:19:03.229+0000] {logging_mixin.py:188} INFO - [2024-07-16T17:19:03.229+0000] {dag.py:3089} INFO - Sync 1 DAGs
[2024-07-16T17:19:03.252+0000] {logging_mixin.py:188} INFO - [2024-07-16T17:19:03.251+0000] {dag.py:3947} INFO - Setting next_dagrun for example_branch_dop_operator_v3 to 2024-07-16 17:18:00+00:00, run_after=2024-07-16 17:19:00+00:00
[2024-07-16T17:19:03.271+0000] {processor.py:183} INFO - Processing /home/airflow/.local/lib/python3.12/site-packages/airflow/example_dags/example_branch_python_dop_operator_3.py took 0.077 seconds
[2024-07-16T17:19:33.384+0000] {processor.py:161} INFO - Started process (PID=1360) to work on /home/airflow/.local/lib/python3.12/site-packages/airflow/example_dags/example_branch_python_dop_operator_3.py
[2024-07-16T17:19:33.386+0000] {processor.py:830} INFO - Processing file /home/airflow/.local/lib/python3.12/site-packages/airflow/example_dags/example_branch_python_dop_operator_3.py for tasks to queue
[2024-07-16T17:19:33.387+0000] {logging_mixin.py:188} INFO - [2024-07-16T17:19:33.387+0000] {dagbag.py:545} INFO - Filling up the DagBag from /home/airflow/.local/lib/python3.12/site-packages/airflow/example_dags/example_branch_python_dop_operator_3.py
[2024-07-16T17:19:33.394+0000] {processor.py:840} INFO - DAG(s) 'example_branch_dop_operator_v3' retrieved from /home/airflow/.local/lib/python3.12/site-packages/airflow/example_dags/example_branch_python_dop_operator_3.py
[2024-07-16T17:19:33.412+0000] {logging_mixin.py:188} INFO - [2024-07-16T17:19:33.412+0000] {dag.py:3089} INFO - Sync 1 DAGs
[2024-07-16T17:19:33.434+0000] {logging_mixin.py:188} INFO - [2024-07-16T17:19:33.434+0000] {dag.py:3947} INFO - Setting next_dagrun for example_branch_dop_operator_v3 to 2024-07-16 17:18:00+00:00, run_after=2024-07-16 17:19:00+00:00
[2024-07-16T17:19:33.451+0000] {processor.py:183} INFO - Processing /home/airflow/.local/lib/python3.12/site-packages/airflow/example_dags/example_branch_python_dop_operator_3.py took 0.073 seconds
[2024-07-16T17:20:03.878+0000] {processor.py:161} INFO - Started process (PID=1622) to work on /home/airflow/.local/lib/python3.12/site-packages/airflow/example_dags/example_branch_python_dop_operator_3.py
[2024-07-16T17:20:03.880+0000] {processor.py:830} INFO - Processing file /home/airflow/.local/lib/python3.12/site-packages/airflow/example_dags/example_branch_python_dop_operator_3.py for tasks to queue
[2024-07-16T17:20:03.882+0000] {logging_mixin.py:188} INFO - [2024-07-16T17:20:03.881+0000] {dagbag.py:545} INFO - Filling up the DagBag from /home/airflow/.local/lib/python3.12/site-packages/airflow/example_dags/example_branch_python_dop_operator_3.py
[2024-07-16T17:20:03.889+0000] {processor.py:840} INFO - DAG(s) 'example_branch_dop_operator_v3' retrieved from /home/airflow/.local/lib/python3.12/site-packages/airflow/example_dags/example_branch_python_dop_operator_3.py
[2024-07-16T17:20:03.907+0000] {logging_mixin.py:188} INFO - [2024-07-16T17:20:03.907+0000] {dag.py:3089} INFO - Sync 1 DAGs
[2024-07-16T17:20:03.930+0000] {logging_mixin.py:188} INFO - [2024-07-16T17:20:03.930+0000] {dag.py:3947} INFO - Setting next_dagrun for example_branch_dop_operator_v3 to 2024-07-16 17:19:00+00:00, run_after=2024-07-16 17:20:00+00:00
[2024-07-16T17:20:03.951+0000] {processor.py:183} INFO - Processing /home/airflow/.local/lib/python3.12/site-packages/airflow/example_dags/example_branch_python_dop_operator_3.py took 0.079 seconds
[2024-07-16T17:20:34.558+0000] {processor.py:161} INFO - Started process (PID=1885) to work on /home/airflow/.local/lib/python3.12/site-packages/airflow/example_dags/example_branch_python_dop_operator_3.py
[2024-07-16T17:20:34.560+0000] {processor.py:830} INFO - Processing file /home/airflow/.local/lib/python3.12/site-packages/airflow/example_dags/example_branch_python_dop_operator_3.py for tasks to queue
[2024-07-16T17:20:34.561+0000] {logging_mixin.py:188} INFO - [2024-07-16T17:20:34.561+0000] {dagbag.py:545} INFO - Filling up the DagBag from /home/airflow/.local/lib/python3.12/site-packages/airflow/example_dags/example_branch_python_dop_operator_3.py
[2024-07-16T17:20:34.568+0000] {processor.py:840} INFO - DAG(s) 'example_branch_dop_operator_v3' retrieved from /home/airflow/.local/lib/python3.12/site-packages/airflow/example_dags/example_branch_python_dop_operator_3.py
[2024-07-16T17:20:34.585+0000] {logging_mixin.py:188} INFO - [2024-07-16T17:20:34.584+0000] {dag.py:3089} INFO - Sync 1 DAGs
[2024-07-16T17:20:34.607+0000] {logging_mixin.py:188} INFO - [2024-07-16T17:20:34.607+0000] {dag.py:3947} INFO - Setting next_dagrun for example_branch_dop_operator_v3 to 2024-07-16 17:19:00+00:00, run_after=2024-07-16 17:20:00+00:00
[2024-07-16T17:20:34.624+0000] {processor.py:183} INFO - Processing /home/airflow/.local/lib/python3.12/site-packages/airflow/example_dags/example_branch_python_dop_operator_3.py took 0.071 seconds
[2024-07-16T17:21:05.106+0000] {processor.py:161} INFO - Started process (PID=2147) to work on /home/airflow/.local/lib/python3.12/site-packages/airflow/example_dags/example_branch_python_dop_operator_3.py
[2024-07-16T17:21:05.108+0000] {processor.py:830} INFO - Processing file /home/airflow/.local/lib/python3.12/site-packages/airflow/example_dags/example_branch_python_dop_operator_3.py for tasks to queue
[2024-07-16T17:21:05.110+0000] {logging_mixin.py:188} INFO - [2024-07-16T17:21:05.110+0000] {dagbag.py:545} INFO - Filling up the DagBag from /home/airflow/.local/lib/python3.12/site-packages/airflow/example_dags/example_branch_python_dop_operator_3.py
[2024-07-16T17:21:05.117+0000] {processor.py:840} INFO - DAG(s) 'example_branch_dop_operator_v3' retrieved from /home/airflow/.local/lib/python3.12/site-packages/airflow/example_dags/example_branch_python_dop_operator_3.py
[2024-07-16T17:21:05.135+0000] {logging_mixin.py:188} INFO - [2024-07-16T17:21:05.134+0000] {dag.py:3089} INFO - Sync 1 DAGs
[2024-07-16T17:21:05.156+0000] {logging_mixin.py:188} INFO - [2024-07-16T17:21:05.156+0000] {dag.py:3947} INFO - Setting next_dagrun for example_branch_dop_operator_v3 to 2024-07-16 17:20:00+00:00, run_after=2024-07-16 17:21:00+00:00
[2024-07-16T17:21:05.173+0000] {processor.py:183} INFO - Processing /home/airflow/.local/lib/python3.12/site-packages/airflow/example_dags/example_branch_python_dop_operator_3.py took 0.072 seconds
[2024-07-16T17:21:35.635+0000] {processor.py:161} INFO - Started process (PID=2408) to work on /home/airflow/.local/lib/python3.12/site-packages/airflow/example_dags/example_branch_python_dop_operator_3.py
[2024-07-16T17:21:35.637+0000] {processor.py:830} INFO - Processing file /home/airflow/.local/lib/python3.12/site-packages/airflow/example_dags/example_branch_python_dop_operator_3.py for tasks to queue
[2024-07-16T17:21:35.638+0000] {logging_mixin.py:188} INFO - [2024-07-16T17:21:35.638+0000] {dagbag.py:545} INFO - Filling up the DagBag from /home/airflow/.local/lib/python3.12/site-packages/airflow/example_dags/example_branch_python_dop_operator_3.py
[2024-07-16T17:21:35.646+0000] {processor.py:840} INFO - DAG(s) 'example_branch_dop_operator_v3' retrieved from /home/airflow/.local/lib/python3.12/site-packages/airflow/example_dags/example_branch_python_dop_operator_3.py
[2024-07-16T17:21:35.664+0000] {logging_mixin.py:188} INFO - [2024-07-16T17:21:35.664+0000] {dag.py:3089} INFO - Sync 1 DAGs
[2024-07-16T17:21:35.687+0000] {logging_mixin.py:188} INFO - [2024-07-16T17:21:35.687+0000] {dag.py:3947} INFO - Setting next_dagrun for example_branch_dop_operator_v3 to 2024-07-16 17:20:00+00:00, run_after=2024-07-16 17:21:00+00:00
[2024-07-16T17:21:35.706+0000] {processor.py:183} INFO - Processing /home/airflow/.local/lib/python3.12/site-packages/airflow/example_dags/example_branch_python_dop_operator_3.py took 0.077 seconds
[2024-07-16T17:22:06.127+0000] {processor.py:161} INFO - Started process (PID=2670) to work on /home/airflow/.local/lib/python3.12/site-packages/airflow/example_dags/example_branch_python_dop_operator_3.py
[2024-07-16T17:22:06.130+0000] {processor.py:830} INFO - Processing file /home/airflow/.local/lib/python3.12/site-packages/airflow/example_dags/example_branch_python_dop_operator_3.py for tasks to queue
[2024-07-16T17:22:06.132+0000] {logging_mixin.py:188} INFO - [2024-07-16T17:22:06.132+0000] {dagbag.py:545} INFO - Filling up the DagBag from /home/airflow/.local/lib/python3.12/site-packages/airflow/example_dags/example_branch_python_dop_operator_3.py
[2024-07-16T17:22:06.140+0000] {processor.py:840} INFO - DAG(s) 'example_branch_dop_operator_v3' retrieved from /home/airflow/.local/lib/python3.12/site-packages/airflow/example_dags/example_branch_python_dop_operator_3.py
[2024-07-16T17:22:06.157+0000] {logging_mixin.py:188} INFO - [2024-07-16T17:22:06.157+0000] {dag.py:3089} INFO - Sync 1 DAGs
[2024-07-16T17:22:06.178+0000] {logging_mixin.py:188} INFO - [2024-07-16T17:22:06.178+0000] {dag.py:3947} INFO - Setting next_dagrun for example_branch_dop_operator_v3 to 2024-07-16 17:21:00+00:00, run_after=2024-07-16 17:22:00+00:00
[2024-07-16T17:22:06.194+0000] {processor.py:183} INFO - Processing /home/airflow/.local/lib/python3.12/site-packages/airflow/example_dags/example_branch_python_dop_operator_3.py took 0.072 seconds
[2024-07-16T17:22:36.815+0000] {processor.py:161} INFO - Started process (PID=2932) to work on /home/airflow/.local/lib/python3.12/site-packages/airflow/example_dags/example_branch_python_dop_operator_3.py
[2024-07-16T17:22:36.817+0000] {processor.py:830} INFO - Processing file /home/airflow/.local/lib/python3.12/site-packages/airflow/example_dags/example_branch_python_dop_operator_3.py for tasks to queue
[2024-07-16T17:22:36.818+0000] {logging_mixin.py:188} INFO - [2024-07-16T17:22:36.818+0000] {dagbag.py:545} INFO - Filling up the DagBag from /home/airflow/.local/lib/python3.12/site-packages/airflow/example_dags/example_branch_python_dop_operator_3.py
[2024-07-16T17:22:36.825+0000] {processor.py:840} INFO - DAG(s) 'example_branch_dop_operator_v3' retrieved from /home/airflow/.local/lib/python3.12/site-packages/airflow/example_dags/example_branch_python_dop_operator_3.py
[2024-07-16T17:22:36.842+0000] {logging_mixin.py:188} INFO - [2024-07-16T17:22:36.842+0000] {dag.py:3089} INFO - Sync 1 DAGs
[2024-07-16T17:22:36.864+0000] {logging_mixin.py:188} INFO - [2024-07-16T17:22:36.864+0000] {dag.py:3947} INFO - Setting next_dagrun for example_branch_dop_operator_v3 to 2024-07-16 17:21:00+00:00, run_after=2024-07-16 17:22:00+00:00
[2024-07-16T17:22:36.883+0000] {processor.py:183} INFO - Processing /home/airflow/.local/lib/python3.12/site-packages/airflow/example_dags/example_branch_python_dop_operator_3.py took 0.074 seconds
[2024-07-16T17:23:07.610+0000] {processor.py:161} INFO - Started process (PID=3194) to work on /home/airflow/.local/lib/python3.12/site-packages/airflow/example_dags/example_branch_python_dop_operator_3.py
[2024-07-16T17:23:07.611+0000] {processor.py:830} INFO - Processing file /home/airflow/.local/lib/python3.12/site-packages/airflow/example_dags/example_branch_python_dop_operator_3.py for tasks to queue
[2024-07-16T17:23:07.613+0000] {logging_mixin.py:188} INFO - [2024-07-16T17:23:07.612+0000] {dagbag.py:545} INFO - Filling up the DagBag from /home/airflow/.local/lib/python3.12/site-packages/airflow/example_dags/example_branch_python_dop_operator_3.py
[2024-07-16T17:23:07.622+0000] {processor.py:840} INFO - DAG(s) 'example_branch_dop_operator_v3' retrieved from /home/airflow/.local/lib/python3.12/site-packages/airflow/example_dags/example_branch_python_dop_operator_3.py
[2024-07-16T17:23:07.642+0000] {logging_mixin.py:188} INFO - [2024-07-16T17:23:07.641+0000] {dag.py:3089} INFO - Sync 1 DAGs
[2024-07-16T17:23:07.666+0000] {logging_mixin.py:188} INFO - [2024-07-16T17:23:07.665+0000] {dag.py:3947} INFO - Setting next_dagrun for example_branch_dop_operator_v3 to 2024-07-16 17:22:00+00:00, run_after=2024-07-16 17:23:00+00:00
[2024-07-16T17:23:07.690+0000] {processor.py:183} INFO - Processing /home/airflow/.local/lib/python3.12/site-packages/airflow/example_dags/example_branch_python_dop_operator_3.py took 0.086 seconds
[2024-07-16T17:23:38.803+0000] {processor.py:161} INFO - Started process (PID=3456) to work on /home/airflow/.local/lib/python3.12/site-packages/airflow/example_dags/example_branch_python_dop_operator_3.py
[2024-07-16T17:23:38.804+0000] {processor.py:830} INFO - Processing file /home/airflow/.local/lib/python3.12/site-packages/airflow/example_dags/example_branch_python_dop_operator_3.py for tasks to queue
[2024-07-16T17:23:38.806+0000] {logging_mixin.py:188} INFO - [2024-07-16T17:23:38.806+0000] {dagbag.py:545} INFO - Filling up the DagBag from /home/airflow/.local/lib/python3.12/site-packages/airflow/example_dags/example_branch_python_dop_operator_3.py
[2024-07-16T17:23:38.817+0000] {processor.py:840} INFO - DAG(s) 'example_branch_dop_operator_v3' retrieved from /home/airflow/.local/lib/python3.12/site-packages/airflow/example_dags/example_branch_python_dop_operator_3.py
[2024-07-16T17:23:38.844+0000] {logging_mixin.py:188} INFO - [2024-07-16T17:23:38.844+0000] {dag.py:3089} INFO - Sync 1 DAGs
[2024-07-16T17:23:38.872+0000] {logging_mixin.py:188} INFO - [2024-07-16T17:23:38.872+0000] {dag.py:3947} INFO - Setting next_dagrun for example_branch_dop_operator_v3 to 2024-07-16 17:22:00+00:00, run_after=2024-07-16 17:23:00+00:00
[2024-07-16T17:23:38.904+0000] {processor.py:183} INFO - Processing /home/airflow/.local/lib/python3.12/site-packages/airflow/example_dags/example_branch_python_dop_operator_3.py took 0.109 seconds
[2024-07-16T17:24:09.192+0000] {processor.py:161} INFO - Started process (PID=3720) to work on /home/airflow/.local/lib/python3.12/site-packages/airflow/example_dags/example_branch_python_dop_operator_3.py
[2024-07-16T17:24:09.194+0000] {processor.py:830} INFO - Processing file /home/airflow/.local/lib/python3.12/site-packages/airflow/example_dags/example_branch_python_dop_operator_3.py for tasks to queue
[2024-07-16T17:24:09.195+0000] {logging_mixin.py:188} INFO - [2024-07-16T17:24:09.195+0000] {dagbag.py:545} INFO - Filling up the DagBag from /home/airflow/.local/lib/python3.12/site-packages/airflow/example_dags/example_branch_python_dop_operator_3.py
[2024-07-16T17:24:09.203+0000] {processor.py:840} INFO - DAG(s) 'example_branch_dop_operator_v3' retrieved from /home/airflow/.local/lib/python3.12/site-packages/airflow/example_dags/example_branch_python_dop_operator_3.py
[2024-07-16T17:24:09.220+0000] {logging_mixin.py:188} INFO - [2024-07-16T17:24:09.219+0000] {dag.py:3089} INFO - Sync 1 DAGs
[2024-07-16T17:24:09.240+0000] {logging_mixin.py:188} INFO - [2024-07-16T17:24:09.240+0000] {dag.py:3947} INFO - Setting next_dagrun for example_branch_dop_operator_v3 to 2024-07-16 17:23:00+00:00, run_after=2024-07-16 17:24:00+00:00
[2024-07-16T17:24:09.257+0000] {processor.py:183} INFO - Processing /home/airflow/.local/lib/python3.12/site-packages/airflow/example_dags/example_branch_python_dop_operator_3.py took 0.070 seconds
[2024-07-16T17:24:39.343+0000] {processor.py:161} INFO - Started process (PID=3979) to work on /home/airflow/.local/lib/python3.12/site-packages/airflow/example_dags/example_branch_python_dop_operator_3.py
[2024-07-16T17:24:39.345+0000] {processor.py:830} INFO - Processing file /home/airflow/.local/lib/python3.12/site-packages/airflow/example_dags/example_branch_python_dop_operator_3.py for tasks to queue
[2024-07-16T17:24:39.347+0000] {logging_mixin.py:188} INFO - [2024-07-16T17:24:39.347+0000] {dagbag.py:545} INFO - Filling up the DagBag from /home/airflow/.local/lib/python3.12/site-packages/airflow/example_dags/example_branch_python_dop_operator_3.py
[2024-07-16T17:24:39.355+0000] {processor.py:840} INFO - DAG(s) 'example_branch_dop_operator_v3' retrieved from /home/airflow/.local/lib/python3.12/site-packages/airflow/example_dags/example_branch_python_dop_operator_3.py
[2024-07-16T17:24:39.372+0000] {logging_mixin.py:188} INFO - [2024-07-16T17:24:39.371+0000] {dag.py:3089} INFO - Sync 1 DAGs
[2024-07-16T17:24:39.394+0000] {logging_mixin.py:188} INFO - [2024-07-16T17:24:39.394+0000] {dag.py:3947} INFO - Setting next_dagrun for example_branch_dop_operator_v3 to 2024-07-16 17:23:00+00:00, run_after=2024-07-16 17:24:00+00:00
[2024-07-16T17:24:39.411+0000] {processor.py:183} INFO - Processing /home/airflow/.local/lib/python3.12/site-packages/airflow/example_dags/example_branch_python_dop_operator_3.py took 0.073 seconds
[2024-07-16T17:25:09.530+0000] {processor.py:161} INFO - Started process (PID=4241) to work on /home/airflow/.local/lib/python3.12/site-packages/airflow/example_dags/example_branch_python_dop_operator_3.py
[2024-07-16T17:25:09.532+0000] {processor.py:830} INFO - Processing file /home/airflow/.local/lib/python3.12/site-packages/airflow/example_dags/example_branch_python_dop_operator_3.py for tasks to queue
[2024-07-16T17:25:09.533+0000] {logging_mixin.py:188} INFO - [2024-07-16T17:25:09.533+0000] {dagbag.py:545} INFO - Filling up the DagBag from /home/airflow/.local/lib/python3.12/site-packages/airflow/example_dags/example_branch_python_dop_operator_3.py
[2024-07-16T17:25:09.540+0000] {processor.py:840} INFO - DAG(s) 'example_branch_dop_operator_v3' retrieved from /home/airflow/.local/lib/python3.12/site-packages/airflow/example_dags/example_branch_python_dop_operator_3.py
[2024-07-16T17:25:09.557+0000] {logging_mixin.py:188} INFO - [2024-07-16T17:25:09.556+0000] {dag.py:3089} INFO - Sync 1 DAGs
[2024-07-16T17:25:09.577+0000] {logging_mixin.py:188} INFO - [2024-07-16T17:25:09.577+0000] {dag.py:3947} INFO - Setting next_dagrun for example_branch_dop_operator_v3 to 2024-07-16 17:24:00+00:00, run_after=2024-07-16 17:25:00+00:00
[2024-07-16T17:25:09.595+0000] {processor.py:183} INFO - Processing /home/airflow/.local/lib/python3.12/site-packages/airflow/example_dags/example_branch_python_dop_operator_3.py took 0.070 seconds
[2024-07-16T17:25:40.418+0000] {processor.py:161} INFO - Started process (PID=4503) to work on /home/airflow/.local/lib/python3.12/site-packages/airflow/example_dags/example_branch_python_dop_operator_3.py
[2024-07-16T17:25:40.419+0000] {processor.py:830} INFO - Processing file /home/airflow/.local/lib/python3.12/site-packages/airflow/example_dags/example_branch_python_dop_operator_3.py for tasks to queue
[2024-07-16T17:25:40.421+0000] {logging_mixin.py:188} INFO - [2024-07-16T17:25:40.420+0000] {dagbag.py:545} INFO - Filling up the DagBag from /home/airflow/.local/lib/python3.12/site-packages/airflow/example_dags/example_branch_python_dop_operator_3.py
[2024-07-16T17:25:40.429+0000] {processor.py:840} INFO - DAG(s) 'example_branch_dop_operator_v3' retrieved from /home/airflow/.local/lib/python3.12/site-packages/airflow/example_dags/example_branch_python_dop_operator_3.py
[2024-07-16T17:25:40.448+0000] {logging_mixin.py:188} INFO - [2024-07-16T17:25:40.447+0000] {dag.py:3089} INFO - Sync 1 DAGs
[2024-07-16T17:25:40.471+0000] {logging_mixin.py:188} INFO - [2024-07-16T17:25:40.470+0000] {dag.py:3947} INFO - Setting next_dagrun for example_branch_dop_operator_v3 to 2024-07-16 17:24:00+00:00, run_after=2024-07-16 17:25:00+00:00
[2024-07-16T17:25:40.489+0000] {processor.py:183} INFO - Processing /home/airflow/.local/lib/python3.12/site-packages/airflow/example_dags/example_branch_python_dop_operator_3.py took 0.077 seconds
[2024-07-16T17:26:10.787+0000] {processor.py:161} INFO - Started process (PID=4767) to work on /home/airflow/.local/lib/python3.12/site-packages/airflow/example_dags/example_branch_python_dop_operator_3.py
[2024-07-16T17:26:10.789+0000] {processor.py:830} INFO - Processing file /home/airflow/.local/lib/python3.12/site-packages/airflow/example_dags/example_branch_python_dop_operator_3.py for tasks to queue
[2024-07-16T17:26:10.792+0000] {logging_mixin.py:188} INFO - [2024-07-16T17:26:10.791+0000] {dagbag.py:545} INFO - Filling up the DagBag from /home/airflow/.local/lib/python3.12/site-packages/airflow/example_dags/example_branch_python_dop_operator_3.py
[2024-07-16T17:26:10.799+0000] {processor.py:840} INFO - DAG(s) 'example_branch_dop_operator_v3' retrieved from /home/airflow/.local/lib/python3.12/site-packages/airflow/example_dags/example_branch_python_dop_operator_3.py
[2024-07-16T17:26:10.815+0000] {logging_mixin.py:188} INFO - [2024-07-16T17:26:10.815+0000] {dag.py:3089} INFO - Sync 1 DAGs
[2024-07-16T17:26:10.836+0000] {logging_mixin.py:188} INFO - [2024-07-16T17:26:10.836+0000] {dag.py:3947} INFO - Setting next_dagrun for example_branch_dop_operator_v3 to 2024-07-16 17:25:00+00:00, run_after=2024-07-16 17:26:00+00:00
[2024-07-16T17:26:10.853+0000] {processor.py:183} INFO - Processing /home/airflow/.local/lib/python3.12/site-packages/airflow/example_dags/example_branch_python_dop_operator_3.py took 0.071 seconds
[2024-07-16T17:26:41.508+0000] {processor.py:161} INFO - Started process (PID=5027) to work on /home/airflow/.local/lib/python3.12/site-packages/airflow/example_dags/example_branch_python_dop_operator_3.py
[2024-07-16T17:26:41.511+0000] {processor.py:830} INFO - Processing file /home/airflow/.local/lib/python3.12/site-packages/airflow/example_dags/example_branch_python_dop_operator_3.py for tasks to queue
[2024-07-16T17:26:41.512+0000] {logging_mixin.py:188} INFO - [2024-07-16T17:26:41.512+0000] {dagbag.py:545} INFO - Filling up the DagBag from /home/airflow/.local/lib/python3.12/site-packages/airflow/example_dags/example_branch_python_dop_operator_3.py
[2024-07-16T17:26:41.519+0000] {processor.py:840} INFO - DAG(s) 'example_branch_dop_operator_v3' retrieved from /home/airflow/.local/lib/python3.12/site-packages/airflow/example_dags/example_branch_python_dop_operator_3.py
[2024-07-16T17:26:41.540+0000] {logging_mixin.py:188} INFO - [2024-07-16T17:26:41.539+0000] {dag.py:3089} INFO - Sync 1 DAGs
[2024-07-16T17:26:41.562+0000] {logging_mixin.py:188} INFO - [2024-07-16T17:26:41.561+0000] {dag.py:3947} INFO - Setting next_dagrun for example_branch_dop_operator_v3 to 2024-07-16 17:25:00+00:00, run_after=2024-07-16 17:26:00+00:00
[2024-07-16T17:26:41.583+0000] {processor.py:183} INFO - Processing /home/airflow/.local/lib/python3.12/site-packages/airflow/example_dags/example_branch_python_dop_operator_3.py took 0.080 seconds
[2024-07-16T17:27:11.679+0000] {processor.py:161} INFO - Started process (PID=5289) to work on /home/airflow/.local/lib/python3.12/site-packages/airflow/example_dags/example_branch_python_dop_operator_3.py
[2024-07-16T17:27:11.681+0000] {processor.py:830} INFO - Processing file /home/airflow/.local/lib/python3.12/site-packages/airflow/example_dags/example_branch_python_dop_operator_3.py for tasks to queue
[2024-07-16T17:27:11.683+0000] {logging_mixin.py:188} INFO - [2024-07-16T17:27:11.683+0000] {dagbag.py:545} INFO - Filling up the DagBag from /home/airflow/.local/lib/python3.12/site-packages/airflow/example_dags/example_branch_python_dop_operator_3.py
[2024-07-16T17:27:11.690+0000] {processor.py:840} INFO - DAG(s) 'example_branch_dop_operator_v3' retrieved from /home/airflow/.local/lib/python3.12/site-packages/airflow/example_dags/example_branch_python_dop_operator_3.py
[2024-07-16T17:27:11.708+0000] {logging_mixin.py:188} INFO - [2024-07-16T17:27:11.708+0000] {dag.py:3089} INFO - Sync 1 DAGs
[2024-07-16T17:27:11.730+0000] {logging_mixin.py:188} INFO - [2024-07-16T17:27:11.730+0000] {dag.py:3947} INFO - Setting next_dagrun for example_branch_dop_operator_v3 to 2024-07-16 17:26:00+00:00, run_after=2024-07-16 17:27:00+00:00
[2024-07-16T17:27:11.749+0000] {processor.py:183} INFO - Processing /home/airflow/.local/lib/python3.12/site-packages/airflow/example_dags/example_branch_python_dop_operator_3.py took 0.075 seconds
[2024-07-16T17:27:42.525+0000] {processor.py:161} INFO - Started process (PID=5551) to work on /home/airflow/.local/lib/python3.12/site-packages/airflow/example_dags/example_branch_python_dop_operator_3.py
[2024-07-16T17:27:42.527+0000] {processor.py:830} INFO - Processing file /home/airflow/.local/lib/python3.12/site-packages/airflow/example_dags/example_branch_python_dop_operator_3.py for tasks to queue
[2024-07-16T17:27:42.528+0000] {logging_mixin.py:188} INFO - [2024-07-16T17:27:42.528+0000] {dagbag.py:545} INFO - Filling up the DagBag from /home/airflow/.local/lib/python3.12/site-packages/airflow/example_dags/example_branch_python_dop_operator_3.py
[2024-07-16T17:27:42.536+0000] {processor.py:840} INFO - DAG(s) 'example_branch_dop_operator_v3' retrieved from /home/airflow/.local/lib/python3.12/site-packages/airflow/example_dags/example_branch_python_dop_operator_3.py
[2024-07-16T17:27:42.552+0000] {logging_mixin.py:188} INFO - [2024-07-16T17:27:42.552+0000] {dag.py:3089} INFO - Sync 1 DAGs
[2024-07-16T17:27:42.578+0000] {logging_mixin.py:188} INFO - [2024-07-16T17:27:42.578+0000] {dag.py:3947} INFO - Setting next_dagrun for example_branch_dop_operator_v3 to 2024-07-16 17:26:00+00:00, run_after=2024-07-16 17:27:00+00:00
[2024-07-16T17:27:42.597+0000] {processor.py:183} INFO - Processing /home/airflow/.local/lib/python3.12/site-packages/airflow/example_dags/example_branch_python_dop_operator_3.py took 0.077 seconds
[2024-07-16T17:28:13.057+0000] {processor.py:161} INFO - Started process (PID=5821) to work on /home/airflow/.local/lib/python3.12/site-packages/airflow/example_dags/example_branch_python_dop_operator_3.py
[2024-07-16T17:28:13.059+0000] {processor.py:830} INFO - Processing file /home/airflow/.local/lib/python3.12/site-packages/airflow/example_dags/example_branch_python_dop_operator_3.py for tasks to queue
[2024-07-16T17:28:13.060+0000] {logging_mixin.py:188} INFO - [2024-07-16T17:28:13.060+0000] {dagbag.py:545} INFO - Filling up the DagBag from /home/airflow/.local/lib/python3.12/site-packages/airflow/example_dags/example_branch_python_dop_operator_3.py
[2024-07-16T17:28:13.069+0000] {processor.py:840} INFO - DAG(s) 'example_branch_dop_operator_v3' retrieved from /home/airflow/.local/lib/python3.12/site-packages/airflow/example_dags/example_branch_python_dop_operator_3.py
[2024-07-16T17:28:13.085+0000] {logging_mixin.py:188} INFO - [2024-07-16T17:28:13.085+0000] {dag.py:3089} INFO - Sync 1 DAGs
[2024-07-16T17:28:13.107+0000] {logging_mixin.py:188} INFO - [2024-07-16T17:28:13.106+0000] {dag.py:3947} INFO - Setting next_dagrun for example_branch_dop_operator_v3 to 2024-07-16 17:27:00+00:00, run_after=2024-07-16 17:28:00+00:00
[2024-07-16T17:28:13.123+0000] {processor.py:183} INFO - Processing /home/airflow/.local/lib/python3.12/site-packages/airflow/example_dags/example_branch_python_dop_operator_3.py took 0.072 seconds
[2024-07-16T17:28:43.211+0000] {processor.py:161} INFO - Started process (PID=6083) to work on /home/airflow/.local/lib/python3.12/site-packages/airflow/example_dags/example_branch_python_dop_operator_3.py
[2024-07-16T17:28:43.214+0000] {processor.py:830} INFO - Processing file /home/airflow/.local/lib/python3.12/site-packages/airflow/example_dags/example_branch_python_dop_operator_3.py for tasks to queue
[2024-07-16T17:28:43.216+0000] {logging_mixin.py:188} INFO - [2024-07-16T17:28:43.215+0000] {dagbag.py:545} INFO - Filling up the DagBag from /home/airflow/.local/lib/python3.12/site-packages/airflow/example_dags/example_branch_python_dop_operator_3.py
[2024-07-16T17:28:43.223+0000] {processor.py:840} INFO - DAG(s) 'example_branch_dop_operator_v3' retrieved from /home/airflow/.local/lib/python3.12/site-packages/airflow/example_dags/example_branch_python_dop_operator_3.py
[2024-07-16T17:28:43.241+0000] {logging_mixin.py:188} INFO - [2024-07-16T17:28:43.241+0000] {dag.py:3089} INFO - Sync 1 DAGs
[2024-07-16T17:28:43.262+0000] {logging_mixin.py:188} INFO - [2024-07-16T17:28:43.262+0000] {dag.py:3947} INFO - Setting next_dagrun for example_branch_dop_operator_v3 to 2024-07-16 17:27:00+00:00, run_after=2024-07-16 17:28:00+00:00
[2024-07-16T17:28:43.282+0000] {processor.py:183} INFO - Processing /home/airflow/.local/lib/python3.12/site-packages/airflow/example_dags/example_branch_python_dop_operator_3.py took 0.076 seconds
[2024-07-16T17:29:13.905+0000] {processor.py:161} INFO - Started process (PID=6347) to work on /home/airflow/.local/lib/python3.12/site-packages/airflow/example_dags/example_branch_python_dop_operator_3.py
[2024-07-16T17:29:13.907+0000] {processor.py:830} INFO - Processing file /home/airflow/.local/lib/python3.12/site-packages/airflow/example_dags/example_branch_python_dop_operator_3.py for tasks to queue
[2024-07-16T17:29:13.909+0000] {logging_mixin.py:188} INFO - [2024-07-16T17:29:13.909+0000] {dagbag.py:545} INFO - Filling up the DagBag from /home/airflow/.local/lib/python3.12/site-packages/airflow/example_dags/example_branch_python_dop_operator_3.py
[2024-07-16T17:29:13.921+0000] {processor.py:840} INFO - DAG(s) 'example_branch_dop_operator_v3' retrieved from /home/airflow/.local/lib/python3.12/site-packages/airflow/example_dags/example_branch_python_dop_operator_3.py
[2024-07-16T17:29:13.949+0000] {logging_mixin.py:188} INFO - [2024-07-16T17:29:13.948+0000] {dag.py:3089} INFO - Sync 1 DAGs
[2024-07-16T17:29:13.983+0000] {logging_mixin.py:188} INFO - [2024-07-16T17:29:13.983+0000] {dag.py:3947} INFO - Setting next_dagrun for example_branch_dop_operator_v3 to 2024-07-16 17:28:00+00:00, run_after=2024-07-16 17:29:00+00:00
[2024-07-16T17:29:14.005+0000] {processor.py:183} INFO - Processing /home/airflow/.local/lib/python3.12/site-packages/airflow/example_dags/example_branch_python_dop_operator_3.py took 0.112 seconds
[2024-07-16T17:29:44.509+0000] {processor.py:161} INFO - Started process (PID=6609) to work on /home/airflow/.local/lib/python3.12/site-packages/airflow/example_dags/example_branch_python_dop_operator_3.py
[2024-07-16T17:29:44.511+0000] {processor.py:830} INFO - Processing file /home/airflow/.local/lib/python3.12/site-packages/airflow/example_dags/example_branch_python_dop_operator_3.py for tasks to queue
[2024-07-16T17:29:44.513+0000] {logging_mixin.py:188} INFO - [2024-07-16T17:29:44.512+0000] {dagbag.py:545} INFO - Filling up the DagBag from /home/airflow/.local/lib/python3.12/site-packages/airflow/example_dags/example_branch_python_dop_operator_3.py
[2024-07-16T17:29:44.519+0000] {processor.py:840} INFO - DAG(s) 'example_branch_dop_operator_v3' retrieved from /home/airflow/.local/lib/python3.12/site-packages/airflow/example_dags/example_branch_python_dop_operator_3.py
[2024-07-16T17:29:44.536+0000] {logging_mixin.py:188} INFO - [2024-07-16T17:29:44.536+0000] {dag.py:3089} INFO - Sync 1 DAGs
[2024-07-16T17:29:44.556+0000] {logging_mixin.py:188} INFO - [2024-07-16T17:29:44.556+0000] {dag.py:3947} INFO - Setting next_dagrun for example_branch_dop_operator_v3 to 2024-07-16 17:28:00+00:00, run_after=2024-07-16 17:29:00+00:00
[2024-07-16T17:29:44.572+0000] {processor.py:183} INFO - Processing /home/airflow/.local/lib/python3.12/site-packages/airflow/example_dags/example_branch_python_dop_operator_3.py took 0.068 seconds
[2024-07-16T17:30:15.049+0000] {processor.py:161} INFO - Started process (PID=6872) to work on /home/airflow/.local/lib/python3.12/site-packages/airflow/example_dags/example_branch_python_dop_operator_3.py
[2024-07-16T17:30:15.052+0000] {processor.py:830} INFO - Processing file /home/airflow/.local/lib/python3.12/site-packages/airflow/example_dags/example_branch_python_dop_operator_3.py for tasks to queue
[2024-07-16T17:30:15.054+0000] {logging_mixin.py:188} INFO - [2024-07-16T17:30:15.054+0000] {dagbag.py:545} INFO - Filling up the DagBag from /home/airflow/.local/lib/python3.12/site-packages/airflow/example_dags/example_branch_python_dop_operator_3.py
[2024-07-16T17:30:15.064+0000] {processor.py:840} INFO - DAG(s) 'example_branch_dop_operator_v3' retrieved from /home/airflow/.local/lib/python3.12/site-packages/airflow/example_dags/example_branch_python_dop_operator_3.py
[2024-07-16T17:30:15.083+0000] {logging_mixin.py:188} INFO - [2024-07-16T17:30:15.083+0000] {dag.py:3089} INFO - Sync 1 DAGs
[2024-07-16T17:30:15.106+0000] {logging_mixin.py:188} INFO - [2024-07-16T17:30:15.106+0000] {dag.py:3947} INFO - Setting next_dagrun for example_branch_dop_operator_v3 to 2024-07-16 17:29:00+00:00, run_after=2024-07-16 17:30:00+00:00
[2024-07-16T17:30:15.130+0000] {processor.py:183} INFO - Processing /home/airflow/.local/lib/python3.12/site-packages/airflow/example_dags/example_branch_python_dop_operator_3.py took 0.087 seconds
[2024-07-16T17:30:45.964+0000] {processor.py:161} INFO - Started process (PID=7132) to work on /home/airflow/.local/lib/python3.12/site-packages/airflow/example_dags/example_branch_python_dop_operator_3.py
[2024-07-16T17:30:45.970+0000] {processor.py:830} INFO - Processing file /home/airflow/.local/lib/python3.12/site-packages/airflow/example_dags/example_branch_python_dop_operator_3.py for tasks to queue
[2024-07-16T17:30:45.973+0000] {logging_mixin.py:188} INFO - [2024-07-16T17:30:45.973+0000] {dagbag.py:545} INFO - Filling up the DagBag from /home/airflow/.local/lib/python3.12/site-packages/airflow/example_dags/example_branch_python_dop_operator_3.py
[2024-07-16T17:30:45.982+0000] {processor.py:840} INFO - DAG(s) 'example_branch_dop_operator_v3' retrieved from /home/airflow/.local/lib/python3.12/site-packages/airflow/example_dags/example_branch_python_dop_operator_3.py
[2024-07-16T17:30:46.002+0000] {logging_mixin.py:188} INFO - [2024-07-16T17:30:46.002+0000] {dag.py:3089} INFO - Sync 1 DAGs
[2024-07-16T17:30:46.025+0000] {logging_mixin.py:188} INFO - [2024-07-16T17:30:46.025+0000] {dag.py:3947} INFO - Setting next_dagrun for example_branch_dop_operator_v3 to 2024-07-16 17:29:00+00:00, run_after=2024-07-16 17:30:00+00:00
[2024-07-16T17:30:46.046+0000] {processor.py:183} INFO - Processing /home/airflow/.local/lib/python3.12/site-packages/airflow/example_dags/example_branch_python_dop_operator_3.py took 0.100 seconds
[2024-07-16T17:31:16.094+0000] {processor.py:161} INFO - Started process (PID=7389) to work on /home/airflow/.local/lib/python3.12/site-packages/airflow/example_dags/example_branch_python_dop_operator_3.py
[2024-07-16T17:31:16.096+0000] {processor.py:830} INFO - Processing file /home/airflow/.local/lib/python3.12/site-packages/airflow/example_dags/example_branch_python_dop_operator_3.py for tasks to queue
[2024-07-16T17:31:16.097+0000] {logging_mixin.py:188} INFO - [2024-07-16T17:31:16.097+0000] {dagbag.py:545} INFO - Filling up the DagBag from /home/airflow/.local/lib/python3.12/site-packages/airflow/example_dags/example_branch_python_dop_operator_3.py
[2024-07-16T17:31:16.105+0000] {processor.py:840} INFO - DAG(s) 'example_branch_dop_operator_v3' retrieved from /home/airflow/.local/lib/python3.12/site-packages/airflow/example_dags/example_branch_python_dop_operator_3.py
[2024-07-16T17:31:16.122+0000] {logging_mixin.py:188} INFO - [2024-07-16T17:31:16.121+0000] {dag.py:3089} INFO - Sync 1 DAGs
[2024-07-16T17:31:16.144+0000] {logging_mixin.py:188} INFO - [2024-07-16T17:31:16.144+0000] {dag.py:3947} INFO - Setting next_dagrun for example_branch_dop_operator_v3 to 2024-07-16 17:30:00+00:00, run_after=2024-07-16 17:31:00+00:00
[2024-07-16T17:31:16.163+0000] {processor.py:183} INFO - Processing /home/airflow/.local/lib/python3.12/site-packages/airflow/example_dags/example_branch_python_dop_operator_3.py took 0.074 seconds
[2024-07-16T17:31:46.583+0000] {processor.py:161} INFO - Started process (PID=7651) to work on /home/airflow/.local/lib/python3.12/site-packages/airflow/example_dags/example_branch_python_dop_operator_3.py
[2024-07-16T17:31:46.584+0000] {processor.py:830} INFO - Processing file /home/airflow/.local/lib/python3.12/site-packages/airflow/example_dags/example_branch_python_dop_operator_3.py for tasks to queue
[2024-07-16T17:31:46.586+0000] {logging_mixin.py:188} INFO - [2024-07-16T17:31:46.585+0000] {dagbag.py:545} INFO - Filling up the DagBag from /home/airflow/.local/lib/python3.12/site-packages/airflow/example_dags/example_branch_python_dop_operator_3.py
[2024-07-16T17:31:46.594+0000] {processor.py:840} INFO - DAG(s) 'example_branch_dop_operator_v3' retrieved from /home/airflow/.local/lib/python3.12/site-packages/airflow/example_dags/example_branch_python_dop_operator_3.py
[2024-07-16T17:31:46.614+0000] {logging_mixin.py:188} INFO - [2024-07-16T17:31:46.614+0000] {dag.py:3089} INFO - Sync 1 DAGs
[2024-07-16T17:31:46.635+0000] {logging_mixin.py:188} INFO - [2024-07-16T17:31:46.635+0000] {dag.py:3947} INFO - Setting next_dagrun for example_branch_dop_operator_v3 to 2024-07-16 17:30:00+00:00, run_after=2024-07-16 17:31:00+00:00
[2024-07-16T17:31:46.654+0000] {processor.py:183} INFO - Processing /home/airflow/.local/lib/python3.12/site-packages/airflow/example_dags/example_branch_python_dop_operator_3.py took 0.077 seconds
