[2024-07-16T17:17:29.672+0000] {processor.py:161} INFO - Started process (PID=337) to work on /home/airflow/.local/lib/python3.12/site-packages/airflow/example_dags/example_sensors.py
[2024-07-16T17:17:29.672+0000] {processor.py:830} INFO - Processing file /home/airflow/.local/lib/python3.12/site-packages/airflow/example_dags/example_sensors.py for tasks to queue
[2024-07-16T17:17:29.674+0000] {logging_mixin.py:188} INFO - [2024-07-16T17:17:29.674+0000] {dagbag.py:545} INFO - Filling up the DagBag from /home/airflow/.local/lib/python3.12/site-packages/airflow/example_dags/example_sensors.py
[2024-07-16T17:17:29.684+0000] {processor.py:840} INFO - DAG(s) 'example_sensors' retrieved from /home/airflow/.local/lib/python3.12/site-packages/airflow/example_dags/example_sensors.py
[2024-07-16T17:17:29.697+0000] {logging_mixin.py:188} INFO - [2024-07-16T17:17:29.697+0000] {dag.py:3089} INFO - Sync 1 DAGs
[2024-07-16T17:17:29.711+0000] {logging_mixin.py:188} INFO - [2024-07-16T17:17:29.711+0000] {dag.py:3947} INFO - Setting next_dagrun for example_sensors to None, run_after=None
[2024-07-16T17:17:29.732+0000] {processor.py:183} INFO - Processing /home/airflow/.local/lib/python3.12/site-packages/airflow/example_dags/example_sensors.py took 0.067 seconds
[2024-07-16T17:18:01.786+0000] {processor.py:161} INFO - Started process (PID=599) to work on /home/airflow/.local/lib/python3.12/site-packages/airflow/example_dags/example_sensors.py
[2024-07-16T17:18:01.788+0000] {processor.py:830} INFO - Processing file /home/airflow/.local/lib/python3.12/site-packages/airflow/example_dags/example_sensors.py for tasks to queue
[2024-07-16T17:18:01.789+0000] {logging_mixin.py:188} INFO - [2024-07-16T17:18:01.789+0000] {dagbag.py:545} INFO - Filling up the DagBag from /home/airflow/.local/lib/python3.12/site-packages/airflow/example_dags/example_sensors.py
[2024-07-16T17:18:01.797+0000] {processor.py:840} INFO - DAG(s) 'example_sensors' retrieved from /home/airflow/.local/lib/python3.12/site-packages/airflow/example_dags/example_sensors.py
[2024-07-16T17:18:01.889+0000] {logging_mixin.py:188} INFO - [2024-07-16T17:18:01.889+0000] {dag.py:3089} INFO - Sync 1 DAGs
[2024-07-16T17:18:01.897+0000] {logging_mixin.py:188} INFO - [2024-07-16T17:18:01.897+0000] {dag.py:3947} INFO - Setting next_dagrun for example_sensors to None, run_after=None
[2024-07-16T17:18:01.914+0000] {processor.py:183} INFO - Processing /home/airflow/.local/lib/python3.12/site-packages/airflow/example_dags/example_sensors.py took 0.133 seconds
[2024-07-16T17:18:32.479+0000] {processor.py:161} INFO - Started process (PID=861) to work on /home/airflow/.local/lib/python3.12/site-packages/airflow/example_dags/example_sensors.py
[2024-07-16T17:18:32.481+0000] {processor.py:830} INFO - Processing file /home/airflow/.local/lib/python3.12/site-packages/airflow/example_dags/example_sensors.py for tasks to queue
[2024-07-16T17:18:32.482+0000] {logging_mixin.py:188} INFO - [2024-07-16T17:18:32.482+0000] {dagbag.py:545} INFO - Filling up the DagBag from /home/airflow/.local/lib/python3.12/site-packages/airflow/example_dags/example_sensors.py
[2024-07-16T17:18:32.489+0000] {processor.py:840} INFO - DAG(s) 'example_sensors' retrieved from /home/airflow/.local/lib/python3.12/site-packages/airflow/example_dags/example_sensors.py
[2024-07-16T17:18:32.510+0000] {logging_mixin.py:188} INFO - [2024-07-16T17:18:32.510+0000] {dag.py:3089} INFO - Sync 1 DAGs
[2024-07-16T17:18:32.520+0000] {logging_mixin.py:188} INFO - [2024-07-16T17:18:32.520+0000] {dag.py:3947} INFO - Setting next_dagrun for example_sensors to None, run_after=None
[2024-07-16T17:18:32.537+0000] {processor.py:183} INFO - Processing /home/airflow/.local/lib/python3.12/site-packages/airflow/example_dags/example_sensors.py took 0.062 seconds
[2024-07-16T17:19:03.446+0000] {processor.py:161} INFO - Started process (PID=1123) to work on /home/airflow/.local/lib/python3.12/site-packages/airflow/example_dags/example_sensors.py
[2024-07-16T17:19:03.448+0000] {processor.py:830} INFO - Processing file /home/airflow/.local/lib/python3.12/site-packages/airflow/example_dags/example_sensors.py for tasks to queue
[2024-07-16T17:19:03.450+0000] {logging_mixin.py:188} INFO - [2024-07-16T17:19:03.449+0000] {dagbag.py:545} INFO - Filling up the DagBag from /home/airflow/.local/lib/python3.12/site-packages/airflow/example_dags/example_sensors.py
[2024-07-16T17:19:03.458+0000] {processor.py:840} INFO - DAG(s) 'example_sensors' retrieved from /home/airflow/.local/lib/python3.12/site-packages/airflow/example_dags/example_sensors.py
[2024-07-16T17:19:03.481+0000] {logging_mixin.py:188} INFO - [2024-07-16T17:19:03.480+0000] {dag.py:3089} INFO - Sync 1 DAGs
[2024-07-16T17:19:03.494+0000] {logging_mixin.py:188} INFO - [2024-07-16T17:19:03.493+0000] {dag.py:3947} INFO - Setting next_dagrun for example_sensors to None, run_after=None
[2024-07-16T17:19:03.516+0000] {processor.py:183} INFO - Processing /home/airflow/.local/lib/python3.12/site-packages/airflow/example_dags/example_sensors.py took 0.075 seconds
[2024-07-16T17:19:33.605+0000] {processor.py:161} INFO - Started process (PID=1385) to work on /home/airflow/.local/lib/python3.12/site-packages/airflow/example_dags/example_sensors.py
[2024-07-16T17:19:33.607+0000] {processor.py:830} INFO - Processing file /home/airflow/.local/lib/python3.12/site-packages/airflow/example_dags/example_sensors.py for tasks to queue
[2024-07-16T17:19:33.608+0000] {logging_mixin.py:188} INFO - [2024-07-16T17:19:33.608+0000] {dagbag.py:545} INFO - Filling up the DagBag from /home/airflow/.local/lib/python3.12/site-packages/airflow/example_dags/example_sensors.py
[2024-07-16T17:19:33.615+0000] {processor.py:840} INFO - DAG(s) 'example_sensors' retrieved from /home/airflow/.local/lib/python3.12/site-packages/airflow/example_dags/example_sensors.py
[2024-07-16T17:19:33.637+0000] {logging_mixin.py:188} INFO - [2024-07-16T17:19:33.637+0000] {dag.py:3089} INFO - Sync 1 DAGs
[2024-07-16T17:19:33.648+0000] {logging_mixin.py:188} INFO - [2024-07-16T17:19:33.648+0000] {dag.py:3947} INFO - Setting next_dagrun for example_sensors to None, run_after=None
[2024-07-16T17:19:33.665+0000] {processor.py:183} INFO - Processing /home/airflow/.local/lib/python3.12/site-packages/airflow/example_dags/example_sensors.py took 0.065 seconds
[2024-07-16T17:20:04.115+0000] {processor.py:161} INFO - Started process (PID=1647) to work on /home/airflow/.local/lib/python3.12/site-packages/airflow/example_dags/example_sensors.py
[2024-07-16T17:20:04.117+0000] {processor.py:830} INFO - Processing file /home/airflow/.local/lib/python3.12/site-packages/airflow/example_dags/example_sensors.py for tasks to queue
[2024-07-16T17:20:04.119+0000] {logging_mixin.py:188} INFO - [2024-07-16T17:20:04.118+0000] {dagbag.py:545} INFO - Filling up the DagBag from /home/airflow/.local/lib/python3.12/site-packages/airflow/example_dags/example_sensors.py
[2024-07-16T17:20:04.126+0000] {processor.py:840} INFO - DAG(s) 'example_sensors' retrieved from /home/airflow/.local/lib/python3.12/site-packages/airflow/example_dags/example_sensors.py
[2024-07-16T17:20:04.150+0000] {logging_mixin.py:188} INFO - [2024-07-16T17:20:04.150+0000] {dag.py:3089} INFO - Sync 1 DAGs
[2024-07-16T17:20:04.161+0000] {logging_mixin.py:188} INFO - [2024-07-16T17:20:04.161+0000] {dag.py:3947} INFO - Setting next_dagrun for example_sensors to None, run_after=None
[2024-07-16T17:20:04.182+0000] {processor.py:183} INFO - Processing /home/airflow/.local/lib/python3.12/site-packages/airflow/example_dags/example_sensors.py took 0.073 seconds
[2024-07-16T17:20:34.778+0000] {processor.py:161} INFO - Started process (PID=1910) to work on /home/airflow/.local/lib/python3.12/site-packages/airflow/example_dags/example_sensors.py
[2024-07-16T17:20:34.780+0000] {processor.py:830} INFO - Processing file /home/airflow/.local/lib/python3.12/site-packages/airflow/example_dags/example_sensors.py for tasks to queue
[2024-07-16T17:20:34.781+0000] {logging_mixin.py:188} INFO - [2024-07-16T17:20:34.781+0000] {dagbag.py:545} INFO - Filling up the DagBag from /home/airflow/.local/lib/python3.12/site-packages/airflow/example_dags/example_sensors.py
[2024-07-16T17:20:34.788+0000] {processor.py:840} INFO - DAG(s) 'example_sensors' retrieved from /home/airflow/.local/lib/python3.12/site-packages/airflow/example_dags/example_sensors.py
[2024-07-16T17:20:34.811+0000] {logging_mixin.py:188} INFO - [2024-07-16T17:20:34.811+0000] {dag.py:3089} INFO - Sync 1 DAGs
[2024-07-16T17:20:34.823+0000] {logging_mixin.py:188} INFO - [2024-07-16T17:20:34.823+0000] {dag.py:3947} INFO - Setting next_dagrun for example_sensors to None, run_after=None
[2024-07-16T17:20:34.841+0000] {processor.py:183} INFO - Processing /home/airflow/.local/lib/python3.12/site-packages/airflow/example_dags/example_sensors.py took 0.068 seconds
[2024-07-16T17:21:05.330+0000] {processor.py:161} INFO - Started process (PID=2172) to work on /home/airflow/.local/lib/python3.12/site-packages/airflow/example_dags/example_sensors.py
[2024-07-16T17:21:05.331+0000] {processor.py:830} INFO - Processing file /home/airflow/.local/lib/python3.12/site-packages/airflow/example_dags/example_sensors.py for tasks to queue
[2024-07-16T17:21:05.333+0000] {logging_mixin.py:188} INFO - [2024-07-16T17:21:05.333+0000] {dagbag.py:545} INFO - Filling up the DagBag from /home/airflow/.local/lib/python3.12/site-packages/airflow/example_dags/example_sensors.py
[2024-07-16T17:21:05.340+0000] {processor.py:840} INFO - DAG(s) 'example_sensors' retrieved from /home/airflow/.local/lib/python3.12/site-packages/airflow/example_dags/example_sensors.py
[2024-07-16T17:21:05.365+0000] {logging_mixin.py:188} INFO - [2024-07-16T17:21:05.365+0000] {dag.py:3089} INFO - Sync 1 DAGs
[2024-07-16T17:21:05.376+0000] {logging_mixin.py:188} INFO - [2024-07-16T17:21:05.376+0000] {dag.py:3947} INFO - Setting next_dagrun for example_sensors to None, run_after=None
[2024-07-16T17:21:05.393+0000] {processor.py:183} INFO - Processing /home/airflow/.local/lib/python3.12/site-packages/airflow/example_dags/example_sensors.py took 0.069 seconds
[2024-07-16T17:21:35.865+0000] {processor.py:161} INFO - Started process (PID=2433) to work on /home/airflow/.local/lib/python3.12/site-packages/airflow/example_dags/example_sensors.py
[2024-07-16T17:21:35.867+0000] {processor.py:830} INFO - Processing file /home/airflow/.local/lib/python3.12/site-packages/airflow/example_dags/example_sensors.py for tasks to queue
[2024-07-16T17:21:35.869+0000] {logging_mixin.py:188} INFO - [2024-07-16T17:21:35.869+0000] {dagbag.py:545} INFO - Filling up the DagBag from /home/airflow/.local/lib/python3.12/site-packages/airflow/example_dags/example_sensors.py
[2024-07-16T17:21:35.878+0000] {processor.py:840} INFO - DAG(s) 'example_sensors' retrieved from /home/airflow/.local/lib/python3.12/site-packages/airflow/example_dags/example_sensors.py
[2024-07-16T17:21:35.900+0000] {logging_mixin.py:188} INFO - [2024-07-16T17:21:35.900+0000] {dag.py:3089} INFO - Sync 1 DAGs
[2024-07-16T17:21:35.913+0000] {logging_mixin.py:188} INFO - [2024-07-16T17:21:35.913+0000] {dag.py:3947} INFO - Setting next_dagrun for example_sensors to None, run_after=None
[2024-07-16T17:21:35.930+0000] {processor.py:183} INFO - Processing /home/airflow/.local/lib/python3.12/site-packages/airflow/example_dags/example_sensors.py took 0.070 seconds
[2024-07-16T17:22:06.339+0000] {processor.py:161} INFO - Started process (PID=2695) to work on /home/airflow/.local/lib/python3.12/site-packages/airflow/example_dags/example_sensors.py
[2024-07-16T17:22:06.341+0000] {processor.py:830} INFO - Processing file /home/airflow/.local/lib/python3.12/site-packages/airflow/example_dags/example_sensors.py for tasks to queue
[2024-07-16T17:22:06.343+0000] {logging_mixin.py:188} INFO - [2024-07-16T17:22:06.343+0000] {dagbag.py:545} INFO - Filling up the DagBag from /home/airflow/.local/lib/python3.12/site-packages/airflow/example_dags/example_sensors.py
[2024-07-16T17:22:06.350+0000] {processor.py:840} INFO - DAG(s) 'example_sensors' retrieved from /home/airflow/.local/lib/python3.12/site-packages/airflow/example_dags/example_sensors.py
[2024-07-16T17:22:06.371+0000] {logging_mixin.py:188} INFO - [2024-07-16T17:22:06.371+0000] {dag.py:3089} INFO - Sync 1 DAGs
[2024-07-16T17:22:06.382+0000] {logging_mixin.py:188} INFO - [2024-07-16T17:22:06.382+0000] {dag.py:3947} INFO - Setting next_dagrun for example_sensors to None, run_after=None
[2024-07-16T17:22:06.400+0000] {processor.py:183} INFO - Processing /home/airflow/.local/lib/python3.12/site-packages/airflow/example_dags/example_sensors.py took 0.066 seconds
[2024-07-16T17:22:37.042+0000] {processor.py:161} INFO - Started process (PID=2957) to work on /home/airflow/.local/lib/python3.12/site-packages/airflow/example_dags/example_sensors.py
[2024-07-16T17:22:37.043+0000] {processor.py:830} INFO - Processing file /home/airflow/.local/lib/python3.12/site-packages/airflow/example_dags/example_sensors.py for tasks to queue
[2024-07-16T17:22:37.045+0000] {logging_mixin.py:188} INFO - [2024-07-16T17:22:37.044+0000] {dagbag.py:545} INFO - Filling up the DagBag from /home/airflow/.local/lib/python3.12/site-packages/airflow/example_dags/example_sensors.py
[2024-07-16T17:22:37.052+0000] {processor.py:840} INFO - DAG(s) 'example_sensors' retrieved from /home/airflow/.local/lib/python3.12/site-packages/airflow/example_dags/example_sensors.py
[2024-07-16T17:22:37.074+0000] {logging_mixin.py:188} INFO - [2024-07-16T17:22:37.074+0000] {dag.py:3089} INFO - Sync 1 DAGs
[2024-07-16T17:22:37.086+0000] {logging_mixin.py:188} INFO - [2024-07-16T17:22:37.086+0000] {dag.py:3947} INFO - Setting next_dagrun for example_sensors to None, run_after=None
[2024-07-16T17:22:37.104+0000] {processor.py:183} INFO - Processing /home/airflow/.local/lib/python3.12/site-packages/airflow/example_dags/example_sensors.py took 0.067 seconds
[2024-07-16T17:23:07.886+0000] {processor.py:161} INFO - Started process (PID=3219) to work on /home/airflow/.local/lib/python3.12/site-packages/airflow/example_dags/example_sensors.py
[2024-07-16T17:23:07.888+0000] {processor.py:830} INFO - Processing file /home/airflow/.local/lib/python3.12/site-packages/airflow/example_dags/example_sensors.py for tasks to queue
[2024-07-16T17:23:07.890+0000] {logging_mixin.py:188} INFO - [2024-07-16T17:23:07.889+0000] {dagbag.py:545} INFO - Filling up the DagBag from /home/airflow/.local/lib/python3.12/site-packages/airflow/example_dags/example_sensors.py
[2024-07-16T17:23:07.897+0000] {processor.py:840} INFO - DAG(s) 'example_sensors' retrieved from /home/airflow/.local/lib/python3.12/site-packages/airflow/example_dags/example_sensors.py
[2024-07-16T17:23:07.920+0000] {logging_mixin.py:188} INFO - [2024-07-16T17:23:07.920+0000] {dag.py:3089} INFO - Sync 1 DAGs
[2024-07-16T17:23:07.932+0000] {logging_mixin.py:188} INFO - [2024-07-16T17:23:07.932+0000] {dag.py:3947} INFO - Setting next_dagrun for example_sensors to None, run_after=None
[2024-07-16T17:23:07.960+0000] {processor.py:183} INFO - Processing /home/airflow/.local/lib/python3.12/site-packages/airflow/example_dags/example_sensors.py took 0.079 seconds
[2024-07-16T17:23:39.151+0000] {processor.py:161} INFO - Started process (PID=3481) to work on /home/airflow/.local/lib/python3.12/site-packages/airflow/example_dags/example_sensors.py
[2024-07-16T17:23:39.152+0000] {processor.py:830} INFO - Processing file /home/airflow/.local/lib/python3.12/site-packages/airflow/example_dags/example_sensors.py for tasks to queue
[2024-07-16T17:23:39.154+0000] {logging_mixin.py:188} INFO - [2024-07-16T17:23:39.154+0000] {dagbag.py:545} INFO - Filling up the DagBag from /home/airflow/.local/lib/python3.12/site-packages/airflow/example_dags/example_sensors.py
[2024-07-16T17:23:39.163+0000] {processor.py:840} INFO - DAG(s) 'example_sensors' retrieved from /home/airflow/.local/lib/python3.12/site-packages/airflow/example_dags/example_sensors.py
[2024-07-16T17:23:39.192+0000] {logging_mixin.py:188} INFO - [2024-07-16T17:23:39.191+0000] {dag.py:3089} INFO - Sync 1 DAGs
[2024-07-16T17:23:39.205+0000] {logging_mixin.py:188} INFO - [2024-07-16T17:23:39.205+0000] {dag.py:3947} INFO - Setting next_dagrun for example_sensors to None, run_after=None
[2024-07-16T17:23:39.224+0000] {processor.py:183} INFO - Processing /home/airflow/.local/lib/python3.12/site-packages/airflow/example_dags/example_sensors.py took 0.081 seconds
[2024-07-16T17:24:09.445+0000] {processor.py:161} INFO - Started process (PID=3743) to work on /home/airflow/.local/lib/python3.12/site-packages/airflow/example_dags/example_sensors.py
[2024-07-16T17:24:09.450+0000] {processor.py:830} INFO - Processing file /home/airflow/.local/lib/python3.12/site-packages/airflow/example_dags/example_sensors.py for tasks to queue
[2024-07-16T17:24:09.459+0000] {logging_mixin.py:188} INFO - [2024-07-16T17:24:09.459+0000] {dagbag.py:545} INFO - Filling up the DagBag from /home/airflow/.local/lib/python3.12/site-packages/airflow/example_dags/example_sensors.py
[2024-07-16T17:24:09.475+0000] {processor.py:840} INFO - DAG(s) 'example_sensors' retrieved from /home/airflow/.local/lib/python3.12/site-packages/airflow/example_dags/example_sensors.py
[2024-07-16T17:24:09.502+0000] {logging_mixin.py:188} INFO - [2024-07-16T17:24:09.502+0000] {dag.py:3089} INFO - Sync 1 DAGs
[2024-07-16T17:24:09.514+0000] {logging_mixin.py:188} INFO - [2024-07-16T17:24:09.514+0000] {dag.py:3947} INFO - Setting next_dagrun for example_sensors to None, run_after=None
[2024-07-16T17:24:09.534+0000] {processor.py:183} INFO - Processing /home/airflow/.local/lib/python3.12/site-packages/airflow/example_dags/example_sensors.py took 0.103 seconds
[2024-07-16T17:24:39.560+0000] {processor.py:161} INFO - Started process (PID=4004) to work on /home/airflow/.local/lib/python3.12/site-packages/airflow/example_dags/example_sensors.py
[2024-07-16T17:24:39.563+0000] {processor.py:830} INFO - Processing file /home/airflow/.local/lib/python3.12/site-packages/airflow/example_dags/example_sensors.py for tasks to queue
[2024-07-16T17:24:39.564+0000] {logging_mixin.py:188} INFO - [2024-07-16T17:24:39.564+0000] {dagbag.py:545} INFO - Filling up the DagBag from /home/airflow/.local/lib/python3.12/site-packages/airflow/example_dags/example_sensors.py
[2024-07-16T17:24:39.571+0000] {processor.py:840} INFO - DAG(s) 'example_sensors' retrieved from /home/airflow/.local/lib/python3.12/site-packages/airflow/example_dags/example_sensors.py
[2024-07-16T17:24:39.593+0000] {logging_mixin.py:188} INFO - [2024-07-16T17:24:39.593+0000] {dag.py:3089} INFO - Sync 1 DAGs
[2024-07-16T17:24:39.604+0000] {logging_mixin.py:188} INFO - [2024-07-16T17:24:39.604+0000] {dag.py:3947} INFO - Setting next_dagrun for example_sensors to None, run_after=None
[2024-07-16T17:24:39.623+0000] {processor.py:183} INFO - Processing /home/airflow/.local/lib/python3.12/site-packages/airflow/example_dags/example_sensors.py took 0.069 seconds
[2024-07-16T17:25:09.774+0000] {processor.py:161} INFO - Started process (PID=4266) to work on /home/airflow/.local/lib/python3.12/site-packages/airflow/example_dags/example_sensors.py
[2024-07-16T17:25:09.775+0000] {processor.py:830} INFO - Processing file /home/airflow/.local/lib/python3.12/site-packages/airflow/example_dags/example_sensors.py for tasks to queue
[2024-07-16T17:25:09.776+0000] {logging_mixin.py:188} INFO - [2024-07-16T17:25:09.776+0000] {dagbag.py:545} INFO - Filling up the DagBag from /home/airflow/.local/lib/python3.12/site-packages/airflow/example_dags/example_sensors.py
[2024-07-16T17:25:09.793+0000] {processor.py:840} INFO - DAG(s) 'example_sensors' retrieved from /home/airflow/.local/lib/python3.12/site-packages/airflow/example_dags/example_sensors.py
[2024-07-16T17:25:09.824+0000] {logging_mixin.py:188} INFO - [2024-07-16T17:25:09.824+0000] {dag.py:3089} INFO - Sync 1 DAGs
[2024-07-16T17:25:09.838+0000] {logging_mixin.py:188} INFO - [2024-07-16T17:25:09.838+0000] {dag.py:3947} INFO - Setting next_dagrun for example_sensors to None, run_after=None
[2024-07-16T17:25:09.859+0000] {processor.py:183} INFO - Processing /home/airflow/.local/lib/python3.12/site-packages/airflow/example_dags/example_sensors.py took 0.091 seconds
[2024-07-16T17:25:40.737+0000] {processor.py:161} INFO - Started process (PID=4528) to work on /home/airflow/.local/lib/python3.12/site-packages/airflow/example_dags/example_sensors.py
[2024-07-16T17:25:40.739+0000] {processor.py:830} INFO - Processing file /home/airflow/.local/lib/python3.12/site-packages/airflow/example_dags/example_sensors.py for tasks to queue
[2024-07-16T17:25:40.741+0000] {logging_mixin.py:188} INFO - [2024-07-16T17:25:40.741+0000] {dagbag.py:545} INFO - Filling up the DagBag from /home/airflow/.local/lib/python3.12/site-packages/airflow/example_dags/example_sensors.py
[2024-07-16T17:25:40.750+0000] {processor.py:840} INFO - DAG(s) 'example_sensors' retrieved from /home/airflow/.local/lib/python3.12/site-packages/airflow/example_dags/example_sensors.py
[2024-07-16T17:25:40.776+0000] {logging_mixin.py:188} INFO - [2024-07-16T17:25:40.775+0000] {dag.py:3089} INFO - Sync 1 DAGs
[2024-07-16T17:25:40.789+0000] {logging_mixin.py:188} INFO - [2024-07-16T17:25:40.789+0000] {dag.py:3947} INFO - Setting next_dagrun for example_sensors to None, run_after=None
[2024-07-16T17:25:40.819+0000] {processor.py:183} INFO - Processing /home/airflow/.local/lib/python3.12/site-packages/airflow/example_dags/example_sensors.py took 0.087 seconds
[2024-07-16T17:26:11.033+0000] {processor.py:161} INFO - Started process (PID=4790) to work on /home/airflow/.local/lib/python3.12/site-packages/airflow/example_dags/example_sensors.py
[2024-07-16T17:26:11.035+0000] {processor.py:830} INFO - Processing file /home/airflow/.local/lib/python3.12/site-packages/airflow/example_dags/example_sensors.py for tasks to queue
[2024-07-16T17:26:11.037+0000] {logging_mixin.py:188} INFO - [2024-07-16T17:26:11.037+0000] {dagbag.py:545} INFO - Filling up the DagBag from /home/airflow/.local/lib/python3.12/site-packages/airflow/example_dags/example_sensors.py
[2024-07-16T17:26:11.044+0000] {processor.py:840} INFO - DAG(s) 'example_sensors' retrieved from /home/airflow/.local/lib/python3.12/site-packages/airflow/example_dags/example_sensors.py
[2024-07-16T17:26:11.070+0000] {logging_mixin.py:188} INFO - [2024-07-16T17:26:11.070+0000] {dag.py:3089} INFO - Sync 1 DAGs
[2024-07-16T17:26:11.083+0000] {logging_mixin.py:188} INFO - [2024-07-16T17:26:11.083+0000] {dag.py:3947} INFO - Setting next_dagrun for example_sensors to None, run_after=None
[2024-07-16T17:26:11.101+0000] {processor.py:183} INFO - Processing /home/airflow/.local/lib/python3.12/site-packages/airflow/example_dags/example_sensors.py took 0.073 seconds
[2024-07-16T17:26:41.756+0000] {processor.py:161} INFO - Started process (PID=5052) to work on /home/airflow/.local/lib/python3.12/site-packages/airflow/example_dags/example_sensors.py
[2024-07-16T17:26:41.758+0000] {processor.py:830} INFO - Processing file /home/airflow/.local/lib/python3.12/site-packages/airflow/example_dags/example_sensors.py for tasks to queue
[2024-07-16T17:26:41.760+0000] {logging_mixin.py:188} INFO - [2024-07-16T17:26:41.760+0000] {dagbag.py:545} INFO - Filling up the DagBag from /home/airflow/.local/lib/python3.12/site-packages/airflow/example_dags/example_sensors.py
[2024-07-16T17:26:41.767+0000] {processor.py:840} INFO - DAG(s) 'example_sensors' retrieved from /home/airflow/.local/lib/python3.12/site-packages/airflow/example_dags/example_sensors.py
[2024-07-16T17:26:41.795+0000] {logging_mixin.py:188} INFO - [2024-07-16T17:26:41.795+0000] {dag.py:3089} INFO - Sync 1 DAGs
[2024-07-16T17:26:41.807+0000] {logging_mixin.py:188} INFO - [2024-07-16T17:26:41.807+0000] {dag.py:3947} INFO - Setting next_dagrun for example_sensors to None, run_after=None
[2024-07-16T17:26:41.825+0000] {processor.py:183} INFO - Processing /home/airflow/.local/lib/python3.12/site-packages/airflow/example_dags/example_sensors.py took 0.073 seconds
[2024-07-16T17:27:11.908+0000] {processor.py:161} INFO - Started process (PID=5314) to work on /home/airflow/.local/lib/python3.12/site-packages/airflow/example_dags/example_sensors.py
[2024-07-16T17:27:11.910+0000] {processor.py:830} INFO - Processing file /home/airflow/.local/lib/python3.12/site-packages/airflow/example_dags/example_sensors.py for tasks to queue
[2024-07-16T17:27:11.911+0000] {logging_mixin.py:188} INFO - [2024-07-16T17:27:11.911+0000] {dagbag.py:545} INFO - Filling up the DagBag from /home/airflow/.local/lib/python3.12/site-packages/airflow/example_dags/example_sensors.py
[2024-07-16T17:27:11.919+0000] {processor.py:840} INFO - DAG(s) 'example_sensors' retrieved from /home/airflow/.local/lib/python3.12/site-packages/airflow/example_dags/example_sensors.py
[2024-07-16T17:27:11.942+0000] {logging_mixin.py:188} INFO - [2024-07-16T17:27:11.941+0000] {dag.py:3089} INFO - Sync 1 DAGs
[2024-07-16T17:27:11.954+0000] {logging_mixin.py:188} INFO - [2024-07-16T17:27:11.954+0000] {dag.py:3947} INFO - Setting next_dagrun for example_sensors to None, run_after=None
[2024-07-16T17:27:11.974+0000] {processor.py:183} INFO - Processing /home/airflow/.local/lib/python3.12/site-packages/airflow/example_dags/example_sensors.py took 0.071 seconds
[2024-07-16T17:27:42.723+0000] {processor.py:161} INFO - Started process (PID=5576) to work on /home/airflow/.local/lib/python3.12/site-packages/airflow/example_dags/example_sensors.py
[2024-07-16T17:27:42.724+0000] {processor.py:830} INFO - Processing file /home/airflow/.local/lib/python3.12/site-packages/airflow/example_dags/example_sensors.py for tasks to queue
[2024-07-16T17:27:42.726+0000] {logging_mixin.py:188} INFO - [2024-07-16T17:27:42.726+0000] {dagbag.py:545} INFO - Filling up the DagBag from /home/airflow/.local/lib/python3.12/site-packages/airflow/example_dags/example_sensors.py
[2024-07-16T17:27:42.733+0000] {processor.py:840} INFO - DAG(s) 'example_sensors' retrieved from /home/airflow/.local/lib/python3.12/site-packages/airflow/example_dags/example_sensors.py
[2024-07-16T17:27:42.755+0000] {logging_mixin.py:188} INFO - [2024-07-16T17:27:42.755+0000] {dag.py:3089} INFO - Sync 1 DAGs
[2024-07-16T17:27:42.765+0000] {logging_mixin.py:188} INFO - [2024-07-16T17:27:42.765+0000] {dag.py:3947} INFO - Setting next_dagrun for example_sensors to None, run_after=None
[2024-07-16T17:27:42.784+0000] {processor.py:183} INFO - Processing /home/airflow/.local/lib/python3.12/site-packages/airflow/example_dags/example_sensors.py took 0.066 seconds
[2024-07-16T17:28:13.256+0000] {processor.py:161} INFO - Started process (PID=5846) to work on /home/airflow/.local/lib/python3.12/site-packages/airflow/example_dags/example_sensors.py
[2024-07-16T17:28:13.259+0000] {processor.py:830} INFO - Processing file /home/airflow/.local/lib/python3.12/site-packages/airflow/example_dags/example_sensors.py for tasks to queue
[2024-07-16T17:28:13.263+0000] {logging_mixin.py:188} INFO - [2024-07-16T17:28:13.263+0000] {dagbag.py:545} INFO - Filling up the DagBag from /home/airflow/.local/lib/python3.12/site-packages/airflow/example_dags/example_sensors.py
[2024-07-16T17:28:13.272+0000] {processor.py:840} INFO - DAG(s) 'example_sensors' retrieved from /home/airflow/.local/lib/python3.12/site-packages/airflow/example_dags/example_sensors.py
[2024-07-16T17:28:13.297+0000] {logging_mixin.py:188} INFO - [2024-07-16T17:28:13.297+0000] {dag.py:3089} INFO - Sync 1 DAGs
[2024-07-16T17:28:13.309+0000] {logging_mixin.py:188} INFO - [2024-07-16T17:28:13.309+0000] {dag.py:3947} INFO - Setting next_dagrun for example_sensors to None, run_after=None
[2024-07-16T17:28:13.328+0000] {processor.py:183} INFO - Processing /home/airflow/.local/lib/python3.12/site-packages/airflow/example_dags/example_sensors.py took 0.080 seconds
[2024-07-16T17:28:43.559+0000] {processor.py:161} INFO - Started process (PID=6108) to work on /home/airflow/.local/lib/python3.12/site-packages/airflow/example_dags/example_sensors.py
[2024-07-16T17:28:43.561+0000] {processor.py:830} INFO - Processing file /home/airflow/.local/lib/python3.12/site-packages/airflow/example_dags/example_sensors.py for tasks to queue
[2024-07-16T17:28:43.562+0000] {logging_mixin.py:188} INFO - [2024-07-16T17:28:43.562+0000] {dagbag.py:545} INFO - Filling up the DagBag from /home/airflow/.local/lib/python3.12/site-packages/airflow/example_dags/example_sensors.py
[2024-07-16T17:28:43.570+0000] {processor.py:840} INFO - DAG(s) 'example_sensors' retrieved from /home/airflow/.local/lib/python3.12/site-packages/airflow/example_dags/example_sensors.py
[2024-07-16T17:28:43.612+0000] {logging_mixin.py:188} INFO - [2024-07-16T17:28:43.612+0000] {dag.py:3089} INFO - Sync 1 DAGs
[2024-07-16T17:28:43.630+0000] {logging_mixin.py:188} INFO - [2024-07-16T17:28:43.629+0000] {dag.py:3947} INFO - Setting next_dagrun for example_sensors to None, run_after=None
[2024-07-16T17:28:43.649+0000] {processor.py:183} INFO - Processing /home/airflow/.local/lib/python3.12/site-packages/airflow/example_dags/example_sensors.py took 0.096 seconds
[2024-07-16T17:29:14.268+0000] {processor.py:161} INFO - Started process (PID=6370) to work on /home/airflow/.local/lib/python3.12/site-packages/airflow/example_dags/example_sensors.py
[2024-07-16T17:29:14.271+0000] {processor.py:830} INFO - Processing file /home/airflow/.local/lib/python3.12/site-packages/airflow/example_dags/example_sensors.py for tasks to queue
[2024-07-16T17:29:14.274+0000] {logging_mixin.py:188} INFO - [2024-07-16T17:29:14.272+0000] {dagbag.py:545} INFO - Filling up the DagBag from /home/airflow/.local/lib/python3.12/site-packages/airflow/example_dags/example_sensors.py
[2024-07-16T17:29:14.287+0000] {processor.py:840} INFO - DAG(s) 'example_sensors' retrieved from /home/airflow/.local/lib/python3.12/site-packages/airflow/example_dags/example_sensors.py
[2024-07-16T17:29:14.322+0000] {logging_mixin.py:188} INFO - [2024-07-16T17:29:14.322+0000] {dag.py:3089} INFO - Sync 1 DAGs
[2024-07-16T17:29:14.340+0000] {logging_mixin.py:188} INFO - [2024-07-16T17:29:14.339+0000] {dag.py:3947} INFO - Setting next_dagrun for example_sensors to None, run_after=None
[2024-07-16T17:29:14.367+0000] {processor.py:183} INFO - Processing /home/airflow/.local/lib/python3.12/site-packages/airflow/example_dags/example_sensors.py took 0.107 seconds
[2024-07-16T17:29:44.777+0000] {processor.py:161} INFO - Started process (PID=6632) to work on /home/airflow/.local/lib/python3.12/site-packages/airflow/example_dags/example_sensors.py
[2024-07-16T17:29:44.779+0000] {processor.py:830} INFO - Processing file /home/airflow/.local/lib/python3.12/site-packages/airflow/example_dags/example_sensors.py for tasks to queue
[2024-07-16T17:29:44.781+0000] {logging_mixin.py:188} INFO - [2024-07-16T17:29:44.780+0000] {dagbag.py:545} INFO - Filling up the DagBag from /home/airflow/.local/lib/python3.12/site-packages/airflow/example_dags/example_sensors.py
[2024-07-16T17:29:44.789+0000] {processor.py:840} INFO - DAG(s) 'example_sensors' retrieved from /home/airflow/.local/lib/python3.12/site-packages/airflow/example_dags/example_sensors.py
[2024-07-16T17:29:44.813+0000] {logging_mixin.py:188} INFO - [2024-07-16T17:29:44.813+0000] {dag.py:3089} INFO - Sync 1 DAGs
[2024-07-16T17:29:44.826+0000] {logging_mixin.py:188} INFO - [2024-07-16T17:29:44.825+0000] {dag.py:3947} INFO - Setting next_dagrun for example_sensors to None, run_after=None
[2024-07-16T17:29:44.843+0000] {processor.py:183} INFO - Processing /home/airflow/.local/lib/python3.12/site-packages/airflow/example_dags/example_sensors.py took 0.071 seconds
[2024-07-16T17:30:15.338+0000] {processor.py:161} INFO - Started process (PID=6895) to work on /home/airflow/.local/lib/python3.12/site-packages/airflow/example_dags/example_sensors.py
[2024-07-16T17:30:15.341+0000] {processor.py:830} INFO - Processing file /home/airflow/.local/lib/python3.12/site-packages/airflow/example_dags/example_sensors.py for tasks to queue
[2024-07-16T17:30:15.343+0000] {logging_mixin.py:188} INFO - [2024-07-16T17:30:15.343+0000] {dagbag.py:545} INFO - Filling up the DagBag from /home/airflow/.local/lib/python3.12/site-packages/airflow/example_dags/example_sensors.py
[2024-07-16T17:30:15.351+0000] {processor.py:840} INFO - DAG(s) 'example_sensors' retrieved from /home/airflow/.local/lib/python3.12/site-packages/airflow/example_dags/example_sensors.py
[2024-07-16T17:30:15.379+0000] {logging_mixin.py:188} INFO - [2024-07-16T17:30:15.379+0000] {dag.py:3089} INFO - Sync 1 DAGs
[2024-07-16T17:30:15.392+0000] {logging_mixin.py:188} INFO - [2024-07-16T17:30:15.392+0000] {dag.py:3947} INFO - Setting next_dagrun for example_sensors to None, run_after=None
[2024-07-16T17:30:15.420+0000] {processor.py:183} INFO - Processing /home/airflow/.local/lib/python3.12/site-packages/airflow/example_dags/example_sensors.py took 0.090 seconds
[2024-07-16T17:30:46.384+0000] {processor.py:161} INFO - Started process (PID=7157) to work on /home/airflow/.local/lib/python3.12/site-packages/airflow/example_dags/example_sensors.py
[2024-07-16T17:30:46.386+0000] {processor.py:830} INFO - Processing file /home/airflow/.local/lib/python3.12/site-packages/airflow/example_dags/example_sensors.py for tasks to queue
[2024-07-16T17:30:46.388+0000] {logging_mixin.py:188} INFO - [2024-07-16T17:30:46.387+0000] {dagbag.py:545} INFO - Filling up the DagBag from /home/airflow/.local/lib/python3.12/site-packages/airflow/example_dags/example_sensors.py
[2024-07-16T17:30:46.400+0000] {processor.py:840} INFO - DAG(s) 'example_sensors' retrieved from /home/airflow/.local/lib/python3.12/site-packages/airflow/example_dags/example_sensors.py
[2024-07-16T17:30:46.425+0000] {logging_mixin.py:188} INFO - [2024-07-16T17:30:46.425+0000] {dag.py:3089} INFO - Sync 1 DAGs
[2024-07-16T17:30:46.436+0000] {logging_mixin.py:188} INFO - [2024-07-16T17:30:46.436+0000] {dag.py:3947} INFO - Setting next_dagrun for example_sensors to None, run_after=None
[2024-07-16T17:30:46.453+0000] {processor.py:183} INFO - Processing /home/airflow/.local/lib/python3.12/site-packages/airflow/example_dags/example_sensors.py took 0.075 seconds
[2024-07-16T17:31:17.488+0000] {processor.py:161} INFO - Started process (PID=7425) to work on /home/airflow/.local/lib/python3.12/site-packages/airflow/example_dags/example_sensors.py
[2024-07-16T17:31:17.489+0000] {processor.py:830} INFO - Processing file /home/airflow/.local/lib/python3.12/site-packages/airflow/example_dags/example_sensors.py for tasks to queue
[2024-07-16T17:31:17.490+0000] {logging_mixin.py:188} INFO - [2024-07-16T17:31:17.490+0000] {dagbag.py:545} INFO - Filling up the DagBag from /home/airflow/.local/lib/python3.12/site-packages/airflow/example_dags/example_sensors.py
[2024-07-16T17:31:17.498+0000] {processor.py:840} INFO - DAG(s) 'example_sensors' retrieved from /home/airflow/.local/lib/python3.12/site-packages/airflow/example_dags/example_sensors.py
[2024-07-16T17:31:17.520+0000] {logging_mixin.py:188} INFO - [2024-07-16T17:31:17.520+0000] {dag.py:3089} INFO - Sync 1 DAGs
[2024-07-16T17:31:17.531+0000] {logging_mixin.py:188} INFO - [2024-07-16T17:31:17.531+0000] {dag.py:3947} INFO - Setting next_dagrun for example_sensors to None, run_after=None
[2024-07-16T17:31:17.548+0000] {processor.py:183} INFO - Processing /home/airflow/.local/lib/python3.12/site-packages/airflow/example_dags/example_sensors.py took 0.067 seconds
[2024-07-16T17:31:48.040+0000] {processor.py:161} INFO - Started process (PID=7687) to work on /home/airflow/.local/lib/python3.12/site-packages/airflow/example_dags/example_sensors.py
[2024-07-16T17:31:48.042+0000] {processor.py:830} INFO - Processing file /home/airflow/.local/lib/python3.12/site-packages/airflow/example_dags/example_sensors.py for tasks to queue
[2024-07-16T17:31:48.043+0000] {logging_mixin.py:188} INFO - [2024-07-16T17:31:48.043+0000] {dagbag.py:545} INFO - Filling up the DagBag from /home/airflow/.local/lib/python3.12/site-packages/airflow/example_dags/example_sensors.py
[2024-07-16T17:31:48.052+0000] {processor.py:840} INFO - DAG(s) 'example_sensors' retrieved from /home/airflow/.local/lib/python3.12/site-packages/airflow/example_dags/example_sensors.py
[2024-07-16T17:31:48.079+0000] {logging_mixin.py:188} INFO - [2024-07-16T17:31:48.079+0000] {dag.py:3089} INFO - Sync 1 DAGs
[2024-07-16T17:31:48.090+0000] {logging_mixin.py:188} INFO - [2024-07-16T17:31:48.090+0000] {dag.py:3947} INFO - Setting next_dagrun for example_sensors to None, run_after=None
[2024-07-16T17:31:48.108+0000] {processor.py:183} INFO - Processing /home/airflow/.local/lib/python3.12/site-packages/airflow/example_dags/example_sensors.py took 0.073 seconds
