[2024-07-16T17:17:29.891+0000] {processor.py:161} INFO - Started process (PID=352) to work on /home/airflow/.local/lib/python3.12/site-packages/airflow/example_dags/example_sla_dag.py
[2024-07-16T17:17:29.892+0000] {processor.py:830} INFO - Processing file /home/airflow/.local/lib/python3.12/site-packages/airflow/example_dags/example_sla_dag.py for tasks to queue
[2024-07-16T17:17:29.894+0000] {logging_mixin.py:188} INFO - [2024-07-16T17:17:29.893+0000] {dagbag.py:545} INFO - Filling up the DagBag from /home/airflow/.local/lib/python3.12/site-packages/airflow/example_dags/example_sla_dag.py
[2024-07-16T17:17:29.903+0000] {processor.py:840} INFO - DAG(s) 'example_sla_dag' retrieved from /home/airflow/.local/lib/python3.12/site-packages/airflow/example_dags/example_sla_dag.py
[2024-07-16T17:17:29.914+0000] {logging_mixin.py:188} INFO - [2024-07-16T17:17:29.914+0000] {dag.py:3089} INFO - Sync 1 DAGs
[2024-07-16T17:17:29.939+0000] {logging_mixin.py:188} INFO - [2024-07-16T17:17:29.939+0000] {dag.py:3947} INFO - Setting next_dagrun for example_sla_dag to 2024-07-16 17:14:00+00:00, run_after=2024-07-16 17:16:00+00:00
[2024-07-16T17:17:29.961+0000] {processor.py:183} INFO - Processing /home/airflow/.local/lib/python3.12/site-packages/airflow/example_dags/example_sla_dag.py took 0.075 seconds
[2024-07-16T17:18:02.125+0000] {processor.py:161} INFO - Started process (PID=616) to work on /home/airflow/.local/lib/python3.12/site-packages/airflow/example_dags/example_sla_dag.py
[2024-07-16T17:18:02.127+0000] {processor.py:830} INFO - Processing file /home/airflow/.local/lib/python3.12/site-packages/airflow/example_dags/example_sla_dag.py for tasks to queue
[2024-07-16T17:18:02.128+0000] {logging_mixin.py:188} INFO - [2024-07-16T17:18:02.128+0000] {dagbag.py:545} INFO - Filling up the DagBag from /home/airflow/.local/lib/python3.12/site-packages/airflow/example_dags/example_sla_dag.py
[2024-07-16T17:18:02.134+0000] {processor.py:840} INFO - DAG(s) 'example_sla_dag' retrieved from /home/airflow/.local/lib/python3.12/site-packages/airflow/example_dags/example_sla_dag.py
[2024-07-16T17:18:02.207+0000] {logging_mixin.py:188} INFO - [2024-07-16T17:18:02.206+0000] {dag.py:3089} INFO - Sync 1 DAGs
[2024-07-16T17:18:02.222+0000] {logging_mixin.py:188} INFO - [2024-07-16T17:18:02.222+0000] {dag.py:3947} INFO - Setting next_dagrun for example_sla_dag to 2024-07-16 17:16:00+00:00, run_after=2024-07-16 17:18:00+00:00
[2024-07-16T17:18:02.239+0000] {processor.py:183} INFO - Processing /home/airflow/.local/lib/python3.12/site-packages/airflow/example_dags/example_sla_dag.py took 0.119 seconds
[2024-07-16T17:18:32.666+0000] {processor.py:161} INFO - Started process (PID=876) to work on /home/airflow/.local/lib/python3.12/site-packages/airflow/example_dags/example_sla_dag.py
[2024-07-16T17:18:32.669+0000] {processor.py:830} INFO - Processing file /home/airflow/.local/lib/python3.12/site-packages/airflow/example_dags/example_sla_dag.py for tasks to queue
[2024-07-16T17:18:32.670+0000] {logging_mixin.py:188} INFO - [2024-07-16T17:18:32.670+0000] {dagbag.py:545} INFO - Filling up the DagBag from /home/airflow/.local/lib/python3.12/site-packages/airflow/example_dags/example_sla_dag.py
[2024-07-16T17:18:32.677+0000] {processor.py:840} INFO - DAG(s) 'example_sla_dag' retrieved from /home/airflow/.local/lib/python3.12/site-packages/airflow/example_dags/example_sla_dag.py
[2024-07-16T17:18:32.696+0000] {logging_mixin.py:188} INFO - [2024-07-16T17:18:32.696+0000] {dag.py:3089} INFO - Sync 1 DAGs
[2024-07-16T17:18:32.717+0000] {logging_mixin.py:188} INFO - [2024-07-16T17:18:32.717+0000] {dag.py:3947} INFO - Setting next_dagrun for example_sla_dag to 2024-07-16 17:16:00+00:00, run_after=2024-07-16 17:18:00+00:00
[2024-07-16T17:18:32.734+0000] {processor.py:183} INFO - Processing /home/airflow/.local/lib/python3.12/site-packages/airflow/example_dags/example_sla_dag.py took 0.073 seconds
[2024-07-16T17:19:03.639+0000] {processor.py:161} INFO - Started process (PID=1138) to work on /home/airflow/.local/lib/python3.12/site-packages/airflow/example_dags/example_sla_dag.py
[2024-07-16T17:19:03.640+0000] {processor.py:830} INFO - Processing file /home/airflow/.local/lib/python3.12/site-packages/airflow/example_dags/example_sla_dag.py for tasks to queue
[2024-07-16T17:19:03.642+0000] {logging_mixin.py:188} INFO - [2024-07-16T17:19:03.642+0000] {dagbag.py:545} INFO - Filling up the DagBag from /home/airflow/.local/lib/python3.12/site-packages/airflow/example_dags/example_sla_dag.py
[2024-07-16T17:19:03.651+0000] {processor.py:840} INFO - DAG(s) 'example_sla_dag' retrieved from /home/airflow/.local/lib/python3.12/site-packages/airflow/example_dags/example_sla_dag.py
[2024-07-16T17:19:03.669+0000] {logging_mixin.py:188} INFO - [2024-07-16T17:19:03.669+0000] {dag.py:3089} INFO - Sync 1 DAGs
[2024-07-16T17:19:03.691+0000] {logging_mixin.py:188} INFO - [2024-07-16T17:19:03.691+0000] {dag.py:3947} INFO - Setting next_dagrun for example_sla_dag to 2024-07-16 17:16:00+00:00, run_after=2024-07-16 17:18:00+00:00
[2024-07-16T17:19:03.709+0000] {processor.py:183} INFO - Processing /home/airflow/.local/lib/python3.12/site-packages/airflow/example_dags/example_sla_dag.py took 0.076 seconds
[2024-07-16T17:19:33.775+0000] {processor.py:161} INFO - Started process (PID=1400) to work on /home/airflow/.local/lib/python3.12/site-packages/airflow/example_dags/example_sla_dag.py
[2024-07-16T17:19:33.777+0000] {processor.py:830} INFO - Processing file /home/airflow/.local/lib/python3.12/site-packages/airflow/example_dags/example_sla_dag.py for tasks to queue
[2024-07-16T17:19:33.779+0000] {logging_mixin.py:188} INFO - [2024-07-16T17:19:33.778+0000] {dagbag.py:545} INFO - Filling up the DagBag from /home/airflow/.local/lib/python3.12/site-packages/airflow/example_dags/example_sla_dag.py
[2024-07-16T17:19:33.786+0000] {processor.py:840} INFO - DAG(s) 'example_sla_dag' retrieved from /home/airflow/.local/lib/python3.12/site-packages/airflow/example_dags/example_sla_dag.py
[2024-07-16T17:19:33.802+0000] {logging_mixin.py:188} INFO - [2024-07-16T17:19:33.802+0000] {dag.py:3089} INFO - Sync 1 DAGs
[2024-07-16T17:19:33.824+0000] {logging_mixin.py:188} INFO - [2024-07-16T17:19:33.824+0000] {dag.py:3947} INFO - Setting next_dagrun for example_sla_dag to 2024-07-16 17:16:00+00:00, run_after=2024-07-16 17:18:00+00:00
[2024-07-16T17:19:33.841+0000] {processor.py:183} INFO - Processing /home/airflow/.local/lib/python3.12/site-packages/airflow/example_dags/example_sla_dag.py took 0.071 seconds
[2024-07-16T17:20:04.296+0000] {processor.py:161} INFO - Started process (PID=1662) to work on /home/airflow/.local/lib/python3.12/site-packages/airflow/example_dags/example_sla_dag.py
[2024-07-16T17:20:04.297+0000] {processor.py:830} INFO - Processing file /home/airflow/.local/lib/python3.12/site-packages/airflow/example_dags/example_sla_dag.py for tasks to queue
[2024-07-16T17:20:04.299+0000] {logging_mixin.py:188} INFO - [2024-07-16T17:20:04.298+0000] {dagbag.py:545} INFO - Filling up the DagBag from /home/airflow/.local/lib/python3.12/site-packages/airflow/example_dags/example_sla_dag.py
[2024-07-16T17:20:04.306+0000] {processor.py:840} INFO - DAG(s) 'example_sla_dag' retrieved from /home/airflow/.local/lib/python3.12/site-packages/airflow/example_dags/example_sla_dag.py
[2024-07-16T17:20:04.322+0000] {logging_mixin.py:188} INFO - [2024-07-16T17:20:04.322+0000] {dag.py:3089} INFO - Sync 1 DAGs
[2024-07-16T17:20:04.342+0000] {logging_mixin.py:188} INFO - [2024-07-16T17:20:04.342+0000] {dag.py:3947} INFO - Setting next_dagrun for example_sla_dag to 2024-07-16 17:18:00+00:00, run_after=2024-07-16 17:20:00+00:00
[2024-07-16T17:20:04.358+0000] {processor.py:183} INFO - Processing /home/airflow/.local/lib/python3.12/site-packages/airflow/example_dags/example_sla_dag.py took 0.068 seconds
[2024-07-16T17:20:34.972+0000] {processor.py:161} INFO - Started process (PID=1925) to work on /home/airflow/.local/lib/python3.12/site-packages/airflow/example_dags/example_sla_dag.py
[2024-07-16T17:20:34.975+0000] {processor.py:830} INFO - Processing file /home/airflow/.local/lib/python3.12/site-packages/airflow/example_dags/example_sla_dag.py for tasks to queue
[2024-07-16T17:20:34.976+0000] {logging_mixin.py:188} INFO - [2024-07-16T17:20:34.976+0000] {dagbag.py:545} INFO - Filling up the DagBag from /home/airflow/.local/lib/python3.12/site-packages/airflow/example_dags/example_sla_dag.py
[2024-07-16T17:20:34.984+0000] {processor.py:840} INFO - DAG(s) 'example_sla_dag' retrieved from /home/airflow/.local/lib/python3.12/site-packages/airflow/example_dags/example_sla_dag.py
[2024-07-16T17:20:35.001+0000] {logging_mixin.py:188} INFO - [2024-07-16T17:20:35.001+0000] {dag.py:3089} INFO - Sync 1 DAGs
[2024-07-16T17:20:35.021+0000] {logging_mixin.py:188} INFO - [2024-07-16T17:20:35.021+0000] {dag.py:3947} INFO - Setting next_dagrun for example_sla_dag to 2024-07-16 17:18:00+00:00, run_after=2024-07-16 17:20:00+00:00
[2024-07-16T17:20:35.039+0000] {processor.py:183} INFO - Processing /home/airflow/.local/lib/python3.12/site-packages/airflow/example_dags/example_sla_dag.py took 0.073 seconds
[2024-07-16T17:21:05.503+0000] {processor.py:161} INFO - Started process (PID=2187) to work on /home/airflow/.local/lib/python3.12/site-packages/airflow/example_dags/example_sla_dag.py
[2024-07-16T17:21:05.504+0000] {processor.py:830} INFO - Processing file /home/airflow/.local/lib/python3.12/site-packages/airflow/example_dags/example_sla_dag.py for tasks to queue
[2024-07-16T17:21:05.506+0000] {logging_mixin.py:188} INFO - [2024-07-16T17:21:05.506+0000] {dagbag.py:545} INFO - Filling up the DagBag from /home/airflow/.local/lib/python3.12/site-packages/airflow/example_dags/example_sla_dag.py
[2024-07-16T17:21:05.513+0000] {processor.py:840} INFO - DAG(s) 'example_sla_dag' retrieved from /home/airflow/.local/lib/python3.12/site-packages/airflow/example_dags/example_sla_dag.py
[2024-07-16T17:21:05.529+0000] {logging_mixin.py:188} INFO - [2024-07-16T17:21:05.528+0000] {dag.py:3089} INFO - Sync 1 DAGs
[2024-07-16T17:21:05.549+0000] {logging_mixin.py:188} INFO - [2024-07-16T17:21:05.549+0000] {dag.py:3947} INFO - Setting next_dagrun for example_sla_dag to 2024-07-16 17:18:00+00:00, run_after=2024-07-16 17:20:00+00:00
[2024-07-16T17:21:05.565+0000] {processor.py:183} INFO - Processing /home/airflow/.local/lib/python3.12/site-packages/airflow/example_dags/example_sla_dag.py took 0.067 seconds
[2024-07-16T17:21:36.041+0000] {processor.py:161} INFO - Started process (PID=2448) to work on /home/airflow/.local/lib/python3.12/site-packages/airflow/example_dags/example_sla_dag.py
[2024-07-16T17:21:36.041+0000] {processor.py:830} INFO - Processing file /home/airflow/.local/lib/python3.12/site-packages/airflow/example_dags/example_sla_dag.py for tasks to queue
[2024-07-16T17:21:36.043+0000] {logging_mixin.py:188} INFO - [2024-07-16T17:21:36.043+0000] {dagbag.py:545} INFO - Filling up the DagBag from /home/airflow/.local/lib/python3.12/site-packages/airflow/example_dags/example_sla_dag.py
[2024-07-16T17:21:36.050+0000] {processor.py:840} INFO - DAG(s) 'example_sla_dag' retrieved from /home/airflow/.local/lib/python3.12/site-packages/airflow/example_dags/example_sla_dag.py
[2024-07-16T17:21:36.067+0000] {logging_mixin.py:188} INFO - [2024-07-16T17:21:36.066+0000] {dag.py:3089} INFO - Sync 1 DAGs
[2024-07-16T17:21:36.087+0000] {logging_mixin.py:188} INFO - [2024-07-16T17:21:36.087+0000] {dag.py:3947} INFO - Setting next_dagrun for example_sla_dag to 2024-07-16 17:18:00+00:00, run_after=2024-07-16 17:20:00+00:00
[2024-07-16T17:21:36.103+0000] {processor.py:183} INFO - Processing /home/airflow/.local/lib/python3.12/site-packages/airflow/example_dags/example_sla_dag.py took 0.068 seconds
[2024-07-16T17:22:06.512+0000] {processor.py:161} INFO - Started process (PID=2710) to work on /home/airflow/.local/lib/python3.12/site-packages/airflow/example_dags/example_sla_dag.py
[2024-07-16T17:22:06.514+0000] {processor.py:830} INFO - Processing file /home/airflow/.local/lib/python3.12/site-packages/airflow/example_dags/example_sla_dag.py for tasks to queue
[2024-07-16T17:22:06.515+0000] {logging_mixin.py:188} INFO - [2024-07-16T17:22:06.515+0000] {dagbag.py:545} INFO - Filling up the DagBag from /home/airflow/.local/lib/python3.12/site-packages/airflow/example_dags/example_sla_dag.py
[2024-07-16T17:22:06.522+0000] {processor.py:840} INFO - DAG(s) 'example_sla_dag' retrieved from /home/airflow/.local/lib/python3.12/site-packages/airflow/example_dags/example_sla_dag.py
[2024-07-16T17:22:06.540+0000] {logging_mixin.py:188} INFO - [2024-07-16T17:22:06.540+0000] {dag.py:3089} INFO - Sync 1 DAGs
[2024-07-16T17:22:06.560+0000] {logging_mixin.py:188} INFO - [2024-07-16T17:22:06.560+0000] {dag.py:3947} INFO - Setting next_dagrun for example_sla_dag to 2024-07-16 17:20:00+00:00, run_after=2024-07-16 17:22:00+00:00
[2024-07-16T17:22:06.579+0000] {processor.py:183} INFO - Processing /home/airflow/.local/lib/python3.12/site-packages/airflow/example_dags/example_sla_dag.py took 0.073 seconds
[2024-07-16T17:22:37.219+0000] {processor.py:161} INFO - Started process (PID=2972) to work on /home/airflow/.local/lib/python3.12/site-packages/airflow/example_dags/example_sla_dag.py
[2024-07-16T17:22:37.220+0000] {processor.py:830} INFO - Processing file /home/airflow/.local/lib/python3.12/site-packages/airflow/example_dags/example_sla_dag.py for tasks to queue
[2024-07-16T17:22:37.222+0000] {logging_mixin.py:188} INFO - [2024-07-16T17:22:37.221+0000] {dagbag.py:545} INFO - Filling up the DagBag from /home/airflow/.local/lib/python3.12/site-packages/airflow/example_dags/example_sla_dag.py
[2024-07-16T17:22:37.229+0000] {processor.py:840} INFO - DAG(s) 'example_sla_dag' retrieved from /home/airflow/.local/lib/python3.12/site-packages/airflow/example_dags/example_sla_dag.py
[2024-07-16T17:22:37.246+0000] {logging_mixin.py:188} INFO - [2024-07-16T17:22:37.246+0000] {dag.py:3089} INFO - Sync 1 DAGs
[2024-07-16T17:22:37.266+0000] {logging_mixin.py:188} INFO - [2024-07-16T17:22:37.266+0000] {dag.py:3947} INFO - Setting next_dagrun for example_sla_dag to 2024-07-16 17:20:00+00:00, run_after=2024-07-16 17:22:00+00:00
[2024-07-16T17:22:37.282+0000] {processor.py:183} INFO - Processing /home/airflow/.local/lib/python3.12/site-packages/airflow/example_dags/example_sla_dag.py took 0.068 seconds
[2024-07-16T17:23:08.085+0000] {processor.py:161} INFO - Started process (PID=3234) to work on /home/airflow/.local/lib/python3.12/site-packages/airflow/example_dags/example_sla_dag.py
[2024-07-16T17:23:08.088+0000] {processor.py:830} INFO - Processing file /home/airflow/.local/lib/python3.12/site-packages/airflow/example_dags/example_sla_dag.py for tasks to queue
[2024-07-16T17:23:08.090+0000] {logging_mixin.py:188} INFO - [2024-07-16T17:23:08.090+0000] {dagbag.py:545} INFO - Filling up the DagBag from /home/airflow/.local/lib/python3.12/site-packages/airflow/example_dags/example_sla_dag.py
[2024-07-16T17:23:08.097+0000] {processor.py:840} INFO - DAG(s) 'example_sla_dag' retrieved from /home/airflow/.local/lib/python3.12/site-packages/airflow/example_dags/example_sla_dag.py
[2024-07-16T17:23:08.115+0000] {logging_mixin.py:188} INFO - [2024-07-16T17:23:08.114+0000] {dag.py:3089} INFO - Sync 1 DAGs
[2024-07-16T17:23:08.135+0000] {logging_mixin.py:188} INFO - [2024-07-16T17:23:08.135+0000] {dag.py:3947} INFO - Setting next_dagrun for example_sla_dag to 2024-07-16 17:20:00+00:00, run_after=2024-07-16 17:22:00+00:00
[2024-07-16T17:23:08.153+0000] {processor.py:183} INFO - Processing /home/airflow/.local/lib/python3.12/site-packages/airflow/example_dags/example_sla_dag.py took 0.074 seconds
[2024-07-16T17:23:39.361+0000] {processor.py:161} INFO - Started process (PID=3496) to work on /home/airflow/.local/lib/python3.12/site-packages/airflow/example_dags/example_sla_dag.py
[2024-07-16T17:23:39.362+0000] {processor.py:830} INFO - Processing file /home/airflow/.local/lib/python3.12/site-packages/airflow/example_dags/example_sla_dag.py for tasks to queue
[2024-07-16T17:23:39.364+0000] {logging_mixin.py:188} INFO - [2024-07-16T17:23:39.363+0000] {dagbag.py:545} INFO - Filling up the DagBag from /home/airflow/.local/lib/python3.12/site-packages/airflow/example_dags/example_sla_dag.py
[2024-07-16T17:23:39.372+0000] {processor.py:840} INFO - DAG(s) 'example_sla_dag' retrieved from /home/airflow/.local/lib/python3.12/site-packages/airflow/example_dags/example_sla_dag.py
[2024-07-16T17:23:39.392+0000] {logging_mixin.py:188} INFO - [2024-07-16T17:23:39.392+0000] {dag.py:3089} INFO - Sync 1 DAGs
[2024-07-16T17:23:39.417+0000] {logging_mixin.py:188} INFO - [2024-07-16T17:23:39.417+0000] {dag.py:3947} INFO - Setting next_dagrun for example_sla_dag to 2024-07-16 17:20:00+00:00, run_after=2024-07-16 17:22:00+00:00
[2024-07-16T17:23:39.439+0000] {processor.py:183} INFO - Processing /home/airflow/.local/lib/python3.12/site-packages/airflow/example_dags/example_sla_dag.py took 0.084 seconds
[2024-07-16T17:24:09.610+0000] {processor.py:161} INFO - Started process (PID=3758) to work on /home/airflow/.local/lib/python3.12/site-packages/airflow/example_dags/example_sla_dag.py
[2024-07-16T17:24:09.612+0000] {processor.py:830} INFO - Processing file /home/airflow/.local/lib/python3.12/site-packages/airflow/example_dags/example_sla_dag.py for tasks to queue
[2024-07-16T17:24:09.614+0000] {logging_mixin.py:188} INFO - [2024-07-16T17:24:09.613+0000] {dagbag.py:545} INFO - Filling up the DagBag from /home/airflow/.local/lib/python3.12/site-packages/airflow/example_dags/example_sla_dag.py
[2024-07-16T17:24:09.622+0000] {processor.py:840} INFO - DAG(s) 'example_sla_dag' retrieved from /home/airflow/.local/lib/python3.12/site-packages/airflow/example_dags/example_sla_dag.py
[2024-07-16T17:24:09.639+0000] {logging_mixin.py:188} INFO - [2024-07-16T17:24:09.639+0000] {dag.py:3089} INFO - Sync 1 DAGs
[2024-07-16T17:24:09.667+0000] {logging_mixin.py:188} INFO - [2024-07-16T17:24:09.667+0000] {dag.py:3947} INFO - Setting next_dagrun for example_sla_dag to 2024-07-16 17:22:00+00:00, run_after=2024-07-16 17:24:00+00:00
[2024-07-16T17:24:09.688+0000] {processor.py:183} INFO - Processing /home/airflow/.local/lib/python3.12/site-packages/airflow/example_dags/example_sla_dag.py took 0.084 seconds
[2024-07-16T17:24:39.717+0000] {processor.py:161} INFO - Started process (PID=4016) to work on /home/airflow/.local/lib/python3.12/site-packages/airflow/example_dags/example_sla_dag.py
[2024-07-16T17:24:39.719+0000] {processor.py:830} INFO - Processing file /home/airflow/.local/lib/python3.12/site-packages/airflow/example_dags/example_sla_dag.py for tasks to queue
[2024-07-16T17:24:39.720+0000] {logging_mixin.py:188} INFO - [2024-07-16T17:24:39.720+0000] {dagbag.py:545} INFO - Filling up the DagBag from /home/airflow/.local/lib/python3.12/site-packages/airflow/example_dags/example_sla_dag.py
[2024-07-16T17:24:39.727+0000] {processor.py:840} INFO - DAG(s) 'example_sla_dag' retrieved from /home/airflow/.local/lib/python3.12/site-packages/airflow/example_dags/example_sla_dag.py
[2024-07-16T17:24:39.744+0000] {logging_mixin.py:188} INFO - [2024-07-16T17:24:39.744+0000] {dag.py:3089} INFO - Sync 1 DAGs
[2024-07-16T17:24:39.761+0000] {logging_mixin.py:188} INFO - [2024-07-16T17:24:39.761+0000] {dag.py:3947} INFO - Setting next_dagrun for example_sla_dag to 2024-07-16 17:22:00+00:00, run_after=2024-07-16 17:24:00+00:00
[2024-07-16T17:24:39.775+0000] {processor.py:183} INFO - Processing /home/airflow/.local/lib/python3.12/site-packages/airflow/example_dags/example_sla_dag.py took 0.063 seconds
[2024-07-16T17:25:09.885+0000] {processor.py:161} INFO - Started process (PID=4276) to work on /home/airflow/.local/lib/python3.12/site-packages/airflow/example_dags/example_sla_dag.py
[2024-07-16T17:25:09.887+0000] {processor.py:830} INFO - Processing file /home/airflow/.local/lib/python3.12/site-packages/airflow/example_dags/example_sla_dag.py for tasks to queue
[2024-07-16T17:25:09.889+0000] {logging_mixin.py:188} INFO - [2024-07-16T17:25:09.888+0000] {dagbag.py:545} INFO - Filling up the DagBag from /home/airflow/.local/lib/python3.12/site-packages/airflow/example_dags/example_sla_dag.py
[2024-07-16T17:25:09.896+0000] {processor.py:840} INFO - DAG(s) 'example_sla_dag' retrieved from /home/airflow/.local/lib/python3.12/site-packages/airflow/example_dags/example_sla_dag.py
[2024-07-16T17:25:09.914+0000] {logging_mixin.py:188} INFO - [2024-07-16T17:25:09.914+0000] {dag.py:3089} INFO - Sync 1 DAGs
[2024-07-16T17:25:09.935+0000] {logging_mixin.py:188} INFO - [2024-07-16T17:25:09.935+0000] {dag.py:3947} INFO - Setting next_dagrun for example_sla_dag to 2024-07-16 17:22:00+00:00, run_after=2024-07-16 17:24:00+00:00
[2024-07-16T17:25:09.955+0000] {processor.py:183} INFO - Processing /home/airflow/.local/lib/python3.12/site-packages/airflow/example_dags/example_sla_dag.py took 0.076 seconds
[2024-07-16T17:25:40.858+0000] {processor.py:161} INFO - Started process (PID=4538) to work on /home/airflow/.local/lib/python3.12/site-packages/airflow/example_dags/example_sla_dag.py
[2024-07-16T17:25:40.860+0000] {processor.py:830} INFO - Processing file /home/airflow/.local/lib/python3.12/site-packages/airflow/example_dags/example_sla_dag.py for tasks to queue
[2024-07-16T17:25:40.862+0000] {logging_mixin.py:188} INFO - [2024-07-16T17:25:40.861+0000] {dagbag.py:545} INFO - Filling up the DagBag from /home/airflow/.local/lib/python3.12/site-packages/airflow/example_dags/example_sla_dag.py
[2024-07-16T17:25:40.870+0000] {processor.py:840} INFO - DAG(s) 'example_sla_dag' retrieved from /home/airflow/.local/lib/python3.12/site-packages/airflow/example_dags/example_sla_dag.py
[2024-07-16T17:25:40.889+0000] {logging_mixin.py:188} INFO - [2024-07-16T17:25:40.889+0000] {dag.py:3089} INFO - Sync 1 DAGs
[2024-07-16T17:25:40.913+0000] {logging_mixin.py:188} INFO - [2024-07-16T17:25:40.913+0000] {dag.py:3947} INFO - Setting next_dagrun for example_sla_dag to 2024-07-16 17:22:00+00:00, run_after=2024-07-16 17:24:00+00:00
[2024-07-16T17:25:40.941+0000] {processor.py:183} INFO - Processing /home/airflow/.local/lib/python3.12/site-packages/airflow/example_dags/example_sla_dag.py took 0.089 seconds
[2024-07-16T17:26:11.160+0000] {processor.py:161} INFO - Started process (PID=4805) to work on /home/airflow/.local/lib/python3.12/site-packages/airflow/example_dags/example_sla_dag.py
[2024-07-16T17:26:11.162+0000] {processor.py:830} INFO - Processing file /home/airflow/.local/lib/python3.12/site-packages/airflow/example_dags/example_sla_dag.py for tasks to queue
[2024-07-16T17:26:11.164+0000] {logging_mixin.py:188} INFO - [2024-07-16T17:26:11.163+0000] {dagbag.py:545} INFO - Filling up the DagBag from /home/airflow/.local/lib/python3.12/site-packages/airflow/example_dags/example_sla_dag.py
[2024-07-16T17:26:11.170+0000] {processor.py:840} INFO - DAG(s) 'example_sla_dag' retrieved from /home/airflow/.local/lib/python3.12/site-packages/airflow/example_dags/example_sla_dag.py
[2024-07-16T17:26:11.186+0000] {logging_mixin.py:188} INFO - [2024-07-16T17:26:11.186+0000] {dag.py:3089} INFO - Sync 1 DAGs
[2024-07-16T17:26:11.206+0000] {logging_mixin.py:188} INFO - [2024-07-16T17:26:11.205+0000] {dag.py:3947} INFO - Setting next_dagrun for example_sla_dag to 2024-07-16 17:24:00+00:00, run_after=2024-07-16 17:26:00+00:00
[2024-07-16T17:26:11.222+0000] {processor.py:183} INFO - Processing /home/airflow/.local/lib/python3.12/site-packages/airflow/example_dags/example_sla_dag.py took 0.067 seconds
[2024-07-16T17:26:41.907+0000] {processor.py:161} INFO - Started process (PID=5067) to work on /home/airflow/.local/lib/python3.12/site-packages/airflow/example_dags/example_sla_dag.py
[2024-07-16T17:26:41.909+0000] {processor.py:830} INFO - Processing file /home/airflow/.local/lib/python3.12/site-packages/airflow/example_dags/example_sla_dag.py for tasks to queue
[2024-07-16T17:26:41.911+0000] {logging_mixin.py:188} INFO - [2024-07-16T17:26:41.911+0000] {dagbag.py:545} INFO - Filling up the DagBag from /home/airflow/.local/lib/python3.12/site-packages/airflow/example_dags/example_sla_dag.py
[2024-07-16T17:26:41.919+0000] {processor.py:840} INFO - DAG(s) 'example_sla_dag' retrieved from /home/airflow/.local/lib/python3.12/site-packages/airflow/example_dags/example_sla_dag.py
[2024-07-16T17:26:41.935+0000] {logging_mixin.py:188} INFO - [2024-07-16T17:26:41.935+0000] {dag.py:3089} INFO - Sync 1 DAGs
[2024-07-16T17:26:41.956+0000] {logging_mixin.py:188} INFO - [2024-07-16T17:26:41.956+0000] {dag.py:3947} INFO - Setting next_dagrun for example_sla_dag to 2024-07-16 17:24:00+00:00, run_after=2024-07-16 17:26:00+00:00
[2024-07-16T17:26:41.973+0000] {processor.py:183} INFO - Processing /home/airflow/.local/lib/python3.12/site-packages/airflow/example_dags/example_sla_dag.py took 0.071 seconds
[2024-07-16T17:27:11.999+0000] {processor.py:161} INFO - Started process (PID=5324) to work on /home/airflow/.local/lib/python3.12/site-packages/airflow/example_dags/example_sla_dag.py
[2024-07-16T17:27:12.001+0000] {processor.py:830} INFO - Processing file /home/airflow/.local/lib/python3.12/site-packages/airflow/example_dags/example_sla_dag.py for tasks to queue
[2024-07-16T17:27:12.002+0000] {logging_mixin.py:188} INFO - [2024-07-16T17:27:12.002+0000] {dagbag.py:545} INFO - Filling up the DagBag from /home/airflow/.local/lib/python3.12/site-packages/airflow/example_dags/example_sla_dag.py
[2024-07-16T17:27:12.009+0000] {processor.py:840} INFO - DAG(s) 'example_sla_dag' retrieved from /home/airflow/.local/lib/python3.12/site-packages/airflow/example_dags/example_sla_dag.py
[2024-07-16T17:27:12.025+0000] {logging_mixin.py:188} INFO - [2024-07-16T17:27:12.025+0000] {dag.py:3089} INFO - Sync 1 DAGs
[2024-07-16T17:27:12.046+0000] {logging_mixin.py:188} INFO - [2024-07-16T17:27:12.046+0000] {dag.py:3947} INFO - Setting next_dagrun for example_sla_dag to 2024-07-16 17:24:00+00:00, run_after=2024-07-16 17:26:00+00:00
[2024-07-16T17:27:12.065+0000] {processor.py:183} INFO - Processing /home/airflow/.local/lib/python3.12/site-packages/airflow/example_dags/example_sla_dag.py took 0.072 seconds
[2024-07-16T17:27:42.820+0000] {processor.py:161} INFO - Started process (PID=5586) to work on /home/airflow/.local/lib/python3.12/site-packages/airflow/example_dags/example_sla_dag.py
[2024-07-16T17:27:42.822+0000] {processor.py:830} INFO - Processing file /home/airflow/.local/lib/python3.12/site-packages/airflow/example_dags/example_sla_dag.py for tasks to queue
[2024-07-16T17:27:42.823+0000] {logging_mixin.py:188} INFO - [2024-07-16T17:27:42.823+0000] {dagbag.py:545} INFO - Filling up the DagBag from /home/airflow/.local/lib/python3.12/site-packages/airflow/example_dags/example_sla_dag.py
[2024-07-16T17:27:42.830+0000] {processor.py:840} INFO - DAG(s) 'example_sla_dag' retrieved from /home/airflow/.local/lib/python3.12/site-packages/airflow/example_dags/example_sla_dag.py
[2024-07-16T17:27:42.850+0000] {logging_mixin.py:188} INFO - [2024-07-16T17:27:42.850+0000] {dag.py:3089} INFO - Sync 1 DAGs
[2024-07-16T17:27:42.871+0000] {logging_mixin.py:188} INFO - [2024-07-16T17:27:42.871+0000] {dag.py:3947} INFO - Setting next_dagrun for example_sla_dag to 2024-07-16 17:24:00+00:00, run_after=2024-07-16 17:26:00+00:00
[2024-07-16T17:27:42.888+0000] {processor.py:183} INFO - Processing /home/airflow/.local/lib/python3.12/site-packages/airflow/example_dags/example_sla_dag.py took 0.073 seconds
[2024-07-16T17:28:13.465+0000] {processor.py:161} INFO - Started process (PID=5861) to work on /home/airflow/.local/lib/python3.12/site-packages/airflow/example_dags/example_sla_dag.py
[2024-07-16T17:28:13.467+0000] {processor.py:830} INFO - Processing file /home/airflow/.local/lib/python3.12/site-packages/airflow/example_dags/example_sla_dag.py for tasks to queue
[2024-07-16T17:28:13.469+0000] {logging_mixin.py:188} INFO - [2024-07-16T17:28:13.469+0000] {dagbag.py:545} INFO - Filling up the DagBag from /home/airflow/.local/lib/python3.12/site-packages/airflow/example_dags/example_sla_dag.py
[2024-07-16T17:28:13.476+0000] {processor.py:840} INFO - DAG(s) 'example_sla_dag' retrieved from /home/airflow/.local/lib/python3.12/site-packages/airflow/example_dags/example_sla_dag.py
[2024-07-16T17:28:13.495+0000] {logging_mixin.py:188} INFO - [2024-07-16T17:28:13.495+0000] {dag.py:3089} INFO - Sync 1 DAGs
[2024-07-16T17:28:13.517+0000] {logging_mixin.py:188} INFO - [2024-07-16T17:28:13.516+0000] {dag.py:3947} INFO - Setting next_dagrun for example_sla_dag to 2024-07-16 17:26:00+00:00, run_after=2024-07-16 17:28:00+00:00
[2024-07-16T17:28:13.536+0000] {processor.py:183} INFO - Processing /home/airflow/.local/lib/python3.12/site-packages/airflow/example_dags/example_sla_dag.py took 0.076 seconds
[2024-07-16T17:28:43.772+0000] {processor.py:161} INFO - Started process (PID=6125) to work on /home/airflow/.local/lib/python3.12/site-packages/airflow/example_dags/example_sla_dag.py
[2024-07-16T17:28:43.774+0000] {processor.py:830} INFO - Processing file /home/airflow/.local/lib/python3.12/site-packages/airflow/example_dags/example_sla_dag.py for tasks to queue
[2024-07-16T17:28:43.775+0000] {logging_mixin.py:188} INFO - [2024-07-16T17:28:43.775+0000] {dagbag.py:545} INFO - Filling up the DagBag from /home/airflow/.local/lib/python3.12/site-packages/airflow/example_dags/example_sla_dag.py
[2024-07-16T17:28:43.786+0000] {processor.py:840} INFO - DAG(s) 'example_sla_dag' retrieved from /home/airflow/.local/lib/python3.12/site-packages/airflow/example_dags/example_sla_dag.py
[2024-07-16T17:28:43.803+0000] {logging_mixin.py:188} INFO - [2024-07-16T17:28:43.803+0000] {dag.py:3089} INFO - Sync 1 DAGs
[2024-07-16T17:28:43.821+0000] {logging_mixin.py:188} INFO - [2024-07-16T17:28:43.821+0000] {dag.py:3947} INFO - Setting next_dagrun for example_sla_dag to 2024-07-16 17:26:00+00:00, run_after=2024-07-16 17:28:00+00:00
[2024-07-16T17:28:43.837+0000] {processor.py:183} INFO - Processing /home/airflow/.local/lib/python3.12/site-packages/airflow/example_dags/example_sla_dag.py took 0.071 seconds
[2024-07-16T17:29:14.530+0000] {processor.py:161} INFO - Started process (PID=6387) to work on /home/airflow/.local/lib/python3.12/site-packages/airflow/example_dags/example_sla_dag.py
[2024-07-16T17:29:14.532+0000] {processor.py:830} INFO - Processing file /home/airflow/.local/lib/python3.12/site-packages/airflow/example_dags/example_sla_dag.py for tasks to queue
[2024-07-16T17:29:14.534+0000] {logging_mixin.py:188} INFO - [2024-07-16T17:29:14.534+0000] {dagbag.py:545} INFO - Filling up the DagBag from /home/airflow/.local/lib/python3.12/site-packages/airflow/example_dags/example_sla_dag.py
[2024-07-16T17:29:14.542+0000] {processor.py:840} INFO - DAG(s) 'example_sla_dag' retrieved from /home/airflow/.local/lib/python3.12/site-packages/airflow/example_dags/example_sla_dag.py
[2024-07-16T17:29:14.601+0000] {logging_mixin.py:188} INFO - [2024-07-16T17:29:14.601+0000] {dag.py:3089} INFO - Sync 1 DAGs
[2024-07-16T17:29:14.644+0000] {logging_mixin.py:188} INFO - [2024-07-16T17:29:14.644+0000] {dag.py:3947} INFO - Setting next_dagrun for example_sla_dag to 2024-07-16 17:26:00+00:00, run_after=2024-07-16 17:28:00+00:00
[2024-07-16T17:29:14.667+0000] {processor.py:183} INFO - Processing /home/airflow/.local/lib/python3.12/site-packages/airflow/example_dags/example_sla_dag.py took 0.144 seconds
[2024-07-16T17:29:44.978+0000] {processor.py:161} INFO - Started process (PID=6647) to work on /home/airflow/.local/lib/python3.12/site-packages/airflow/example_dags/example_sla_dag.py
[2024-07-16T17:29:44.980+0000] {processor.py:830} INFO - Processing file /home/airflow/.local/lib/python3.12/site-packages/airflow/example_dags/example_sla_dag.py for tasks to queue
[2024-07-16T17:29:44.982+0000] {logging_mixin.py:188} INFO - [2024-07-16T17:29:44.982+0000] {dagbag.py:545} INFO - Filling up the DagBag from /home/airflow/.local/lib/python3.12/site-packages/airflow/example_dags/example_sla_dag.py
[2024-07-16T17:29:44.989+0000] {processor.py:840} INFO - DAG(s) 'example_sla_dag' retrieved from /home/airflow/.local/lib/python3.12/site-packages/airflow/example_dags/example_sla_dag.py
[2024-07-16T17:29:45.008+0000] {logging_mixin.py:188} INFO - [2024-07-16T17:29:45.008+0000] {dag.py:3089} INFO - Sync 1 DAGs
[2024-07-16T17:29:45.033+0000] {logging_mixin.py:188} INFO - [2024-07-16T17:29:45.032+0000] {dag.py:3947} INFO - Setting next_dagrun for example_sla_dag to 2024-07-16 17:26:00+00:00, run_after=2024-07-16 17:28:00+00:00
[2024-07-16T17:29:45.051+0000] {processor.py:183} INFO - Processing /home/airflow/.local/lib/python3.12/site-packages/airflow/example_dags/example_sla_dag.py took 0.079 seconds
[2024-07-16T17:30:15.587+0000] {processor.py:161} INFO - Started process (PID=6910) to work on /home/airflow/.local/lib/python3.12/site-packages/airflow/example_dags/example_sla_dag.py
[2024-07-16T17:30:15.589+0000] {processor.py:830} INFO - Processing file /home/airflow/.local/lib/python3.12/site-packages/airflow/example_dags/example_sla_dag.py for tasks to queue
[2024-07-16T17:30:15.591+0000] {logging_mixin.py:188} INFO - [2024-07-16T17:30:15.590+0000] {dagbag.py:545} INFO - Filling up the DagBag from /home/airflow/.local/lib/python3.12/site-packages/airflow/example_dags/example_sla_dag.py
[2024-07-16T17:30:15.600+0000] {processor.py:840} INFO - DAG(s) 'example_sla_dag' retrieved from /home/airflow/.local/lib/python3.12/site-packages/airflow/example_dags/example_sla_dag.py
[2024-07-16T17:30:15.618+0000] {logging_mixin.py:188} INFO - [2024-07-16T17:30:15.618+0000] {dag.py:3089} INFO - Sync 1 DAGs
[2024-07-16T17:30:15.642+0000] {logging_mixin.py:188} INFO - [2024-07-16T17:30:15.642+0000] {dag.py:3947} INFO - Setting next_dagrun for example_sla_dag to 2024-07-16 17:28:00+00:00, run_after=2024-07-16 17:30:00+00:00
[2024-07-16T17:30:15.662+0000] {processor.py:183} INFO - Processing /home/airflow/.local/lib/python3.12/site-packages/airflow/example_dags/example_sla_dag.py took 0.081 seconds
[2024-07-16T17:30:46.578+0000] {processor.py:161} INFO - Started process (PID=7172) to work on /home/airflow/.local/lib/python3.12/site-packages/airflow/example_dags/example_sla_dag.py
[2024-07-16T17:30:46.580+0000] {processor.py:830} INFO - Processing file /home/airflow/.local/lib/python3.12/site-packages/airflow/example_dags/example_sla_dag.py for tasks to queue
[2024-07-16T17:30:46.582+0000] {logging_mixin.py:188} INFO - [2024-07-16T17:30:46.581+0000] {dagbag.py:545} INFO - Filling up the DagBag from /home/airflow/.local/lib/python3.12/site-packages/airflow/example_dags/example_sla_dag.py
[2024-07-16T17:30:46.593+0000] {processor.py:840} INFO - DAG(s) 'example_sla_dag' retrieved from /home/airflow/.local/lib/python3.12/site-packages/airflow/example_dags/example_sla_dag.py
[2024-07-16T17:30:46.621+0000] {logging_mixin.py:188} INFO - [2024-07-16T17:30:46.621+0000] {dag.py:3089} INFO - Sync 1 DAGs
[2024-07-16T17:30:46.649+0000] {logging_mixin.py:188} INFO - [2024-07-16T17:30:46.648+0000] {dag.py:3947} INFO - Setting next_dagrun for example_sla_dag to 2024-07-16 17:28:00+00:00, run_after=2024-07-16 17:30:00+00:00
[2024-07-16T17:30:46.671+0000] {processor.py:183} INFO - Processing /home/airflow/.local/lib/python3.12/site-packages/airflow/example_dags/example_sla_dag.py took 0.100 seconds
[2024-07-16T17:31:17.662+0000] {processor.py:161} INFO - Started process (PID=7440) to work on /home/airflow/.local/lib/python3.12/site-packages/airflow/example_dags/example_sla_dag.py
[2024-07-16T17:31:17.663+0000] {processor.py:830} INFO - Processing file /home/airflow/.local/lib/python3.12/site-packages/airflow/example_dags/example_sla_dag.py for tasks to queue
[2024-07-16T17:31:17.664+0000] {logging_mixin.py:188} INFO - [2024-07-16T17:31:17.664+0000] {dagbag.py:545} INFO - Filling up the DagBag from /home/airflow/.local/lib/python3.12/site-packages/airflow/example_dags/example_sla_dag.py
[2024-07-16T17:31:17.672+0000] {processor.py:840} INFO - DAG(s) 'example_sla_dag' retrieved from /home/airflow/.local/lib/python3.12/site-packages/airflow/example_dags/example_sla_dag.py
[2024-07-16T17:31:17.689+0000] {logging_mixin.py:188} INFO - [2024-07-16T17:31:17.688+0000] {dag.py:3089} INFO - Sync 1 DAGs
[2024-07-16T17:31:17.709+0000] {logging_mixin.py:188} INFO - [2024-07-16T17:31:17.709+0000] {dag.py:3947} INFO - Setting next_dagrun for example_sla_dag to 2024-07-16 17:28:00+00:00, run_after=2024-07-16 17:30:00+00:00
[2024-07-16T17:31:17.726+0000] {processor.py:183} INFO - Processing /home/airflow/.local/lib/python3.12/site-packages/airflow/example_dags/example_sla_dag.py took 0.070 seconds
[2024-07-16T17:31:48.222+0000] {processor.py:161} INFO - Started process (PID=7704) to work on /home/airflow/.local/lib/python3.12/site-packages/airflow/example_dags/example_sla_dag.py
[2024-07-16T17:31:48.223+0000] {processor.py:830} INFO - Processing file /home/airflow/.local/lib/python3.12/site-packages/airflow/example_dags/example_sla_dag.py for tasks to queue
[2024-07-16T17:31:48.224+0000] {logging_mixin.py:188} INFO - [2024-07-16T17:31:48.224+0000] {dagbag.py:545} INFO - Filling up the DagBag from /home/airflow/.local/lib/python3.12/site-packages/airflow/example_dags/example_sla_dag.py
[2024-07-16T17:31:48.231+0000] {processor.py:840} INFO - DAG(s) 'example_sla_dag' retrieved from /home/airflow/.local/lib/python3.12/site-packages/airflow/example_dags/example_sla_dag.py
[2024-07-16T17:31:48.248+0000] {logging_mixin.py:188} INFO - [2024-07-16T17:31:48.247+0000] {dag.py:3089} INFO - Sync 1 DAGs
[2024-07-16T17:31:48.268+0000] {logging_mixin.py:188} INFO - [2024-07-16T17:31:48.268+0000] {dag.py:3947} INFO - Setting next_dagrun for example_sla_dag to 2024-07-16 17:28:00+00:00, run_after=2024-07-16 17:30:00+00:00
[2024-07-16T17:31:48.285+0000] {processor.py:183} INFO - Processing /home/airflow/.local/lib/python3.12/site-packages/airflow/example_dags/example_sla_dag.py took 0.068 seconds
