[2024-07-16T17:28:03.113+0000] {local_task_job_runner.py:120} INFO - ::group::Pre task execution logs
[2024-07-16T17:28:03.142+0000] {taskinstance.py:2076} INFO - Dependencies all met for dep_context=non-requeueable deps ti=<TaskInstance: conditional_dataset_and_time_based_timetable.conditional_dataset_and_time_based_timetable manual__2024-07-16T17:28:01.118841+00:00 [queued]>
[2024-07-16T17:28:03.150+0000] {taskinstance.py:2076} INFO - Dependencies all met for dep_context=requeueable deps ti=<TaskInstance: conditional_dataset_and_time_based_timetable.conditional_dataset_and_time_based_timetable manual__2024-07-16T17:28:01.118841+00:00 [queued]>
[2024-07-16T17:28:03.150+0000] {taskinstance.py:2306} INFO - Starting attempt 1 of 1
[2024-07-16T17:28:03.163+0000] {taskinstance.py:2330} INFO - Executing <Task(BashOperator): conditional_dataset_and_time_based_timetable> on 2024-07-16 17:28:01.118841+00:00
[2024-07-16T17:28:03.171+0000] {standard_task_runner.py:90} INFO - Running: ['***', 'tasks', 'run', 'conditional_dataset_and_time_based_timetable', 'conditional_dataset_and_time_based_timetable', 'manual__2024-07-16T17:28:01.118841+00:00', '--job-id', '3', '--raw', '--subdir', '/home/***/.local/lib/python3.12/site-packages/***/example_dags/example_datasets.py', '--cfg-path', '/tmp/tmp8t00aasd']
[2024-07-16T17:28:03.175+0000] {standard_task_runner.py:91} INFO - Job 3: Subtask conditional_dataset_and_time_based_timetable
[2024-07-16T17:28:03.177+0000] {logging_mixin.py:188} WARNING - /home/***/.local/lib/python3.12/site-packages/***/task/task_runner/standard_task_runner.py:62 DeprecationWarning: This process (pid=5676) is multi-threaded, use of fork() may lead to deadlocks in the child.
[2024-07-16T17:28:03.178+0000] {standard_task_runner.py:64} INFO - Started process 5679 to run task
[2024-07-16T17:28:03.275+0000] {task_command.py:426} INFO - Running <TaskInstance: conditional_dataset_and_time_based_timetable.conditional_dataset_and_time_based_timetable manual__2024-07-16T17:28:01.118841+00:00 [running]> on host 822189c51077
[2024-07-16T17:28:03.368+0000] {taskinstance.py:2648} INFO - Exporting env vars: AIRFLOW_CTX_DAG_OWNER='***' AIRFLOW_CTX_DAG_ID='conditional_dataset_and_time_based_timetable' AIRFLOW_CTX_TASK_ID='conditional_dataset_and_time_based_timetable' AIRFLOW_CTX_EXECUTION_DATE='2024-07-16T17:28:01.118841+00:00' AIRFLOW_CTX_TRY_NUMBER='1' AIRFLOW_CTX_DAG_RUN_ID='manual__2024-07-16T17:28:01.118841+00:00'
[2024-07-16T17:28:03.370+0000] {taskinstance.py:430} INFO - ::endgroup::
[2024-07-16T17:28:03.371+0000] {subprocess.py:63} INFO - Tmp dir root location: /tmp
[2024-07-16T17:28:03.372+0000] {subprocess.py:75} INFO - Running command: ['/usr/bin/bash', '-c', 'sleep 5']
[2024-07-16T17:28:03.381+0000] {subprocess.py:86} INFO - Output:
[2024-07-16T17:28:08.387+0000] {subprocess.py:97} INFO - Command exited with return code 0
[2024-07-16T17:28:08.387+0000] {taskinstance.py:441} INFO - ::group::Post task execution logs
[2024-07-16T17:28:08.455+0000] {taskinstance.py:1206} INFO - Marking task as SUCCESS. dag_id=conditional_dataset_and_time_based_timetable, task_id=conditional_dataset_and_time_based_timetable, run_id=manual__2024-07-16T17:28:01.118841+00:00, execution_date=20240716T172801, start_date=20240716T172803, end_date=20240716T172808
[2024-07-16T17:28:08.490+0000] {local_task_job_runner.py:243} INFO - Task exited with return code 0
[2024-07-16T17:28:08.506+0000] {taskinstance.py:3503} INFO - 0 downstream tasks scheduled from follow-on schedule check
[2024-07-16T17:28:08.510+0000] {local_task_job_runner.py:222} INFO - ::endgroup::
